RUN	Compenssar.sedeAutosur3a6utenticado	sedeautosur3a6utenticado	1573846333621	15	3.0.2
USER	sedeAutosur3a6utenticado	1	START	1573846335909	1573846335909
REQUEST	1		request_0	1573846335964	1573846336508	OK	 
REQUEST	1		favicon.ico?rev=23	1573846336845	1573846336920	OK	 
REQUEST	1		bootstrap.min.js	1573846336938	1573846337055	OK	 
REQUEST	1		request_41	1573846336805	1573846337068	OK	 
REQUEST	1		mmapi.js	1573846336821	1573846337181	OK	 
REQUEST	1		request_52	1573846336796	1573846337216	OK	 
REQUEST	1		request_9	1573846336790	1573846337221	OK	 
REQUEST	1		request_28	1573846336792	1573846337224	OK	 
REQUEST	1		jquery.spservices-2014.02.min.js	1573846337058	1573846337264	OK	 
REQUEST	1		request_51	1573846336795	1573846337277	OK	 
REQUEST	1		request_53	1573846337218	1573846337283	OK	 
REQUEST	1		request_45	1573846336793	1573846337309	OK	 
REQUEST	1		request_47	1573846336794	1573846337330	OK	 
REQUEST	1		request_54	1573846337278	1573846337337	OK	 
REQUEST	1		request_55	1573846337285	1573846337340	OK	 
REQUEST	1		request_50	1573846336794	1573846337360	OK	 
REQUEST	1		request_2	1573846336855	1573846337367	OK	 
REQUEST	1		datalayercorporativo.min.js	1573846336854	1573846337382	OK	 
REQUEST	1		knockout-3.4.1.min.js?v=1	1573846337267	1573846337387	OK	 
REQUEST	1		request_21	1573846336796	1573846337429	OK	 
REQUEST	1		request_31	1573846336804	1573846337432	OK	 
REQUEST	1		request_5	1573846336840	1573846337450	OK	 
REQUEST	1		minisp.min.js	1573846336848	1573846337452	OK	 
REQUEST	1		request_4	1573846336838	1573846337474	OK	 
REQUEST	1		request_6	1573846336842	1573846337478	OK	 
REQUEST	1		slick.min.js	1573846337390	1573846337524	OK	 
REQUEST	1		init.js?rev=ZwTQYqYlNTyyuMWaLlhwSg%3D%3D	1573846336852	1573846337532	OK	 
REQUEST	1		ko.sp-1.0.min.js	1573846337385	1573846337538	OK	 
REQUEST	1		js?key=AIzaSyBQs4JbPCHOPygyJzKnUYgsAm35jOpmshk	1573846336792	1573846337542	OK	 
REQUEST	1		request_43	1573846336843	1573846337559	OK	 
REQUEST	1		ion.rangeslider.min.js	1573846337527	1573846337566	OK	 
REQUEST	1		rangeslider.min.js	1573846337454	1573846337569	OK	 
REQUEST	1		validate.min.js	1573846337540	1573846337589	OK	 
REQUEST	1		jquery.validate.min.js	1573846337568	1573846337594	OK	 
REQUEST	1		croppie.min.js	1573846337572	1573846337604	OK	 
REQUEST	1		request_32	1573846336805	1573846337615	OK	 
REQUEST	1		compensar.script.min.js	1573846337606	1573846337620	OK	 
REQUEST	1		afiliaciones.config.js?v=5	1573846337590	1573846337622	OK	 
REQUEST	1		compTools.min.js?v=1	1573846337597	1573846337625	OK	 
REQUEST	1		compensar.actualizarcorreo.min.js	1573846337621	1573846337645	OK	 
REQUEST	1		sjcl.min.js	1573846337624	1573846337660	OK	 
REQUEST	1		compensar.loadComponents.min.js?v=1	1573846337626	1573846337678	OK	 
REQUEST	1		compensar.tiempoInactividad.min.js?v=1	1573846337647	1573846337688	OK	 
REQUEST	1		compensar.enModoEdicion.min.js?v=1	1573846337662	1573846337694	OK	 
REQUEST	1		jquery-3.1.1.min.js	1573846336852	1573846337696	OK	 
REQUEST	1		compensar.detectarAncho.min.js?v=1	1573846337680	1573846337703	OK	 
REQUEST	1		compensar.deferImages.min.js?v=1	1573846337689	1573846337709	OK	 
REQUEST	1		compensar.menuDesplegable.min.js?v=1	1573846337698	1573846337714	OK	 
REQUEST	1		compensar.agregarTitulowebparts.min.js?v=1	1573846337695	1573846337717	OK	 
REQUEST	1		picturefill.min.js	1573846337537	1573846337725	OK	 
REQUEST	1		compensar.miCompensarPerfil.min.js?v=1	1573846337704	1573846337730	OK	 
REQUEST	1		compensar.controlPestanas.min.js?v=1	1573846337710	1573846337734	OK	 
REQUEST	1		compensar.controlAcordeon.min.js?v=1	1573846337716	1573846337736	OK	 
REQUEST	1		bluebird.min.js	1573846336855	1573846337745	OK	 
REQUEST	1		headerNav.min.js?v=1	1573846337733	1573846337752	OK	 
REQUEST	1		modeloMenuAux.min.js?v=1	1573846337735	1573846337754	OK	 
REQUEST	1		mainContent.min.js?v=1	1573846337727	1573846337756	OK	 
REQUEST	1		compensar.filtroControlerVivienda.min.js?v=1	1573846337718	1573846337758	OK	 
REQUEST	1		compensar.menuSecundario.min.js?v=1	1573846337741	1573846337761	OK	 
REQUEST	1		compensar.quitarLoading.min.js?v=1	1573846337751	1573846337763	OK	 
REQUEST	1		compensar.componenteEmailController.min.js?v=1	1573846337753	1573846337769	OK	 
REQUEST	1		compensar.componentePopUpController.min.js?v=1	1573846337758	1573846337772	OK	 
REQUEST	1		compensar.footer.min.js?v=1	1573846337755	1573846337775	OK	 
REQUEST	1		compensar.notificaciones.min.js	1573846337760	1573846337777	OK	 
REQUEST	1		customcanales.min.js	1573846337762	1573846337781	OK	 
REQUEST	1		customactioncall.js	1573846337765	1573846337783	OK	 
REQUEST	1		blank.js?rev=ZaOXZEobVwykPO9g8hq%2F8A%3D%3D	1573846337774	1573846337793	OK	 
REQUEST	1		sp.init.js?rev=jvJC3Kl5gbORaLtf7kxULQ%3D%3D	1573846337780	1573846337803	OK	 
REQUEST	1		ScriptResx.ashx?culture=es%2Des&name=SP%2ERes&rev=DoAHv8R6TO7rl33LcYBJTA%3D%3D	1573846337782	1573846337814	OK	 
REQUEST	1		ScriptResource.axd?d=DbBIHdj-QC5CO88xwauS5dkoqIs6nZmS0i8rusZB1q2JCx1O17otX38Pbo9-Co9QXf_ywgPOgCaWxydR-v-KO_BCuip-vRkoHzjnd81XPEqYhrrZRFvD28DBse-3zjaVmjdm2hC17AQqDXfxT3KoyoLs-sQ7qPLfqrjuPJokLcOn_d3Dmrsd446-Hg6mDbff0&t=72e85ccd	1573846337770	1573846337823	OK	 
REQUEST	1		ScriptResource.axd?d=LzPGXWTyY4NfgAzL7AVGti8jNkeNvyxE7t2p3M-3BPJvKFvvkBUGxbbcxESn55TFNOUl8xW6SvygFDc-U8cavgouTpfnyDz3b86dyb2Q1b12B-B2zqJbKL3UrhnjJpkL79pBm9zX4FVDPUA4BsjrvCFATMYLp3cyBtLpIkBKZKUxDrfJga0vw4ZjurZ0mn1o0&t=72e85ccd	1573846337776	1573846337831	OK	 
REQUEST	1		ScriptResx.ashx?culture=es%2Des&name=Srch%2EResources&rev=GVo354neq7eNTurLgIdpJQ%3D%3D	1573846337818	1573846337838	OK	 
REQUEST	1		sp.runtime.js?rev=5f2WkYJoaxlIRdwUeg4WEg%3D%3D	1573846337784	1573846337844	OK	 
REQUEST	1		clientrenderer.js?rev=PWwV4FATEiOxN90BeB5Hzw%3D%3D	1573846337804	1573846337851	OK	 
REQUEST	1		search.cbs.js?rev=S5EegsQhNKgWxVFmcqr5dQ%3D%3D	1573846337835	1573846337874	OK	 
REQUEST	1		spcommon.png?rev=23	1573846337840	1573846337875	OK	 
REQUEST	1		WebResource.axd?d=hcspxoKGngdkW0b6xYvFftMD9L7tgVctZKvxUqyhcPMOX4gSlmQgLLYGJ7F9lMuasHqe9Mv5x6g7VZmrwkJEQmLxw_pNwohGyqmgqyaeGpA1&t=635792838349294682	1573846337852	1573846337882	OK	 
REQUEST	1		sp.search.js?rev=dMkPlEXpdY6iJ%2FsY5RsB0g%3D%3D	1573846337794	1573846337927	OK	 
REQUEST	1		searchresultui.png?rev=23	1573846337885	1573846337932	OK	 
REQUEST	1		search.clientcontrols.js?rev=8Q15HW2EU2aXBktJq5YW%2FA%3D%3D	1573846337829	1573846337939	OK	 
REQUEST	1		logo-compensar-gris.svg	1573846337877	1573846337946	OK	 
REQUEST	1		logo_compensar.png?rev=23	1573846337850	1573846337949	OK	 
REQUEST	1		logo_compensar.png	1573846337875	1573846337951	OK	 
REQUEST	1		WebResource.axd?d=VE1LltKE1dXL7-UbkAp-bt6ljn4Brx0V3X9hDRsD8jSFT9qB8YndTHVisocnrFQ8rNfw3OXiDn_Fb7iUlcK8bUIBKyIA1h_3y1b4G2-c7f01&t=635792838349294682	1573846337931	1573846337953	OK	 
REQUEST	1		nodearrow.png	1573846337933	1573846337955	OK	 
REQUEST	1		estilos.css	1573846337945	1573846337958	OK	 
REQUEST	1		compensar.detallevivienda.min.css?ctag=5143$$15.0.4927.1000	1573846337953	1573846337982	OK	 
REQUEST	1		ParqueaderosV2.js	1573846337948	1573846337986	OK	 
REQUEST	1		request_3	1573846337956	1573846337991	OK	 
REQUEST	1		marcador.png	1573846337950	1573846338007	OK	 
REQUEST	1		request_7	1573846337980	1573846338021	OK	 
REQUEST	1		request_8	1573846337985	1573846338025	OK	 
REQUEST	1		mainContentInterno.js	1573846337954	1573846338029	OK	 
REQUEST	1		request_10	1573846337988	1573846338034	OK	 
REQUEST	1		request_13	1573846338006	1573846338037	OK	 
REQUEST	1		request_15	1573846338024	1573846338052	OK	 
REQUEST	1		request_16	1573846338028	1573846338054	OK	 
REQUEST	1		request_17	1573846338030	1573846338057	OK	 
REQUEST	1		request_18	1573846338036	1573846338059	OK	 
REQUEST	1		request_14	1573846338019	1573846338062	OK	 
REQUEST	1		request_19	1573846338051	1573846338066	OK	 
REQUEST	1		request_24	1573846338058	1573846338081	OK	 
REQUEST	1		request_26	1573846338064	1573846338114	OK	 
REQUEST	1		request_25	1573846338061	1573846338150	OK	 
REQUEST	1		request_22	1573846338056	1573846338198	OK	 
REQUEST	1		request_30	1573846338082	1573846338203	OK	 
REQUEST	1		request_40	1573846338203	1573846338239	OK	 
REQUEST	1		request_42	1573846338205	1573846338279	OK	 
REQUEST	1		request_27	1573846338068	1573846338303	OK	 
REQUEST	1		request_44	1573846338241	1573846338312	OK	 
REQUEST	1		request_38	1573846338151	1573846338338	OK	 
REQUEST	1		request_48	1573846338311	1573846338426	OK	 
REQUEST	1		request_20	1573846338053	1573846338440	OK	 
REQUEST	1		request_46	1573846338280	1573846338608	OK	 
REQUEST	1		request_34	1573846338115	1573846338620	OK	 
REQUEST	1		request_49	1573846338314	1573846338651	OK	 
REQUEST	1		request_56	1573846339665	1573846339764	OK	 
REQUEST	1		request_57	1573846340777	1573846340814	OK	 
REQUEST	1		request_57 Redirect 1	1573846340829	1573846340905	OK	 
REQUEST	1		request_57 Redirect 2	1573846340909	1573846340973	OK	 
REQUEST	1		request_57 Redirect 3	1573846340976	1573846343119	OK	 
REQUEST	1		request_66	1573846343188	1573846343209	OK	 
REQUEST	1		eyesClass.css	1573846343192	1573846343236	OK	 
REQUEST	1		request_63	1573846343189	1573846343276	OK	 
REQUEST	1		request_68	1573846343191	1573846343278	OK	 
REQUEST	1		request_67	1573846343190	1573846343280	OK	 
REQUEST	1		loadingCompensar.gif	1573846343237	1573846343311	OK	 
REQUEST	1		modernizr?v=inCVuEFe6J4Q07A0AcRsbJic_UE5MwpRMNGcOtk94TE1	1573846343195	1573846343356	OK	 
REQUEST	1		css?v=udBLYkNkikBQ6JWixlUMiJYcZz7DRJzdxBJZ-rKFDsg1	1573846343193	1573846343369	OK	 
REQUEST	1		jquery?v=JL596WEzEYSLK79KRL4It4N63VXpRlW4A824KHlhVLc1	1573846343314	1573846343428	OK	 
REQUEST	1		fonts?v=Y7MRUdvwE1hUsovmZYz9T7_41CMp95gKZ_Q9iYUO2O81	1573846343194	1573846343437	OK	 
REQUEST	1		modules?v=SqDhzDYakMzJp-M-gCcQFj4vc5izybzoH2OW-2is2fY1	1573846343194	1573846343440	OK	 
REQUEST	1		bootstrap?v=02I37B8URpB7hqkZrxMEO7o6VbDywYH_vuXan7A7mR81	1573846343365	1573846343443	OK	 
REQUEST	1		logo-compensar-blanco.svg	1573846343196	1573846343447	OK	 
REQUEST	1		jqueryval?v=GkCXUO1MPqHDkNoDt8-shdnQEI8KGbNadRAAUqm2VOA1	1573846343425	1573846343470	OK	 
REQUEST	1		loading.js	1573846343446	1573846343477	OK	 
REQUEST	1		request_59	1573846343471	1573846343517	OK	 
REQUEST	1		resetValidation.js	1573846343435	1573846343520	OK	 
REQUEST	1		utils.js	1573846343440	1573846343522	OK	 
REQUEST	1		modal.js	1573846343442	1573846343523	OK	 
REQUEST	1		request_60	1573846343477	1573846343531	OK	 
REQUEST	1		request_62	1573846343519	1573846343545	OK	 
REQUEST	1		sessionchecker.js	1573846343448	1573846343551	OK	 
REQUEST	1		request_65	1573846343521	1573846343578	OK	 
REQUEST	1		bootstrap.min.css	1573846343187	1573846343633	OK	 
REQUEST	1		request_71	1573846343197	1573846343657	OK	 
REQUEST	1		request_72	1573846354664	1573846365213	KO	status.find.in(200,201,202,203,204,205,206,207,208,209,304), found 500
USER	sedeAutosur3a6utenticado	1	END	1573846335909	1573846365232
