RUN	Compenssar.home	home	1572041380049	 	3.0.2
USER	home	1	START	1572041381903	1572041381903
REQUEST	1		request_0	1572041381934	1572041382938	OK	 
ERROR	request_43: Failed to build request: Resource /home/0043_request.dat not found 	1572041383191
ERROR	request_45: Failed to build request: Resource /home/0045_request.dat not found 	1572041383191
ERROR	request_48: Failed to build request: Resource /home/0048_request.dat not found 	1572041383192
ERROR	request_55: Failed to build request: Resource /home/0055_request.dat not found 	1572041383194
ERROR	request_58: Failed to build request: Resource /home/0058_request.dat not found 	1572041383194
ERROR	request_60: Failed to build request: Resource /home/0060_request.dat not found 	1572041383195
ERROR	request_70: Failed to build request: Resource /home/0070_request.dat not found 	1572041383197
ERROR	request_71: Failed to build request: Resource /home/0071_request.dat not found 	1572041383197
REQUEST	1		favicon.ico?rev=23	1572041383978	1572041384053	OK	 
REQUEST	1		request_36	1572041383549	1572041384142	OK	 
REQUEST	1		minisp.min.js	1572041383979	1572041384147	OK	 
REQUEST	1		jquery-3.1.1.min.js	1572041383981	1572041384153	OK	 
REQUEST	1		bootstrap.min.js	1572041384074	1572041384159	OK	 
REQUEST	1		request_38	1572041383625	1572041384166	OK	 
REQUEST	1		request_39	1572041383627	1572041384169	OK	 
REQUEST	1		request_50	1572041383546	1572041384171	OK	 
REQUEST	1		datalayercorporativo.min.js	1572041383982	1572041384176	OK	 
REQUEST	1		request_56	1572041383548	1572041384187	OK	 
REQUEST	1		jquery.spservices-2014.02.min.js	1572041384149	1572041384214	OK	 
REQUEST	1		knockout-3.4.1.min.js?v=1	1572041384157	1572041384222	OK	 
REQUEST	1		slick.min.js	1572041384178	1572041384227	OK	 
REQUEST	1		ko.sp-1.0.min.js	1572041384164	1572041384243	OK	 
REQUEST	1		ion.rangeslider.min.js	1572041384225	1572041384262	OK	 
REQUEST	1		picturefill.min.js	1572041384230	1572041384268	OK	 
REQUEST	1		request_9	1572041383790	1572041384288	OK	 
REQUEST	1		jquery.validate.min.js	1572041384266	1572041384316	OK	 
REQUEST	1		croppie.min.js	1572041384271	1572041384322	OK	 
REQUEST	1		validate.min.js	1572041384248	1572041384330	OK	 
REQUEST	1		afiliaciones.config.js	1572041384320	1572041384340	OK	 
REQUEST	1		compTools.min.js?v=1	1572041384325	1572041384343	OK	 
REQUEST	1		request_37	1572041383623	1572041384354	OK	 
REQUEST	1		compensar.actualizarcorreo.min.js	1572041384341	1572041384356	OK	 
REQUEST	1		request_40	1572041383628	1572041384360	OK	 
REQUEST	1		sjcl.min.js	1572041384348	1572041384365	OK	 
REQUEST	1		rangeslider.min.js	1572041384217	1572041384370	OK	 
REQUEST	1		compensar.loadComponents.min.js?v=1	1572041384359	1572041384378	OK	 
REQUEST	1		request_79	1572041383792	1572041384381	OK	 
REQUEST	1		mmapi.js	1572041383630	1572041384390	OK	 
REQUEST	1		compensar.tiempoInactividad.min.js?v=1	1572041384368	1572041384392	OK	 
REQUEST	1		compensar.detectarAncho.min.js?v=1	1572041384380	1572041384397	OK	 
REQUEST	1		compensar.enModoEdicion.min.js?v=1	1572041384374	1572041384399	OK	 
REQUEST	1		compensar.deferImages.min.js?v=1	1572041384393	1572041384412	OK	 
REQUEST	1		compensar.menuDesplegable.min.js?v=1	1572041384401	1572041384433	OK	 
REQUEST	1		compensar.script.min.js	1572041384339	1572041384440	OK	 
REQUEST	1		compensar.agregarTitulowebparts.min.js?v=1	1572041384398	1572041384443	OK	 
REQUEST	1		compensar.miCompensarPerfil.min.js?v=1	1572041384413	1572041384445	OK	 
REQUEST	1		request_6	1572041383985	1572041384474	OK	 
REQUEST	1		compensar.controlPestanas.min.js?v=1	1572041384438	1572041384500	OK	 
REQUEST	1		compensar.filtroControlerVivienda.min.js?v=1	1572041384444	1572041384508	OK	 
REQUEST	1		mainContent.min.js?v=1	1572041384447	1572041384514	OK	 
REQUEST	1		compensar.controlAcordeon.min.js?v=1	1572041384442	1572041384528	OK	 
REQUEST	1		headerNav.min.js?v=1	1572041384504	1572041384546	OK	 
REQUEST	1		request_14	1572041383340	1572041384553	OK	 
REQUEST	1		modeloMenuAux.min.js?v=1	1572041384513	1572041384557	OK	 
REQUEST	1		compensar.menuSecundario.min.js?v=1	1572041384526	1572041384583	OK	 
REQUEST	1		request_8	1572041383246	1572041384589	OK	 
REQUEST	1		compensar.componenteEmailController.min.js?v=1	1572041384547	1572041384593	OK	 
REQUEST	1		compensar.componentePopUpController.min.js?v=1	1572041384559	1572041384609	OK	 
REQUEST	1		bluebird.min.js	1572041383984	1572041384613	OK	 
REQUEST	1		compensar.notificaciones.min.js	1572041384585	1572041384619	OK	 
REQUEST	1		customcanales.min.js	1572041384600	1572041384622	OK	 
REQUEST	1		compensar.quitarLoading.min.js?v=1	1572041384544	1572041384629	OK	 
REQUEST	1		base_64.js	1572041383247	1572041384636	OK	 
REQUEST	1		customactioncall.js	1572041384611	1572041384642	OK	 
REQUEST	1		blank.js?rev=ZaOXZEobVwykPO9g8hq%2F8A%3D%3D	1572041384620	1572041384675	OK	 
REQUEST	1		request_7	1572041383237	1572041384683	OK	 
REQUEST	1		ScriptResource.axd?d=LzPGXWTyY4NfgAzL7AVGti8jNkeNvyxE7t2p3M-3BPJvKFvvkBUGxbbcxESn55TFNOUl8xW6SvygFDc-U8cavgouTpfnyDz3b86dyb2Q1b12B-B2zqJbKL3UrhnjJpkL79pBm9zX4FVDPUA4BsjrvCFATMYLp3cyBtLpIkBKZKUxDrfJga0vw4ZjurZ0mn1o0&t=72e85ccd	1572041384623	1572041384692	OK	 
REQUEST	1		ScriptResx.ashx?culture=es%2Des&name=SP%2ERes&rev=DoAHv8R6TO7rl33LcYBJTA%3D%3D	1572041384643	1572041384697	OK	 
REQUEST	1		sp.init.js?rev=jvJC3Kl5gbORaLtf7kxULQ%3D%3D	1572041384631	1572041384707	OK	 
REQUEST	1		init.js?rev=ZwTQYqYlNTyyuMWaLlhwSg%3D%3D	1572041383980	1572041384712	OK	 
REQUEST	1		clientrenderer.js?rev=PWwV4FATEiOxN90BeB5Hzw%3D%3D	1572041384699	1572041384717	OK	 
REQUEST	1		search.cbs.js?rev=S5EegsQhNKgWxVFmcqr5dQ%3D%3D	1572041384718	1572041384735	OK	 
REQUEST	1		ScriptResource.axd?d=DbBIHdj-QC5CO88xwauS5dkoqIs6nZmS0i8rusZB1q2JCx1O17otX38Pbo9-Co9QXf_ywgPOgCaWxydR-v-KO_BCuip-vRkoHzjnd81XPEqYhrrZRFvD28DBse-3zjaVmjdm2hC17AQqDXfxT3KoyoLs-sQ7qPLfqrjuPJokLcOn_d3Dmrsd446-Hg6mDbff0&t=72e85ccd	1572041384617	1572041384739	OK	 
REQUEST	1		spcommon.png?rev=23	1572041384736	1572041384752	OK	 
REQUEST	1		sp.runtime.js?rev=5f2WkYJoaxlIRdwUeg4WEg%3D%3D	1572041384676	1572041384756	OK	 
REQUEST	1		WebResource.axd?d=hcspxoKGngdkW0b6xYvFftMD9L7tgVctZKvxUqyhcPMOX4gSlmQgLLYGJ7F9lMuasHqe9Mv5x6g7VZmrwkJEQmLxw_pNwohGyqmgqyaeGpA1&t=635792838349294682	1572041384753	1572041384783	OK	 
REQUEST	1		logo_compensar.png	1572041384759	1572041384811	OK	 
REQUEST	1		ScriptResx.ashx?culture=es%2Des&name=Srch%2EResources&rev=GVo354neq7eNTurLgIdpJQ%3D%3D	1572041384710	1572041384831	OK	 
REQUEST	1		logo_compensar.png?rev=23	1572041384742	1572041384842	OK	 
REQUEST	1		sp.search.js?rev=dMkPlEXpdY6iJ%2FsY5RsB0g%3D%3D	1572041384695	1572041384843	OK	 
REQUEST	1		searchresultui.png?rev=23	1572041384813	1572041384847	OK	 
REQUEST	1		logo-compensar-gris.svg	1572041384788	1572041384850	OK	 
REQUEST	1		jquery.mb.browser.js	1572041384849	1572041384860	OK	 
REQUEST	1		ProductosDestacados.min.js?v=1	1572041384862	1572041384876	OK	 
REQUEST	1		request_1	1572041384877	1572041384901	OK	 
REQUEST	1		datalayerCorporativo.js	1572041384836	1572041384951	OK	 
REQUEST	1		productosDestacados.min.css?v=1	1572041384852	1572041384955	OK	 
REQUEST	1		banner-200.jpg	1572041384843	1572041384958	OK	 
REQUEST	1		banner-firma-digital-prospectados.png	1572041384846	1572041384978	OK	 
REQUEST	1		request_11	1572041384979	1572041385035	OK	 
REQUEST	1		request_4	1572041384957	1572041385038	OK	 
REQUEST	1		request_2	1572041384950	1572041385055	OK	 
REQUEST	1		request_3	1572041384953	1572041385065	OK	 
REQUEST	1		request_12	1572041385037	1572041385071	OK	 
REQUEST	1		request_10	1572041384960	1572041385073	OK	 
REQUEST	1		search.clientcontrols.js?rev=8Q15HW2EU2aXBktJq5YW%2FA%3D%3D	1572041384716	1572041385075	OK	 
REQUEST	1		request_13	1572041385054	1572041385081	OK	 
REQUEST	1		request_15	1572041385064	1572041385105	OK	 
REQUEST	1		request_17	1572041385073	1572041385128	OK	 
REQUEST	1		request_22	1572041385121	1572041385140	OK	 
REQUEST	1		request_21	1572041385084	1572041385143	OK	 
REQUEST	1		request_23	1572041385129	1572041385156	OK	 
REQUEST	1		request_16	1572041385070	1572041385161	OK	 
REQUEST	1		request_20	1572041385081	1572041385164	OK	 
REQUEST	1		request_25	1572041385148	1572041385166	OK	 
REQUEST	1		request_24	1572041385143	1572041385177	OK	 
REQUEST	1		request_26	1572041385157	1572041385179	OK	 
REQUEST	1		request_31	1572041385176	1572041385187	OK	 
REQUEST	1		request_19	1572041385074	1572041385191	OK	 
REQUEST	1		request_41	1572041385188	1572041385216	OK	 
REQUEST	1		request_44	1572041385217	1572041385236	OK	 
REQUEST	1		request_32	1572041385178	1572041385242	OK	 
REQUEST	1		request_29	1572041385163	1572041385246	OK	 
REQUEST	1		request_33	1572041385180	1572041385248	OK	 
REQUEST	1		request_30	1572041385166	1572041385250	OK	 
REQUEST	1		request_51	1572041385249	1572041385272	OK	 
REQUEST	1		request_46	1572041385238	1572041385287	OK	 
REQUEST	1		request_53	1572041385275	1572041385293	OK	 
REQUEST	1		request_47	1572041385244	1572041385296	OK	 
REQUEST	1		request_42	1572041385192	1572041385318	OK	 
REQUEST	1		request_49	1572041385247	1572041385323	OK	 
REQUEST	1		request_52	1572041385252	1572041385325	OK	 
REQUEST	1		request_54	1572041385292	1572041385335	OK	 
REQUEST	1		request_64	1572041385336	1572041385381	OK	 
REQUEST	1		request_66	1572041385383	1572041385400	OK	 
REQUEST	1		request_59	1572041385297	1572041385413	OK	 
REQUEST	1		request_68	1572041385420	1572041385430	OK	 
REQUEST	1		request_62	1572041385324	1572041385432	OK	 
REQUEST	1		request_63	1572041385327	1572041385435	OK	 
REQUEST	1		request_61	1572041385320	1572041385445	OK	 
REQUEST	1		request_67	1572041385402	1572041385448	OK	 
REQUEST	1		request_57	1572041385295	1572041385462	OK	 
REQUEST	1		request_69	1572041385431	1572041385474	OK	 
REQUEST	1		request_76	1572041385473	1572041385483	OK	 
REQUEST	1		request_80	1572041385476	1572041385485	OK	 
REQUEST	1		request_74	1572041385447	1572041385488	OK	 
REQUEST	1		request_75	1572041385449	1572041385525	OK	 
REQUEST	1		request_72	1572041385434	1572041385564	OK	 
REQUEST	1		request_73	1572041385436	1572041385643	OK	 
USER	home	1	END	1572041381903	1572041385669
