RUN	Compenssar.sedeAutosur3a6utenticado	sedeautosur3a6utenticado	1573841815929	 	3.0.2
USER	sedeAutosur3a6utenticado	1	START	1573841818571	1573841818571
REQUEST	1		request_0	1573841818624	1573841819181	OK	 
REQUEST	1		favicon.ico?rev=23	1573841819850	1573841819866	OK	 
REQUEST	1		bootstrap.min.js	1573841819877	1573841819911	OK	 
REQUEST	1		jquery.spservices-2014.02.min.js	1573841819915	1573841820025	OK	 
REQUEST	1		mmapi.js	1573841819796	1573841820036	OK	 
REQUEST	1		request_5	1573841819808	1573841820042	OK	 
REQUEST	1		request_41	1573841819789	1573841820083	OK	 
REQUEST	1		minisp.min.js	1573841819851	1573841820107	OK	 
REQUEST	1		knockout-3.4.1.min.js?v=1	1573841820029	1573841820115	OK	 
REQUEST	1		datalayercorporativo.min.js	1573841819854	1573841820128	OK	 
REQUEST	1		js?key=AIzaSyBQs4JbPCHOPygyJzKnUYgsAm35jOpmshk	1573841819762	1573841820175	OK	 
REQUEST	1		request_45	1573841819772	1573841820182	OK	 
REQUEST	1		request_47	1573841819773	1573841820193	OK	 
REQUEST	1		request_50	1573841819775	1573841820206	OK	 
REQUEST	1		request_51	1573841819776	1573841820213	OK	 
REQUEST	1		slick.min.js	1573841820119	1573841820243	OK	 
REQUEST	1		request_53	1573841820181	1573841820274	OK	 
REQUEST	1		request_54	1573841820188	1573841820278	OK	 
REQUEST	1		request_55	1573841820200	1573841820281	OK	 
REQUEST	1		request_52	1573841819777	1573841820283	OK	 
REQUEST	1		request_21	1573841819778	1573841820286	OK	 
REQUEST	1		ko.sp-1.0.min.js	1573841820111	1573841820292	OK	 
REQUEST	1		init.js?rev=ZwTQYqYlNTyyuMWaLlhwSg%3D%3D	1573841819852	1573841820317	OK	 
REQUEST	1		rangeslider.min.js	1573841820131	1573841820325	OK	 
REQUEST	1		ion.rangeslider.min.js	1573841820247	1573841820328	OK	 
REQUEST	1		picturefill.min.js	1573841820296	1573841820333	OK	 
REQUEST	1		request_28	1573841819760	1573841820350	OK	 
REQUEST	1		croppie.min.js	1573841820331	1573841820375	OK	 
REQUEST	1		afiliaciones.config.js?v=5	1573841820335	1573841820379	OK	 
REQUEST	1		request_2	1573841819856	1573841820410	OK	 
REQUEST	1		compTools.min.js?v=1	1573841820378	1573841820427	OK	 
REQUEST	1		jquery.validate.min.js	1573841820327	1573841820429	OK	 
REQUEST	1		request_4	1573841819807	1573841820467	OK	 
REQUEST	1		compensar.script.min.js	1573841820380	1573841820470	OK	 
REQUEST	1		request_9	1573841819724	1573841820474	OK	 
REQUEST	1		compensar.actualizarcorreo.min.js	1573841820429	1573841820477	OK	 
REQUEST	1		request_32	1573841819788	1573841820486	OK	 
REQUEST	1		compensar.loadComponents.min.js?v=1	1573841820472	1573841820488	OK	 
REQUEST	1		bluebird.min.js	1573841819855	1573841820491	OK	 
REQUEST	1		request_43	1573841819809	1573841820512	OK	 
REQUEST	1		validate.min.js	1573841820323	1573841820609	OK	 
REQUEST	1		compensar.tiempoInactividad.min.js?v=1	1573841820479	1573841820612	OK	 
REQUEST	1		compensar.enModoEdicion.min.js?v=1	1573841820490	1573841820614	OK	 
REQUEST	1		compensar.detectarAncho.min.js?v=1	1573841820494	1573841820616	OK	 
REQUEST	1		compensar.deferImages.min.js?v=1	1573841820611	1573841820624	OK	 
REQUEST	1		compensar.agregarTitulowebparts.min.js?v=1	1573841820613	1573841820627	OK	 
REQUEST	1		compensar.menuDesplegable.min.js?v=1	1573841820616	1573841820630	OK	 
REQUEST	1		compensar.controlPestanas.min.js?v=1	1573841820625	1573841820637	OK	 
REQUEST	1		compensar.miCompensarPerfil.min.js?v=1	1573841820618	1573841820640	OK	 
REQUEST	1		compensar.controlAcordeon.min.js?v=1	1573841820628	1573841820642	OK	 
REQUEST	1		compensar.filtroControlerVivienda.min.js?v=1	1573841820631	1573841820645	OK	 
REQUEST	1		headerNav.min.js?v=1	1573841820642	1573841820652	OK	 
REQUEST	1		mainContent.min.js?v=1	1573841820638	1573841820658	OK	 
REQUEST	1		modeloMenuAux.min.js?v=1	1573841820644	1573841820662	OK	 
REQUEST	1		compensar.menuSecundario.min.js?v=1	1573841820647	1573841820674	OK	 
REQUEST	1		compensar.quitarLoading.min.js?v=1	1573841820655	1573841820701	OK	 
REQUEST	1		request_6	1573841819809	1573841820705	OK	 
REQUEST	1		compensar.componentePopUpController.min.js?v=1	1573841820680	1573841820711	OK	 
REQUEST	1		compensar.componenteEmailController.min.js?v=1	1573841820661	1573841820715	OK	 
REQUEST	1		compensar.footer.min.js?v=1	1573841820666	1573841820724	OK	 
REQUEST	1		compensar.notificaciones.min.js	1573841820702	1573841820730	OK	 
REQUEST	1		customactioncall.js	1573841820717	1573841820743	OK	 
REQUEST	1		customcanales.min.js	1573841820712	1573841820745	OK	 
REQUEST	1		blank.js?rev=ZaOXZEobVwykPO9g8hq%2F8A%3D%3D	1573841820732	1573841820749	OK	 
REQUEST	1		sjcl.min.js	1573841820432	1573841820785	OK	 
REQUEST	1		ScriptResource.axd?d=DbBIHdj-QC5CO88xwauS5dkoqIs6nZmS0i8rusZB1q2JCx1O17otX38Pbo9-Co9QXf_ywgPOgCaWxydR-v-KO_BCuip-vRkoHzjnd81XPEqYhrrZRFvD28DBse-3zjaVmjdm2hC17AQqDXfxT3KoyoLs-sQ7qPLfqrjuPJokLcOn_d3Dmrsd446-Hg6mDbff0&t=72e85ccd	1573841820726	1573841820792	OK	 
REQUEST	1		sp.init.js?rev=jvJC3Kl5gbORaLtf7kxULQ%3D%3D	1573841820748	1573841820808	OK	 
REQUEST	1		ScriptResource.axd?d=LzPGXWTyY4NfgAzL7AVGti8jNkeNvyxE7t2p3M-3BPJvKFvvkBUGxbbcxESn55TFNOUl8xW6SvygFDc-U8cavgouTpfnyDz3b86dyb2Q1b12B-B2zqJbKL3UrhnjJpkL79pBm9zX4FVDPUA4BsjrvCFATMYLp3cyBtLpIkBKZKUxDrfJga0vw4ZjurZ0mn1o0&t=72e85ccd	1573841820744	1573841820814	OK	 
REQUEST	1		ScriptResx.ashx?culture=es%2Des&name=SP%2ERes&rev=DoAHv8R6TO7rl33LcYBJTA%3D%3D	1573841820751	1573841820821	OK	 
REQUEST	1		clientrenderer.js?rev=PWwV4FATEiOxN90BeB5Hzw%3D%3D	1573841820812	1573841820848	OK	 
REQUEST	1		sp.runtime.js?rev=5f2WkYJoaxlIRdwUeg4WEg%3D%3D	1573841820787	1573841820851	OK	 
REQUEST	1		sp.search.js?rev=dMkPlEXpdY6iJ%2FsY5RsB0g%3D%3D	1573841820798	1573841820856	OK	 
REQUEST	1		ScriptResx.ashx?culture=es%2Des&name=Srch%2EResources&rev=GVo354neq7eNTurLgIdpJQ%3D%3D	1573841820818	1573841820860	OK	 
REQUEST	1		search.cbs.js?rev=S5EegsQhNKgWxVFmcqr5dQ%3D%3D	1573841820850	1573841820875	OK	 
REQUEST	1		logo_compensar.png?rev=23	1573841820859	1573841820889	OK	 
REQUEST	1		WebResource.axd?d=hcspxoKGngdkW0b6xYvFftMD9L7tgVctZKvxUqyhcPMOX4gSlmQgLLYGJ7F9lMuasHqe9Mv5x6g7VZmrwkJEQmLxw_pNwohGyqmgqyaeGpA1&t=635792838349294682	1573841820862	1573841820896	OK	 
REQUEST	1		spcommon.png?rev=23	1573841820855	1573841820906	OK	 
REQUEST	1		logo_compensar.png	1573841820876	1573841820913	OK	 
REQUEST	1		searchresultui.png?rev=23	1573841820898	1573841820923	OK	 
REQUEST	1		WebResource.axd?d=VE1LltKE1dXL7-UbkAp-bt6ljn4Brx0V3X9hDRsD8jSFT9qB8YndTHVisocnrFQ8rNfw3OXiDn_Fb7iUlcK8bUIBKyIA1h_3y1b4G2-c7f01&t=635792838349294682	1573841820907	1573841820925	OK	 
REQUEST	1		logo-compensar-gris.svg	1573841820890	1573841820927	OK	 
REQUEST	1		nodearrow.png	1573841820914	1573841820936	OK	 
REQUEST	1		ParqueaderosV2.js	1573841820926	1573841820946	OK	 
REQUEST	1		marcador.png	1573841820928	1573841820948	OK	 
REQUEST	1		estilos.css	1573841820924	1573841820951	OK	 
REQUEST	1		request_3	1573841820949	1573841821002	OK	 
REQUEST	1		request_31	1573841819787	1573841821031	OK	 
REQUEST	1		compensar.detallevivienda.min.css?ctag=5143$$15.0.4927.1000	1573841820938	1573841821034	OK	 
REQUEST	1		mainContentInterno.js	1573841820947	1573841821037	OK	 
REQUEST	1		request_7	1573841820996	1573841821039	OK	 
REQUEST	1		search.clientcontrols.js?rev=8Q15HW2EU2aXBktJq5YW%2FA%3D%3D	1573841820825	1573841821041	OK	 
REQUEST	1		request_8	1573841821024	1573841821052	OK	 
REQUEST	1		request_15	1573841821046	1573841821059	OK	 
REQUEST	1		request_14	1573841821040	1573841821062	OK	 
REQUEST	1		request_13	1573841821038	1573841821066	OK	 
REQUEST	1		request_16	1573841821054	1573841821071	OK	 
REQUEST	1		request_17	1573841821060	1573841821109	OK	 
REQUEST	1		request_10	1573841821036	1573841821112	OK	 
REQUEST	1		request_18	1573841821065	1573841821138	OK	 
REQUEST	1		request_19	1573841821069	1573841821140	OK	 
REQUEST	1		request_24	1573841821113	1573841821149	OK	 
REQUEST	1		request_26	1573841821141	1573841821216	OK	 
REQUEST	1		request_25	1573841821139	1573841821246	OK	 
REQUEST	1		request_22	1573841821111	1573841821377	OK	 
REQUEST	1		request_30	1573841821217	1573841821416	OK	 
REQUEST	1		request_38	1573841821383	1573841821436	OK	 
REQUEST	1		request_27	1573841821150	1573841821446	OK	 
REQUEST	1		request_40	1573841821422	1573841821461	OK	 
REQUEST	1		request_42	1573841821439	1573841821525	OK	 
REQUEST	1		request_20	1573841821075	1573841821530	OK	 
REQUEST	1		request_46	1573841821463	1573841821548	OK	 
REQUEST	1		request_44	1573841821454	1573841821550	OK	 
REQUEST	1		jquery-3.1.1.min.js	1573841819853	1573841821627	OK	 
REQUEST	1		request_49	1573841821546	1573841821638	OK	 
REQUEST	1		request_48	1573841821526	1573841821691	OK	 
REQUEST	1		request_34	1573841821247	1573841821705	OK	 
REQUEST	1		request_56	1573841822731	1573841822868	OK	 
REQUEST	1		request_57	1573841823860	1573841823874	KO	css((#formLogin,Some(action))).find.exists, found nothing
ERROR	request_72: Failed to build request: No attribute named 'token' is defined 	1573841834885
USER	sedeAutosur3a6utenticado	1	END	1573841818571	1573841834890
