RUN	Compenssar.sedeAvenida68NoAutenticado	sedeavenida68noautenticado	1573812860696	 	3.0.2
USER	compensar68	1	START	1573812862825	1573812862825
REQUEST	1		home_sedes/avenida-68-sede-principal	1573812862865	1573812863397	OK	 
REQUEST	1		home_sedes/avenida-68-sede-principal	1573812863592	1573812863639	OK	 
REQUEST	1		home_sedes/avenida-68-sede-principal	1573812863665	1573812863796	OK	 
REQUEST	1		home_sedes/avenida-68-sede-principal	1573812863855	1573812863914	OK	 
REQUEST	1		https://service.maxymiser.net/cg/v5us	1573812863556	1573812863952	OK	 
REQUEST	1		home_sedes/avenida-68-sede-principal	1573812863919	1573812863982	OK	 
REQUEST	1		https://maps.googleapis.com	1573812863533	1573812863993	OK	 
REQUEST	1		https://cdn.appdynamics.com/adrum-ext	1573812863544	1573812864001	OK	 
REQUEST	1		home_sedes/avenida-68-sede-principal	1573812863985	1573812864008	OK	 
REQUEST	1		https://maps.googleapis.com	1573812863533	1573812864018	OK	 
REQUEST	1		https://maps.googleapis.com	1573812863532	1573812864031	OK	 
REQUEST	1		https://maps.googleapis.com	1573812863534	1573812864041	OK	 
REQUEST	1		https://fonts.googleapis.com	1573812863543	1573812864046	OK	 
REQUEST	1		https://maps.googleapis.com	1573812864021	1573812864060	OK	 
REQUEST	1		home_sedes/avenida-68-sede-principal	1573812864014	1573812864064	OK	 
REQUEST	1		https://www.google-analytics.com	1573812863529	1573812864070	OK	 
REQUEST	1		https://maps.googleapis.com	1573812863531	1573812864092	OK	 
REQUEST	1		home_sedes/avenida-68-sede-principal	1573812864068	1573812864119	OK	 
REQUEST	1		https://www.google-analytics.com	1573812863530	1573812864122	OK	 
REQUEST	1		https://maps.googleapis.com	1573812863996	1573812864131	OK	 
REQUEST	1		https://maps.gstatic.com/mapfiles	1573812863555	1573812864133	OK	 
REQUEST	1		https://fonts.gstatic.com/s/roboto	1573812863587	1573812864136	OK	 
REQUEST	1		https://fonts.gstatic.com/s/roboto	1573812863590	1573812864138	OK	 
REQUEST	1		https://c.oracleinfinity.io/acs	1573812863535	1573812864163	OK	 
REQUEST	1		home_sedes/avenida-68-sede-principal	1573812864121	1573812864167	OK	 
REQUEST	1		https://c.oracleinfinity.io/acs	1573812863542	1573812864183	OK	 
REQUEST	1		https://c.oracleinfinity.io/acs	1573812863542	1573812864186	OK	 
REQUEST	1		https://maps.googleapis.com	1573812863532	1573812864191	OK	 
REQUEST	1		home_sedes/avenida-68-sede-principal	1573812864176	1573812864269	OK	 
REQUEST	1		https://stats.g.doubleclick.net/r/collect	1573812863567	1573812864273	OK	 
REQUEST	1		https://dc.oracleinfinity.io	1573812863575	1573812864275	OK	 
REQUEST	1		https://www.googletagmanager.com/gtm.js	1573812863601	1573812864277	OK	 
REQUEST	1		home_sedes/avenida-68-sede-principal	1573812864272	1573812864283	OK	 
REQUEST	1		home_sedes/avenida-68-sede-principal	1573812864286	1573812864330	OK	 
REQUEST	1		home_sedes/avenida-68-sede-principal	1573812863599	1573812864336	OK	 
REQUEST	1		home_sedes/avenida-68-sede-principal	1573812864331	1573812864346	OK	 
REQUEST	1		home_sedes/avenida-68-sede-principal	1573812864340	1573812864354	OK	 
REQUEST	1		home_sedes/avenida-68-sede-principal	1573812864348	1573812864365	OK	 
REQUEST	1		home_sedes/avenida-68-sede-principal	1573812864356	1573812864371	OK	 
REQUEST	1		home_sedes/avenida-68-sede-principal	1573812863598	1573812864409	OK	 
REQUEST	1		home_sedes/avenida-68-sede-principal	1573812864367	1573812864458	OK	 
REQUEST	1		home_sedes/avenida-68-sede-principal	1573812864460	1573812864524	OK	 
REQUEST	1		https://www.google-analytics.com	1573812864129	1573812864526	OK	 
REQUEST	1		home_sedes/avenida-68-sede-principal4	1573812864417	1573812864553	OK	 
REQUEST	1		home_sedes/avenida-68-sede-principal	1573812864525	1573812864558	OK	 
REQUEST	1		home_sedes/avenida-68-sede-principal	1573812864558	1573812864570	OK	 
REQUEST	1		home_sedes/avenida-68-sede-principal	1573812864373	1573812864692	OK	 
REQUEST	1		home_sedes/avenida-68-sede-principal	1573812864695	1573812864758	OK	 
REQUEST	1		home_sedes/avenida-68-sede-principal	1573812864572	1573812864762	OK	 
REQUEST	1		home_sedes/avenida-68-sede-principal	1573812864772	1573812864783	OK	 
REQUEST	1		home_sedes/avenida-68-sede-principal	1573812864785	1573812864797	OK	 
REQUEST	1		home_sedes/avenida-68-sede-principal	1573812864799	1573812864825	OK	 
REQUEST	1		home_sedes/avenida-68-sede-principal	1573812864759	1573812864830	OK	 
REQUEST	1		home_sedes/avenida-68-sede-principal7	1573812864827	1573812864874	OK	 
REQUEST	1		home_sedes/avenida-68-sede-principal	1573812864831	1573812864971	OK	 
REQUEST	1		home_sedes/avenida-68-sede-principal	1573812864875	1573812864974	OK	 
REQUEST	1		home_sedes/avenida-68-sede-principal	1573812864560	1573812865036	OK	 
REQUEST	1		home_sedes/avenida-68-sede-principal	1573812863594	1573812865096	OK	 
REQUEST	1		home_sedes/avenida-68-sede-principal	1573812865049	1573812865148	OK	 
REQUEST	1		home_sedes/avenida-68-sede-principal	1573812865099	1573812865153	OK	 
REQUEST	1		home_sedes/avenida-68-sede-principal	1573812864972	1573812865160	OK	 
REQUEST	1		home_sedes/avenida-68-sede-principal	1573812864996	1573812865172	OK	 
REQUEST	1		home_sedes/avenida-68-sede-principal	1573812863595	1573812865258	OK	 
REQUEST	1		home_sedes/avenida-68-sede-principal	1573812863596	1573812866128	OK	 
REQUEST	1		https://maps.googleapis.com	1573812868153	1573812868268	OK	 
REQUEST	1		https://col.eum-appdynamics.com	1573812868275	1573812868363	OK	 
REQUEST	1		https://col.eum-appdynamics.com	1573812877357	1573812877785	OK	 
USER	compensar68	1	END	1573812862825	1573812877823
