RUN	Compenssar.sede200adultoautenticado	sede200adultoautenticado	1573849937548	 	3.0.2
USER	sede200adultoautenticado	1	START	1573849939959	1573849939959
REQUEST	1		request_0	1573849940006	1573849940204	OK	 
REQUEST	1		request_1	1573849940488	1573849940683	OK	 
REQUEST	1		request_115	1573849940458	1573849940741	OK	 
REQUEST	1		request_118	1573849940460	1573849940785	OK	 
REQUEST	1		request_120	1573849940461	1573849940789	OK	 
REQUEST	1		request_101	1573849940462	1573849940796	OK	 
REQUEST	1		request_52	1573849940470	1573849940801	OK	 
REQUEST	1		request_68	1573849940478	1573849940804	OK	 
REQUEST	1		request_123	1573849940787	1573849940866	OK	 
REQUEST	1		request_124	1573849940793	1573849940872	OK	 
REQUEST	1		request_69	1573849940479	1573849940879	OK	 
REQUEST	1		request_63	1573849940409	1573849940922	OK	 
REQUEST	1		request_125	1573849940869	1573849940929	OK	 
REQUEST	1		request_67	1573849940477	1573849940932	OK	 
REQUEST	1		request_3	1573849940489	1573849940939	OK	 
REQUEST	1		request_5	1573849940491	1573849940974	OK	 
REQUEST	1		request_73	1573849940396	1573849940983	OK	 
REQUEST	1		request_141	1573849940409	1573849940994	OK	 
REQUEST	1		request_127	1573849940930	1573849941008	OK	 
REQUEST	1		request_126	1573849940878	1573849941012	OK	 
REQUEST	1		request_2	1573849940489	1573849941014	OK	 
REQUEST	1		request_4	1573849940490	1573849941030	OK	 
REQUEST	1		request_93	1573849940408	1573849941036	OK	 
REQUEST	1		request_9	1573849940977	1573849941037	OK	 
REQUEST	1		request_97	1573849940450	1573849941105	OK	 
REQUEST	1		request_102	1573849940456	1573849941111	OK	 
REQUEST	1		request_103	1573849940457	1573849941115	OK	 
REQUEST	1		request_129	1573849941013	1573849941119	OK	 
REQUEST	1		request_10	1573849941029	1573849941123	OK	 
REQUEST	1		request_11	1573849941034	1573849941126	OK	 
REQUEST	1		request_12	1573849941039	1573849941131	OK	 
REQUEST	1		request_117	1573849940386	1573849941136	OK	 
REQUEST	1		request_128	1573849941010	1573849941149	OK	 
REQUEST	1		request_130	1573849941121	1573849941178	OK	 
REQUEST	1		request_57	1573849940492	1573849941182	OK	 
REQUEST	1		request_13	1573849941125	1573849941188	OK	 
REQUEST	1		request_131	1573849941152	1573849941192	OK	 
REQUEST	1		request_14	1573849941130	1573849941195	OK	 
REQUEST	1		request_15	1573849941134	1573849941202	OK	 
REQUEST	1		request_132	1573849941179	1573849941208	OK	 
REQUEST	1		request_106	1573849940480	1573849941211	OK	 
REQUEST	1		request_135	1573849941194	1573849941218	OK	 
REQUEST	1		request_17	1573849941197	1573849941220	OK	 
REQUEST	1		request_16	1573849941189	1573849941229	OK	 
REQUEST	1		request_18	1573849941204	1573849941233	OK	 
REQUEST	1		request_144	1573849940486	1573849941236	OK	 
REQUEST	1		request_7	1573849940689	1573849941243	OK	 
REQUEST	1		request_20	1573849941232	1573849941248	OK	 
REQUEST	1		request_19	1573849941221	1573849941252	OK	 
REQUEST	1		request_21	1573849941235	1573849941262	OK	 
REQUEST	1		request_22	1573849941247	1573849941265	OK	 
REQUEST	1		request_23	1573849941250	1573849941273	OK	 
REQUEST	1		request_24	1573849941253	1573849941275	OK	 
REQUEST	1		request_6	1573849940491	1573849941276	OK	 
REQUEST	1		request_26	1573849941268	1573849941282	OK	 
REQUEST	1		request_25	1573849941264	1573849941284	OK	 
REQUEST	1		request_27	1573849941274	1573849941286	OK	 
REQUEST	1		request_28	1573849941276	1573849941288	OK	 
REQUEST	1		request_29	1573849941280	1573849941293	OK	 
REQUEST	1		request_30	1573849941283	1573849941298	OK	 
REQUEST	1		request_31	1573849941285	1573849941301	OK	 
REQUEST	1		request_32	1573849941287	1573849941304	OK	 
REQUEST	1		request_33	1573849941290	1573849941307	OK	 
REQUEST	1		request_137	1573849941209	1573849941309	OK	 
REQUEST	1		request_34	1573849941296	1573849941320	OK	 
REQUEST	1		request_35	1573849941299	1573849941330	OK	 
REQUEST	1		request_37	1573849941306	1573849941333	OK	 
REQUEST	1		request_38	1573849941308	1573849941336	OK	 
REQUEST	1		request_36	1573849941303	1573849941339	OK	 
REQUEST	1		request_40	1573849941332	1573849941367	OK	 
REQUEST	1		request_42	1573849941338	1573849941368	OK	 
REQUEST	1		request_39	1573849941326	1573849941370	OK	 
REQUEST	1		request_41	1573849941335	1573849941374	OK	 
REQUEST	1		request_43	1573849941340	1573849941376	OK	 
REQUEST	1		request_45	1573849941370	1573849941380	OK	 
REQUEST	1		request_48	1573849941377	1573849941396	OK	 
REQUEST	1		request_47	1573849941375	1573849941399	OK	 
REQUEST	1		request_49	1573849941380	1573849941402	OK	 
REQUEST	1		request_51	1573849941401	1573849941414	OK	 
REQUEST	1		request_53	1573849941404	1573849941428	OK	 
REQUEST	1		request_44	1573849941368	1573849941441	OK	 
REQUEST	1		request_55	1573849941430	1573849941452	OK	 
REQUEST	1		request_56	1573849941451	1573849941466	OK	 
REQUEST	1		request_58	1573849941453	1573849941469	OK	 
REQUEST	1		request_46	1573849941372	1573849941489	OK	 
REQUEST	1		request_61	1573849941491	1573849941506	OK	 
REQUEST	1		request_62	1573849941507	1573849941541	OK	 
REQUEST	1		request_64	1573849941542	1573849941551	OK	 
REQUEST	1		request_65	1573849941553	1573849941567	OK	 
REQUEST	1		request_50	1573849941398	1573849941595	OK	 
REQUEST	1		request_66	1573849941569	1573849941610	OK	 
REQUEST	1		request_116	1573849940459	1573849941736	OK	 
REQUEST	1		request_72	1573849941619	1573849941749	OK	 
REQUEST	1		request_71	1573849941598	1573849941753	OK	 
REQUEST	1		request_119	1573849940460	1573849941758	OK	 
REQUEST	1		request_54	1573849941415	1573849941763	OK	 
REQUEST	1		request_74	1573849941752	1573849941771	OK	 
REQUEST	1		request_121	1573849940461	1573849941779	OK	 
REQUEST	1		request_78	1573849941772	1573849941787	OK	 
REQUEST	1		request_79	1573849941789	1573849941809	OK	 
REQUEST	1		request_75	1573849941756	1573849941811	OK	 
REQUEST	1		request_80	1573849941810	1573849941823	OK	 
REQUEST	1		request_122	1573849940783	1573849941896	OK	 
REQUEST	1		request_59	1573849941468	1573849941930	OK	 
REQUEST	1		request_83	1573849941939	1573849941987	OK	 
REQUEST	1		request_84	1573849941988	1573849942002	OK	 
REQUEST	1		request_76	1573849941770	1573849942003	OK	 
REQUEST	1		request_81	1573849941814	1573849942097	OK	 
REQUEST	1		request_82	1573849941824	1573849942099	OK	 
REQUEST	1		request_88	1573849942098	1573849942118	OK	 
REQUEST	1		request_89	1573849942101	1573849942121	OK	 
REQUEST	1		request_87	1573849942004	1573849942136	OK	 
REQUEST	1		request_92	1573849942142	1573849942183	OK	 
REQUEST	1		request_91	1573849942122	1573849942290	OK	 
REQUEST	1		request_60	1573849941472	1573849942306	OK	 
REQUEST	1		request_98	1573849942293	1573849942328	OK	 
REQUEST	1		request_100	1573849942310	1573849942563	OK	 
REQUEST	1		request_86	1573849942003	1573849942580	OK	 
REQUEST	1		request_111	1573849942612	1573849942629	OK	 
REQUEST	1		request_112	1573849942631	1573849942653	OK	 
REQUEST	1		request_113	1573849942655	1573849942709	OK	 
REQUEST	1		request_90	1573849942120	1573849942718	OK	 
REQUEST	1		request_110	1573849942566	1573849942737	OK	 
REQUEST	1		request_94	1573849942184	1573849942757	OK	 
REQUEST	1		request_114	1573849942713	1573849942942	OK	 
REQUEST	1		request_114	1573849942950	1573849943002	OK	 
REQUEST	1		request_114	1573849943005	1573849943028	OK	 
REQUEST	1		request_114	1573849943030	1573849943072	OK	 
REQUEST	1		request_104	1573849942330	1573849943231	OK	 
REQUEST	1		request_8	1573849940940	1573849946925	OK	 
REQUEST	1		request_145	1573849961983	1573849962068	KO	status.find.in(200,201,202,203,204,205,206,207,208,209,304), found 500
USER	sede200adultoautenticado	1	END	1573849939959	1573849962104
