RUN	Compenssar.portal1	portal1	1573825587130	 	3.0.2
USER	portal1	1	START	1573825589329	1573825589329
REQUEST	1		request_0	1573825589370	1573825589862	OK	 
REQUEST	1		request_1	1573825593888	1573825594163	OK	 
REQUEST	1		request_2	1573825594657	1573825594739	OK	 
REQUEST	1		request_8	1573825594744	1573825594812	OK	 
REQUEST	1		request_9	1573825594815	1573825594862	OK	 
REQUEST	1		request_51	1573825594585	1573825594880	OK	 
REQUEST	1		request_10	1573825594864	1573825594889	OK	 
REQUEST	1		request_118	1573825594575	1573825594893	OK	 
REQUEST	1		request_11	1573825594890	1573825594923	OK	 
REQUEST	1		request_219	1573825594578	1573825594937	OK	 
REQUEST	1		request_12	1573825594936	1573825594971	OK	 
REQUEST	1		request_128	1573825594561	1573825594981	OK	 
REQUEST	1		request_83	1573825594596	1573825594994	OK	 
REQUEST	1		request_13	1573825594973	1573825595028	OK	 
REQUEST	1		request_81	1573825594546	1573825595040	OK	 
REQUEST	1		request_161	1573825594897	1573825595044	OK	 
REQUEST	1		request_84	1573825594597	1573825595047	OK	 
REQUEST	1		request_4	1573825594659	1573825595051	OK	 
REQUEST	1		request_14	1573825595036	1573825595054	OK	 
REQUEST	1		request_85	1573825594556	1573825595063	OK	 
REQUEST	1		request_162	1573825595046	1573825595071	OK	 
REQUEST	1		request_16	1573825595055	1573825595095	OK	 
REQUEST	1		request_15	1573825595053	1573825595098	OK	 
REQUEST	1		request_130	1573825594989	1573825595109	OK	 
REQUEST	1		request_160	1573825594649	1573825595113	OK	 
REQUEST	1		request_18	1573825595100	1573825595120	OK	 
REQUEST	1		request_17	1573825595097	1573825595124	OK	 
REQUEST	1		request_86	1573825594597	1573825595128	OK	 
REQUEST	1		request_165	1573825595094	1573825595130	OK	 
REQUEST	1		request_170	1573825594573	1573825595139	OK	 
REQUEST	1		request_101	1573825594562	1573825595204	OK	 
REQUEST	1		request_19	1573825595123	1573825595206	OK	 
REQUEST	1		request_20	1573825595126	1573825595209	OK	 
REQUEST	1		request_131	1573825595111	1573825595211	OK	 
REQUEST	1		request_68	1573825594662	1573825595218	OK	 
REQUEST	1		request_21	1573825595208	1573825595250	OK	 
REQUEST	1		request_22	1573825595210	1573825595253	OK	 
REQUEST	1		request_132	1573825595212	1573825595255	OK	 
REQUEST	1		request_188	1573825594637	1573825595257	OK	 
REQUEST	1		request_23	1573825595252	1573825595264	OK	 
REQUEST	1		request_133	1573825595256	1573825595267	OK	 
REQUEST	1		request_24	1573825595254	1573825595269	OK	 
REQUEST	1		request_25	1573825595265	1573825595283	OK	 
REQUEST	1		request_26	1573825595271	1573825595286	OK	 
REQUEST	1		request_134	1573825595269	1573825595288	OK	 
REQUEST	1		request_28	1573825595287	1573825595302	OK	 
REQUEST	1		request_135	1573825595289	1573825595305	OK	 
REQUEST	1		request_27	1573825595285	1573825595307	OK	 
REQUEST	1		request_30	1573825595309	1573825595320	OK	 
REQUEST	1		request_29	1573825595304	1573825595323	OK	 
REQUEST	1		request_137	1573825595306	1573825595325	OK	 
REQUEST	1		request_138	1573825595327	1573825595372	OK	 
REQUEST	1		request_32	1573825595325	1573825595374	OK	 
REQUEST	1		request_31	1573825595322	1573825595376	OK	 
REQUEST	1		request_33	1573825595375	1573825595424	OK	 
REQUEST	1		request_94	1573825594497	1573825595426	OK	 
REQUEST	1		request_34	1573825595378	1573825595428	OK	 
REQUEST	1		request_139	1573825595373	1573825595472	OK	 
REQUEST	1		request_35	1573825595425	1573825595475	OK	 
REQUEST	1		request_36	1573825595429	1573825595477	OK	 
REQUEST	1		request_37	1573825595476	1573825595490	OK	 
REQUEST	1		request_38	1573825595478	1573825595492	OK	 
REQUEST	1		request_140	1573825595474	1573825595499	OK	 
REQUEST	1		request_39	1573825595491	1573825595502	OK	 
REQUEST	1		request_40	1573825595493	1573825595529	OK	 
REQUEST	1		request_92	1573825594287	1573825595533	OK	 
REQUEST	1		request_85	1573825595069	1573825595542	OK	 
REQUEST	1		request_41	1573825595503	1573825595584	OK	 
REQUEST	1		request_142	1573825595500	1573825595588	OK	 
REQUEST	1		request_42	1573825595531	1573825595592	OK	 
REQUEST	1		request_43	1573825595587	1573825595599	OK	 
REQUEST	1		request_44	1573825595594	1573825595620	OK	 
REQUEST	1		request_143	1573825595591	1573825595621	OK	 
REQUEST	1		request_45	1573825595601	1573825595626	OK	 
REQUEST	1		request_47	1573825595627	1573825595695	OK	 
REQUEST	1		request_144	1573825595623	1573825595698	OK	 
REQUEST	1		request_46	1573825595621	1573825595706	OK	 
REQUEST	1		request_48	1573825595697	1573825595714	OK	 
REQUEST	1		request_145	1573825595702	1573825595720	OK	 
REQUEST	1		request_49	1573825595710	1573825595725	OK	 
REQUEST	1		request_50	1573825595716	1573825595775	OK	 
REQUEST	1		request_146	1573825595721	1573825595778	OK	 
REQUEST	1		request_53	1573825595776	1573825595794	OK	 
REQUEST	1		request_147	1573825595780	1573825595796	OK	 
REQUEST	1		request_52	1573825595727	1573825595799	OK	 
REQUEST	1		request_54	1573825595795	1573825595808	OK	 
REQUEST	1		request_149	1573825595798	1573825595813	OK	 
REQUEST	1		request_55	1573825595802	1573825595816	OK	 
REQUEST	1		request_56	1573825595810	1573825595830	OK	 
REQUEST	1		request_57	1573825595817	1573825595837	OK	 
REQUEST	1		request_150	1573825595815	1573825595838	OK	 
REQUEST	1		request_58	1573825595831	1573825595853	OK	 
REQUEST	1		request_113	1573825594573	1573825595858	OK	 
REQUEST	1		request_115	1573825594574	1573825595859	OK	 
REQUEST	1		request_59	1573825595837	1573825595860	OK	 
REQUEST	1		request_151	1573825595840	1573825595862	OK	 
REQUEST	1		request_60	1573825595855	1573825595870	OK	 
REQUEST	1		request_87	1573825594556	1573825595872	OK	 
REQUEST	1		request_152	1573825595863	1573825595880	OK	 
REQUEST	1		request_61	1573825595861	1573825595882	OK	 
REQUEST	1		request_62	1573825595871	1573825595897	OK	 
REQUEST	1		request_127	1573825594577	1573825595909	OK	 
REQUEST	1		request_153	1573825595881	1573825595911	OK	 
REQUEST	1		request_93	1573825594558	1573825595913	OK	 
REQUEST	1		request_125	1573825594560	1573825595916	OK	 
REQUEST	1		request_64	1573825595898	1573825595919	OK	 
REQUEST	1		request_87	1573825595873	1573825595935	OK	 
REQUEST	1		request_117	1573825594575	1573825595937	OK	 
REQUEST	1		request_65	1573825595920	1573825595989	OK	 
REQUEST	1		request_155	1573825595915	1573825595990	OK	 
REQUEST	1		request_156	1573825595918	1573825595992	OK	 
REQUEST	1		request_154	1573825595913	1573825596001	OK	 
REQUEST	1		request_119	1573825594576	1573825596004	OK	 
REQUEST	1		request_66	1573825595990	1573825596018	OK	 
REQUEST	1		request_157	1573825595937	1573825596020	OK	 
REQUEST	1		request_63	1573825595896	1573825596025	OK	 
REQUEST	1		request_67	1573825596019	1573825596072	OK	 
REQUEST	1		request_163	1573825594572	1573825596078	OK	 
REQUEST	1		request_6	1573825594661	1573825596079	OK	 
REQUEST	1		request_124	1573825594559	1573825596081	OK	 
REQUEST	1		request_69	1573825596041	1573825596226	OK	 
REQUEST	1		request_70	1573825596073	1573825596248	OK	 
REQUEST	1		request_71	1573825596080	1573825596258	OK	 
REQUEST	1		request_166	1573825595991	1573825596272	OK	 
REQUEST	1		request_126	1573825594561	1573825596273	OK	 
REQUEST	1		request_7	1573825594661	1573825596275	OK	 
REQUEST	1		request_72	1573825596243	1573825596280	OK	 
REQUEST	1		request_82	1573825596257	1573825596284	OK	 
REQUEST	1		request_3	1573825594659	1573825596302	OK	 
REQUEST	1		request_91	1573825596285	1573825596322	OK	 
REQUEST	1		request_88	1573825596260	1573825596325	OK	 
REQUEST	1		request_5	1573825594660	1573825596344	OK	 
REQUEST	1		request_89	1573825596278	1573825596348	OK	 
REQUEST	1		request_98	1573825596324	1573825596351	OK	 
REQUEST	1		request_95	1573825596305	1573825596353	OK	 
REQUEST	1		request_90	1573825596283	1573825596355	OK	 
REQUEST	1		request_99	1573825596326	1573825596356	OK	 
REQUEST	1		request_100	1573825596347	1573825596392	OK	 
REQUEST	1		request_106	1573825596352	1573825596393	OK	 
REQUEST	1		request_105	1573825596350	1573825596395	OK	 
REQUEST	1		request_107	1573825596354	1573825596401	OK	 
REQUEST	1		request_108	1573825596356	1573825596403	OK	 
REQUEST	1		request_110	1573825596393	1573825596405	OK	 
REQUEST	1		request_109	1573825596357	1573825596408	OK	 
REQUEST	1		request_111	1573825596394	1573825596413	OK	 
REQUEST	1		request_112	1573825596395	1573825596414	OK	 
REQUEST	1		request_114	1573825596402	1573825596434	OK	 
REQUEST	1		request_120	1573825596406	1573825596439	OK	 
REQUEST	1		request_116	1573825596403	1573825596444	OK	 
REQUEST	1		request_169	1573825596442	1573825596483	OK	 
REQUEST	1		request_148	1573825596414	1573825596488	OK	 
REQUEST	1		request_175	1573825596484	1573825596502	OK	 
REQUEST	1		request_171	1573825596447	1573825596509	OK	 
REQUEST	1		request_177	1573825596503	1573825596531	OK	 
REQUEST	1		request_178	1573825596510	1573825596533	OK	 
REQUEST	1		request_182	1573825596535	1573825596562	OK	 
REQUEST	1		request_179	1573825596532	1573825596563	OK	 
REQUEST	1		request_121	1573825596409	1573825596605	KO	status.find.in(200,201,202,203,204,205,206,207,208,209,304), found 404
REQUEST	1		request_176	1573825596489	1573825596624	OK	 
REQUEST	1		request_183	1573825596563	1573825596679	OK	 
REQUEST	1		request_168	1573825596438	1573825596690	OK	 
REQUEST	1		request_192	1573825596695	1573825596728	OK	 
REQUEST	1		request_193	1573825596730	1573825596778	OK	 
REQUEST	1		request_185	1573825596564	1573825596801	OK	 
REQUEST	1		request_194	1573825596779	1573825596820	OK	 
REQUEST	1		request_195	1573825596804	1573825596859	OK	 
REQUEST	1		request_190	1573825596625	1573825596864	OK	 
REQUEST	1		request_196	1573825596821	1573825596868	OK	 
REQUEST	1		request_191	1573825596681	1573825596927	OK	 
REQUEST	1		request_197	1573825596861	1573825596934	OK	 
REQUEST	1		request_198	1573825596865	1573825596936	OK	 
REQUEST	1		request_189	1573825596610	1573825596953	OK	 
REQUEST	1		request_199	1573825596869	1573825596966	OK	 
REQUEST	1		request_200	1573825596933	1573825596968	OK	 
REQUEST	1		request_202	1573825596937	1573825596970	OK	 
REQUEST	1		request_201	1573825596935	1573825596971	OK	 
REQUEST	1		request_203	1573825596954	1573825596978	OK	 
REQUEST	1		request_204	1573825596967	1573825596984	OK	 
REQUEST	1		request_205	1573825596968	1573825596985	OK	 
REQUEST	1		request_207	1573825596972	1573825597007	OK	 
REQUEST	1		request_208	1573825596979	1573825597008	OK	 
REQUEST	1		request_209	1573825596985	1573825597010	OK	 
REQUEST	1		request_206	1573825596971	1573825597017	OK	 
REQUEST	1		request_210	1573825596987	1573825597018	OK	 
REQUEST	1		request_213	1573825597011	1573825597035	OK	 
REQUEST	1		request_211	1573825597008	1573825597036	OK	 
REQUEST	1		request_212	1573825597009	1573825597037	OK	 
REQUEST	1		request_214	1573825597018	1573825597039	OK	 
REQUEST	1		request_215	1573825597019	1573825597040	OK	 
REQUEST	1		request_216	1573825597036	1573825597057	OK	 
REQUEST	1		request_220	1573825597039	1573825597074	OK	 
REQUEST	1		request_218	1573825597038	1573825597076	OK	 
REQUEST	1		request_167	1573825596415	1573825597079	OK	 
REQUEST	1		request_217	1573825597037	1573825597093	OK	 
REQUEST	1		request_305	1573825604090	1573825604482	OK	 
REQUEST	1		request_306	1573825604518	1573825604716	OK	 
USER	portal1	1	END	1573825589329	1573825604735
