RUN	Compenssar.sedeAutosur3a6utenticado	sedeautosur3a6utenticado	1573842026888	 	3.0.2
USER	sedeAutosur3a6utenticado	1	START	1573842029645	1573842029645
REQUEST	1		request_0	1573842029704	1573842030205	OK	 
REQUEST	1		favicon.ico?rev=23	1573842030931	1573842030970	OK	 
REQUEST	1		bootstrap.min.js	1573842030989	1573842031050	OK	 
REQUEST	1		mmapi.js	1573842030861	1573842031114	OK	 
REQUEST	1		jquery.spservices-2014.02.min.js	1573842031059	1573842031145	OK	 
REQUEST	1		request_50	1573842030822	1573842031156	OK	 
REQUEST	1		request_41	1573842030841	1573842031167	OK	 
REQUEST	1		request_51	1573842030823	1573842031212	OK	 
REQUEST	1		knockout-3.4.1.min.js?v=1	1573842031149	1573842031216	OK	 
REQUEST	1		request_5	1573842030915	1573842031222	OK	 
REQUEST	1		minisp.min.js	1573842030932	1573842031228	OK	 
REQUEST	1		request_6	1573842030917	1573842031237	OK	 
REQUEST	1		request_45	1573842030819	1573842031262	OK	 
REQUEST	1		request_47	1573842030821	1573842031320	OK	 
REQUEST	1		request_54	1573842031215	1573842031338	OK	 
REQUEST	1		ko.sp-1.0.min.js	1573842031219	1573842031343	OK	 
REQUEST	1		request_28	1573842030804	1573842031350	OK	 
REQUEST	1		request_55	1573842031288	1573842031355	OK	 
REQUEST	1		request_53	1573842031158	1573842031363	OK	 
REQUEST	1		slick.min.js	1573842031231	1573842031372	OK	 
REQUEST	1		rangeslider.min.js	1573842031348	1573842031385	OK	 
REQUEST	1		request_52	1573842030826	1573842031389	OK	 
REQUEST	1		request_21	1573842030828	1573842031446	OK	 
REQUEST	1		ion.rangeslider.min.js	1573842031380	1573842031448	OK	 
REQUEST	1		request_9	1573842030762	1573842031472	OK	 
REQUEST	1		picturefill.min.js	1573842031388	1573842031475	OK	 
REQUEST	1		request_31	1573842030838	1573842031481	OK	 
REQUEST	1		request_4	1573842030913	1573842031485	OK	 
REQUEST	1		js?key=AIzaSyBQs4JbPCHOPygyJzKnUYgsAm35jOpmshk	1573842030806	1573842031490	OK	 
REQUEST	1		validate.min.js	1573842031452	1573842031495	OK	 
REQUEST	1		jquery-3.1.1.min.js	1573842030934	1573842031532	OK	 
REQUEST	1		jquery.validate.min.js	1573842031477	1573842031542	OK	 
REQUEST	1		request_2	1573842030937	1573842031597	OK	 
REQUEST	1		compTools.min.js?v=1	1573842031545	1573842031603	OK	 
REQUEST	1		croppie.min.js	1573842031496	1573842031606	OK	 
REQUEST	1		afiliaciones.config.js?v=5	1573842031535	1573842031611	OK	 
REQUEST	1		bluebird.min.js	1573842030936	1573842031617	OK	 
REQUEST	1		request_43	1573842030919	1573842031621	OK	 
REQUEST	1		compensar.script.min.js	1573842031605	1573842031629	OK	 
REQUEST	1		compensar.actualizarcorreo.min.js	1573842031610	1573842031633	OK	 
REQUEST	1		compensar.loadComponents.min.js?v=1	1573842031621	1573842031637	OK	 
REQUEST	1		sjcl.min.js	1573842031613	1573842031644	OK	 
REQUEST	1		compensar.tiempoInactividad.min.js?v=1	1573842031631	1573842031650	OK	 
REQUEST	1		compensar.enModoEdicion.min.js?v=1	1573842031636	1573842031653	OK	 
REQUEST	1		compensar.detectarAncho.min.js?v=1	1573842031639	1573842031656	OK	 
REQUEST	1		compensar.agregarTitulowebparts.min.js?v=1	1573842031652	1573842031662	OK	 
REQUEST	1		compensar.deferImages.min.js?v=1	1573842031647	1573842031666	OK	 
REQUEST	1		compensar.menuDesplegable.min.js?v=1	1573842031656	1573842031673	OK	 
REQUEST	1		compensar.miCompensarPerfil.min.js?v=1	1573842031659	1573842031682	OK	 
REQUEST	1		compensar.controlPestanas.min.js?v=1	1573842031664	1573842031687	OK	 
REQUEST	1		compensar.controlAcordeon.min.js?v=1	1573842031668	1573842031689	OK	 
REQUEST	1		compensar.filtroControlerVivienda.min.js?v=1	1573842031676	1573842031705	OK	 
REQUEST	1		mainContent.min.js?v=1	1573842031685	1573842031708	OK	 
REQUEST	1		headerNav.min.js?v=1	1573842031688	1573842031716	OK	 
REQUEST	1		modeloMenuAux.min.js?v=1	1573842031692	1573842031724	OK	 
REQUEST	1		compensar.menuSecundario.min.js?v=1	1573842031707	1573842031727	OK	 
REQUEST	1		compensar.componenteEmailController.min.js?v=1	1573842031718	1573842031729	OK	 
REQUEST	1		compensar.quitarLoading.min.js?v=1	1573842031711	1573842031731	OK	 
REQUEST	1		compensar.componentePopUpController.min.js?v=1	1573842031728	1573842031741	OK	 
REQUEST	1		compensar.footer.min.js?v=1	1573842031726	1573842031743	OK	 
REQUEST	1		customcanales.min.js	1573842031733	1573842031751	OK	 
REQUEST	1		compensar.notificaciones.min.js	1573842031730	1573842031754	OK	 
REQUEST	1		customactioncall.js	1573842031742	1573842031759	OK	 
REQUEST	1		blank.js?rev=ZaOXZEobVwykPO9g8hq%2F8A%3D%3D	1573842031753	1573842031764	OK	 
REQUEST	1		sp.init.js?rev=jvJC3Kl5gbORaLtf7kxULQ%3D%3D	1573842031761	1573842031787	OK	 
REQUEST	1		ScriptResource.axd?d=LzPGXWTyY4NfgAzL7AVGti8jNkeNvyxE7t2p3M-3BPJvKFvvkBUGxbbcxESn55TFNOUl8xW6SvygFDc-U8cavgouTpfnyDz3b86dyb2Q1b12B-B2zqJbKL3UrhnjJpkL79pBm9zX4FVDPUA4BsjrvCFATMYLp3cyBtLpIkBKZKUxDrfJga0vw4ZjurZ0mn1o0&t=72e85ccd	1573842031757	1573842031795	OK	 
REQUEST	1		ScriptResx.ashx?culture=es%2Des&name=SP%2ERes&rev=DoAHv8R6TO7rl33LcYBJTA%3D%3D	1573842031766	1573842031800	OK	 
REQUEST	1		ScriptResource.axd?d=DbBIHdj-QC5CO88xwauS5dkoqIs6nZmS0i8rusZB1q2JCx1O17otX38Pbo9-Co9QXf_ywgPOgCaWxydR-v-KO_BCuip-vRkoHzjnd81XPEqYhrrZRFvD28DBse-3zjaVmjdm2hC17AQqDXfxT3KoyoLs-sQ7qPLfqrjuPJokLcOn_d3Dmrsd446-Hg6mDbff0&t=72e85ccd	1573842031744	1573842031809	OK	 
REQUEST	1		clientrenderer.js?rev=PWwV4FATEiOxN90BeB5Hzw%3D%3D	1573842031802	1573842031815	OK	 
REQUEST	1		sp.runtime.js?rev=5f2WkYJoaxlIRdwUeg4WEg%3D%3D	1573842031789	1573842031818	OK	 
REQUEST	1		ScriptResx.ashx?culture=es%2Des&name=Srch%2EResources&rev=GVo354neq7eNTurLgIdpJQ%3D%3D	1573842031813	1573842031848	OK	 
REQUEST	1		sp.search.js?rev=dMkPlEXpdY6iJ%2FsY5RsB0g%3D%3D	1573842031797	1573842031851	OK	 
REQUEST	1		search.cbs.js?rev=S5EegsQhNKgWxVFmcqr5dQ%3D%3D	1573842031822	1573842031855	OK	 
REQUEST	1		spcommon.png?rev=23	1573842031850	1573842031869	OK	 
REQUEST	1		WebResource.axd?d=hcspxoKGngdkW0b6xYvFftMD9L7tgVctZKvxUqyhcPMOX4gSlmQgLLYGJ7F9lMuasHqe9Mv5x6g7VZmrwkJEQmLxw_pNwohGyqmgqyaeGpA1&t=635792838349294682	1573842031856	1573842031893	OK	 
REQUEST	1		logo_compensar.png?rev=23	1573842031854	1573842031903	OK	 
REQUEST	1		request_32	1573842030840	1573842031956	OK	 
REQUEST	1		logo-compensar-gris.svg	1573842031895	1573842031958	OK	 
REQUEST	1		searchresultui.png?rev=23	1573842031905	1573842031970	OK	 
REQUEST	1		WebResource.axd?d=VE1LltKE1dXL7-UbkAp-bt6ljn4Brx0V3X9hDRsD8jSFT9qB8YndTHVisocnrFQ8rNfw3OXiDn_Fb7iUlcK8bUIBKyIA1h_3y1b4G2-c7f01&t=635792838349294682	1573842031960	1573842031974	OK	 
REQUEST	1		logo_compensar.png	1573842031870	1573842032027	OK	 
REQUEST	1		estilos.css	1573842031975	1573842032035	OK	 
REQUEST	1		nodearrow.png	1573842031971	1573842032051	OK	 
REQUEST	1		ParqueaderosV2.js	1573842032028	1573842032052	OK	 
REQUEST	1		search.clientcontrols.js?rev=8Q15HW2EU2aXBktJq5YW%2FA%3D%3D	1573842031817	1573842032060	OK	 
REQUEST	1		marcador.png	1573842032050	1573842032070	OK	 
REQUEST	1		compensar.detallevivienda.min.css?ctag=5143$$15.0.4927.1000	1573842032052	1573842032072	OK	 
REQUEST	1		mainContentInterno.js	1573842032054	1573842032075	OK	 
REQUEST	1		request_7	1573842032071	1573842032087	OK	 
REQUEST	1		request_8	1573842032075	1573842032110	OK	 
REQUEST	1		request_13	1573842032089	1573842032112	OK	 
REQUEST	1		request_3	1573842032066	1573842032115	OK	 
REQUEST	1		request_10	1573842032077	1573842032152	OK	 
REQUEST	1		request_15	1573842032114	1573842032159	OK	 
REQUEST	1		request_14	1573842032111	1573842032169	OK	 
REQUEST	1		request_17	1573842032153	1573842032175	OK	 
REQUEST	1		request_16	1573842032134	1573842032185	OK	 
REQUEST	1		request_18	1573842032165	1573842032188	OK	 
REQUEST	1		request_19	1573842032173	1573842032211	OK	 
REQUEST	1		request_24	1573842032190	1573842032213	OK	 
REQUEST	1		request_26	1573842032215	1573842032258	OK	 
REQUEST	1		request_25	1573842032213	1573842032317	OK	 
REQUEST	1		datalayercorporativo.min.js	1573842030935	1573842032336	OK	 
REQUEST	1		request_27	1573842032260	1573842032478	OK	 
REQUEST	1		request_38	1573842032518	1573842032557	OK	 
REQUEST	1		request_30	1573842032318	1573842032579	OK	 
REQUEST	1		request_40	1573842032561	1573842032581	OK	 
REQUEST	1		init.js?rev=ZwTQYqYlNTyyuMWaLlhwSg%3D%3D	1573842030933	1573842032596	OK	 
REQUEST	1		request_22	1573842032188	1573842032689	OK	 
REQUEST	1		request_42	1573842032580	1573842032700	OK	 
REQUEST	1		request_44	1573842032583	1573842032702	OK	 
REQUEST	1		request_46	1573842032600	1573842032705	OK	 
REQUEST	1		request_34	1573842032337	1573842032707	OK	 
REQUEST	1		request_48	1573842032699	1573842032761	OK	 
REQUEST	1		request_49	1573842032701	1573842032810	OK	 
REQUEST	1		request_20	1573842032182	1573842032848	OK	 
REQUEST	1		request_56	1573842033877	1573842034005	OK	 
REQUEST	1		request_57	1573842035005	1573842035018	KO	css((#formLogin,Some(action))).find.exists, found nothing
ERROR	request_72: Failed to build request: No attribute named 'token' is defined 	1573842046025
USER	sedeAutosur3a6utenticado	1	END	1573842029645	1573842046027
