RUN	Compenssar.sede200adultoautenticado	sede200adultoautenticado	1573780462799	 	3.0.2
USER	sede200adultoautenticado	1	START	1573780465057	1573780465057
REQUEST	1		home_sede200autenticado	1573780465094	1573780465340	OK	 
REQUEST	1		home_sede200autenticado	1573780465542	1573780465701	OK	 
REQUEST	1		https://www.compensar.com/img/2016	1573780465482	1573780465757	OK	 
REQUEST	1		home_sede200autenticado	1573780465731	1573780465803	OK	 
REQUEST	1		https://www.compensar.com/img/2016	1573780465497	1573780465826	OK	 
REQUEST	1		https://www.compensar.com/img/2016	1573780465498	1573780465828	OK	 
REQUEST	1		https://www.compensar.com/img/2016	1573780465500	1573780465830	OK	 
REQUEST	1		home_sede200autenticado	1573780465806	1573780465839	OK	 
REQUEST	1		https://www.compensar.com/img/2016	1573780465501	1573780465848	OK	 
REQUEST	1		https://service.maxymiser.net	1573780465517	1573780465866	OK	 
REQUEST	1		home_sede200autenticado	1573780465841	1573780465870	OK	 
REQUEST	1		https://cdn.appdynamics.com/adrum	1573780465503	1573780465876	OK	 
REQUEST	1		home_sede200autenticado	1573780465547	1573780465880	OK	 
REQUEST	1		home_sede200autenticado	1573780465874	1573780465898	OK	 
REQUEST	1		https://service.maxymiser.net	1573780465536	1573780465923	OK	 
REQUEST	1		home_sede200autenticado	1573780465900	1573780465932	OK	 
REQUEST	1		home_sede200autenticado	1573780465882	1573780465936	OK	 
REQUEST	1		home_sede200autenticado	1573780465550	1573780465941	OK	 
REQUEST	1		home_sede200autenticado	1573780465934	1573780465972	OK	 
REQUEST	1		https://service.maxymiser.net	1573780465534	1573780465978	OK	 
REQUEST	1		https://c.oracleinfinity.io	1573780465464	1573780465996	OK	 
REQUEST	1		home_sede200autenticado	1573780465974	1573780465999	OK	 
REQUEST	1		https://c.oracleinfinity.io	1573780465480	1573780466001	OK	 
REQUEST	1		home_sede200autenticado	1573780466000	1573780466017	OK	 
REQUEST	1		home_sede200autenticado	1573780466018	1573780466034	OK	 
REQUEST	1		home_sede200autenticado	1573780466035	1573780466049	OK	 
REQUEST	1		home_sede200autenticado	1573780465548	1573780466054	OK	 
REQUEST	1		home_sede200autenticado	1573780466051	1573780466071	OK	 
REQUEST	1		home_sede200autenticado	1573780466057	1573780466075	OK	 
REQUEST	1		home_sede200autenticado	1573780466073	1573780466101	OK	 
REQUEST	1		home_sede200autenticado	1573780466076	1573780466103	OK	 
REQUEST	1		https://www.googletagmanager.com	1573780465554	1573780466132	OK	 
REQUEST	1		https://dc.oracleinfinity.io	1573780465538	1573780466218	OK	 
REQUEST	1		home_sede200autenticado	1573780465939	1573780466276	OK	 
REQUEST	1		home_sede200autenticado	1573780466102	1573780466280	OK	 
REQUEST	1		https://www.google-analytics.com	1573780465462	1573780466282	OK	 
REQUEST	1		home_sede200autenticado	1573780466104	1573780466292	OK	 
REQUEST	1		home_sede200autenticado	1573780465944	1573780466295	OK	 
REQUEST	1		home_sede200autenticado7	1573780466281	1573780466299	OK	 
REQUEST	1		https://www.google-analytics.com	1573780465449	1573780466305	OK	 
REQUEST	1		home_sede200autenticado	1573780466279	1573780466309	OK	 
REQUEST	1		home_sede200autenticado	1573780466297	1573780466319	OK	 
REQUEST	1		home_sede200autenticado	1573780466293	1573780466322	OK	 
REQUEST	1		home_sede200autenticado	1573780466301	1573780466329	OK	 
REQUEST	1		home_sede200autenticado	1573780466312	1573780466335	OK	 
REQUEST	1		home_sede200autenticado	1573780466321	1573780466340	OK	 
REQUEST	1		home_sede200autenticado	1573780466326	1573780466343	OK	 
REQUEST	1		home_sede200autenticado	1573780466331	1573780466345	OK	 
REQUEST	1		home_sede200autenticado	1573780466342	1573780466355	OK	 
REQUEST	1		home_sede200autenticado	1573780466338	1573780466358	OK	 
REQUEST	1		home_sede200autenticado	1573780466344	1573780466360	OK	 
REQUEST	1		home_sede200autenticado	1573780466347	1573780466363	OK	 
REQUEST	1		rhome_sede200autenticado	1573780466359	1573780466371	OK	 
REQUEST	1		home_sede200autenticado	1573780466357	1573780466373	OK	 
REQUEST	1		home_sede200autenticado	1573780466364	1573780466379	OK	 
REQUEST	1		home_sede200autenticado	1573780466361	1573780466382	OK	 
REQUEST	1		home_sede200autenticado	1573780466376	1573780466387	OK	 
REQUEST	1		home_sede200autenticado	1573780466380	1573780466419	OK	 
REQUEST	1		home_sede200autenticado	1573780466383	1573780466455	OK	 
REQUEST	1		home_sede200autenticado	1573780466389	1573780466462	OK	 
REQUEST	1		home_sede200autenticado3	1573780466373	1573780466473	OK	 
REQUEST	1		home_sede200autenticado	1573780466465	1573780466619	OK	 
REQUEST	1		home_sede200autenticado	1573780466423	1573780466636	OK	 
REQUEST	1		home_sede200autenticado	1573780466477	1573780466657	OK	 
REQUEST	1		home_sede200autenticado	1573780466456	1573780466682	OK	 
REQUEST	1		home_sede200autenticado	1573780466647	1573780466686	OK	 
REQUEST	1		home_sede200autenticado	1573780466663	1573780466695	OK	 
REQUEST	1		home_sede200autenticado	1573780466685	1573780466717	OK	 
REQUEST	1		home_sede200autenticado	1573780466688	1573780466738	OK	 
REQUEST	1		https://www.google-analytics.com	1573780466290	1573780466765	OK	 
REQUEST	1		https://c.oracleinfinity.io	1573780465479	1573780466771	OK	 
REQUEST	1		home_sede200autenticado	1573780466696	1573780466793	OK	 
REQUEST	1		home_sede200autenticado	1573780466739	1573780466796	OK	 
REQUEST	1		home_sede200autenticado	1573780466795	1573780466819	OK	 
REQUEST	1		home_sede200autenticado	1573780466798	1573780466849	OK	 
REQUEST	1		home_sede200autenticado	1573780466624	1573780466858	OK	 
REQUEST	1		home_sede200autenticado	1573780466851	1573780466905	OK	 
REQUEST	1		home_sede200autenticado	1573780466822	1573780466908	OK	 
REQUEST	1		home_sede200autenticado	1573780466868	1573780466910	OK	 
REQUEST	1		home_sede200autenticado	1573780466907	1573780466940	OK	 
REQUEST	1		home_sede200autenticado	1573780466912	1573780466971	OK	 
REQUEST	1		home_sede200autenticado	1573780466909	1573780466987	OK	 
REQUEST	1		home_sede200autenticado	1573780466973	1573780467024	OK	 
REQUEST	1		home_sede200autenticado	1573780466942	1573780467027	OK	 
REQUEST	1		home_sede200autenticado	1573780466988	1573780467029	OK	 
REQUEST	1		home_sede200autenticado	1573780467028	1573780467069	OK	 
REQUEST	1		home_sede200autenticado	1573780467031	1573780467073	OK	 
REQUEST	1		home_sede200autenticado	1573780467025	1573780467079	OK	 
REQUEST	1		home_sede200autenticado	1573780467072	1573780467097	OK	 
REQUEST	1		home_sede200autenticado	1573780467075	1573780467107	OK	 
REQUEST	1		home_sede200autenticado	1573780467082	1573780467117	OK	 
REQUEST	1		home_sede200autenticado	1573780465545	1573780467126	OK	 
REQUEST	1		home_sede200autenticado	1573780467101	1573780467136	OK	 
REQUEST	1		home_sede200autenticado	1573780467113	1573780467138	OK	 
REQUEST	1		home_sede200autenticado	1573780467122	1573780467141	OK	 
REQUEST	1		home_sede200autenticado	1573780465552	1573780467145	OK	 
REQUEST	1		home_sede200autenticado	1573780467140	1573780467152	OK	 
REQUEST	1		home_sede200autenticado	1573780467137	1573780467164	OK	 
REQUEST	1		home_sede200autenticado	1573780467144	1573780467166	OK	 
REQUEST	1		home_sede200autenticado	1573780467134	1573780467168	OK	 
REQUEST	1		home_sede200autenticado	1573780467165	1573780467184	OK	 
REQUEST	1		home_sede200autenticado	1573780467149	1573780467194	OK	 
REQUEST	1		rhome_sede200autenticado	1573780467153	1573780467197	OK	 
REQUEST	1		home_sede200autenticado	1573780467199	1573780467229	OK	 
REQUEST	1		home_sede200autenticado0	1573780467196	1573780467292	OK	 
REQUEST	1		home_sede200autenticado	1573780467185	1573780467350	OK	 
REQUEST	1		home_sede200autenticado	1573780467167	1573780467355	OK	 
REQUEST	1		home_sede200autenticado	1573780467290	1573780467357	OK	 
REQUEST	1		home_sede200autenticado	1573780467296	1573780467360	OK	 
REQUEST	1		home_sede200autenticado	1573780467355	1573780467375	OK	 
REQUEST	1		home_sede200autenticado	1573780467359	1573780467387	OK	 
REQUEST	1		home_sede200autenticado	1573780467377	1573780467392	OK	 
REQUEST	1		home_sede200autenticado	1573780466718	1573780467400	OK	 
REQUEST	1		home_sede200autenticado	1573780467394	1573780467443	KO	status.find.in(200,201,202,203,204,205,206,207,208,209,304), found 500
REQUEST	1		home_sede200autenticado	1573780467388	1573780467451	KO	status.find.in(200,201,202,203,204,205,206,207,208,209,304), found 500
REQUEST	1		home_sede200autenticado	1573780467357	1573780467501	OK	 
REQUEST	1		home_sede200autenticado	1573780467442	1573780467537	OK	 
REQUEST	1		home_sede200autenticado	1573780467169	1573780467601	OK	 
REQUEST	1		home_sede200autenticado	1573780467540	1573780467607	OK	 
REQUEST	1		home_sede200autenticado	1573780467453	1573780467615	OK	 
REQUEST	1		home_sede200autenticado	1573780467605	1573780467638	OK	 
REQUEST	1		home_sede200autenticado	1573780467619	1573780467647	OK	 
REQUEST	1		home_sede200autenticado	1573780467611	1573780467652	OK	 
REQUEST	1		home_sede200autenticado	1573780467644	1573780467683	OK	 
REQUEST	1		home_sede200autenticado	1573780467651	1573780467700	OK	 
REQUEST	1		home_sede200autenticado	1573780467656	1573780467703	OK	 
REQUEST	1		home_sede200autenticado	1573780467685	1573780467714	OK	 
REQUEST	1		home_sede200autenticado	1573780467716	1573780467750	OK	 
REQUEST	1		rhome_sede200autenticado	1573780467705	1573780467761	OK	 
REQUEST	1		home_sede200autenticado	1573780467702	1573780467763	OK	 
REQUEST	1		home_sede200autenticado	1573780467752	1573780467790	OK	 
REQUEST	1		home_sede200autenticado	1573780467765	1573780467813	OK	 
REQUEST	1		home_sede200autenticado	1573780467763	1573780467815	OK	 
REQUEST	1		home_sede200autenticado	1573780467791	1573780467825	OK	 
REQUEST	1		home_sede200autenticado	1573780467814	1573780467851	OK	 
REQUEST	1		home_sede200autenticado	1573780467363	1573780467855	OK	 
REQUEST	1		home_sede200autenticado	1573780467451	1573780467870	OK	 
REQUEST	1		home_sede200autenticado	1573780467826	1573780467872	OK	 
REQUEST	1		rhome_sede200autenticado	1573780467852	1573780467873	OK	 
REQUEST	1		home_sede200autenticado	1573780467815	1573780467875	OK	 
REQUEST	1		home_sede200autenticado	1573780467871	1573780467886	OK	 
REQUEST	1		home_sede200autenticado	1573780467869	1573780467896	OK	 
REQUEST	1		home_sede200autenticado	1573780467874	1573780467906	OK	 
REQUEST	1		home_sede200autenticado	1573780467887	1573780467912	OK	 
REQUEST	1		home_sede200autenticado	1573780467873	1573780467924	OK	 
REQUEST	1		home_sede200autenticado	1573780467876	1573780468031	OK	 
REQUEST	1		home_sede200autenticado	1573780467506	1573780468380	OK	 
REQUEST	1		home_sede200autenticado	1573780470406	1573780470422	OK	 
REQUEST	1		https://www.google-analytics.com	1573780470471	1573780470486	OK	 
REQUEST	1		https://c.oracleinfinity.io	1573780470472	1573780470547	OK	 
REQUEST	1		https://c.oracleinfinity.io	1573780470473	1573780470555	OK	 
REQUEST	1		https://c.oracleinfinity.io	1573780470473	1573780470557	OK	 
REQUEST	1		https://presso.compensar.com	1573780470474	1573780470669	OK	 
REQUEST	1		https://presso.compensar.com	1573780470477	1573780470678	OK	 
REQUEST	1		https://presso.compensar.com	1573780470479	1573780470688	OK	 
REQUEST	1		https://presso.compensar.com	1573780470478	1573780470703	OK	 
REQUEST	1		https://presso.compensar.com	1573780470479	1573780470714	OK	 
REQUEST	1		https://presso.compensar.com	1573780470672	1573780470724	OK	 
REQUEST	1		https://presso.compensar.com	1573780470683	1573780470728	OK	 
REQUEST	1		https://presso.compensar.com	1573780470480	1573780470731	OK	 
REQUEST	1		https://presso.compensar.com	1573780470710	1573780470762	OK	 
REQUEST	1		https://presso.compensar.com	1573780470732	1573780470767	OK	 
REQUEST	1		https://presso.compensar.com	1573780470726	1573780470798	OK	 
REQUEST	1		https://presso.compensar.com	1573780470763	1573780470801	OK	 
REQUEST	1		https://presso.compensar.com	1573780470730	1573780470813	OK	 
REQUEST	1		https://presso.compensar.com	1573780470803	1573780470819	OK	 
REQUEST	1		https://presso.compensar.com	1573780470815	1573780470833	OK	 
REQUEST	1		https://presso.compensar.com	1573780470693	1573780470836	OK	 
REQUEST	1		https://presso.compensar.com	1573780470834	1573780470849	OK	 
REQUEST	1		https://presso.compensar.com	1573780470799	1573780470875	OK	 
REQUEST	1		https://presso.compensar.com	1573780470822	1573780470905	OK	 
REQUEST	1		https://maxcdn.bootstrapcdn.com	1573780470470	1573780470980	OK	 
REQUEST	1		https://presso.compensar.com	1573780470722	1573780471028	OK	 
REQUEST	1		https://dc.oracleinfinity.io	1573780470481	1573780471041	OK	 
REQUEST	1		https://maxcdn.bootstrapcdn.com	1573780470453	1573780471572	OK	 
REQUEST	1		https://presso.compensar.com	1573780470768	1573780471898	OK	 
REQUEST	1		https://presso.compensar.com	1573780488923	1573780490221	KO	status.find.in(200,201,202,203,204,205,206,207,208,209,304), found 500
REQUEST	1		https://www.google-analytics.com	1573780492228	1573780492251	OK	 
REQUEST	1		https://www.google-analytics.com	1573780492377	1573780492405	OK	 
REQUEST	1		https://www.google-analytics.com	1573780492376	1573780492406	OK	 
REQUEST	1		https://service.maxymiser.net	1573780492395	1573780492407	OK	 
REQUEST	1		home_sede200autenticado	1573780492400	1573780492416	OK	 
REQUEST	1		home_sede200autenticado	1573780492403	1573780492420	OK	 
REQUEST	1		home_sede200autenticado	1573780492417	1573780492440	OK	 
REQUEST	1		https://c.oracleinfinity.io	1573780492391	1573780492463	OK	 
REQUEST	1		https://c.oracleinfinity.io	1573780492392	1573780492470	OK	 
REQUEST	1		https://c.oracleinfinity.io	1573780492394	1573780492476	OK	 
REQUEST	1		https://service.maxymiser.net	1573780492396	1573780492514	OK	 
REQUEST	1		home_sede200autenticado	1573780492421	1573780492569	OK	 
REQUEST	1		home_sede200autenticado	1573780492572	1573780492589	OK	 
REQUEST	1		home_sede200autenticado	1573780492404	1573780492627	OK	 
REQUEST	1		home_sede200autenticado	1573780492447	1573780492660	OK	 
REQUEST	1		home_sede200autenticado	1573780492591	1573780492678	OK	 
REQUEST	1		home_sede200autenticado	1573780492630	1573780492691	OK	 
REQUEST	1		home_sede200autenticado	1573780492402	1573780492703	OK	 
REQUEST	1		https://maps.googleapis.com	1573780492377	1573780492716	OK	 
REQUEST	1		home_sede200autenticado	1573780492665	1573780492721	OK	 
REQUEST	1		home_sede200autenticado	1573780492683	1573780492724	OK	 
REQUEST	1		home_sede200autenticado	1573780492693	1573780492727	OK	 
REQUEST	1		home_sede200autenticado	1573780492706	1573780492735	OK	 
REQUEST	1		home_sede200autenticado	1573780492726	1573780492740	OK	 
REQUEST	1		home_sede200autenticado	1573780492723	1573780492747	OK	 
REQUEST	1		home_sede200autenticado	1573780492736	1573780492758	OK	 
REQUEST	1		home_sede200autenticado	1573780492728	1573780492760	OK	 
REQUEST	1		home_sede200autenticado	1573780492741	1573780492762	OK	 
REQUEST	1		home_sede200autenticado	1573780492749	1573780492770	OK	 
REQUEST	1		home_sede200autenticado	1573780492401	1573780492773	OK	 
REQUEST	1		home_sede200autenticado	1573780492759	1573780492779	OK	 
REQUEST	1		home_sede200autenticado	1573780492763	1573780492780	OK	 
REQUEST	1		home_sede200autenticado	1573780492762	1573780492782	OK	 
REQUEST	1		home_sede200autenticado	1573780492772	1573780492817	OK	 
REQUEST	1		home_sede200autenticado	1573780492778	1573780492829	OK	 
REQUEST	1		home_sede200autenticado	1573780492780	1573780492830	OK	 
REQUEST	1		home_sede200autenticado	1573780492781	1573780492831	OK	 
REQUEST	1		home_sede200autenticado	1573780492818	1573780492833	OK	 
REQUEST	1		home_sede200autenticado	1573780492783	1573780492834	OK	 
REQUEST	1		home_sede200autenticado	1573780492829	1573780492840	OK	 
REQUEST	1		home_sede200autenticado	1573780492834	1573780492844	OK	 
REQUEST	1		home_sede200autenticado	1573780492832	1573780492846	OK	 
REQUEST	1		home_sede200autenticado	1573780492831	1573780492847	OK	 
REQUEST	1		home_sede200autenticado	1573780492835	1573780492848	OK	 
REQUEST	1		home_sede200autenticado	1573780492841	1573780492853	OK	 
REQUEST	1		home_sede200autenticado	1573780492845	1573780492858	OK	 
REQUEST	1		home_sede200autenticado	1573780492846	1573780492868	OK	 
REQUEST	1		home_sede200autenticado	1573780492848	1573780492870	OK	 
REQUEST	1		home_sede200autenticado	1573780492849	1573780492874	OK	 
REQUEST	1		home_sede200autenticado	1573780492854	1573780492879	OK	 
REQUEST	1		home_sede200autenticado	1573780492859	1573780492883	OK	 
REQUEST	1		home_sede200autenticado	1573780492870	1573780492887	OK	 
REQUEST	1		home_sede200autenticado	1573780492876	1573780492891	OK	 
REQUEST	1		home_sede200autenticado	1573780492886	1573780492904	OK	 
REQUEST	1		home_sede200autenticado	1573780492889	1573780492918	OK	 
REQUEST	1		home_sede200autenticado	1573780492921	1573780492932	OK	 
REQUEST	1		home_sede200autenticado	1573780492873	1573780492955	OK	 
REQUEST	1		home_sede200autenticado	1573780492934	1573780492962	OK	 
REQUEST	1		home_sede200autenticado	1573780492963	1573780492977	OK	 
REQUEST	1		home_sede200autenticado	1573780492978	1573780493005	OK	 
REQUEST	1		https://dc.oracleinfinity.io	1573780492397	1573780493023	OK	 
REQUEST	1		home_sede200autenticado	1573780492896	1573780493040	OK	 
REQUEST	1		home_sede200autenticado	1573780493006	1573780493046	OK	 
REQUEST	1		home_sede200autenticado	1573780492907	1573780493048	OK	 
REQUEST	1		home_sede200autenticado	1573780492960	1573780493065	OK	 
REQUEST	1		home_sede200autenticado	1573780493047	1573780493070	OK	 
REQUEST	1		home_sede200autenticado	1573780493072	1573780493088	OK	 
REQUEST	1		home_sede200autenticado	1573780492882	1573780493098	OK	 
REQUEST	1		home_sede200autenticado	1573780493101	1573780493111	OK	 
REQUEST	1		home_sede200autenticado	1573780493112	1573780493139	OK	 
REQUEST	1		home_sede200autenticado	1573780493143	1573780493159	OK	 
REQUEST	1		home_sede200autenticado	1573780493161	1573780493174	OK	 
REQUEST	1		home_sede200autenticado	1573780493069	1573780493240	OK	 
REQUEST	1		home_sede200autenticado	1573780493051	1573780493243	OK	 
REQUEST	1		home_sede200autenticado	1573780493043	1573780493253	OK	 
REQUEST	1		home_sede200autenticado	1573780493242	1573780493257	OK	 
REQUEST	1		home_sede200autenticado	1573780493244	1573780493260	OK	 
REQUEST	1		home_sede200autenticado	1573780493254	1573780493263	OK	 
REQUEST	1		home_sede200autenticado	1573780493264	1573780493274	OK	 
REQUEST	1		home_sede200autenticado	1573780493260	1573780493276	OK	 
REQUEST	1		home_sede200autenticado	1573780493262	1573780493277	OK	 
REQUEST	1		home_sede200autenticado	1573780493275	1573780493291	OK	 
REQUEST	1		home_sede200autenticado	1573780492399	1573780493345	OK	 
REQUEST	1		home_sede200autenticado	1573780493176	1573780493379	OK	 
REQUEST	1		home_sede200autenticado	1573780493388	1573780493408	OK	 
REQUEST	1		home_sede200autenticado	1573780493277	1573780493411	OK	 
REQUEST	1		home_sede200autenticado	1573780493278	1573780493413	OK	 
REQUEST	1		home_sede200autenticado	1573780493409	1573780493424	OK	 
REQUEST	1		home_sede200autenticado	1573780493414	1573780493436	OK	 
REQUEST	1		home_sede200autenticado	1573780493412	1573780493444	OK	 
REQUEST	1		home_sede200autenticado	1573780493425	1573780493449	OK	 
REQUEST	1		home_sede200autenticado	1573780493292	1573780493468	OK	 
REQUEST	1		home_sede200autenticado	1573780493438	1573780493470	OK	 
REQUEST	1		home_sede200autenticado	1573780493446	1573780493471	OK	 
REQUEST	1		home_sede200autenticado	1573780493472	1573780493485	OK	 
REQUEST	1		home_sede200autenticado	1573780493450	1573780493487	OK	 
REQUEST	1		home_sede200autenticado	1573780493486	1573780493498	OK	 
REQUEST	1		home_sede200autenticado	1573780493488	1573780493499	OK	 
REQUEST	1		home_sede200autenticado	1573780493498	1573780493513	OK	 
REQUEST	1		home_sede200autenticado	1573780493089	1573780493522	OK	 
REQUEST	1		home_sede200autenticado	1573780493530	1573780493567	KO	status.find.in(200,201,202,203,204,205,206,207,208,209,304), found 500
REQUEST	1		home_sede200autenticado	1573780493500	1573780493570	KO	status.find.in(200,201,202,203,204,205,206,207,208,209,304), found 500
REQUEST	1		home_sede200autenticado	1573780493352	1573780493572	OK	 
REQUEST	1		home_sede200autenticado	1573780493469	1573780493618	OK	 
REQUEST	1		home_sede200autenticado	1573780493568	1573780493668	OK	 
REQUEST	1		home_sede200autenticado	1573780493514	1573780493672	OK	 
REQUEST	1		home_sede200autenticado	1573780493470	1573780493775	OK	 
REQUEST	1		home_sede200autenticado	1573780493572	1573780493826	OK	 
REQUEST	1		home_sede200autenticado	1573780493828	1573780493857	OK	 
REQUEST	1		home_sede200autenticado	1573780493619	1573780493876	OK	 
REQUEST	1		home_sede200autenticado	1573780493571	1573780493883	OK	 
REQUEST	1		home_sede200autenticado	1573780493880	1573780493893	OK	 
REQUEST	1		home_sede200autenticado	1573780493884	1573780493911	OK	 
REQUEST	1		home_sede200autenticado	1573780493894	1573780493912	OK	 
REQUEST	1		home_sede200autenticado	1573780493913	1573780493927	OK	 
REQUEST	1		home_sede200autenticado	1573780493911	1573780493928	OK	 
REQUEST	1		home_sede200autenticado	1573780493929	1573780493955	OK	 
REQUEST	1		home_sede200autenticado	1573780493928	1573780493956	OK	 
REQUEST	1		home_sede200autenticado	1573780493669	1573780493958	OK	 
REQUEST	1		home_sede200autenticado	1573780493956	1573780493968	OK	 
REQUEST	1		home_sede200autenticado	1573780493957	1573780493969	OK	 
REQUEST	1		home_sede200autenticado	1573780493673	1573780493975	OK	 
REQUEST	1		home_sede200autenticado	1573780493966	1573780493981	OK	 
REQUEST	1		home_sede200autenticado	1573780493969	1573780493993	OK	 
REQUEST	1		home_sede200autenticado	1573780493970	1573780493994	OK	 
REQUEST	1		home_sede200autenticado	1573780493981	1573780493996	OK	 
REQUEST	1		home_sede200autenticado	1573780493982	1573780493997	OK	 
REQUEST	1		home_sede200autenticado	1573780493995	1573780494005	OK	 
REQUEST	1		home_sede200autenticado	1573780493994	1573780494007	OK	 
REQUEST	1		home_sede200autenticado	1573780493858	1573780494161	OK	 
REQUEST	1		home_sede200autenticado	1573780493801	1573780494416	OK	 
REQUEST	1		https://maps.googleapis.com	1573780496415	1573780496458	OK	 
REQUEST	1		https://maps.googleapis.com	1573780496469	1573780496528	OK	 
REQUEST	1		https://maps.googleapis.com	1573780496470	1573780496699	OK	 
REQUEST	1		home_sede200autenticado	1573780504710	1573780506011	OK	 
REQUEST	1		https://www.google-analytics.com	1573780506122	1573780506377	OK	 
REQUEST	1		https://www.google-analytics.com	1573780506124	1573780506382	OK	 
REQUEST	1		https://c.oracleinfinity.io	1573780506129	1573780506386	OK	 
REQUEST	1		https://c.oracleinfinity.io	1573780506130	1573780506393	OK	 
REQUEST	1		https://cdn.appdynamics.com/adrum	1573780506207	1573780506399	OK	 
REQUEST	1		https://service.maxymiser.net	1573780506239	1573780506402	OK	 
REQUEST	1		https://maps.googleapis.com	1573780506125	1573780506409	OK	 
REQUEST	1		https://maps.googleapis.com	1573780506126	1573780506412	OK	 
REQUEST	1		home_sede200autenticado	1573780506359	1573780506415	OK	 
REQUEST	1		home_sede200autenticado	1573780506360	1573780506418	OK	 
REQUEST	1		home_sede200autenticado	1573780506355	1573780506420	OK	 
REQUEST	1		home_sede200autenticado	1573780506357	1573780506423	OK	 
REQUEST	1		home_sede200autenticado	1573780506361	1573780506432	OK	 
REQUEST	1		https://service.maxymiser.net	1573780506238	1573780506439	OK	 
REQUEST	1		home_sede200autenticado	1573780506363	1573780506445	OK	 
REQUEST	1		home_sede200autenticado	1573780506417	1573780506462	OK	 
REQUEST	1		home_sede200autenticado	1573780506419	1573780506465	OK	 
REQUEST	1		home_sede200autenticado	1573780506437	1573780506467	OK	 
REQUEST	1		home_sede200autenticado	1573780506446	1573780506480	OK	 
REQUEST	1		https://service.maxymiser.net	1573780506242	1573780506592	OK	 
REQUEST	1		home_sede200autenticado	1573780506464	1573780506616	OK	 
REQUEST	1		home_sede200autenticado	1573780506467	1573780506623	OK	 
REQUEST	1		home_sede200autenticado	1573780506424	1573780506631	OK	 
REQUEST	1		https://www.googletagmanager.com	1573780506365	1573780506655	OK	 
REQUEST	1		home_sede200autenticado	1573780506469	1573780506666	OK	 
REQUEST	1		https://service.maxymiser.net	1573780506408	1573780506668	OK	 
REQUEST	1		home_sede200autenticado	1573780506482	1573780506670	OK	 
REQUEST	1		home_sede200autenticado	1573780506422	1573780506671	OK	 
REQUEST	1		https://maps.googleapis.com	1573780506129	1573780506690	OK	 
REQUEST	1		https://maps.gstatic.com/mapfiles	1573780506209	1573780506692	OK	 
REQUEST	1		https://fonts.gstatic.com/s/roboto	1573780506348	1573780506695	OK	 
REQUEST	1		https://fonts.gstatic.com/s/roboto	1573780506354	1573780506703	OK	 
REQUEST	1		home_sede200autenticado	1573780506654	1573780506707	OK	 
REQUEST	1		https://fonts.googleapis.com	1573780506131	1573780506709	OK	 
REQUEST	1		https://service.maxymiser.net	1573780506329	1573780506720	OK	 
REQUEST	1		https://service.maxymiser.net	1573780506246	1573780506722	OK	 
REQUEST	1		https://maps.googleapis.com	1573780506126	1573780506735	OK	 
REQUEST	1		https://maps.googleapis.com	1573780506128	1573780506750	OK	 
REQUEST	1		https://c.oracleinfinity.io	1573780506130	1573780506761	OK	 
REQUEST	1		https://maps.googleapis.com	1573780506127	1573780506799	OK	 
REQUEST	1		home_sede200autenticado	1573780506625	1573780506820	OK	 
REQUEST	1		home_sede200autenticado	1573780506618	1573780506834	OK	 
REQUEST	1		https://fonts.gstatic.com/s/roboto	1573780506352	1573780506895	OK	 
REQUEST	1		https://service.maxymiser.net	1573780506327	1573780506896	OK	 
REQUEST	1		https://dc.oracleinfinity.io	1573780506331	1573780506949	OK	 
REQUEST	1		https://maps.googleapis.com	1573780508949	1573780509060	OK	 
USER	sede200adultoautenticado	1	END	1573780465057	1573780509131
