RUN	Compenssar.afiliacionEmpresa	afiliacionempresa	1573834170768	 	3.0.2
USER	afiliacionEmpresa	1	START	1573834172933	1573834172933
REQUEST	1		request_0	1573834172965	1573834173145	OK	 
REQUEST	1		0841a3cdb3ab2000bb79d13a909394d15009881a7e7b4e10d42048ca1670fac23b7e482517e04484?type=8	1573834173514	1573834173613	OK	 
REQUEST	1		request_98	1573834173438	1573834173795	OK	 
REQUEST	1		request_103	1573834173441	1573834173812	OK	 
REQUEST	1		request_66	1573834173441	1573834173814	OK	 
REQUEST	1		request_5	1573834173647	1573834173863	OK	 
REQUEST	1		request_1	1573834173515	1573834173882	OK	 
REQUEST	1		request_4	1573834173518	1573834173899	OK	 
REQUEST	1		0841a3cdb3ab2000bb79d13a909394d15009881a7e7b4e10d42048ca1670fac23b7e482517e04484?type=12	1573834173515	1573834173908	OK	 
REQUEST	1		request_76	1573834173484	1573834173939	OK	 
REQUEST	1		request_75	1573834173333	1573834173950	OK	 
REQUEST	1		request_6	1573834173876	1573834173958	OK	 
REQUEST	1		request_9	1573834173925	1573834174002	OK	 
REQUEST	1		request_10	1573834173962	1573834174017	OK	 
REQUEST	1		request_73	1573834173311	1573834174055	OK	 
REQUEST	1		request_3	1573834173517	1573834174064	OK	 
REQUEST	1		request_11	1573834174005	1573834174069	OK	 
REQUEST	1		request_12	1573834174020	1573834174077	OK	 
REQUEST	1		request_7	1573834173885	1573834174122	OK	 
REQUEST	1		request_68	1573834173334	1573834174145	OK	 
REQUEST	1		request_145	1573834173485	1573834174151	OK	 
REQUEST	1		request_2	1573834173516	1573834174164	OK	 
REQUEST	1		request_8	1573834173901	1573834174171	OK	 
REQUEST	1		request_59	1573834173519	1573834174174	OK	 
REQUEST	1		request_15	1573834174080	1573834174179	OK	 
REQUEST	1		request_14	1573834174071	1573834174182	OK	 
REQUEST	1		request_16	1573834174125	1573834174185	OK	 
REQUEST	1		request_13	1573834174067	1573834174187	OK	 
REQUEST	1		request_109	1573834173412	1573834174210	OK	 
REQUEST	1		request_17	1573834174170	1573834174213	OK	 
REQUEST	1		request_125	1573834173436	1573834174232	OK	 
REQUEST	1		request_20	1573834174184	1573834174234	OK	 
REQUEST	1		request_19	1573834174180	1573834174238	OK	 
REQUEST	1		request_126	1573834173437	1573834174241	OK	 
REQUEST	1		request_21	1573834174186	1573834174243	OK	 
REQUEST	1		request_22	1573834174189	1573834174245	OK	 
REQUEST	1		request_18	1573834174173	1573834174248	OK	 
REQUEST	1		request_23	1573834174215	1573834174251	OK	 
REQUEST	1		request_24	1573834174236	1573834174255	OK	 
REQUEST	1		request_25	1573834174239	1573834174257	OK	 
REQUEST	1		request_26	1573834174244	1573834174259	OK	 
REQUEST	1		request_27	1573834174247	1573834174329	OK	 
REQUEST	1		request_31	1573834174258	1573834174332	OK	 
REQUEST	1		request_30	1573834174256	1573834174334	OK	 
REQUEST	1		request_32	1573834174260	1573834174336	OK	 
REQUEST	1		request_29	1573834174252	1573834174339	OK	 
REQUEST	1		request_28	1573834174250	1573834174342	OK	 
REQUEST	1		request_33	1573834174331	1573834174346	OK	 
REQUEST	1		request_36	1573834174338	1573834174359	OK	 
REQUEST	1		request_34	1573834174333	1573834174361	OK	 
REQUEST	1		request_35	1573834174336	1573834174363	OK	 
REQUEST	1		request_37	1573834174341	1573834174365	OK	 
REQUEST	1		request_38	1573834174343	1573834174367	OK	 
REQUEST	1		request_39	1573834174348	1573834174396	OK	 
REQUEST	1		request_44	1573834174369	1573834174406	OK	 
REQUEST	1		request_42	1573834174365	1573834174408	OK	 
REQUEST	1		request_41	1573834174362	1573834174410	OK	 
REQUEST	1		request_40	1573834174360	1573834174412	OK	 
REQUEST	1		request_45	1573834174398	1573834174421	OK	 
REQUEST	1		request_47	1573834174409	1573834174435	OK	 
REQUEST	1		request_43	1573834174367	1573834174483	OK	 
REQUEST	1		request_46	1573834174407	1573834174488	OK	 
REQUEST	1		request_50	1573834174423	1573834174509	OK	 
REQUEST	1		request_51	1573834174438	1573834174521	OK	 
REQUEST	1		request_49	1573834174414	1573834174534	OK	 
REQUEST	1		request_48	1573834174412	1573834174538	OK	 
REQUEST	1		request_53	1573834174490	1573834174543	OK	 
REQUEST	1		request_54	1573834174510	1573834174564	OK	 
REQUEST	1		request_57	1573834174542	1573834174577	OK	 
REQUEST	1		request_58	1573834174545	1573834174598	OK	 
REQUEST	1		request_56	1573834174537	1573834174616	OK	 
REQUEST	1		request_55	1573834174524	1573834174621	OK	 
REQUEST	1		request_60	1573834174565	1573834174650	OK	 
REQUEST	1		request_62	1573834174599	1573834174659	OK	 
REQUEST	1		request_52	1573834174488	1573834174661	OK	 
REQUEST	1		request_63	1573834174617	1573834174678	OK	 
REQUEST	1		request_69	1573834174665	1573834174714	OK	 
REQUEST	1		request_65	1573834174651	1573834174718	OK	 
REQUEST	1		request_67	1573834174660	1573834174723	OK	 
REQUEST	1		request_70	1573834174713	1573834174743	OK	 
REQUEST	1		request_71	1573834174717	1573834174762	OK	 
REQUEST	1		request_72	1573834174722	1573834174764	OK	 
REQUEST	1		request_61	1573834174579	1573834174781	OK	 
REQUEST	1		request_77	1573834174744	1573834174802	OK	 
REQUEST	1		request_64	1573834174622	1573834174811	OK	 
REQUEST	1		request_78	1573834174763	1573834174821	OK	 
REQUEST	1		request_79	1573834174766	1573834174826	OK	 
REQUEST	1		request_82	1573834174804	1573834174836	OK	 
REQUEST	1		request_101	1573834173440	1573834174838	OK	 
REQUEST	1		request_83	1573834174818	1573834174839	OK	 
REQUEST	1		request_102	1573834173440	1573834174845	OK	 
REQUEST	1		request_99	1573834173439	1573834174846	OK	 
REQUEST	1		request_85	1573834174827	1573834174852	OK	 
REQUEST	1		request_84	1573834174823	1573834174858	OK	 
REQUEST	1		request_80	1573834174793	1573834174860	OK	 
REQUEST	1		request_86	1573834174837	1573834174883	OK	 
REQUEST	1		request_87	1573834174840	1573834174885	OK	 
REQUEST	1		request_74	1573834174724	1573834174927	OK	 
REQUEST	1		request_90	1573834174861	1573834174934	OK	 
REQUEST	1		request_89	1573834174859	1573834174942	OK	 
REQUEST	1		request_88	1573834174853	1573834174952	OK	 
REQUEST	1		request_94	1573834174940	1573834174956	OK	 
REQUEST	1		request_92	1573834174887	1573834174960	OK	 
REQUEST	1		request_91	1573834174885	1573834174962	OK	 
REQUEST	1		request_93	1573834174930	1573834174968	OK	 
REQUEST	1		request_100	1573834174948	1573834174974	OK	 
REQUEST	1		request_107	1573834174961	1573834175032	OK	 
REQUEST	1		request_105	1573834174955	1573834175048	OK	 
REQUEST	1		request_108	1573834174965	1573834175055	OK	 
REQUEST	1		request_114	1573834175033	1573834175069	OK	 
REQUEST	1		request_115	1573834175049	1573834175083	OK	 
REQUEST	1		request_106	1573834174959	1573834175086	OK	 
REQUEST	1		request_118	1573834175070	1573834175117	OK	 
REQUEST	1		request_121	1573834175087	1573834175122	OK	 
REQUEST	1		request_119	1573834175085	1573834175124	OK	 
REQUEST	1		request_113	1573834174976	1573834175128	OK	 
REQUEST	1		request_122	1573834175120	1573834175137	OK	 
REQUEST	1		request_127	1573834175126	1573834175139	OK	 
REQUEST	1		request_128	1573834175133	1573834175163	OK	 
REQUEST	1		request_129	1573834175138	1573834175222	OK	 
REQUEST	1		request_116	1573834175056	1573834175259	OK	 
REQUEST	1		request_130	1573834175143	1573834175261	OK	 
REQUEST	1		request_110	1573834174971	1573834175273	OK	 
REQUEST	1		request_134	1573834175263	1573834175327	OK	 
REQUEST	1		request_131	1573834175166	1573834175359	OK	 
REQUEST	1		request_135	1573834175275	1573834175362	OK	 
REQUEST	1		request_136	1573834175332	1573834175391	OK	 
REQUEST	1		request_133	1573834175260	1573834175393	OK	 
REQUEST	1		request_137	1573834175361	1573834175408	OK	 
REQUEST	1		request_138	1573834175367	1573834175413	OK	 
REQUEST	1		request_140	1573834175395	1573834175436	OK	 
REQUEST	1		request_139	1573834175392	1573834175441	OK	 
REQUEST	1		request_141	1573834175411	1573834175459	OK	 
REQUEST	1		request_142	1573834175416	1573834175463	OK	 
REQUEST	1		request_146	1573834175440	1573834175478	OK	 
REQUEST	1		request_132	1573834175225	1573834175493	OK	 
REQUEST	1		request_123	1573834175124	1573834175535	OK	 
REQUEST	1		request_147	1573834179578	1573834180011	OK	 
REQUEST	1		datalayercorporativo.min.js	1573834180172	1573834180199	OK	 
REQUEST	1		favicon.ico?rev=23	1573834180169	1573834180202	OK	 
REQUEST	1		minisp.min.js	1573834180170	1573834180205	OK	 
REQUEST	1		request_233	1573834180127	1573834180207	OK	 
REQUEST	1		request_238	1573834180141	1573834180224	OK	 
REQUEST	1		request_262	1573834180141	1573834180228	OK	 
REQUEST	1		request_267	1573834180142	1573834180229	OK	 
REQUEST	1		jquery-3.1.1.min.js	1573834180171	1573834180234	OK	 
REQUEST	1		bootstrap.min.js	1573834180201	1573834180246	OK	 
REQUEST	1		ko.sp-1.0.min.js	1573834180236	1573834180263	OK	 
REQUEST	1		jquery.spservices-2014.02.min.js	1573834180204	1573834180309	OK	 
REQUEST	1		slick.min.js	1573834180248	1573834180320	OK	 
REQUEST	1		request_232	1573834180142	1573834180334	OK	 
REQUEST	1		rangeslider.min.js	1573834180264	1573834180336	OK	 
REQUEST	1		ion.rangeslider.min.js	1573834180319	1573834180357	OK	 
REQUEST	1		picturefill.min.js	1573834180322	1573834180360	OK	 
REQUEST	1		validate.min.js	1573834180338	1573834180363	OK	 
REQUEST	1		request_275	1573834180157	1573834180368	OK	 
REQUEST	1		request_276	1573834180188	1573834180384	OK	 
REQUEST	1		croppie.min.js	1573834180362	1573834180415	OK	 
REQUEST	1		jquery.validate.min.js	1573834180359	1573834180425	OK	 
REQUEST	1		api.js?onload=captchaReady&render=explicit	1573834180173	1573834180440	OK	 
REQUEST	1		afiliaciones.config.js?v=5	1573834180365	1573834180442	OK	 
REQUEST	1		request_274	1573834180140	1573834180449	OK	 
REQUEST	1		compTools.min.js?v=1	1573834180422	1573834180456	OK	 
REQUEST	1		request_277	1573834180190	1573834180467	OK	 
REQUEST	1		request_291	1573834180191	1573834180470	OK	 
REQUEST	1		compensar.actualizarcorreo.min.js	1573834180444	1573834180474	OK	 
REQUEST	1		compensar.script.min.js	1573834180430	1573834180476	OK	 
REQUEST	1		request_261	1573834180187	1573834180481	OK	 
REQUEST	1		sjcl.min.js	1573834180458	1573834180495	OK	 
REQUEST	1		request_270	1573834180128	1573834180517	OK	 
REQUEST	1		compensar.loadComponents.min.js?v=1	1573834180475	1573834180524	OK	 
REQUEST	1		compensar.tiempoInactividad.min.js?v=1	1573834180477	1573834180526	OK	 
REQUEST	1		compensar.enModoEdicion.min.js?v=1	1573834180496	1573834180530	OK	 
REQUEST	1		bluebird.min.js	1573834180173	1573834180532	OK	 
REQUEST	1		compensar.detectarAncho.min.js?v=1	1573834180525	1573834180567	OK	 
REQUEST	1		compensar.deferImages.min.js?v=1	1573834180527	1573834180568	OK	 
REQUEST	1		request_235	1573834180143	1573834180570	OK	 
REQUEST	1		compensar.agregarTitulowebparts.min.js?v=1	1573834180531	1573834180571	OK	 
REQUEST	1		knockout-3.4.1.min.js?v=1	1573834180206	1573834180573	OK	 
REQUEST	1		compensar.miCompensarPerfil.min.js?v=1	1573834180567	1573834180594	OK	 
REQUEST	1		compensar.controlPestanas.min.js?v=1	1573834180569	1573834180596	OK	 
REQUEST	1		compensar.menuDesplegable.min.js?v=1	1573834180533	1573834180597	OK	 
REQUEST	1		request_271	1573834180139	1573834180599	OK	 
REQUEST	1		compensar.controlAcordeon.min.js?v=1	1573834180572	1573834180607	OK	 
REQUEST	1		compensar.filtroControlerVivienda.min.js?v=1	1573834180575	1573834180609	OK	 
REQUEST	1		init.js?rev=ZwTQYqYlNTyyuMWaLlhwSg%3D%3D	1573834180170	1573834180620	OK	 
REQUEST	1		compensar.menuSecundario.min.js?v=1	1573834180609	1573834180626	OK	 
REQUEST	1		mainContent.min.js?v=1	1573834180595	1573834180627	OK	 
REQUEST	1		headerNav.min.js?v=1	1573834180597	1573834180629	OK	 
REQUEST	1		modeloMenuAux.min.js?v=1	1573834180598	1573834180630	OK	 
REQUEST	1		compensar.quitarLoading.min.js?v=1	1573834180610	1573834180632	OK	 
REQUEST	1		request_233	1573834180216	1573834180660	OK	 
REQUEST	1		request_295	1573834180156	1573834180665	OK	 
REQUEST	1		compensar.componenteEmailController.min.js?v=1	1573834180625	1573834180671	OK	 
REQUEST	1		compensar.componentePopUpController.min.js?v=1	1573834180628	1573834180679	OK	 
REQUEST	1		customactioncall.js	1573834180634	1573834180681	OK	 
REQUEST	1		compensar.footer.min.js?v=1	1573834180627	1573834180686	OK	 
REQUEST	1		compensar.notificaciones.min.js	1573834180630	1573834180688	OK	 
REQUEST	1		customcanales.min.js	1573834180631	1573834180690	OK	 
REQUEST	1		blank.js?rev=ZaOXZEobVwykPO9g8hq%2F8A%3D%3D	1573834180680	1573834180708	OK	 
REQUEST	1		sp.init.js?rev=jvJC3Kl5gbORaLtf7kxULQ%3D%3D	1573834180687	1573834180717	OK	 
REQUEST	1		ScriptResx.ashx?culture=es%2Des&name=SP%2ERes&rev=DoAHv8R6TO7rl33LcYBJTA%3D%3D	1573834180689	1573834180723	OK	 
REQUEST	1		ScriptResource.axd?d=DbBIHdj-QC5CO88xwauS5dkoqIs6nZmS0i8rusZB1q2JCx1O17otX38Pbo9-Co9QXf_ywgPOgCaWxydR-v-KO_BCuip-vRkoHzjnd81XPEqYhrrZRFvD28DBse-3zjaVmjdm2hC17AQqDXfxT3KoyoLs-sQ7qPLfqrjuPJokLcOn_d3Dmrsd446-Hg6mDbff0&t=2b48f70a	1573834180672	1573834180726	OK	 
REQUEST	1		ScriptResource.axd?d=LzPGXWTyY4NfgAzL7AVGti8jNkeNvyxE7t2p3M-3BPJvKFvvkBUGxbbcxESn55TFNOUl8xW6SvygFDc-U8cavgouTpfnyDz3b86dyb2Q1b12B-B2zqJbKL3UrhnjJpkL79pBm9zX4FVDPUA4BsjrvCFATMYLp3cyBtLpIkBKZKUxDrfJga0vw4ZjurZ0mn1o0&t=2b48f70a	1573834180682	1573834180730	OK	 
REQUEST	1		clientrenderer.js?rev=PWwV4FATEiOxN90BeB5Hzw%3D%3D	1573834180719	1573834180789	OK	 
REQUEST	1		ScriptResx.ashx?culture=es%2Des&name=Srch%2EResources&rev=GVo354neq7eNTurLgIdpJQ%3D%3D	1573834180725	1573834180802	OK	 
REQUEST	1		search.cbs.js?rev=S5EegsQhNKgWxVFmcqr5dQ%3D%3D	1573834180732	1573834180804	OK	 
REQUEST	1		sp.runtime.js?rev=5f2WkYJoaxlIRdwUeg4WEg%3D%3D	1573834180691	1573834180823	OK	 
REQUEST	1		sp.search.js?rev=dMkPlEXpdY6iJ%2FsY5RsB0g%3D%3D	1573834180709	1573834180827	OK	 
REQUEST	1		WebResource.axd?d=hcspxoKGngdkW0b6xYvFftMD9L7tgVctZKvxUqyhcPMOX4gSlmQgLLYGJ7F9lMuasHqe9Mv5x6g7VZmrwkJEQmLxw_pNwohGyqmgqyaeGpA1&t=636767428042202005	1573834180805	1573834180834	OK	 
REQUEST	1		spcommon.png?rev=23	1573834180790	1573834180840	OK	 
REQUEST	1		logo_compensar.png?rev=23	1573834180804	1573834180857	OK	 
REQUEST	1		searchresultui.png?rev=23	1573834180836	1573834180870	OK	 
REQUEST	1		logo_compensar.png	1573834180827	1573834180886	OK	 
REQUEST	1		WebResource.axd?d=VE1LltKE1dXL7-UbkAp-bt6ljn4Brx0V3X9hDRsD8jSFT9qB8YndTHVisocnrFQ8rNfw3OXiDn_Fb7iUlcK8bUIBKyIA1h_3y1b4G2-c7f01&t=636767428042202005	1573834180843	1573834180891	OK	 
REQUEST	1		logo-compensar-gris.svg	1573834180830	1573834180892	OK	 
REQUEST	1		nodearrow.png	1573834180858	1573834180895	OK	 
REQUEST	1		ArticulosKenzo_001.jpg	1573834180871	1573834180967	OK	 
REQUEST	1		PracticasLibres_003.jpg	1573834180892	1573834180978	OK	 
REQUEST	1		Hoteles_006.jpg	1573834180968	1573834181031	OK	 
REQUEST	1		Boleteria_007.jpg	1573834180980	1573834181060	OK	 
REQUEST	1		Natacion.jpg	1573834180897	1573834181093	OK	 
REQUEST	1		ecmascript.array.find.min.js?v=1	1573834181062	1573834181107	OK	 
REQUEST	1		search.clientcontrols.js?rev=8Q15HW2EU2aXBktJq5YW%2FA%3D%3D	1573834180729	1573834181108	OK	 
REQUEST	1		Golfito_008.jpg	1573834181032	1573834181121	OK	 
REQUEST	1		ecmascript.string.includes.js?v=3	1573834181094	1573834181122	OK	 
REQUEST	1		globant.validator.js?v=1	1573834181108	1573834181154	OK	 
REQUEST	1		request_164	1573834181123	1573834181163	OK	 
REQUEST	1		compensar.reanudarSolicitud.min.css	1573834181122	1573834181165	OK	 
REQUEST	1		compensar.reanudarSolicitud.min.js	1573834181120	1573834181171	OK	 
REQUEST	1		request_190	1573834181155	1573834181191	OK	 
REQUEST	1		request_204	1573834181167	1573834181195	OK	 
REQUEST	1		request_208	1573834181172	1573834181198	OK	 
REQUEST	1		request_192	1573834181164	1573834181201	OK	 
REQUEST	1		request_210	1573834181197	1573834181270	OK	 
REQUEST	1		request_211	1573834181200	1573834181275	OK	 
REQUEST	1		Eventos_002.jpg	1573834180887	1573834181301	OK	 
REQUEST	1		request_219	1573834181273	1573834181337	OK	 
REQUEST	1		request_221	1573834181277	1573834181347	OK	 
REQUEST	1		request_234	1573834181303	1573834181365	OK	 
REQUEST	1		Pintura_001.jpg	1573834180894	1573834181411	OK	 
REQUEST	1		request_209	1573834181194	1573834181446	OK	 
REQUEST	1		request_236	1573834181339	1573834181451	OK	 
REQUEST	1		request_237	1573834181348	1573834181456	OK	 
REQUEST	1		request_239	1573834181365	1573834181470	OK	 
REQUEST	1		request_212	1573834181203	1573834181472	OK	 
REQUEST	1		request_240	1573834181412	1573834181480	OK	 
REQUEST	1		request_242	1573834181452	1573834181483	OK	 
REQUEST	1		request_241	1573834181450	1573834181486	OK	 
REQUEST	1		request_243	1573834181457	1573834181565	OK	 
REQUEST	1		request_248	1573834181486	1573834181568	OK	 
REQUEST	1		request_246	1573834181482	1573834181570	OK	 
REQUEST	1		request_247	1573834181485	1573834181571	OK	 
REQUEST	1		request_245	1573834181479	1573834181573	OK	 
REQUEST	1		request_244	1573834181471	1573834181576	OK	 
REQUEST	1		request_251	1573834181571	1573834181583	OK	 
REQUEST	1		request_250	1573834181569	1573834181587	OK	 
REQUEST	1		request_249	1573834181567	1573834181589	OK	 
REQUEST	1		request_255	1573834181574	1573834181628	OK	 
REQUEST	1		request_252	1573834181573	1573834181637	OK	 
REQUEST	1		request_256	1573834181577	1573834181641	OK	 
REQUEST	1		request_259	1573834181590	1573834181688	OK	 
REQUEST	1		request_257	1573834181584	1573834181689	OK	 
REQUEST	1		request_258	1573834181588	1573834181712	OK	 
REQUEST	1		request_263	1573834181638	1573834181760	OK	 
REQUEST	1		request_264	1573834181642	1573834181801	OK	 
REQUEST	1		request_265	1573834181688	1573834181803	OK	 
REQUEST	1		request_266	1573834181690	1573834181825	OK	 
REQUEST	1		request_269	1573834181764	1573834181834	OK	 
REQUEST	1		request_268	1573834181713	1573834181835	OK	 
REQUEST	1		request_260	1573834181629	1573834181837	OK	 
REQUEST	1		request_281	1573834181826	1573834181887	OK	 
REQUEST	1		request_282	1573834181835	1573834181892	OK	 
REQUEST	1		request_283	1573834181836	1573834181893	OK	 
REQUEST	1		request_286	1573834181888	1573834181916	OK	 
REQUEST	1		request_287	1573834181893	1573834181918	OK	 
REQUEST	1		request_288	1573834181894	1573834181920	OK	 
REQUEST	1		request_289	1573834181918	1573834181976	OK	 
REQUEST	1		request_284	1573834181838	1573834181988	OK	 
REQUEST	1		request_272	1573834181802	1573834182175	OK	 
REQUEST	1		request_278	1573834181804	1573834182299	OK	 
REQUEST	1		request_296	1573834189305	1573834189584	OK	 
REQUEST	1		request_369	1573834189654	1573834189672	OK	 
REQUEST	1		mmapi.js	1573834189657	1573834189699	OK	 
REQUEST	1		favicon.ico?rev=23	1573834189660	1573834189707	OK	 
REQUEST	1		minisp.min.js	1573834189661	1573834189711	OK	 
REQUEST	1		datalayercorporativo.min.js	1573834189664	1573834189718	OK	 
REQUEST	1		request_411	1573834189670	1573834189725	OK	 
REQUEST	1		request_368	1573834189653	1573834189747	OK	 
REQUEST	1		request_414	1573834189670	1573834189805	OK	 
REQUEST	1		api.js?render=explicit	1573834189668	1573834189806	OK	 
REQUEST	1		request_406	1573834189669	1573834189831	OK	 
REQUEST	1		request_358	1573834189668	1573834189838	OK	 
REQUEST	1		request_395	1573834189656	1573834189853	OK	 
REQUEST	1		request_385	1573834189655	1573834189855	OK	 
REQUEST	1		jquery-3.1.1.min.js	1573834189663	1573834189879	OK	 
REQUEST	1		bluebird.min.js	1573834189666	1573834189882	OK	 
REQUEST	1		request_393	1573834189656	1573834189892	OK	 
REQUEST	1		bootstrap.min.js	1573834189710	1573834189917	OK	 
REQUEST	1		ko.sp-1.0.min.js	1573834189881	1573834189925	OK	 
REQUEST	1		knockout-3.4.1.min.js?v=1	1573834189723	1573834189930	OK	 
REQUEST	1		jquery.spservices-2014.02.min.js	1573834189713	1573834189935	OK	 
REQUEST	1		slick.min.js	1573834189885	1573834189940	OK	 
REQUEST	1		request_370	1573834189658	1573834189951	OK	 
REQUEST	1		ion.rangeslider.min.js	1573834189926	1573834189961	OK	 
REQUEST	1		validate.min.js	1573834189937	1573834189967	OK	 
REQUEST	1		jquery.validate.min.js	1573834189942	1573834189979	OK	 
REQUEST	1		picturefill.min.js	1573834189933	1573834189981	OK	 
REQUEST	1		croppie.min.js	1573834189963	1573834189997	OK	 
REQUEST	1		afiliaciones.config.js?v=5	1573834189967	1573834189998	OK	 
REQUEST	1		compTools.min.js?v=1	1573834189980	1573834190000	OK	 
REQUEST	1		compensar.script.min.js	1573834189982	1573834190003	OK	 
REQUEST	1		compensar.loadComponents.min.js?v=1	1573834190001	1573834190013	OK	 
REQUEST	1		compensar.actualizarcorreo.min.js	1573834189998	1573834190020	OK	 
REQUEST	1		compensar.tiempoInactividad.min.js?v=1	1573834190004	1573834190031	OK	 
REQUEST	1		sjcl.min.js	1573834189999	1573834190033	OK	 
REQUEST	1		compensar.detectarAncho.min.js?v=1	1573834190020	1573834190078	OK	 
REQUEST	1		compensar.agregarTitulowebparts.min.js?v=1	1573834190034	1573834190079	OK	 
REQUEST	1		compensar.deferImages.min.js?v=1	1573834190032	1573834190080	OK	 
REQUEST	1		compensar.enModoEdicion.min.js?v=1	1573834190014	1573834190081	OK	 
REQUEST	1		compensar.controlPestanas.min.js?v=1	1573834190080	1573834190092	OK	 
REQUEST	1		compensar.miCompensarPerfil.min.js?v=1	1573834190079	1573834190093	OK	 
REQUEST	1		compensar.menuDesplegable.min.js?v=1	1573834190078	1573834190094	OK	 
REQUEST	1		rangeslider.min.js	1573834189919	1573834190097	OK	 
REQUEST	1		compensar.controlAcordeon.min.js?v=1	1573834190082	1573834190100	OK	 
REQUEST	1		headerNav.min.js?v=1	1573834190095	1573834190114	OK	 
REQUEST	1		compensar.filtroControlerVivienda.min.js?v=1	1573834190092	1573834190117	OK	 
REQUEST	1		modeloMenuAux.min.js?v=1	1573834190099	1573834190118	OK	 
REQUEST	1		mainContent.min.js?v=1	1573834190094	1573834190120	OK	 
REQUEST	1		compensar.menuSecundario.min.js?v=1	1573834190101	1573834190121	OK	 
REQUEST	1		compensar.componenteEmailController.min.js?v=1	1573834190118	1573834190135	OK	 
REQUEST	1		compensar.quitarLoading.min.js?v=1	1573834190115	1573834190137	OK	 
REQUEST	1		compensar.componentePopUpController.min.js?v=1	1573834190120	1573834190142	OK	 
REQUEST	1		compensar.footer.min.js?v=1	1573834190119	1573834190147	OK	 
REQUEST	1		compensar.notificaciones.min.js	1573834190121	1573834190148	OK	 
REQUEST	1		customcanales.min.js	1573834190136	1573834190150	OK	 
REQUEST	1		customactioncall.js	1573834190137	1573834190160	OK	 
REQUEST	1		init.js?rev=ZwTQYqYlNTyyuMWaLlhwSg%3D%3D	1573834189662	1573834190172	OK	 
REQUEST	1		blank.js?rev=ZaOXZEobVwykPO9g8hq%2F8A%3D%3D	1573834190148	1573834190179	OK	 
REQUEST	1		sp.init.js?rev=jvJC3Kl5gbORaLtf7kxULQ%3D%3D	1573834190151	1573834190181	OK	 
REQUEST	1		ScriptResource.axd?d=LzPGXWTyY4NfgAzL7AVGti8jNkeNvyxE7t2p3M-3BPJvKFvvkBUGxbbcxESn55TFNOUl8xW6SvygFDc-U8cavgouTpfnyDz3b86dyb2Q1b12B-B2zqJbKL3UrhnjJpkL79pBm9zX4FVDPUA4BsjrvCFATMYLp3cyBtLpIkBKZKUxDrfJga0vw4ZjurZ0mn1o0&t=2b48f70a	1573834190149	1573834190183	OK	 
REQUEST	1		ScriptResource.axd?d=DbBIHdj-QC5CO88xwauS5dkoqIs6nZmS0i8rusZB1q2JCx1O17otX38Pbo9-Co9QXf_ywgPOgCaWxydR-v-KO_BCuip-vRkoHzjnd81XPEqYhrrZRFvD28DBse-3zjaVmjdm2hC17AQqDXfxT3KoyoLs-sQ7qPLfqrjuPJokLcOn_d3Dmrsd446-Hg6mDbff0&t=2b48f70a	1573834190142	1573834190191	OK	 
REQUEST	1		ScriptResx.ashx?culture=es%2Des&name=SP%2ERes&rev=DoAHv8R6TO7rl33LcYBJTA%3D%3D	1573834190161	1573834190197	OK	 
REQUEST	1		request_405	1573834189659	1573834190198	OK	 
REQUEST	1		clientrenderer.js?rev=PWwV4FATEiOxN90BeB5Hzw%3D%3D	1573834190182	1573834190202	OK	 
REQUEST	1		search.cbs.js?rev=S5EegsQhNKgWxVFmcqr5dQ%3D%3D	1573834190198	1573834190237	OK	 
REQUEST	1		spcommon.png?rev=23	1573834190203	1573834190248	OK	 
REQUEST	1		ScriptResx.ashx?culture=es%2Des&name=Srch%2EResources&rev=GVo354neq7eNTurLgIdpJQ%3D%3D	1573834190185	1573834190277	OK	 
REQUEST	1		logo_compensar.png?rev=23	1573834190238	1573834190303	OK	 
REQUEST	1		WebResource.axd?d=hcspxoKGngdkW0b6xYvFftMD9L7tgVctZKvxUqyhcPMOX4gSlmQgLLYGJ7F9lMuasHqe9Mv5x6g7VZmrwkJEQmLxw_pNwohGyqmgqyaeGpA1&t=636767428042202005	1573834190248	1573834190325	OK	 
REQUEST	1		sp.search.js?rev=dMkPlEXpdY6iJ%2FsY5RsB0g%3D%3D	1573834190180	1573834190356	OK	 
REQUEST	1		logo_compensar.png	1573834190279	1573834190359	OK	 
REQUEST	1		search.clientcontrols.js?rev=8Q15HW2EU2aXBktJq5YW%2FA%3D%3D	1573834190195	1573834190394	OK	 
REQUEST	1		logo-compensar-gris.svg	1573834190304	1573834190398	OK	 
REQUEST	1		sp.runtime.js?rev=5f2WkYJoaxlIRdwUeg4WEg%3D%3D	1573834190175	1573834190403	OK	 
REQUEST	1		WebResource.axd?d=VE1LltKE1dXL7-UbkAp-bt6ljn4Brx0V3X9hDRsD8jSFT9qB8YndTHVisocnrFQ8rNfw3OXiDn_Fb7iUlcK8bUIBKyIA1h_3y1b4G2-c7f01&t=636767428042202005	1573834190358	1573834190407	OK	 
REQUEST	1		searchresultui.png?rev=23	1573834190327	1573834190408	OK	 
REQUEST	1		nodearrow.png	1573834190360	1573834190409	OK	 
REQUEST	1		request_313	1573834190399	1573834190411	OK	 
REQUEST	1		compensar.popovers.min.js	1573834190397	1573834190412	OK	 
REQUEST	1		request_356	1573834190410	1573834190422	OK	 
REQUEST	1		request_353	1573834190409	1573834190427	OK	 
REQUEST	1		request_359	1573834190411	1573834190431	OK	 
REQUEST	1		request_341	1573834190408	1573834190439	OK	 
REQUEST	1		request_339	1573834190406	1573834190468	OK	 
REQUEST	1		request_361	1573834190423	1573834190482	OK	 
REQUEST	1		request_373	1573834190441	1573834190526	OK	 
REQUEST	1		request_375	1573834190484	1573834190567	OK	 
REQUEST	1		request_376	1573834190527	1573834190597	OK	 
REQUEST	1		request_374	1573834190471	1573834190599	OK	 
REQUEST	1		request_377	1573834190569	1573834190631	OK	 
REQUEST	1		request_360	1573834190414	1573834190644	OK	 
REQUEST	1		request_364	1573834190432	1573834190667	OK	 
REQUEST	1		request_378	1573834190598	1573834190676	OK	 
REQUEST	1		request_379	1573834190601	1573834190686	OK	 
REQUEST	1		request_380	1573834190632	1573834190705	OK	 
REQUEST	1		request_384	1573834190687	1573834190736	OK	 
REQUEST	1		request_383	1573834190676	1573834190738	OK	 
REQUEST	1		request_382	1573834190675	1573834190745	OK	 
REQUEST	1		request_381	1573834190666	1573834190747	OK	 
REQUEST	1		request_388	1573834190738	1573834190754	OK	 
REQUEST	1		request_390	1573834190747	1573834190766	OK	 
REQUEST	1		request_389	1573834190745	1573834190769	OK	 
REQUEST	1		request_391	1573834190755	1573834190785	OK	 
REQUEST	1		request_396	1573834190786	1573834190890	OK	 
REQUEST	1		request_362	1573834190429	1573834190891	OK	 
REQUEST	1		request_387	1573834190737	1573834190894	OK	 
REQUEST	1		request_397	1573834190891	1573834190950	OK	 
REQUEST	1		request_399	1573834190894	1573834190962	OK	 
REQUEST	1		request_401	1573834190899	1573834190971	OK	 
REQUEST	1		request_386	1573834190706	1573834190973	OK	 
REQUEST	1		request_402	1573834190951	1573834190998	OK	 
REQUEST	1		request_392	1573834190768	1573834191058	OK	 
REQUEST	1		request_403	1573834190963	1573834191096	OK	 
REQUEST	1		request_404	1573834190972	1573834191170	OK	 
REQUEST	1		request_394	1573834190770	1573834191217	OK	 
REQUEST	1		request_418	1573834229232	1573834229413	OK	 
REQUEST	1		request_422	1573834229422	1573834229436	OK	 
REQUEST	1		request_421	1573834229422	1573834229454	OK	 
REQUEST	1		request_423	1573834229423	1573834229512	OK	 
REQUEST	1		request_426	1573834229427	1573834229559	OK	 
REQUEST	1		request_420	1573834229426	1573834229560	OK	 
REQUEST	1		request_419	1573834229427	1573834229613	OK	 
REQUEST	1		request_425	1573834229425	1573834229947	OK	 
REQUEST	1		request_424	1573834229423	1573834229949	OK	 
ERROR	request_427: Failed to build request: Resource /afiliacionempresa/0427_request.json not found 	1573834230951
USER	afiliacionEmpresa	1	END	1573834172933	1573834230965
