RUN	Compenssar.afiliacionEmpresa	afiliacionempresa	1573833708244	 	3.0.2
USER	afiliacionEmpresa	1	START	1573833710529	1573833710529
REQUEST	1		request_0	1573833710564	1573833710782	OK	 
ERROR	request_110: Failed to build request: Resource /afiliacionempresa/0110_request.dat not found 	1573833710935
ERROR	request_111: Failed to build request: Resource /afiliacionempresa/0111_request.dat not found 	1573833710937
ERROR	request_112: Failed to build request: Resource /afiliacionempresa/0112_request.dat not found 	1573833710938
ERROR	request_117: Failed to build request: Resource /afiliacionempresa/0117_request.dat not found 	1573833710939
ERROR	request_120: Failed to build request: Resource /afiliacionempresa/0120_request.dat not found 	1573833710940
ERROR	request_124: Failed to build request: Resource /afiliacionempresa/0124_request.dat not found 	1573833710940
ERROR	request_128: Failed to build request: Resource /afiliacionempresa/0128_request.dat not found 	1573833710942
ERROR	request_129: Failed to build request: Resource /afiliacionempresa/0129_request.dat not found 	1573833710942
REQUEST	1		0841a3cdb3ab2000bb79d13a909394d15009881a7e7b4e10d42048ca1670fac23b7e482517e04484?type=8	1573833711081	1573833711265	OK	 
REQUEST	1		request_66	1573833711057	1573833711375	OK	 
REQUEST	1		request_99	1573833711055	1573833711398	OK	 
REQUEST	1		request_101	1573833711055	1573833711418	OK	 
REQUEST	1		request_102	1573833711056	1573833711421	OK	 
REQUEST	1		request_98	1573833711053	1573833711446	OK	 
REQUEST	1		request_103	1573833711056	1573833711448	OK	 
REQUEST	1		request_5	1573833711294	1573833711464	OK	 
REQUEST	1		request_4	1573833711084	1573833711474	OK	 
REQUEST	1		request_6	1573833711468	1573833711526	OK	 
REQUEST	1		request_75	1573833710978	1573833711532	OK	 
REQUEST	1		request_73	1573833710969	1573833711619	OK	 
REQUEST	1		request_59	1573833711085	1573833711634	OK	 
REQUEST	1		request_8	1573833711530	1573833711687	OK	 
REQUEST	1		request_9	1573833711690	1573833711786	OK	 
REQUEST	1		request_68	1573833710979	1573833711791	OK	 
REQUEST	1		request_76	1573833711067	1573833711797	OK	 
REQUEST	1		request_109	1573833711035	1573833711801	OK	 
REQUEST	1		request_3	1573833711083	1573833711815	OK	 
REQUEST	1		request_126	1573833711052	1573833711826	OK	 
REQUEST	1		request_10	1573833711790	1573833711834	OK	 
REQUEST	1		0841a3cdb3ab2000bb79d13a909394d15009881a7e7b4e10d42048ca1670fac23b7e482517e04484?type=12	1573833711081	1573833711844	OK	 
REQUEST	1		request_11	1573833711820	1573833711849	OK	 
REQUEST	1		request_145	1573833711068	1573833711863	OK	 
REQUEST	1		request_12	1573833711837	1573833711884	OK	 
REQUEST	1		request_125	1573833711050	1573833711887	OK	 
REQUEST	1		request_14	1573833711853	1573833711889	OK	 
REQUEST	1		request_15	1573833711887	1573833711917	OK	 
REQUEST	1		request_13	1573833711847	1573833711926	OK	 
REQUEST	1		request_16	1573833711891	1573833711928	OK	 
REQUEST	1		request_17	1573833711919	1573833711971	OK	 
REQUEST	1		request_19	1573833711930	1573833711974	OK	 
REQUEST	1		request_18	1573833711927	1573833711988	OK	 
REQUEST	1		request_21	1573833711975	1573833712029	OK	 
REQUEST	1		request_22	1573833711989	1573833712041	OK	 
REQUEST	1		request_20	1573833711973	1573833712043	OK	 
REQUEST	1		request_7	1573833711476	1573833712066	OK	 
REQUEST	1		request_25	1573833712045	1573833712070	OK	 
REQUEST	1		request_24	1573833712042	1573833712073	OK	 
REQUEST	1		request_2	1573833711083	1573833712075	OK	 
REQUEST	1		request_23	1573833712032	1573833712081	OK	 
REQUEST	1		request_26	1573833712069	1573833712083	OK	 
REQUEST	1		request_27	1573833712072	1573833712086	OK	 
REQUEST	1		request_32	1573833712087	1573833712256	OK	 
REQUEST	1		request_31	1573833712085	1573833712262	OK	 
REQUEST	1		request_30	1573833712082	1573833712609	OK	 
REQUEST	1		request_28	1573833712074	1573833712614	OK	 
REQUEST	1		request_34	1573833712263	1573833712616	OK	 
REQUEST	1		request_33	1573833712261	1573833712619	OK	 
REQUEST	1		request_29	1573833712080	1573833712621	OK	 
REQUEST	1		request_37	1573833712618	1573833712630	OK	 
REQUEST	1		request_38	1573833712620	1573833712650	OK	 
REQUEST	1		request_40	1573833712631	1573833712779	OK	 
REQUEST	1		request_36	1573833712615	1573833712782	OK	 
REQUEST	1		request_39	1573833712622	1573833712784	OK	 
REQUEST	1		request_42	1573833712781	1573833712793	OK	 
REQUEST	1		request_44	1573833712785	1573833712802	OK	 
REQUEST	1		request_46	1573833712804	1573833712838	OK	 
REQUEST	1		request_47	1573833712841	1573833712879	OK	 
REQUEST	1		request_41	1573833712652	1573833712911	OK	 
REQUEST	1		request_45	1573833712795	1573833713010	OK	 
REQUEST	1		request_43	1573833712783	1573833713033	OK	 
REQUEST	1		request_50	1573833713013	1573833713037	OK	 
REQUEST	1		request_35	1573833712611	1573833713067	OK	 
REQUEST	1		request_51	1573833713036	1573833713083	OK	 
REQUEST	1		request_48	1573833712881	1573833713086	OK	 
REQUEST	1		request_53	1573833713069	1573833713090	OK	 
REQUEST	1		request_54	1573833713085	1573833713114	OK	 
REQUEST	1		request_55	1573833713089	1573833713116	OK	 
REQUEST	1		request_57	1573833713115	1573833713142	OK	 
REQUEST	1		request_56	1573833713091	1573833713171	OK	 
REQUEST	1		request_58	1573833713117	1573833713191	OK	 
REQUEST	1		request_62	1573833713203	1573833713215	OK	 
REQUEST	1		request_60	1573833713143	1573833713222	OK	 
REQUEST	1		request_63	1573833713216	1573833713283	OK	 
REQUEST	1		request_65	1573833713302	1573833713325	OK	 
REQUEST	1		request_67	1573833713328	1573833713407	OK	 
REQUEST	1		request_49	1573833712913	1573833713479	OK	 
REQUEST	1		request_69	1573833713408	1573833713484	OK	 
REQUEST	1		request_70	1573833713482	1573833713533	OK	 
REQUEST	1		request_71	1573833713486	1573833713560	OK	 
REQUEST	1		request_61	1573833713172	1573833713573	OK	 
REQUEST	1		request_72	1573833713535	1573833713599	OK	 
REQUEST	1		request_52	1573833713038	1573833713608	OK	 
REQUEST	1		request_77	1573833713581	1573833713628	OK	 
REQUEST	1		request_78	1573833713599	1573833713638	OK	 
REQUEST	1		request_82	1573833713640	1573833713660	OK	 
REQUEST	1		request_83	1573833713661	1573833713672	OK	 
REQUEST	1		request_84	1573833713673	1573833713727	OK	 
REQUEST	1		request_85	1573833713728	1573833713742	OK	 
REQUEST	1		request_86	1573833713744	1573833713767	OK	 
REQUEST	1		request_87	1573833713769	1573833713794	OK	 
REQUEST	1		request_88	1573833713795	1573833713852	OK	 
REQUEST	1		request_79	1573833713611	1573833713854	OK	 
REQUEST	1		request_80	1573833713629	1573833713867	OK	 
REQUEST	1		request_74	1573833713561	1573833713886	OK	 
REQUEST	1		request_89	1573833713853	1573833713888	OK	 
REQUEST	1		request_91	1573833713868	1573833713891	OK	 
REQUEST	1		request_90	1573833713855	1573833713893	OK	 
REQUEST	1		request_93	1573833713889	1573833713913	OK	 
REQUEST	1		request_92	1573833713888	1573833713915	OK	 
REQUEST	1		request_94	1573833713892	1573833713918	OK	 
REQUEST	1		request_100	1573833713894	1573833713956	OK	 
REQUEST	1		request_105	1573833713915	1573833714012	OK	 
REQUEST	1		request_107	1573833713919	1573833714018	OK	 
REQUEST	1		request_106	1573833713917	1573833714056	OK	 
REQUEST	1		request_114	1573833714020	1573833714062	OK	 
REQUEST	1		request_64	1573833713224	1573833714086	OK	 
REQUEST	1		request_115	1573833714060	1573833714094	OK	 
REQUEST	1		request_116	1573833714064	1573833714096	OK	 
REQUEST	1		request_118	1573833714094	1573833714127	OK	 
REQUEST	1		request_119	1573833714096	1573833714130	OK	 
REQUEST	1		request_121	1573833714097	1573833714131	OK	 
REQUEST	1		request_113	1573833714014	1573833714149	OK	 
REQUEST	1		request_122	1573833714129	1573833714154	OK	 
REQUEST	1		request_108	1573833713957	1573833714183	OK	 
REQUEST	1		request_1	1573833711082	1573833714486	OK	 
REQUEST	1		request_123	1573833714131	1573833714652	OK	 
REQUEST	1		request_130	1573833714153	1573833714739	OK	 
REQUEST	1		request_131	1573833714155	1573833714778	OK	 
REQUEST	1		request_127	1573833714132	1573833714818	OK	 
REQUEST	1		request_133	1573833714488	1573833714855	OK	 
REQUEST	1		request_136	1573833714779	1573833714984	OK	 
REQUEST	1		request_134	1573833714665	1573833714987	OK	 
REQUEST	1		request_138	1573833714856	1573833714989	OK	 
REQUEST	1		request_141	1573833714990	1573833715008	OK	 
REQUEST	1		request_132	1573833714184	1573833715064	OK	 
REQUEST	1		request_142	1573833715009	1573833715077	OK	 
REQUEST	1		request_146	1573833715071	1573833715092	OK	 
REQUEST	1		request_137	1573833714820	1573833715152	OK	 
REQUEST	1		request_135	1573833714740	1573833715157	OK	 
REQUEST	1		request_139	1573833714986	1573833715160	OK	 
REQUEST	1		request_140	1573833714988	1573833715163	OK	 
REQUEST	1		request_147	1573833719203	1573833721807	OK	 
ERROR	request_269: Failed to build request: Resource /afiliacionempresa/0269_request.dat not found 	1573833721927
ERROR	request_273: Failed to build request: Resource /afiliacionempresa/0273_request.dat not found 	1573833721928
ERROR	request_280: Failed to build request: Resource /afiliacionempresa/0280_request.dat not found 	1573833721929
REQUEST	1		request_233	1573833721940	1573833722037	OK	 
REQUEST	1		request_238	1573833721961	1573833722056	OK	 
REQUEST	1		request_267	1573833721962	1573833722059	OK	 
REQUEST	1		request_262	1573833721962	1573833722061	OK	 
REQUEST	1		mmapi.js	1573833721963	1573833722062	OK	 
REQUEST	1		datalayercorporativo.min.js	1573833722003	1573833722063	OK	 
REQUEST	1		minisp.min.js	1573833721997	1573833722065	OK	 
REQUEST	1		favicon.ico?rev=23	1573833721995	1573833722068	OK	 
REQUEST	1		bootstrap.min.js	1573833722064	1573833722118	OK	 
REQUEST	1		request_232	1573833721964	1573833722121	OK	 
REQUEST	1		init.js?rev=ZwTQYqYlNTyyuMWaLlhwSg%3D%3D	1573833721998	1573833722123	OK	 
REQUEST	1		ko.sp-1.0.min.js	1573833722120	1573833722144	OK	 
REQUEST	1		slick.min.js	1573833722126	1573833722154	OK	 
REQUEST	1		bluebird.min.js	1573833722004	1573833722162	OK	 
REQUEST	1		rangeslider.min.js	1573833722145	1573833722170	OK	 
REQUEST	1		ion.rangeslider.min.js	1573833722157	1573833722181	OK	 
REQUEST	1		picturefill.min.js	1573833722165	1573833722187	OK	 
REQUEST	1		jquery.validate.min.js	1573833722186	1573833722207	OK	 
REQUEST	1		validate.min.js	1573833722175	1573833722209	OK	 
REQUEST	1		afiliaciones.config.js?v=5	1573833722209	1573833722223	OK	 
REQUEST	1		request_274	1573833721960	1573833722229	OK	 
REQUEST	1		croppie.min.js	1573833722191	1573833722244	OK	 
REQUEST	1		request_275	1573833721980	1573833722253	OK	 
REQUEST	1		compTools.min.js?v=1	1573833722212	1573833722257	OK	 
REQUEST	1		compensar.script.min.js	1573833722224	1573833722259	OK	 
REQUEST	1		compensar.actualizarcorreo.min.js	1573833722245	1573833722306	OK	 
REQUEST	1		api.js?onload=captchaReady&render=explicit	1573833722006	1573833722307	OK	 
REQUEST	1		sjcl.min.js	1573833722259	1573833722316	OK	 
REQUEST	1		compensar.loadComponents.min.js?v=1	1573833722260	1573833722319	OK	 
REQUEST	1		request_291	1573833722027	1573833722322	OK	 
REQUEST	1		request_277	1573833722025	1573833722354	OK	 
REQUEST	1		request_261	1573833722021	1573833722357	OK	 
REQUEST	1		compensar.tiempoInactividad.min.js?v=1	1573833722306	1573833722365	OK	 
REQUEST	1		compensar.enModoEdicion.min.js?v=1	1573833722318	1573833722376	OK	 
REQUEST	1		compensar.detectarAncho.min.js?v=1	1573833722320	1573833722380	OK	 
REQUEST	1		jquery.spservices-2014.02.min.js	1573833722067	1573833722381	OK	 
REQUEST	1		request_235	1573833721964	1573833722385	OK	 
REQUEST	1		knockout-3.4.1.min.js?v=1	1573833722070	1573833722406	OK	 
REQUEST	1		request_276	1573833722023	1573833722413	OK	 
REQUEST	1		jquery-3.1.1.min.js	1573833722000	1573833722422	OK	 
REQUEST	1		compensar.menuDesplegable.min.js?v=1	1573833722381	1573833722426	OK	 
REQUEST	1		compensar.deferImages.min.js?v=1	1573833722366	1573833722428	OK	 
REQUEST	1		compensar.agregarTitulowebparts.min.js?v=1	1573833722377	1573833722430	OK	 
REQUEST	1		compensar.miCompensarPerfil.min.js?v=1	1573833722384	1573833722434	OK	 
REQUEST	1		compensar.controlPestanas.min.js?v=1	1573833722409	1573833722436	OK	 
REQUEST	1		compensar.controlAcordeon.min.js?v=1	1573833722426	1573833722441	OK	 
REQUEST	1		compensar.filtroControlerVivienda.min.js?v=1	1573833722427	1573833722447	OK	 
REQUEST	1		mainContent.min.js?v=1	1573833722429	1573833722449	OK	 
REQUEST	1		modeloMenuAux.min.js?v=1	1573833722435	1573833722470	OK	 
REQUEST	1		compensar.menuSecundario.min.js?v=1	1573833722437	1573833722472	OK	 
REQUEST	1		request_271	1573833721959	1573833722475	OK	 
REQUEST	1		compensar.componenteEmailController.min.js?v=1	1573833722448	1573833722484	OK	 
REQUEST	1		compensar.quitarLoading.min.js?v=1	1573833722442	1573833722485	OK	 
REQUEST	1		headerNav.min.js?v=1	1573833722431	1573833722487	OK	 
REQUEST	1		compensar.componentePopUpController.min.js?v=1	1573833722471	1573833722488	OK	 
REQUEST	1		request_270	1573833721941	1573833722489	OK	 
REQUEST	1		request_233	1573833722054	1573833722496	OK	 
REQUEST	1		compensar.footer.min.js?v=1	1573833722450	1573833722522	OK	 
REQUEST	1		compensar.notificaciones.min.js	1573833722474	1573833722524	OK	 
REQUEST	1		request_295	1573833721979	1573833722525	OK	 
REQUEST	1		customcanales.min.js	1573833722485	1573833722531	OK	 
REQUEST	1		customactioncall.js	1573833722486	1573833722533	OK	 
REQUEST	1		blank.js?rev=ZaOXZEobVwykPO9g8hq%2F8A%3D%3D	1573833722488	1573833722535	OK	 
REQUEST	1		ScriptResx.ashx?culture=es%2Des&name=SP%2ERes&rev=DoAHv8R6TO7rl33LcYBJTA%3D%3D	1573833722533	1573833722572	OK	 
REQUEST	1		sp.init.js?rev=jvJC3Kl5gbORaLtf7kxULQ%3D%3D	1573833722525	1573833722574	OK	 
REQUEST	1		ScriptResx.ashx?culture=es%2Des&name=Srch%2EResources&rev=GVo354neq7eNTurLgIdpJQ%3D%3D	1573833722575	1573833722633	OK	 
REQUEST	1		ScriptResource.axd?d=DbBIHdj-QC5CO88xwauS5dkoqIs6nZmS0i8rusZB1q2JCx1O17otX38Pbo9-Co9QXf_ywgPOgCaWxydR-v-KO_BCuip-vRkoHzjnd81XPEqYhrrZRFvD28DBse-3zjaVmjdm2hC17AQqDXfxT3KoyoLs-sQ7qPLfqrjuPJokLcOn_d3Dmrsd446-Hg6mDbff0&t=2b48f70a	1573833722487	1573833722734	OK	 
REQUEST	1		clientrenderer.js?rev=PWwV4FATEiOxN90BeB5Hzw%3D%3D	1573833722573	1573833722739	OK	 
REQUEST	1		sp.search.js?rev=dMkPlEXpdY6iJ%2FsY5RsB0g%3D%3D	1573833722535	1573833722833	OK	 
REQUEST	1		sp.runtime.js?rev=5f2WkYJoaxlIRdwUeg4WEg%3D%3D	1573833722534	1573833722852	OK	 
REQUEST	1		search.cbs.js?rev=S5EegsQhNKgWxVFmcqr5dQ%3D%3D	1573833722738	1573833722866	OK	 
REQUEST	1		spcommon.png?rev=23	1573833722740	1573833722868	OK	 
REQUEST	1		ScriptResource.axd?d=LzPGXWTyY4NfgAzL7AVGti8jNkeNvyxE7t2p3M-3BPJvKFvvkBUGxbbcxESn55TFNOUl8xW6SvygFDc-U8cavgouTpfnyDz3b86dyb2Q1b12B-B2zqJbKL3UrhnjJpkL79pBm9zX4FVDPUA4BsjrvCFATMYLp3cyBtLpIkBKZKUxDrfJga0vw4ZjurZ0mn1o0&t=2b48f70a	1573833722523	1573833722870	OK	 
REQUEST	1		WebResource.axd?d=hcspxoKGngdkW0b6xYvFftMD9L7tgVctZKvxUqyhcPMOX4gSlmQgLLYGJ7F9lMuasHqe9Mv5x6g7VZmrwkJEQmLxw_pNwohGyqmgqyaeGpA1&t=636767428042202005	1573833722855	1573833722895	OK	 
REQUEST	1		searchresultui.png?rev=23	1573833722872	1573833722897	OK	 
REQUEST	1		nodearrow.png	1573833722898	1573833722921	OK	 
REQUEST	1		search.clientcontrols.js?rev=8Q15HW2EU2aXBktJq5YW%2FA%3D%3D	1573833722640	1573833722931	OK	 
REQUEST	1		ArticulosKenzo_001.jpg	1573833722922	1573833722957	OK	 
REQUEST	1		PracticasLibres_003.jpg	1573833722958	1573833722985	OK	 
REQUEST	1		logo-compensar-gris.svg	1573833722869	1573833723110	OK	 
REQUEST	1		logo_compensar.png	1573833722867	1573833723158	OK	 
REQUEST	1		logo_compensar.png?rev=23	1573833722835	1573833723197	OK	 
REQUEST	1		WebResource.axd?d=VE1LltKE1dXL7-UbkAp-bt6ljn4Brx0V3X9hDRsD8jSFT9qB8YndTHVisocnrFQ8rNfw3OXiDn_Fb7iUlcK8bUIBKyIA1h_3y1b4G2-c7f01&t=636767428042202005	1573833722896	1573833723201	OK	 
REQUEST	1		Boleteria_007.jpg	1573833723198	1573833723239	OK	 
REQUEST	1		ecmascript.array.find.min.js?v=1	1573833723240	1573833723264	OK	 
REQUEST	1		Hoteles_006.jpg	1573833723159	1573833723293	OK	 
REQUEST	1		Pintura_001.jpg	1573833722986	1573833723297	OK	 
REQUEST	1		ecmascript.string.includes.js?v=3	1573833723265	1573833723308	OK	 
REQUEST	1		Natacion.jpg	1573833723111	1573833723330	OK	 
REQUEST	1		compensar.reanudarSolicitud.min.js	1573833723299	1573833723335	OK	 
REQUEST	1		globant.validator.js?v=1	1573833723294	1573833723336	OK	 
REQUEST	1		compensar.reanudarSolicitud.min.css	1573833723309	1573833723338	OK	 
REQUEST	1		request_164	1573833723331	1573833723349	OK	 
REQUEST	1		request_204	1573833723339	1573833723357	OK	 
REQUEST	1		request_208	1573833723350	1573833723364	OK	 
REQUEST	1		request_210	1573833723365	1573833723433	OK	 
REQUEST	1		request_192	1573833723337	1573833723440	OK	 
REQUEST	1		request_190	1573833723336	1573833723444	OK	 
REQUEST	1		Golfito_008.jpg	1573833723202	1573833723548	OK	 
REQUEST	1		request_219	1573833723447	1573833723554	OK	 
REQUEST	1		request_211	1573833723435	1573833723559	OK	 
REQUEST	1		Eventos_002.jpg	1573833722934	1573833723566	OK	 
REQUEST	1		request_221	1573833723549	1573833723593	OK	 
REQUEST	1		request_234	1573833723556	1573833723595	OK	 
REQUEST	1		request_209	1573833723358	1573833723615	OK	 
REQUEST	1		request_212	1573833723442	1573833723683	OK	 
REQUEST	1		request_237	1573833723567	1573833723736	OK	 
REQUEST	1		request_240	1573833723596	1573833723741	OK	 
REQUEST	1		request_242	1573833723690	1573833723745	OK	 
REQUEST	1		request_243	1573833723736	1573833723762	OK	 
REQUEST	1		request_245	1573833723747	1573833723776	OK	 
REQUEST	1		request_241	1573833723622	1573833723779	OK	 
REQUEST	1		request_246	1573833723764	1573833723781	OK	 
REQUEST	1		request_247	1573833723777	1573833723829	OK	 
REQUEST	1		request_248	1573833723780	1573833723830	OK	 
REQUEST	1		request_249	1573833723782	1573833723845	OK	 
REQUEST	1		request_236	1573833723561	1573833723854	OK	 
REQUEST	1		request_251	1573833723831	1573833723860	OK	 
REQUEST	1		request_250	1573833723830	1573833723862	OK	 
REQUEST	1		request_244	1573833723742	1573833723900	OK	 
REQUEST	1		request_257	1573833723862	1573833724051	OK	 
REQUEST	1		request_256	1573833723861	1573833724082	OK	 
REQUEST	1		request_239	1573833723594	1573833724144	OK	 
REQUEST	1		request_252	1573833723846	1573833724264	OK	 
REQUEST	1		request_264	1573833724265	1573833724293	OK	 
REQUEST	1		request_255	1573833723855	1573833724295	OK	 
REQUEST	1		request_263	1573833724145	1573833724315	OK	 
REQUEST	1		request_258	1573833723901	1573833724322	OK	 
REQUEST	1		request_265	1573833724295	1573833724324	OK	 
REQUEST	1		request_259	1573833724055	1573833724366	OK	 
REQUEST	1		request_268	1573833724321	1573833724367	OK	 
REQUEST	1		request_282	1573833724368	1573833724382	OK	 
REQUEST	1		request_283	1573833724382	1573833724395	OK	 
REQUEST	1		request_284	1573833724396	1573833724419	OK	 
REQUEST	1		request_260	1573833724083	1573833724426	OK	 
REQUEST	1		request_266	1573833724296	1573833724446	OK	 
REQUEST	1		request_286	1573833724420	1573833724449	OK	 
REQUEST	1		request_289	1573833724450	1573833724489	OK	 
REQUEST	1		request_281	1573833724367	1573833724499	OK	 
REQUEST	1		request_288	1573833724448	1573833724528	OK	 
REQUEST	1		request_278	1573833724325	1573833724593	OK	 
REQUEST	1		request_287	1573833724427	1573833724619	OK	 
REQUEST	1		request_272	1573833724323	1573833724938	OK	 
REQUEST	1		request_296	1573833731944	1573833732604	OK	 
ERROR	request_396: Failed to build request: Resource /afiliacionempresa/0396_request.dat not found 	1573833732639
REQUEST	1		request_369	1573833732643	1573833732657	OK	 
REQUEST	1		mmapi.js	1573833732645	1573833732669	OK	 
REQUEST	1		datalayercorporativo.min.js	1573833732648	1573833732683	OK	 
REQUEST	1		minisp.min.js	1573833732647	1573833732684	OK	 
REQUEST	1		favicon.ico?rev=23	1573833732646	1573833732685	OK	 
REQUEST	1		request_411	1573833732650	1573833732686	OK	 
REQUEST	1		request_368	1573833732643	1573833732688	OK	 
REQUEST	1		api.js?render=explicit	1573833732649	1573833732758	OK	 
REQUEST	1		request_406	1573833732649	1573833732774	OK	 
REQUEST	1		request_358	1573833732649	1573833732781	OK	 
REQUEST	1		bootstrap.min.js	1573833732684	1573833732785	OK	 
REQUEST	1		request_385	1573833732644	1573833732818	OK	 
REQUEST	1		request_395	1573833732644	1573833732832	OK	 
REQUEST	1		request_414	1573833732650	1573833732834	OK	 
REQUEST	1		bluebird.min.js	1573833732648	1573833732839	OK	 
REQUEST	1		ko.sp-1.0.min.js	1573833732786	1573833732861	OK	 
REQUEST	1		init.js?rev=ZwTQYqYlNTyyuMWaLlhwSg%3D%3D	1573833732647	1573833732876	OK	 
REQUEST	1		request_370	1573833732645	1573833732884	OK	 
REQUEST	1		slick.min.js	1573833732841	1573833732889	OK	 
REQUEST	1		rangeslider.min.js	1573833732862	1573833732891	OK	 
REQUEST	1		ion.rangeslider.min.js	1573833732880	1573833732915	OK	 
REQUEST	1		request_393	1573833732644	1573833732919	OK	 
REQUEST	1		validate.min.js	1573833732892	1573833732973	OK	 
REQUEST	1		jquery.validate.min.js	1573833732917	1573833732981	OK	 
REQUEST	1		picturefill.min.js	1573833732890	1573833732983	OK	 
REQUEST	1		croppie.min.js	1573833732974	1573833732995	OK	 
REQUEST	1		afiliaciones.config.js?v=5	1573833732982	1573833733000	OK	 
REQUEST	1		compTools.min.js?v=1	1573833732984	1573833733002	OK	 
REQUEST	1		compensar.script.min.js	1573833732996	1573833733040	OK	 
REQUEST	1		sjcl.min.js	1573833733003	1573833733058	OK	 
REQUEST	1		compensar.actualizarcorreo.min.js	1573833733001	1573833733062	OK	 
REQUEST	1		compensar.loadComponents.min.js?v=1	1573833733041	1573833733063	OK	 
REQUEST	1		compensar.tiempoInactividad.min.js?v=1	1573833733060	1573833733073	OK	 
REQUEST	1		compensar.enModoEdicion.min.js?v=1	1573833733063	1573833733075	OK	 
REQUEST	1		compensar.detectarAncho.min.js?v=1	1573833733064	1573833733082	OK	 
REQUEST	1		compensar.deferImages.min.js?v=1	1573833733074	1573833733083	OK	 
REQUEST	1		compensar.agregarTitulowebparts.min.js?v=1	1573833733076	1573833733088	OK	 
REQUEST	1		compensar.miCompensarPerfil.min.js?v=1	1573833733084	1573833733097	OK	 
REQUEST	1		compensar.menuDesplegable.min.js?v=1	1573833733083	1573833733099	OK	 
REQUEST	1		compensar.controlPestanas.min.js?v=1	1573833733089	1573833733100	OK	 
REQUEST	1		request_405	1573833732646	1573833733174	OK	 
REQUEST	1		compensar.controlAcordeon.min.js?v=1	1573833733098	1573833733243	OK	 
REQUEST	1		compensar.filtroControlerVivienda.min.js?v=1	1573833733100	1573833733244	OK	 
REQUEST	1		mainContent.min.js?v=1	1573833733101	1573833733245	OK	 
REQUEST	1		headerNav.min.js?v=1	1573833733243	1573833733262	OK	 
REQUEST	1		knockout-3.4.1.min.js?v=1	1573833732686	1573833733263	OK	 
REQUEST	1		compensar.quitarLoading.min.js?v=1	1573833733263	1573833733278	OK	 
REQUEST	1		compensar.menuSecundario.min.js?v=1	1573833733246	1573833733279	OK	 
REQUEST	1		modeloMenuAux.min.js?v=1	1573833733245	1573833733283	OK	 
REQUEST	1		compensar.componenteEmailController.min.js?v=1	1573833733265	1573833733284	OK	 
REQUEST	1		compensar.footer.min.js?v=1	1573833733278	1573833733292	OK	 
REQUEST	1		jquery.spservices-2014.02.min.js	1573833732685	1573833733293	OK	 
REQUEST	1		compensar.notificaciones.min.js	1573833733284	1573833733296	OK	 
REQUEST	1		compensar.componentePopUpController.min.js?v=1	1573833733280	1573833733298	OK	 
REQUEST	1		customactioncall.js	1573833733293	1573833733306	OK	 
REQUEST	1		customcanales.min.js	1573833733285	1573833733362	OK	 
REQUEST	1		blank.js?rev=ZaOXZEobVwykPO9g8hq%2F8A%3D%3D	1573833733297	1573833733367	OK	 
REQUEST	1		sp.init.js?rev=jvJC3Kl5gbORaLtf7kxULQ%3D%3D	1573833733307	1573833733370	OK	 
REQUEST	1		ScriptResource.axd?d=LzPGXWTyY4NfgAzL7AVGti8jNkeNvyxE7t2p3M-3BPJvKFvvkBUGxbbcxESn55TFNOUl8xW6SvygFDc-U8cavgouTpfnyDz3b86dyb2Q1b12B-B2zqJbKL3UrhnjJpkL79pBm9zX4FVDPUA4BsjrvCFATMYLp3cyBtLpIkBKZKUxDrfJga0vw4ZjurZ0mn1o0&t=2b48f70a	1573833733298	1573833733377	OK	 
REQUEST	1		ScriptResource.axd?d=DbBIHdj-QC5CO88xwauS5dkoqIs6nZmS0i8rusZB1q2JCx1O17otX38Pbo9-Co9QXf_ywgPOgCaWxydR-v-KO_BCuip-vRkoHzjnd81XPEqYhrrZRFvD28DBse-3zjaVmjdm2hC17AQqDXfxT3KoyoLs-sQ7qPLfqrjuPJokLcOn_d3Dmrsd446-Hg6mDbff0&t=2b48f70a	1573833733295	1573833733389	OK	 
REQUEST	1		clientrenderer.js?rev=PWwV4FATEiOxN90BeB5Hzw%3D%3D	1573833733382	1573833733430	OK	 
REQUEST	1		sp.search.js?rev=dMkPlEXpdY6iJ%2FsY5RsB0g%3D%3D	1573833733374	1573833733446	OK	 
REQUEST	1		ScriptResx.ashx?culture=es%2Des&name=SP%2ERes&rev=DoAHv8R6TO7rl33LcYBJTA%3D%3D	1573833733365	1573833733456	OK	 
REQUEST	1		search.cbs.js?rev=S5EegsQhNKgWxVFmcqr5dQ%3D%3D	1573833733448	1573833733480	OK	 
REQUEST	1		sp.runtime.js?rev=5f2WkYJoaxlIRdwUeg4WEg%3D%3D	1573833733369	1573833733499	OK	 
REQUEST	1		ScriptResx.ashx?culture=es%2Des&name=Srch%2EResources&rev=GVo354neq7eNTurLgIdpJQ%3D%3D	1573833733393	1573833733502	OK	 
REQUEST	1		spcommon.png?rev=23	1573833733457	1573833733515	OK	 
REQUEST	1		logo_compensar.png?rev=23	1573833733481	1573833733536	OK	 
REQUEST	1		WebResource.axd?d=hcspxoKGngdkW0b6xYvFftMD9L7tgVctZKvxUqyhcPMOX4gSlmQgLLYGJ7F9lMuasHqe9Mv5x6g7VZmrwkJEQmLxw_pNwohGyqmgqyaeGpA1&t=636767428042202005	1573833733501	1573833733539	OK	 
REQUEST	1		logo-compensar-gris.svg	1573833733515	1573833733564	OK	 
REQUEST	1		searchresultui.png?rev=23	1573833733537	1573833733566	OK	 
REQUEST	1		search.clientcontrols.js?rev=8Q15HW2EU2aXBktJq5YW%2FA%3D%3D	1573833733436	1573833733567	OK	 
REQUEST	1		WebResource.axd?d=VE1LltKE1dXL7-UbkAp-bt6ljn4Brx0V3X9hDRsD8jSFT9qB8YndTHVisocnrFQ8rNfw3OXiDn_Fb7iUlcK8bUIBKyIA1h_3y1b4G2-c7f01&t=636767428042202005	1573833733541	1573833733578	OK	 
REQUEST	1		logo_compensar.png	1573833733503	1573833733594	OK	 
REQUEST	1		compensar.popovers.min.js	1573833733567	1573833733595	OK	 
REQUEST	1		nodearrow.png	1573833733566	1573833733596	OK	 
REQUEST	1		request_313	1573833733572	1573833733597	OK	 
REQUEST	1		request_339	1573833733578	1573833733627	OK	 
REQUEST	1		request_341	1573833733595	1573833733633	OK	 
REQUEST	1		request_353	1573833733596	1573833733635	OK	 
REQUEST	1		request_356	1573833733597	1573833733637	OK	 
REQUEST	1		request_359	1573833733598	1573833733638	OK	 
REQUEST	1		request_362	1573833733636	1573833733698	OK	 
REQUEST	1		request_373	1573833733638	1573833733703	OK	 
REQUEST	1		request_361	1573833733635	1573833733748	OK	 
REQUEST	1		request_374	1573833733700	1573833733759	OK	 
REQUEST	1		request_375	1573833733704	1573833733775	OK	 
REQUEST	1		request_376	1573833733750	1573833733790	OK	 
REQUEST	1		request_378	1573833733785	1573833733814	OK	 
REQUEST	1		request_360	1573833733631	1573833733815	OK	 
REQUEST	1		request_377	1573833733760	1573833733828	OK	 
REQUEST	1		request_379	1573833733791	1573833733835	OK	 
REQUEST	1		request_380	1573833733815	1573833733906	OK	 
REQUEST	1		request_383	1573833733836	1573833733911	OK	 
REQUEST	1		request_382	1573833733828	1573833733912	OK	 
REQUEST	1		request_381	1573833733821	1573833733916	OK	 
REQUEST	1		request_388	1573833733917	1573833733939	OK	 
REQUEST	1		request_389	1573833733940	1573833733995	OK	 
REQUEST	1		request_386	1573833733912	1573833734008	OK	 
REQUEST	1		request_387	1573833733913	1573833734014	OK	 
REQUEST	1		request_390	1573833733996	1573833734019	OK	 
REQUEST	1		request_364	1573833733637	1573833734020	OK	 
REQUEST	1		request_397	1573833734027	1573833734057	OK	 
REQUEST	1		request_384	1573833733907	1573833734108	OK	 
REQUEST	1		request_399	1573833734059	1573833734151	OK	 
REQUEST	1		request_401	1573833734111	1573833734193	OK	 
REQUEST	1		request_394	1573833734020	1573833734227	OK	 
REQUEST	1		jquery-3.1.1.min.js	1573833732647	1573833734233	OK	 
REQUEST	1		request_404	1573833734233	1573833734286	OK	 
REQUEST	1		request_402	1573833734153	1573833734306	OK	 
REQUEST	1		request_392	1573833734019	1573833734352	OK	 
REQUEST	1		request_403	1573833734194	1573833734381	OK	 
REQUEST	1		request_391	1573833734009	1573833735296	OK	 
REQUEST	1		request_418	1573833773314	1573833773436	OK	 
REQUEST	1		request_422	1573833773441	1573833773453	OK	 
REQUEST	1		request_423	1573833773442	1573833773454	OK	 
REQUEST	1		request_421	1573833773441	1573833773463	OK	 
REQUEST	1		request_419	1573833773444	1573833773493	OK	 
REQUEST	1		request_426	1573833773444	1573833773577	OK	 
REQUEST	1		request_424	1573833773442	1573833773615	OK	 
REQUEST	1		request_420	1573833773444	1573833773711	OK	 
REQUEST	1		request_425	1573833773443	1573833773735	OK	 
ERROR	request_427: Failed to build request: Resource /afiliacionempresa/0427_request.json not found 	1573833774723
USER	afiliacionEmpresa	1	END	1573833710529	1573833774727
