RUN	Compenssar.principaladulto7a12a	principaladulto7a12a	1573849243363	 	3.0.2
USER	principaladulto7a12a	1	START	1573849245841	1573849245841
REQUEST	1		request_0	1573849245889	1573849246541	OK	 
REQUEST	1		request_44	1573849246941	1573849247150	OK	 
REQUEST	1		favicon.ico?rev=23	1573849247003	1573849247165	OK	 
REQUEST	1		request_43	1573849246940	1573849247201	OK	 
REQUEST	1		mmapi.js	1573849246930	1573849247215	OK	 
REQUEST	1		request_48	1573849247158	1573849247219	OK	 
REQUEST	1		request_47	1573849246942	1573849247224	OK	 
REQUEST	1		request_39	1573849246896	1573849247266	OK	 
REQUEST	1		request_40	1573849246897	1573849247281	OK	 
REQUEST	1		request_42	1573849246899	1573849247290	OK	 
REQUEST	1		request_4	1573849246938	1573849247295	OK	 
REQUEST	1		request_5	1573849246939	1573849247299	OK	 
REQUEST	1		bootstrap.min.js	1573849247168	1573849247306	OK	 
REQUEST	1		request_53	1573849247270	1573849247316	OK	 
REQUEST	1		request_54	1573849247287	1573849247322	OK	 
REQUEST	1		minisp.min.js	1573849247005	1573849247327	OK	 
REQUEST	1		datalayercorporativo.min.js	1573849247010	1573849247331	OK	 
REQUEST	1		js?key=AIzaSyBQs4JbPCHOPygyJzKnUYgsAm35jOpmshk	1573849246888	1573849247355	OK	 
REQUEST	1		request_41	1573849246898	1573849247361	OK	 
REQUEST	1		request_55	1573849247292	1573849247364	OK	 
REQUEST	1		request_45	1573849246899	1573849247367	OK	 
REQUEST	1		jquery-3.1.1.min.js	1573849247008	1573849247371	OK	 
REQUEST	1		jquery.spservices-2014.02.min.js	1573849247310	1573849247376	OK	 
REQUEST	1		ko.sp-1.0.min.js	1573849247332	1573849247380	OK	 
REQUEST	1		request_59	1573849246919	1573849247400	OK	 
REQUEST	1		request_58	1573849247320	1573849247406	OK	 
REQUEST	1		rangeslider.min.js	1573849247379	1573849247429	OK	 
REQUEST	1		request_56	1573849246866	1573849247433	OK	 
REQUEST	1		request_19	1573849246900	1573849247441	OK	 
REQUEST	1		request_26	1573849246916	1573849247444	OK	 
REQUEST	1		request_27	1573849246917	1573849247448	OK	 
REQUEST	1		init.js?rev=ZwTQYqYlNTyyuMWaLlhwSg%3D%3D	1573849247006	1573849247452	OK	 
REQUEST	1		slick.min.js	1573849247375	1573849247457	OK	 
REQUEST	1		ion.rangeslider.min.js	1573849247383	1573849247460	OK	 
REQUEST	1		picturefill.min.js	1573849247433	1573849247465	OK	 
REQUEST	1		jquery.validate.min.js	1573849247459	1573849247513	OK	 
REQUEST	1		croppie.min.js	1573849247463	1573849247520	OK	 
REQUEST	1		request_57	1573849246944	1573849247523	OK	 
REQUEST	1		request_2	1573849247012	1573849247526	OK	 
REQUEST	1		afiliaciones.config.js?v=5	1573849247467	1573849247531	OK	 
REQUEST	1		compTools.min.js?v=1	1573849247514	1573849247536	OK	 
REQUEST	1		compensar.script.min.js	1573849247522	1573849247539	OK	 
REQUEST	1		compensar.actualizarcorreo.min.js	1573849247533	1573849247548	OK	 
REQUEST	1		compensar.loadComponents.min.js?v=1	1573849247541	1573849247555	OK	 
REQUEST	1		sjcl.min.js	1573849247538	1573849247558	OK	 
REQUEST	1		compensar.tiempoInactividad.min.js?v=1	1573849247550	1573849247564	OK	 
REQUEST	1		compensar.enModoEdicion.min.js?v=1	1573849247557	1573849247568	OK	 
REQUEST	1		bluebird.min.js	1573849247011	1573849247578	OK	 
REQUEST	1		compensar.detectarAncho.min.js?v=1	1573849247562	1573849247582	OK	 
REQUEST	1		compensar.deferImages.min.js?v=1	1573849247566	1573849247585	OK	 
REQUEST	1		compensar.agregarTitulowebparts.min.js?v=1	1573849247569	1573849247587	OK	 
REQUEST	1		compensar.miCompensarPerfil.min.js?v=1	1573849247584	1573849247596	OK	 
REQUEST	1		compensar.menuDesplegable.min.js?v=1	1573849247581	1573849247598	OK	 
REQUEST	1		compensar.controlPestanas.min.js?v=1	1573849247586	1573849247601	OK	 
REQUEST	1		compensar.controlAcordeon.min.js?v=1	1573849247588	1573849247604	OK	 
REQUEST	1		compensar.filtroControlerVivienda.min.js?v=1	1573849247597	1573849247610	OK	 
REQUEST	1		mainContent.min.js?v=1	1573849247600	1573849247618	OK	 
REQUEST	1		headerNav.min.js?v=1	1573849247603	1573849247628	OK	 
REQUEST	1		modeloMenuAux.min.js?v=1	1573849247606	1573849247632	OK	 
REQUEST	1		request_34	1573849246988	1573849247634	OK	 
REQUEST	1		compensar.menuSecundario.min.js?v=1	1573849247612	1573849247636	OK	 
REQUEST	1		compensar.quitarLoading.min.js?v=1	1573849247622	1573849247644	OK	 
REQUEST	1		validate.min.js	1573849247456	1573849247646	OK	 
REQUEST	1		compensar.componenteEmailController.min.js?v=1	1573849247631	1573849247649	OK	 
REQUEST	1		compensar.footer.min.js?v=1	1573849247634	1573849247651	OK	 
REQUEST	1		compensar.componentePopUpController.min.js?v=1	1573849247637	1573849247655	OK	 
REQUEST	1		knockout-3.4.1.min.js?v=1	1573849247329	1573849247658	OK	 
REQUEST	1		compensar.notificaciones.min.js	1573849247645	1573849247664	OK	 
REQUEST	1		customactioncall.js	1573849247650	1573849247667	OK	 
REQUEST	1		blank.js?rev=ZaOXZEobVwykPO9g8hq%2F8A%3D%3D	1573849247656	1573849247669	OK	 
REQUEST	1		customcanales.min.js	1573849247647	1573849247717	OK	 
REQUEST	1		ScriptResx.ashx?culture=es%2Des&name=SP%2ERes&rev=DoAHv8R6TO7rl33LcYBJTA%3D%3D	1573849247668	1573849247720	OK	 
REQUEST	1		ScriptResource.axd?d=DbBIHdj-QC5CO88xwauS5dkoqIs6nZmS0i8rusZB1q2JCx1O17otX38Pbo9-Co9QXf_ywgPOgCaWxydR-v-KO_BCuip-vRkoHzjnd81XPEqYhrrZRFvD28DBse-3zjaVmjdm2hC17AQqDXfxT3KoyoLs-sQ7qPLfqrjuPJokLcOn_d3Dmrsd446-Hg6mDbff0&t=2b48f70a	1573849247652	1573849247735	OK	 
REQUEST	1		ScriptResource.axd?d=LzPGXWTyY4NfgAzL7AVGti8jNkeNvyxE7t2p3M-3BPJvKFvvkBUGxbbcxESn55TFNOUl8xW6SvygFDc-U8cavgouTpfnyDz3b86dyb2Q1b12B-B2zqJbKL3UrhnjJpkL79pBm9zX4FVDPUA4BsjrvCFATMYLp3cyBtLpIkBKZKUxDrfJga0vw4ZjurZ0mn1o0&t=2b48f70a	1573849247660	1573849247740	OK	 
REQUEST	1		clientrenderer.js?rev=PWwV4FATEiOxN90BeB5Hzw%3D%3D	1573849247722	1573849247751	OK	 
REQUEST	1		sp.runtime.js?rev=5f2WkYJoaxlIRdwUeg4WEg%3D%3D	1573849247671	1573849247754	OK	 
REQUEST	1		ScriptResx.ashx?culture=es%2Des&name=Srch%2EResources&rev=GVo354neq7eNTurLgIdpJQ%3D%3D	1573849247739	1573849247759	OK	 
REQUEST	1		sp.init.js?rev=jvJC3Kl5gbORaLtf7kxULQ%3D%3D	1573849247665	1573849247762	OK	 
REQUEST	1		search.cbs.js?rev=S5EegsQhNKgWxVFmcqr5dQ%3D%3D	1573849247752	1573849247768	OK	 
REQUEST	1		spcommon.png?rev=23	1573849247758	1573849247779	OK	 
REQUEST	1		WebResource.axd?d=hcspxoKGngdkW0b6xYvFftMD9L7tgVctZKvxUqyhcPMOX4gSlmQgLLYGJ7F9lMuasHqe9Mv5x6g7VZmrwkJEQmLxw_pNwohGyqmgqyaeGpA1&t=636767428042202005	1573849247764	1573849247800	OK	 
REQUEST	1		logo_compensar.png?rev=23	1573849247761	1573849247807	OK	 
REQUEST	1		logo-compensar-gris.svg	1573849247780	1573849247809	OK	 
REQUEST	1		request_56	1573849247440	1573849247812	OK	 
REQUEST	1		searchresultui.png?rev=23	1573849247802	1573849247822	OK	 
REQUEST	1		WebResource.axd?d=VE1LltKE1dXL7-UbkAp-bt6ljn4Brx0V3X9hDRsD8jSFT9qB8YndTHVisocnrFQ8rNfw3OXiDn_Fb7iUlcK8bUIBKyIA1h_3y1b4G2-c7f01&t=636767428042202005	1573849247808	1573849247825	OK	 
REQUEST	1		nodearrow.png	1573849247811	1573849247829	OK	 
REQUEST	1		sp.search.js?rev=dMkPlEXpdY6iJ%2FsY5RsB0g%3D%3D	1573849247719	1573849247865	OK	 
REQUEST	1		logo_compensar.png	1573849247769	1573849247889	OK	 
REQUEST	1		marcador.png	1573849247830	1573849247891	OK	 
REQUEST	1		ParqueaderosV2.js	1573849247829	1573849247895	OK	 
REQUEST	1		estilos.css	1573849247824	1573849247899	OK	 
REQUEST	1		mainContentInterno.js	1573849247891	1573849247913	OK	 
REQUEST	1		compensar.detallevivienda.min.css?ctag=5143$$15.0.4927.1000	1573849247889	1573849247916	OK	 
REQUEST	1		request_3	1573849247894	1573849247923	OK	 
REQUEST	1		request_9	1573849247918	1573849247942	OK	 
REQUEST	1		request_6	1573849247898	1573849247945	OK	 
REQUEST	1		request_10	1573849247941	1573849247951	OK	 
REQUEST	1		search.clientcontrols.js?rev=8Q15HW2EU2aXBktJq5YW%2FA%3D%3D	1573849247744	1573849247956	OK	 
REQUEST	1		request_11	1573849247944	1573849247961	OK	 
REQUEST	1		request_12	1573849247947	1573849247963	OK	 
REQUEST	1		request_8	1573849247914	1573849247998	OK	 
REQUEST	1		request_13	1573849247952	1573849248001	OK	 
REQUEST	1		request_16	1573849247964	1573849248018	OK	 
REQUEST	1		request_7	1573849247913	1573849248020	OK	 
REQUEST	1		request_14	1573849247960	1573849248022	OK	 
REQUEST	1		request_15	1573849247962	1573849248038	OK	 
REQUEST	1		request_21	1573849248002	1573849248048	OK	 
REQUEST	1		request_22	1573849248019	1573849248064	OK	 
REQUEST	1		request_37	1573849248066	1573849248093	OK	 
REQUEST	1		request_28	1573849248039	1573849248136	OK	 
REQUEST	1		request_25	1573849248023	1573849248138	OK	 
REQUEST	1		request_38	1573849248094	1573849248186	OK	 
REQUEST	1		request_23	1573849248021	1573849248268	OK	 
REQUEST	1		request_17	1573849248000	1573849248289	OK	 
REQUEST	1		request_46	1573849248137	1573849248306	OK	 
REQUEST	1		request_49	1573849248139	1573849248346	OK	 
REQUEST	1		request_51	1573849248274	1573849248348	OK	 
REQUEST	1		request_50	1573849248187	1573849248375	OK	 
REQUEST	1		request_52	1573849248305	1573849248395	OK	 
REQUEST	1		request_32	1573849248050	1573849248747	OK	 
REQUEST	1		request_60	1573849254768	1573849254804	OK	 
REQUEST	1		request_60 Redirect 1	1573849254809	1573849254937	OK	 
REQUEST	1		request_60 Redirect 2	1573849254940	1573849254996	OK	 
REQUEST	1		request_60 Redirect 3	1573849255000	1573849255910	OK	 
REQUEST	1		request_72	1573849255992	1573849256006	OK	 
REQUEST	1		eyesClass.css	1573849255994	1573849256017	OK	 
REQUEST	1		loadingCompensar.gif	1573849256018	1573849256063	OK	 
REQUEST	1		request_67	1573849255992	1573849256068	OK	 
REQUEST	1		request_70	1573849255993	1573849256071	OK	 
REQUEST	1		request_71	1573849255993	1573849256078	OK	 
REQUEST	1		modules?v=SqDhzDYakMzJp-M-gCcQFj4vc5izybzoH2OW-2is2fY1	1573849255995	1573849256121	OK	 
REQUEST	1		modernizr?v=inCVuEFe6J4Q07A0AcRsbJic_UE5MwpRMNGcOtk94TE1	1573849255995	1573849256128	OK	 
REQUEST	1		logo-compensar-blanco.svg	1573849255996	1573849256130	OK	 
REQUEST	1		jquery?v=JL596WEzEYSLK79KRL4It4N63VXpRlW4A824KHlhVLc1	1573849256064	1573849256145	OK	 
REQUEST	1		bootstrap?v=02I37B8URpB7hqkZrxMEO7o6VbDywYH_vuXan7A7mR81	1573849256123	1573849256169	OK	 
REQUEST	1		resetValidation.js	1573849256131	1573849256226	OK	 
REQUEST	1		modal.js	1573849256170	1573849256237	OK	 
REQUEST	1		loading.js	1573849256227	1573849256246	OK	 
REQUEST	1		utils.js	1573849256147	1573849256309	OK	 
REQUEST	1		sessionchecker.js	1573849256238	1573849256323	OK	 
REQUEST	1		request_61	1573849256247	1573849256325	OK	 
REQUEST	1		request_64	1573849256313	1573849256334	OK	 
REQUEST	1		request_65	1573849256324	1573849256344	OK	 
REQUEST	1		request_68	1573849256335	1573849256348	OK	 
REQUEST	1		bootstrap.min.css	1573849255984	1573849256430	OK	 
REQUEST	1		request_66	1573849256326	1573849256438	OK	 
REQUEST	1		request_76	1573849255997	1573849256439	OK	 
REQUEST	1		request_74	1573849256349	1573849256509	OK	 
REQUEST	1		request_69	1573849256346	1573849256521	OK	 
REQUEST	1		fonts?v=Y7MRUdvwE1hUsovmZYz9T7_41CMp95gKZ_Q9iYUO2O81	1573849255994	1573849257141	OK	 
REQUEST	1		css?v=udBLYkNkikBQ6JWixlUMiJYcZz7DRJzdxBJZ-rKFDsg1	1573849255994	1573849257190	OK	 
REQUEST	1		jqueryval?v=GkCXUO1MPqHDkNoDt8-shdnQEI8KGbNadRAAUqm2VOA1	1573849256129	1573849257247	OK	 
REQUEST	1		request_77	1573849290277	1573849291530	OK	 
REQUEST	1		request_77 Redirect 1	1573849291536	1573849291965	OK	 
ERROR	request_126: Failed to build request: Resource /principaladulto7a12a/0126_request.dat not found 	1573849291979
ERROR	request_127: Failed to build request: Resource /principaladulto7a12a/0127_request.dat not found 	1573849291979
ERROR	request_129: Failed to build request: Resource /principaladulto7a12a/0129_request.dat not found 	1573849291980
ERROR	request_130: Failed to build request: Resource /principaladulto7a12a/0130_request.dat not found 	1573849291980
ERROR	request_134: Failed to build request: Resource /principaladulto7a12a/0134_request.dat not found 	1573849291981
REQUEST	1		request_105	1573849291988	1573849292017	OK	 
REQUEST	1		request_91	1573849292008	1573849292019	OK	 
REQUEST	1		request_153	1573849291992	1573849292070	OK	 
REQUEST	1		request_125	1573849291991	1573849292072	OK	 
REQUEST	1		request_78	1573849292010	1573849292080	OK	 
REQUEST	1		request_102	1573849292009	1573849292122	OK	 
REQUEST	1		request_101	1573849292008	1573849292124	OK	 
REQUEST	1		request_80	1573849292011	1573849292138	OK	 
REQUEST	1		request_82	1573849292013	1573849292173	OK	 
REQUEST	1		request_85	1573849292174	1573849292266	OK	 
REQUEST	1		request_150	1573849291988	1573849292279	OK	 
REQUEST	1		request_86	1573849292268	1573849292280	OK	 
REQUEST	1		request_83	1573849292013	1573849292282	OK	 
REQUEST	1		request_88	1573849292285	1573849292300	OK	 
REQUEST	1		request_84	1573849292141	1573849292301	OK	 
REQUEST	1		request_87	1573849292281	1573849292308	OK	 
REQUEST	1		request_89	1573849292301	1573849292318	OK	 
REQUEST	1		request_93	1573849292319	1573849292331	OK	 
REQUEST	1		request_90	1573849292303	1573849292337	OK	 
REQUEST	1		request_94	1573849292332	1573849292381	OK	 
REQUEST	1		request_95	1573849292339	1573849292384	OK	 
REQUEST	1		request_96	1573849292383	1573849292393	OK	 
REQUEST	1		request_97	1573849292387	1573849292397	OK	 
REQUEST	1		request_98	1573849292395	1573849292406	OK	 
REQUEST	1		request_138	1573849292009	1573849292454	OK	 
REQUEST	1		request_113	1573849291990	1573849292460	OK	 
REQUEST	1		request_104	1573849292407	1573849292462	OK	 
REQUEST	1		request_124	1573849291991	1573849292465	OK	 
REQUEST	1		request_100	1573849292398	1573849292470	OK	 
REQUEST	1		request_106	1573849292463	1573849292476	OK	 
REQUEST	1		request_107	1573849292476	1573849292491	OK	 
REQUEST	1		request_108	1573849292477	1573849292493	OK	 
REQUEST	1		request_109	1573849292492	1573849292508	OK	 
REQUEST	1		request_92	1573849292310	1573849292677	OK	 
REQUEST	1		request_111	1573849292510	1573849292696	OK	 
REQUEST	1		request_115	1573849292697	1573849292709	OK	 
REQUEST	1		request_116	1573849292710	1573849292722	OK	 
REQUEST	1		request_81	1573849292013	1573849293270	OK	 
REQUEST	1		request_110	1573849292494	1573849293463	OK	 
REQUEST	1		request_131	1573849293477	1573849293522	OK	 
REQUEST	1		request_132	1573849293523	1573849293534	OK	 
REQUEST	1		request_121	1573849293273	1573849293976	OK	 
REQUEST	1		request_135	1573849293535	1573849294022	OK	 
REQUEST	1		request_79	1573849292011	1573849294024	OK	 
REQUEST	1		request_137	1573849294023	1573849294089	OK	 
REQUEST	1		request_139	1573849294041	1573849294123	OK	 
REQUEST	1		request_136	1573849293977	1573849294132	OK	 
REQUEST	1		request_120	1573849292723	1573849294142	OK	 
REQUEST	1		request_141	1573849294124	1573849294192	OK	 
REQUEST	1		request_140	1573849294090	1573849294196	OK	 
REQUEST	1		request_142	1573849294133	1573849294293	OK	 
REQUEST	1		request_149	1573849294148	1573849294639	OK	 
REQUEST	1		request_78	1573849292081	1573849301523	OK	 
REQUEST	1		request_112	1573849292681	1573849302815	OK	 
REQUEST	1		request_154	1573849304839	1573849304946	OK	 
REQUEST	1		request_155	1573849304948	1573849309993	OK	 
USER	principaladulto7a12a	1	END	1573849245841	1573849310021
