RUN	Compenssar.sedeAutosur3a6utenticado	sedeautosur3a6utenticado	1573841587630	 	3.0.2
USER	sedeAutosur3a6utenticado	1	START	1573841590442	1573841590442
REQUEST	1		request_0	1573841590532	1573841591300	OK	 
REQUEST	1		request_21	1573841591834	1573841592097	OK	 
REQUEST	1		mmapi.js	1573841591859	1573841592106	OK	 
REQUEST	1		favicon.ico?rev=23	1573841591918	1573841592115	OK	 
REQUEST	1		request_32	1573841591845	1573841592134	OK	 
REQUEST	1		request_52	1573841591833	1573841592164	OK	 
REQUEST	1		request_5	1573841591872	1573841592170	OK	 
REQUEST	1		datalayercorporativo.min.js	1573841591928	1573841592182	OK	 
REQUEST	1		request_50	1573841591831	1573841592242	OK	 
REQUEST	1		request_51	1573841591832	1573841592249	OK	 
REQUEST	1		bootstrap.min.js	1573841592120	1573841592258	OK	 
REQUEST	1		request_45	1573841591830	1573841592271	OK	 
REQUEST	1		request_47	1573841591831	1573841592277	OK	 
REQUEST	1		request_53	1573841592167	1573841592289	OK	 
REQUEST	1		request_41	1573841591845	1573841592295	OK	 
REQUEST	1		request_6	1573841591874	1573841592298	OK	 
REQUEST	1		request_9	1573841591810	1573841592308	OK	 
REQUEST	1		request_28	1573841591821	1573841592311	OK	 
REQUEST	1		js?key=AIzaSyBQs4JbPCHOPygyJzKnUYgsAm35jOpmshk	1573841591822	1573841592317	OK	 
REQUEST	1		request_54	1573841592245	1573841592322	OK	 
REQUEST	1		request_55	1573841592254	1573841592341	OK	 
REQUEST	1		request_4	1573841591871	1573841592344	OK	 
REQUEST	1		jquery-3.1.1.min.js	1573841591926	1573841592349	OK	 
REQUEST	1		request_31	1573841591844	1573841592356	OK	 
REQUEST	1		ko.sp-1.0.min.js	1573841592354	1573841592371	OK	 
REQUEST	1		knockout-3.4.1.min.js?v=1	1573841592262	1573841592392	OK	 
REQUEST	1		init.js?rev=ZwTQYqYlNTyyuMWaLlhwSg%3D%3D	1573841591924	1573841592399	OK	 
REQUEST	1		rangeslider.min.js	1573841592395	1573841592417	OK	 
REQUEST	1		slick.min.js	1573841592373	1573841592428	OK	 
REQUEST	1		picturefill.min.js	1573841592421	1573841592439	OK	 
REQUEST	1		validate.min.js	1573841592430	1573841592455	OK	 
REQUEST	1		croppie.min.js	1573841592456	1573841592512	OK	 
REQUEST	1		jquery.validate.min.js	1573841592441	1573841592516	OK	 
REQUEST	1		request_43	1573841591876	1573841592520	OK	 
REQUEST	1		ion.rangeslider.min.js	1573841592403	1573841592521	OK	 
REQUEST	1		jquery.spservices-2014.02.min.js	1573841592185	1573841592525	OK	 
REQUEST	1		request_2	1573841591932	1573841592531	OK	 
REQUEST	1		compTools.min.js?v=1	1573841592519	1573841592557	OK	 
REQUEST	1		compensar.script.min.js	1573841592524	1573841592563	OK	 
REQUEST	1		afiliaciones.config.js?v=5	1573841592515	1573841592565	OK	 
REQUEST	1		compensar.actualizarcorreo.min.js	1573841592529	1573841592568	OK	 
REQUEST	1		compensar.enModoEdicion.min.js?v=1	1573841592570	1573841592588	OK	 
REQUEST	1		compensar.loadComponents.min.js?v=1	1573841592565	1573841592591	OK	 
REQUEST	1		compensar.tiempoInactividad.min.js?v=1	1573841592567	1573841592596	OK	 
REQUEST	1		sjcl.min.js	1573841592562	1573841592599	OK	 
REQUEST	1		compensar.detectarAncho.min.js?v=1	1573841592589	1573841592602	OK	 
REQUEST	1		compensar.deferImages.min.js?v=1	1573841592595	1573841592605	OK	 
REQUEST	1		compensar.agregarTitulowebparts.min.js?v=1	1573841592598	1573841592615	OK	 
REQUEST	1		compensar.controlPestanas.min.js?v=1	1573841592606	1573841592619	OK	 
REQUEST	1		compensar.miCompensarPerfil.min.js?v=1	1573841592603	1573841592621	OK	 
REQUEST	1		compensar.menuDesplegable.min.js?v=1	1573841592601	1573841592638	OK	 
REQUEST	1		compensar.filtroControlerVivienda.min.js?v=1	1573841592620	1573841592640	OK	 
REQUEST	1		compensar.controlAcordeon.min.js?v=1	1573841592617	1573841592650	OK	 
REQUEST	1		mainContent.min.js?v=1	1573841592637	1573841592658	OK	 
REQUEST	1		compensar.quitarLoading.min.js?v=1	1573841592660	1573841592670	OK	 
REQUEST	1		compensar.menuSecundario.min.js?v=1	1573841592652	1573841592673	OK	 
REQUEST	1		headerNav.min.js?v=1	1573841592639	1573841592677	OK	 
REQUEST	1		modeloMenuAux.min.js?v=1	1573841592647	1573841592682	OK	 
REQUEST	1		compensar.componenteEmailController.min.js?v=1	1573841592672	1573841592686	OK	 
REQUEST	1		compensar.footer.min.js?v=1	1573841592676	1573841592693	OK	 
REQUEST	1		compensar.componentePopUpController.min.js?v=1	1573841592680	1573841592696	OK	 
REQUEST	1		compensar.notificaciones.min.js	1573841592685	1573841592702	OK	 
REQUEST	1		customcanales.min.js	1573841592688	1573841592715	OK	 
REQUEST	1		customactioncall.js	1573841592695	1573841592718	OK	 
REQUEST	1		blank.js?rev=ZaOXZEobVwykPO9g8hq%2F8A%3D%3D	1573841592705	1573841592725	OK	 
REQUEST	1		sp.init.js?rev=jvJC3Kl5gbORaLtf7kxULQ%3D%3D	1573841592720	1573841592771	OK	 
REQUEST	1		ScriptResource.axd?d=DbBIHdj-QC5CO88xwauS5dkoqIs6nZmS0i8rusZB1q2JCx1O17otX38Pbo9-Co9QXf_ywgPOgCaWxydR-v-KO_BCuip-vRkoHzjnd81XPEqYhrrZRFvD28DBse-3zjaVmjdm2hC17AQqDXfxT3KoyoLs-sQ7qPLfqrjuPJokLcOn_d3Dmrsd446-Hg6mDbff0&t=72e85ccd	1573841592697	1573841592776	OK	 
REQUEST	1		ScriptResx.ashx?culture=es%2Des&name=SP%2ERes&rev=DoAHv8R6TO7rl33LcYBJTA%3D%3D	1573841592726	1573841592784	OK	 
REQUEST	1		ScriptResource.axd?d=LzPGXWTyY4NfgAzL7AVGti8jNkeNvyxE7t2p3M-3BPJvKFvvkBUGxbbcxESn55TFNOUl8xW6SvygFDc-U8cavgouTpfnyDz3b86dyb2Q1b12B-B2zqJbKL3UrhnjJpkL79pBm9zX4FVDPUA4BsjrvCFATMYLp3cyBtLpIkBKZKUxDrfJga0vw4ZjurZ0mn1o0&t=72e85ccd	1573841592716	1573841592787	OK	 
REQUEST	1		sp.runtime.js?rev=5f2WkYJoaxlIRdwUeg4WEg%3D%3D	1573841592773	1573841592803	OK	 
REQUEST	1		clientrenderer.js?rev=PWwV4FATEiOxN90BeB5Hzw%3D%3D	1573841592786	1573841592808	OK	 
REQUEST	1		ScriptResx.ashx?culture=es%2Des&name=Srch%2EResources&rev=GVo354neq7eNTurLgIdpJQ%3D%3D	1573841592790	1573841592830	OK	 
REQUEST	1		search.cbs.js?rev=S5EegsQhNKgWxVFmcqr5dQ%3D%3D	1573841592809	1573841592833	OK	 
REQUEST	1		sp.search.js?rev=dMkPlEXpdY6iJ%2FsY5RsB0g%3D%3D	1573841592782	1573841592956	OK	 
REQUEST	1		spcommon.png?rev=23	1573841592832	1573841592970	OK	 
REQUEST	1		search.clientcontrols.js?rev=8Q15HW2EU2aXBktJq5YW%2FA%3D%3D	1573841592806	1573841592982	OK	 
REQUEST	1		WebResource.axd?d=hcspxoKGngdkW0b6xYvFftMD9L7tgVctZKvxUqyhcPMOX4gSlmQgLLYGJ7F9lMuasHqe9Mv5x6g7VZmrwkJEQmLxw_pNwohGyqmgqyaeGpA1&t=635792838349294682	1573841592959	1573841592989	OK	 
REQUEST	1		logo_compensar.png?rev=23	1573841592835	1573841593003	OK	 
REQUEST	1		searchresultui.png?rev=23	1573841592991	1573841593005	OK	 
REQUEST	1		logo-compensar-gris.svg	1573841592988	1573841593030	OK	 
REQUEST	1		nodearrow.png	1573841593007	1573841593033	OK	 
REQUEST	1		WebResource.axd?d=VE1LltKE1dXL7-UbkAp-bt6ljn4Brx0V3X9hDRsD8jSFT9qB8YndTHVisocnrFQ8rNfw3OXiDn_Fb7iUlcK8bUIBKyIA1h_3y1b4G2-c7f01&t=635792838349294682	1573841593005	1573841593035	OK	 
REQUEST	1		estilos.css	1573841593032	1573841593050	OK	 
REQUEST	1		logo_compensar.png	1573841592971	1573841593066	OK	 
REQUEST	1		ParqueaderosV2.js	1573841593034	1573841593068	OK	 
REQUEST	1		marcador.png	1573841593036	1573841593070	OK	 
REQUEST	1		compensar.detallevivienda.min.css?ctag=5143$$15.0.4927.1000	1573841593065	1573841593078	OK	 
REQUEST	1		mainContentInterno.js	1573841593067	1573841593099	OK	 
REQUEST	1		request_7	1573841593072	1573841593108	OK	 
REQUEST	1		request_3	1573841593069	1573841593122	OK	 
REQUEST	1		request_8	1573841593081	1573841593138	OK	 
REQUEST	1		request_13	1573841593110	1573841593141	OK	 
REQUEST	1		request_10	1573841593100	1573841593143	OK	 
REQUEST	1		request_14	1573841593137	1573841593152	OK	 
REQUEST	1		request_15	1573841593140	1573841593155	OK	 
REQUEST	1		request_17	1573841593144	1573841593160	OK	 
REQUEST	1		request_16	1573841593142	1573841593163	OK	 
REQUEST	1		request_19	1573841593156	1573841593173	OK	 
REQUEST	1		request_18	1573841593154	1573841593177	OK	 
REQUEST	1		request_24	1573841593175	1573841593192	OK	 
REQUEST	1		minisp.min.js	1573841591922	1573841593254	OK	 
REQUEST	1		request_26	1573841593194	1573841593256	OK	 
REQUEST	1		request_25	1573841593181	1573841593278	OK	 
REQUEST	1		request_30	1573841593257	1573841593293	OK	 
REQUEST	1		request_38	1573841593296	1573841593323	OK	 
REQUEST	1		request_40	1573841593325	1573841593366	OK	 
REQUEST	1		request_22	1573841593165	1573841593368	OK	 
REQUEST	1		request_42	1573841593367	1573841593432	OK	 
REQUEST	1		request_44	1573841593373	1573841593452	OK	 
REQUEST	1		bluebird.min.js	1573841591930	1573841593628	OK	 
REQUEST	1		request_34	1573841593279	1573841593633	OK	 
REQUEST	1		request_46	1573841593433	1573841593638	OK	 
REQUEST	1		request_20	1573841593162	1573841593640	OK	 
REQUEST	1		request_48	1573841593453	1573841593664	OK	 
REQUEST	1		request_49	1573841593633	1573841593694	OK	 
REQUEST	1		request_27	1573841593255	1573841593797	OK	 
REQUEST	1		request_56	1573841594830	1573841594916	OK	 
REQUEST	1		request_57	1573841595925	1573841595949	KO	css((#formLogin,Some(action))).find.exists, found nothing
ERROR	request_72: Failed to build request: No attribute named 'token' is defined 	1573841606948
USER	sedeAutosur3a6utenticado	1	END	1573841590442	1573841606950
