RUN	Compenssar.sedeAutosur3a6utenticado	sedeautosur3a6utenticado	1573840648669	 	3.0.2
USER	sedeAutosur3a6utenticado	1	START	1573840651303	1573840651303
REQUEST	1		request_0	1573840651374	1573840652043	OK	 
REQUEST	1		request_41	1573840652746	1573840653029	OK	 
REQUEST	1		request_5	1573840652809	1573840653043	OK	 
REQUEST	1		favicon.ico?rev=23	1573840652831	1573840653068	OK	 
REQUEST	1		mmapi.js	1573840652792	1573840653080	OK	 
REQUEST	1		minisp.min.js	1573840652833	1573840653101	OK	 
REQUEST	1		request_6	1573840652811	1573840653113	OK	 
REQUEST	1		request_52	1573840652732	1573840653124	OK	 
REQUEST	1		datalayercorporativo.min.js	1573840652838	1573840653146	OK	 
REQUEST	1		request_53	1573840653131	1573840653216	OK	 
REQUEST	1		request_4	1573840652806	1573840653244	OK	 
REQUEST	1		bootstrap.min.js	1573840653073	1573840653277	OK	 
REQUEST	1		request_47	1573840652729	1573840653338	OK	 
REQUEST	1		request_51	1573840652731	1573840653353	OK	 
REQUEST	1		ko.sp-1.0.min.js	1573840653283	1573840653368	OK	 
REQUEST	1		request_28	1573840652714	1573840653376	OK	 
REQUEST	1		request_55	1573840653348	1573840653381	OK	 
REQUEST	1		knockout-3.4.1.min.js?v=1	1573840653149	1573840653388	OK	 
REQUEST	1		request_50	1573840652730	1573840653409	OK	 
REQUEST	1		bluebird.min.js	1573840652839	1573840653433	OK	 
REQUEST	1		slick.min.js	1573840653374	1573840653452	OK	 
REQUEST	1		request_45	1573840652728	1573840653461	OK	 
REQUEST	1		jquery-3.1.1.min.js	1573840652837	1573840653464	OK	 
REQUEST	1		rangeslider.min.js	1573840653395	1573840653474	OK	 
REQUEST	1		request_21	1573840652732	1573840653479	OK	 
REQUEST	1		request_31	1573840652745	1573840653482	OK	 
REQUEST	1		request_32	1573840652745	1573840653485	OK	 
REQUEST	1		request_54	1573840653232	1573840653507	OK	 
REQUEST	1		js?key=AIzaSyBQs4JbPCHOPygyJzKnUYgsAm35jOpmshk	1573840652717	1573840653518	OK	 
REQUEST	1		picturefill.min.js	1573840653456	1573840653529	OK	 
REQUEST	1		request_9	1573840652691	1573840653551	OK	 
REQUEST	1		validate.min.js	1573840653469	1573840653555	OK	 
REQUEST	1		jquery.validate.min.js	1573840653477	1573840653561	OK	 
REQUEST	1		ion.rangeslider.min.js	1573840653440	1573840653564	OK	 
REQUEST	1		request_2	1573840652841	1573840653568	OK	 
REQUEST	1		croppie.min.js	1573840653531	1573840653573	OK	 
REQUEST	1		init.js?rev=ZwTQYqYlNTyyuMWaLlhwSg%3D%3D	1573840652835	1573840653576	OK	 
REQUEST	1		afiliaciones.config.js?v=5	1573840653557	1573840653581	OK	 
REQUEST	1		compTools.min.js?v=1	1573840653563	1573840653616	OK	 
REQUEST	1		compensar.script.min.js	1573840653567	1573840653621	OK	 
REQUEST	1		compensar.loadComponents.min.js?v=1	1573840653583	1573840653626	OK	 
REQUEST	1		compensar.actualizarcorreo.min.js	1573840653575	1573840653633	OK	 
REQUEST	1		request_43	1573840652814	1573840653638	OK	 
REQUEST	1		compensar.tiempoInactividad.min.js?v=1	1573840653618	1573840653641	OK	 
REQUEST	1		compensar.enModoEdicion.min.js?v=1	1573840653623	1573840653644	OK	 
REQUEST	1		compensar.detectarAncho.min.js?v=1	1573840653630	1573840653648	OK	 
REQUEST	1		sjcl.min.js	1573840653580	1573840653650	OK	 
REQUEST	1		compensar.deferImages.min.js?v=1	1573840653637	1573840653654	OK	 
REQUEST	1		compensar.agregarTitulowebparts.min.js?v=1	1573840653642	1573840653661	OK	 
REQUEST	1		compensar.miCompensarPerfil.min.js?v=1	1573840653649	1573840653666	OK	 
REQUEST	1		compensar.controlPestanas.min.js?v=1	1573840653653	1573840653670	OK	 
REQUEST	1		compensar.menuDesplegable.min.js?v=1	1573840653646	1573840653673	OK	 
REQUEST	1		compensar.controlAcordeon.min.js?v=1	1573840653655	1573840653678	OK	 
REQUEST	1		compensar.filtroControlerVivienda.min.js?v=1	1573840653662	1573840653686	OK	 
REQUEST	1		headerNav.min.js?v=1	1573840653671	1573840653694	OK	 
REQUEST	1		mainContent.min.js?v=1	1573840653668	1573840653697	OK	 
REQUEST	1		modeloMenuAux.min.js?v=1	1573840653677	1573840653703	OK	 
REQUEST	1		compensar.menuSecundario.min.js?v=1	1573840653683	1573840653708	OK	 
REQUEST	1		compensar.quitarLoading.min.js?v=1	1573840653688	1573840653740	OK	 
REQUEST	1		compensar.componenteEmailController.min.js?v=1	1573840653697	1573840653742	OK	 
REQUEST	1		compensar.notificaciones.min.js	1573840653712	1573840653755	OK	 
REQUEST	1		compensar.footer.min.js?v=1	1573840653702	1573840653758	OK	 
REQUEST	1		compensar.componentePopUpController.min.js?v=1	1573840653706	1573840653760	OK	 
REQUEST	1		customactioncall.js	1573840653743	1573840653762	OK	 
REQUEST	1		customcanales.min.js	1573840653741	1573840653765	OK	 
REQUEST	1		blank.js?rev=ZaOXZEobVwykPO9g8hq%2F8A%3D%3D	1573840653759	1573840653780	OK	 
REQUEST	1		ScriptResx.ashx?culture=es%2Des&name=SP%2ERes&rev=DoAHv8R6TO7rl33LcYBJTA%3D%3D	1573840653767	1573840653795	OK	 
REQUEST	1		ScriptResource.axd?d=LzPGXWTyY4NfgAzL7AVGti8jNkeNvyxE7t2p3M-3BPJvKFvvkBUGxbbcxESn55TFNOUl8xW6SvygFDc-U8cavgouTpfnyDz3b86dyb2Q1b12B-B2zqJbKL3UrhnjJpkL79pBm9zX4FVDPUA4BsjrvCFATMYLp3cyBtLpIkBKZKUxDrfJga0vw4ZjurZ0mn1o0&t=72e85ccd	1573840653761	1573840653801	OK	 
REQUEST	1		ScriptResource.axd?d=DbBIHdj-QC5CO88xwauS5dkoqIs6nZmS0i8rusZB1q2JCx1O17otX38Pbo9-Co9QXf_ywgPOgCaWxydR-v-KO_BCuip-vRkoHzjnd81XPEqYhrrZRFvD28DBse-3zjaVmjdm2hC17AQqDXfxT3KoyoLs-sQ7qPLfqrjuPJokLcOn_d3Dmrsd446-Hg6mDbff0&t=72e85ccd	1573840653757	1573840653862	OK	 
REQUEST	1		sp.init.js?rev=jvJC3Kl5gbORaLtf7kxULQ%3D%3D	1573840653764	1573840653867	OK	 
REQUEST	1		clientrenderer.js?rev=PWwV4FATEiOxN90BeB5Hzw%3D%3D	1573840653804	1573840653871	OK	 
REQUEST	1		sp.runtime.js?rev=5f2WkYJoaxlIRdwUeg4WEg%3D%3D	1573840653793	1573840653890	OK	 
REQUEST	1		ScriptResx.ashx?culture=es%2Des&name=Srch%2EResources&rev=GVo354neq7eNTurLgIdpJQ%3D%3D	1573840653866	1573840653913	OK	 
REQUEST	1		sp.search.js?rev=dMkPlEXpdY6iJ%2FsY5RsB0g%3D%3D	1573840653797	1573840653917	OK	 
REQUEST	1		search.cbs.js?rev=S5EegsQhNKgWxVFmcqr5dQ%3D%3D	1573840653872	1573840653921	OK	 
REQUEST	1		WebResource.axd?d=hcspxoKGngdkW0b6xYvFftMD9L7tgVctZKvxUqyhcPMOX4gSlmQgLLYGJ7F9lMuasHqe9Mv5x6g7VZmrwkJEQmLxw_pNwohGyqmgqyaeGpA1&t=635792838349294682	1573840653920	1573840653952	OK	 
REQUEST	1		spcommon.png?rev=23	1573840653912	1573840653968	OK	 
REQUEST	1		logo-compensar-gris.svg	1573840653954	1573840654033	OK	 
REQUEST	1		searchresultui.png?rev=23	1573840653971	1573840654037	OK	 
REQUEST	1		logo_compensar.png	1573840653922	1573840654041	OK	 
REQUEST	1		logo_compensar.png?rev=23	1573840653916	1573840654054	OK	 
REQUEST	1		WebResource.axd?d=VE1LltKE1dXL7-UbkAp-bt6ljn4Brx0V3X9hDRsD8jSFT9qB8YndTHVisocnrFQ8rNfw3OXiDn_Fb7iUlcK8bUIBKyIA1h_3y1b4G2-c7f01&t=635792838349294682	1573840654035	1573840654064	OK	 
REQUEST	1		nodearrow.png	1573840654039	1573840654066	OK	 
REQUEST	1		estilos.css	1573840654042	1573840654068	OK	 
REQUEST	1		ParqueaderosV2.js	1573840654056	1573840654086	OK	 
REQUEST	1		marcador.png	1573840654065	1573840654089	OK	 
REQUEST	1		compensar.detallevivienda.min.css?ctag=5143$$15.0.4927.1000	1573840654068	1573840654094	OK	 
REQUEST	1		mainContentInterno.js	1573840654084	1573840654140	OK	 
REQUEST	1		search.clientcontrols.js?rev=8Q15HW2EU2aXBktJq5YW%2FA%3D%3D	1573840653869	1573840654142	OK	 
REQUEST	1		request_7	1573840654092	1573840654156	OK	 
REQUEST	1		request_3	1573840654087	1573840654169	OK	 
REQUEST	1		request_13	1573840654148	1573840654214	OK	 
REQUEST	1		request_8	1573840654096	1573840654216	OK	 
REQUEST	1		request_14	1573840654159	1573840654220	OK	 
REQUEST	1		request_10	1573840654141	1573840654223	OK	 
REQUEST	1		request_15	1573840654213	1573840654227	OK	 
REQUEST	1		request_16	1573840654216	1573840654230	OK	 
REQUEST	1		request_17	1573840654218	1573840654232	OK	 
REQUEST	1		request_18	1573840654222	1573840654237	OK	 
REQUEST	1		request_19	1573840654226	1573840654241	OK	 
REQUEST	1		request_24	1573840654233	1573840654254	OK	 
REQUEST	1		request_26	1573840654242	1573840654302	OK	 
REQUEST	1		jquery.spservices-2014.02.min.js	1573840653110	1573840654328	OK	 
REQUEST	1		request_25	1573840654238	1573840654335	OK	 
REQUEST	1		request_30	1573840654303	1573840654388	OK	 
REQUEST	1		request_22	1573840654232	1573840654396	OK	 
REQUEST	1		request_40	1573840654391	1573840654525	OK	 
REQUEST	1		request_42	1573840654401	1573840654527	OK	 
REQUEST	1		request_38	1573840654337	1573840654579	OK	 
REQUEST	1		request_44	1573840654526	1573840654621	OK	 
REQUEST	1		request_46	1573840654528	1573840654687	OK	 
REQUEST	1		request_27	1573840654256	1573840654688	OK	 
REQUEST	1		request_48	1573840654581	1573840654697	OK	 
REQUEST	1		request_49	1573840654622	1573840654820	OK	 
REQUEST	1		request_20	1573840654230	1573840655291	OK	 
REQUEST	1		request_34	1573840654331	1573840655459	OK	 
REQUEST	1		request_56	1573840656486	1573840656623	OK	 
REQUEST	1		request_57	1573840657627	1573840657662	OK	 
REQUEST	1		request_57 Redirect 1	1573840657679	1573840657819	OK	 
REQUEST	1		request_57 Redirect 2	1573840657821	1573840657837	OK	 
REQUEST	1		request_57 Redirect 3	1573840657838	1573840660117	OK	 
REQUEST	1		request_66	1573840660203	1573840660216	OK	 
REQUEST	1		eyesClass.css	1573840660208	1573840660228	OK	 
REQUEST	1		loadingCompensar.gif	1573840660229	1573840660272	OK	 
REQUEST	1		request_63	1573840660204	1573840660278	OK	 
REQUEST	1		request_67	1573840660205	1573840660280	OK	 
REQUEST	1		request_68	1573840660207	1573840660281	OK	 
REQUEST	1		modules?v=SqDhzDYakMzJp-M-gCcQFj4vc5izybzoH2OW-2is2fY1	1573840660211	1573840660303	OK	 
REQUEST	1		modernizr?v=inCVuEFe6J4Q07A0AcRsbJic_UE5MwpRMNGcOtk94TE1	1573840660212	1573840660312	OK	 
REQUEST	1		fonts?v=Y7MRUdvwE1hUsovmZYz9T7_41CMp95gKZ_Q9iYUO2O81	1573840660210	1573840660316	OK	 
REQUEST	1		bootstrap?v=02I37B8URpB7hqkZrxMEO7o6VbDywYH_vuXan7A7mR81	1573840660305	1573840660336	OK	 
REQUEST	1		jquery?v=JL596WEzEYSLK79KRL4It4N63VXpRlW4A824KHlhVLc1	1573840660274	1573840660343	OK	 
REQUEST	1		logo-compensar-blanco.svg	1573840660213	1573840660348	OK	 
REQUEST	1		resetValidation.js	1573840660318	1573840660359	OK	 
REQUEST	1		css?v=udBLYkNkikBQ6JWixlUMiJYcZz7DRJzdxBJZ-rKFDsg1	1573840660209	1573840660361	OK	 
REQUEST	1		jqueryval?v=GkCXUO1MPqHDkNoDt8-shdnQEI8KGbNadRAAUqm2VOA1	1573840660314	1573840660366	OK	 
REQUEST	1		loading.js	1573840660351	1573840660372	OK	 
REQUEST	1		request_59	1573840660366	1573840660381	OK	 
REQUEST	1		request_60	1573840660368	1573840660385	OK	 
REQUEST	1		request_62	1573840660373	1573840660388	OK	 
REQUEST	1		sessionchecker.js	1573840660360	1573840660401	OK	 
REQUEST	1		utils.js	1573840660340	1573840660402	OK	 
REQUEST	1		modal.js	1573840660347	1573840660470	OK	 
REQUEST	1		request_65	1573840660382	1573840660492	OK	 
REQUEST	1		bootstrap.min.css	1573840660193	1573840660573	OK	 
REQUEST	1		request_71	1573840660214	1573840660678	OK	 
REQUEST	1		request_72	1573840671704	1573840671733	KO	status.find.in(200,201,202,203,204,205,206,207,208,209,304), found 500
USER	sedeAutosur3a6utenticado	1	END	1573840651303	1573840671759
