RUN	Compenssar.principaladulto7a12a	principaladulto7a12a	1573848824949	 	3.0.2
USER	principaladulto7a12a	1	START	1573848827519	1573848827519
REQUEST	1		request_0	1573848827555	1573848829694	OK	 
REQUEST	1		favicon.ico?rev=23	1573848830079	1573848830151	OK	 
REQUEST	1		bootstrap.min.js	1573848830160	1573848830215	OK	 
REQUEST	1		mmapi.js	1573848830055	1573848830268	OK	 
REQUEST	1		request_43	1573848830070	1573848830273	OK	 
REQUEST	1		jquery.spservices-2014.02.min.js	1573848830220	1573848830285	OK	 
REQUEST	1		request_48	1573848830271	1573848830303	OK	 
REQUEST	1		request_44	1573848830071	1573848830319	OK	 
REQUEST	1		request_47	1573848830073	1573848830322	OK	 
REQUEST	1		request_41	1573848830027	1573848830358	OK	 
REQUEST	1		request_45	1573848830029	1573848830362	OK	 
REQUEST	1		request_39	1573848830026	1573848830388	OK	 
REQUEST	1		request_40	1573848830027	1573848830396	OK	 
REQUEST	1		request_53	1573848830360	1573848830420	OK	 
REQUEST	1		request_42	1573848830028	1573848830425	OK	 
REQUEST	1		request_54	1573848830365	1573848830429	OK	 
REQUEST	1		request_55	1573848830391	1573848830454	OK	 
REQUEST	1		knockout-3.4.1.min.js?v=1	1573848830289	1573848830460	OK	 
REQUEST	1		request_59	1573848830045	1573848830467	OK	 
REQUEST	1		ko.sp-1.0.min.js	1573848830463	1573848830477	OK	 
REQUEST	1		js?key=AIzaSyBQs4JbPCHOPygyJzKnUYgsAm35jOpmshk	1573848830016	1573848830487	OK	 
REQUEST	1		request_56	1573848830000	1573848830520	OK	 
REQUEST	1		slick.min.js	1573848830481	1573848830545	OK	 
REQUEST	1		request_58	1573848830402	1573848830550	OK	 
REQUEST	1		request_19	1573848830030	1573848830553	OK	 
REQUEST	1		request_26	1573848830043	1573848830556	OK	 
REQUEST	1		request_27	1573848830044	1573848830559	OK	 
REQUEST	1		request_57	1573848830074	1573848830561	OK	 
REQUEST	1		rangeslider.min.js	1573848830549	1573848830562	OK	 
REQUEST	1		request_5	1573848830068	1573848830566	OK	 
REQUEST	1		request_2	1573848830087	1573848830578	OK	 
REQUEST	1		ion.rangeslider.min.js	1573848830565	1573848830585	OK	 
REQUEST	1		picturefill.min.js	1573848830588	1573848830602	OK	 
REQUEST	1		validate.min.js	1573848830604	1573848830618	OK	 
REQUEST	1		request_4	1573848830066	1573848830622	OK	 
REQUEST	1		jquery.validate.min.js	1573848830620	1573848830664	OK	 
REQUEST	1		request_34	1573848830077	1573848830667	OK	 
REQUEST	1		croppie.min.js	1573848830666	1573848830682	OK	 
REQUEST	1		afiliaciones.config.js?v=5	1573848830685	1573848830713	OK	 
REQUEST	1		bluebird.min.js	1573848830086	1573848830715	OK	 
REQUEST	1		compensar.script.min.js	1573848830719	1573848830730	OK	 
REQUEST	1		compTools.min.js?v=1	1573848830714	1573848830732	OK	 
REQUEST	1		compensar.actualizarcorreo.min.js	1573848830731	1573848830767	OK	 
REQUEST	1		sjcl.min.js	1573848830734	1573848830769	OK	 
REQUEST	1		compensar.loadComponents.min.js?v=1	1573848830768	1573848830779	OK	 
REQUEST	1		compensar.tiempoInactividad.min.js?v=1	1573848830772	1573848830783	OK	 
REQUEST	1		compensar.enModoEdicion.min.js?v=1	1573848830780	1573848830792	OK	 
REQUEST	1		compensar.detectarAncho.min.js?v=1	1573848830784	1573848830799	OK	 
REQUEST	1		compensar.deferImages.min.js?v=1	1573848830793	1573848830804	OK	 
REQUEST	1		compensar.agregarTitulowebparts.min.js?v=1	1573848830800	1573848830812	OK	 
REQUEST	1		compensar.menuDesplegable.min.js?v=1	1573848830805	1573848830818	OK	 
REQUEST	1		compensar.controlPestanas.min.js?v=1	1573848830819	1573848830830	OK	 
REQUEST	1		compensar.miCompensarPerfil.min.js?v=1	1573848830813	1573848830833	OK	 
REQUEST	1		request_56	1573848830526	1573848830841	OK	 
REQUEST	1		compensar.filtroControlerVivienda.min.js?v=1	1573848830835	1573848830847	OK	 
REQUEST	1		compensar.controlAcordeon.min.js?v=1	1573848830832	1573848830851	OK	 
REQUEST	1		headerNav.min.js?v=1	1573848830853	1573848830868	OK	 
REQUEST	1		mainContent.min.js?v=1	1573848830850	1573848830871	OK	 
REQUEST	1		modeloMenuAux.min.js?v=1	1573848830870	1573848830882	OK	 
REQUEST	1		compensar.menuSecundario.min.js?v=1	1573848830872	1573848830887	OK	 
REQUEST	1		compensar.componenteEmailController.min.js?v=1	1573848830889	1573848830902	OK	 
REQUEST	1		compensar.footer.min.js?v=1	1573848830903	1573848830916	OK	 
REQUEST	1		compensar.componentePopUpController.min.js?v=1	1573848830917	1573848830930	OK	 
REQUEST	1		compensar.notificaciones.min.js	1573848830931	1573848830946	OK	 
REQUEST	1		customcanales.min.js	1573848830948	1573848830964	OK	 
REQUEST	1		customactioncall.js	1573848830969	1573848830982	OK	 
REQUEST	1		ScriptResource.axd?d=DbBIHdj-QC5CO88xwauS5dkoqIs6nZmS0i8rusZB1q2JCx1O17otX38Pbo9-Co9QXf_ywgPOgCaWxydR-v-KO_BCuip-vRkoHzjnd81XPEqYhrrZRFvD28DBse-3zjaVmjdm2hC17AQqDXfxT3KoyoLs-sQ7qPLfqrjuPJokLcOn_d3Dmrsd446-Hg6mDbff0&t=2b48f70a	1573848830983	1573848831175	OK	 
REQUEST	1		blank.js?rev=ZaOXZEobVwykPO9g8hq%2F8A%3D%3D	1573848831183	1573848831198	OK	 
REQUEST	1		minisp.min.js	1573848830082	1573848831354	OK	 
REQUEST	1		datalayercorporativo.min.js	1573848830085	1573848831395	OK	 
REQUEST	1		ScriptResource.axd?d=LzPGXWTyY4NfgAzL7AVGti8jNkeNvyxE7t2p3M-3BPJvKFvvkBUGxbbcxESn55TFNOUl8xW6SvygFDc-U8cavgouTpfnyDz3b86dyb2Q1b12B-B2zqJbKL3UrhnjJpkL79pBm9zX4FVDPUA4BsjrvCFATMYLp3cyBtLpIkBKZKUxDrfJga0vw4ZjurZ0mn1o0&t=2b48f70a	1573848831200	1573848831454	OK	 
REQUEST	1		sp.init.js?rev=jvJC3Kl5gbORaLtf7kxULQ%3D%3D	1573848831356	1573848831473	OK	 
REQUEST	1		sp.runtime.js?rev=5f2WkYJoaxlIRdwUeg4WEg%3D%3D	1573848831457	1573848831481	OK	 
REQUEST	1		ScriptResx.ashx?culture=es%2Des&name=SP%2ERes&rev=DoAHv8R6TO7rl33LcYBJTA%3D%3D	1573848831397	1573848831494	OK	 
REQUEST	1		clientrenderer.js?rev=PWwV4FATEiOxN90BeB5Hzw%3D%3D	1573848831484	1573848831499	OK	 
REQUEST	1		ScriptResx.ashx?culture=es%2Des&name=Srch%2EResources&rev=GVo354neq7eNTurLgIdpJQ%3D%3D	1573848831497	1573848831557	OK	 
REQUEST	1		init.js?rev=ZwTQYqYlNTyyuMWaLlhwSg%3D%3D	1573848830084	1573848831560	OK	 
REQUEST	1		search.cbs.js?rev=S5EegsQhNKgWxVFmcqr5dQ%3D%3D	1573848831558	1573848831569	OK	 
REQUEST	1		spcommon.png?rev=23	1573848831563	1573848831587	OK	 
REQUEST	1		WebResource.axd?d=hcspxoKGngdkW0b6xYvFftMD9L7tgVctZKvxUqyhcPMOX4gSlmQgLLYGJ7F9lMuasHqe9Mv5x6g7VZmrwkJEQmLxw_pNwohGyqmgqyaeGpA1&t=636767428042202005	1573848831588	1573848831599	OK	 
REQUEST	1		jquery-3.1.1.min.js	1573848830084	1573848831643	OK	 
REQUEST	1		compensar.quitarLoading.min.js?v=1	1573848830886	1573848831904	OK	 
REQUEST	1		searchresultui.png?rev=23	1573848831905	1573848831928	OK	 
REQUEST	1		search.clientcontrols.js?rev=8Q15HW2EU2aXBktJq5YW%2FA%3D%3D	1573848831500	1573848831936	OK	 
REQUEST	1		WebResource.axd?d=VE1LltKE1dXL7-UbkAp-bt6ljn4Brx0V3X9hDRsD8jSFT9qB8YndTHVisocnrFQ8rNfw3OXiDn_Fb7iUlcK8bUIBKyIA1h_3y1b4G2-c7f01&t=636767428042202005	1573848831929	1573848831945	OK	 
REQUEST	1		logo_compensar.png	1573848831601	1573848831952	OK	 
REQUEST	1		nodearrow.png	1573848831941	1573848831954	OK	 
REQUEST	1		sp.search.js?rev=dMkPlEXpdY6iJ%2FsY5RsB0g%3D%3D	1573848831475	1573848831956	OK	 
REQUEST	1		estilos.css	1573848831947	1573848831960	OK	 
REQUEST	1		marcador.png	1573848831955	1573848831993	OK	 
REQUEST	1		compensar.detallevivienda.min.css?ctag=5143$$15.0.4927.1000	1573848831958	1573848831995	OK	 
REQUEST	1		ParqueaderosV2.js	1573848831953	1573848831997	OK	 
REQUEST	1		logo_compensar.png?rev=23	1573848831570	1573848831999	OK	 
REQUEST	1		mainContentInterno.js	1573848831992	1573848832008	OK	 
REQUEST	1		request_9	1573848832009	1573848832033	OK	 
REQUEST	1		request_3	1573848831994	1573848832045	OK	 
REQUEST	1		request_10	1573848832036	1573848832061	OK	 
REQUEST	1		request_11	1573848832060	1573848832084	OK	 
REQUEST	1		request_12	1573848832062	1573848832088	OK	 
REQUEST	1		request_13	1573848832086	1573848832098	OK	 
REQUEST	1		logo-compensar-gris.svg	1573848831646	1573848832160	OK	 
REQUEST	1		request_7	1573848831998	1573848832172	OK	 
REQUEST	1		request_16	1573848832161	1573848832174	OK	 
REQUEST	1		request_21	1573848832175	1573848832192	OK	 
REQUEST	1		request_22	1573848832193	1573848832207	OK	 
REQUEST	1		request_14	1573848832090	1573848832301	OK	 
REQUEST	1		request_25	1573848832302	1573848832565	OK	 
REQUEST	1		request_23	1573848832208	1573848832573	OK	 
REQUEST	1		request_6	1573848831997	1573848832590	OK	 
REQUEST	1		request_37	1573848832592	1573848832618	OK	 
REQUEST	1		request_15	1573848832101	1573848832635	OK	 
REQUEST	1		request_8	1573848832000	1573848832650	OK	 
REQUEST	1		request_17	1573848832173	1573848832745	OK	 
REQUEST	1		request_38	1573848832619	1573848832824	OK	 
REQUEST	1		request_28	1573848832567	1573848832911	OK	 
REQUEST	1		request_49	1573848832652	1573848832980	OK	 
REQUEST	1		request_51	1573848832825	1573848833196	OK	 
REQUEST	1		request_52	1573848832913	1573848833198	OK	 
REQUEST	1		request_46	1573848832636	1573848833214	OK	 
REQUEST	1		request_50	1573848832754	1573848833228	OK	 
REQUEST	1		request_32	1573848832587	1573848833351	OK	 
REQUEST	1		request_60	1573848839382	1573848839448	OK	 
REQUEST	1		request_60 Redirect 1	1573848839450	1573848839520	OK	 
REQUEST	1		request_60 Redirect 2	1573848839522	1573848839538	OK	 
REQUEST	1		request_60 Redirect 3	1573848839539	1573848842345	OK	 
REQUEST	1		request_63	1573848842377	1573848842419	OK	 
REQUEST	1		request_72	1573848842371	1573848842421	OK	 
REQUEST	1		eyesClass.css	1573848842373	1573848842427	OK	 
REQUEST	1		loadingCompensar.gif	1573848842429	1573848842452	OK	 
REQUEST	1		fonts?v=Y7MRUdvwE1hUsovmZYz9T7_41CMp95gKZ_Q9iYUO2O81	1573848842375	1573848842484	OK	 
REQUEST	1		modules?v=SqDhzDYakMzJp-M-gCcQFj4vc5izybzoH2OW-2is2fY1	1573848842375	1573848842491	OK	 
REQUEST	1		request_71	1573848842373	1573848842495	OK	 
REQUEST	1		css?v=udBLYkNkikBQ6JWixlUMiJYcZz7DRJzdxBJZ-rKFDsg1	1573848842374	1573848842499	OK	 
REQUEST	1		jquery?v=JL596WEzEYSLK79KRL4It4N63VXpRlW4A824KHlhVLc1	1573848842452	1573848842518	OK	 
REQUEST	1		bootstrap?v=02I37B8URpB7hqkZrxMEO7o6VbDywYH_vuXan7A7mR81	1573848842486	1573848842521	OK	 
REQUEST	1		resetValidation.js	1573848842502	1573848842526	OK	 
REQUEST	1		jqueryval?v=GkCXUO1MPqHDkNoDt8-shdnQEI8KGbNadRAAUqm2VOA1	1573848842492	1573848842532	OK	 
REQUEST	1		loading.js	1573848842527	1573848842540	OK	 
REQUEST	1		sessionchecker.js	1573848842534	1573848842563	OK	 
REQUEST	1		request_61	1573848842541	1573848842611	OK	 
REQUEST	1		modal.js	1573848842523	1573848842618	OK	 
REQUEST	1		request_64	1573848842564	1573848842620	OK	 
REQUEST	1		request_65	1573848842612	1573848842632	OK	 
REQUEST	1		request_68	1573848842621	1573848842634	OK	 
REQUEST	1		request_66	1573848842619	1573848842651	OK	 
REQUEST	1		request_69	1573848842633	1573848842686	OK	 
REQUEST	1		utils.js	1573848842520	1573848842688	OK	 
REQUEST	1		request_74	1573848842635	1573848842690	OK	 
REQUEST	1		request_76	1573848842377	1573848842834	OK	 
REQUEST	1		request_70	1573848842372	1573848842838	OK	 
REQUEST	1		request_67	1573848842372	1573848842840	OK	 
REQUEST	1		modernizr?v=inCVuEFe6J4Q07A0AcRsbJic_UE5MwpRMNGcOtk94TE1	1573848842376	1573848843556	OK	 
REQUEST	1		logo-compensar-blanco.svg	1573848842376	1573848843606	OK	 
REQUEST	1		bootstrap.min.css	1573848842369	1573848843772	OK	 
REQUEST	1		request_77	1573848876779	1573848876837	KO	status.find.in(200,201,202,203,204,205,206,207,208,209,304), found 500
REQUEST	1		request_154	1573848878838	1573848878975	OK	 
REQUEST	1		request_155	1573848878981	1573848879012	OK	 
USER	principaladulto7a12a	1	END	1573848827519	1573848879045
