RUN	Compenssar.sedes	sedes	1573139073393	 	3.0.2
USER	sedes	1	START	1573139078135	1573139078135
REQUEST	1		request_0	1573139078180	1573139078829	OK	 
REQUEST	1		request_1	1573139079381	1573139079524	OK	 
REQUEST	1		request_98	1573139079343	1573139079564	OK	 
REQUEST	1		request_99	1573139079354	1573139079590	OK	 
REQUEST	1		request_100	1573139079354	1573139079592	OK	 
REQUEST	1		request_71	1573139079357	1573139079595	OK	 
REQUEST	1		request_3	1573139079383	1573139079599	OK	 
REQUEST	1		request_5	1573139079384	1573139079644	OK	 
REQUEST	1		request_7	1573139079539	1573139079650	OK	 
REQUEST	1		request_76	1573139079368	1573139079672	OK	 
REQUEST	1		request_4	1573139079384	1573139079682	OK	 
REQUEST	1		request_10	1573139079654	1573139079689	OK	 
REQUEST	1		request_8	1573139079601	1573139079701	OK	 
REQUEST	1		request_9	1573139079647	1573139079705	OK	 
REQUEST	1		request_12	1573139079692	1573139079754	OK	 
REQUEST	1		request_73	1573139079131	1573139079762	OK	 
REQUEST	1		request_75	1573139079149	1573139079766	OK	 
REQUEST	1		request_13	1573139079704	1573139079769	OK	 
REQUEST	1		request_11	1573139079686	1573139079772	OK	 
REQUEST	1		request_14	1573139079709	1573139079777	OK	 
REQUEST	1		request_6	1573139079385	1573139079781	OK	 
REQUEST	1		request_15	1573139079758	1573139079792	OK	 
REQUEST	1		request_16	1573139079771	1573139079805	OK	 
REQUEST	1		request_18	1573139079780	1573139079810	OK	 
REQUEST	1		request_17	1573139079775	1573139079815	OK	 
REQUEST	1		request_19	1573139079783	1573139079822	OK	 
REQUEST	1		request_20	1573139079795	1573139079828	OK	 
REQUEST	1		request_22	1573139079812	1573139079853	OK	 
REQUEST	1		request_139	1573139079338	1573139079887	OK	 
REQUEST	1		request_142	1573139079340	1573139079889	OK	 
REQUEST	1		request_21	1573139079808	1573139079892	OK	 
REQUEST	1		request_23	1573139079817	1573139079897	OK	 
REQUEST	1		request_25	1573139079832	1573139079900	OK	 
REQUEST	1		request_26	1573139079863	1573139079902	OK	 
REQUEST	1		request_24	1573139079824	1573139079905	OK	 
REQUEST	1		request_2	1573139079383	1573139079911	OK	 
REQUEST	1		request_28	1573139079898	1573139079916	OK	 
REQUEST	1		request_29	1573139079901	1573139079920	OK	 
REQUEST	1		request_27	1573139079894	1573139079925	OK	 
REQUEST	1		request_30	1573139079904	1573139079930	OK	 
REQUEST	1		request_79	1573139079321	1573139079933	OK	 
REQUEST	1		request_144	1573139079369	1573139079935	OK	 
REQUEST	1		request_32	1573139079914	1573139079937	OK	 
REQUEST	1		request_31	1573139079908	1573139079940	OK	 
REQUEST	1		request_34	1573139079924	1573139079943	OK	 
REQUEST	1		request_33	1573139079919	1573139079946	OK	 
REQUEST	1		request_35	1573139079928	1573139079949	OK	 
REQUEST	1		request_36	1573139079932	1573139079952	OK	 
REQUEST	1		request_38	1573139079942	1573139079963	OK	 
REQUEST	1		request_39	1573139079945	1573139079969	OK	 
REQUEST	1		request_37	1573139079939	1573139079977	OK	 
REQUEST	1		request_40	1573139079948	1573139079980	OK	 
REQUEST	1		request_41	1573139079951	1573139079983	OK	 
REQUEST	1		request_42	1573139079955	1573139079987	OK	 
REQUEST	1		request_44	1573139079970	1573139079998	OK	 
REQUEST	1		request_46	1573139079982	1573139080010	OK	 
REQUEST	1		request_45	1573139079978	1573139080023	OK	 
REQUEST	1		request_50	1573139080012	1573139080038	OK	 
REQUEST	1		request_49	1573139079999	1573139080043	OK	 
REQUEST	1		request_43	1573139079968	1573139080081	OK	 
REQUEST	1		request_53	1573139080045	1573139080089	OK	 
REQUEST	1		request_47	1573139079986	1573139080094	OK	 
REQUEST	1		request_48	1573139079989	1573139080102	OK	 
REQUEST	1		request_51	1573139080033	1573139080128	OK	 
REQUEST	1		request_55	1573139080092	1573139080138	OK	 
REQUEST	1		request_54	1573139080088	1573139080141	OK	 
REQUEST	1		request_56	1573139080098	1573139080153	OK	 
REQUEST	1		request_57	1573139080106	1573139080179	OK	 
REQUEST	1		request_52	1573139080040	1573139080182	OK	 
REQUEST	1		request_58	1573139079386	1573139080189	OK	 
REQUEST	1		request_63	1573139080181	1573139080234	OK	 
REQUEST	1		request_64	1573139080188	1573139080236	OK	 
REQUEST	1		request_61	1573139080142	1573139080242	OK	 
REQUEST	1		request_60	1573139080140	1573139080410	OK	 
REQUEST	1		request_59	1573139080131	1573139080447	OK	 
REQUEST	1		request_62	1573139080155	1573139080473	OK	 
REQUEST	1		request_66	1573139080238	1573139080548	OK	 
REQUEST	1		request_65	1573139080235	1573139080553	OK	 
REQUEST	1		request_69	1573139080445	1573139080557	OK	 
REQUEST	1		request_70	1573139080450	1573139080561	OK	 
REQUEST	1		request_74	1573139080552	1573139080600	OK	 
REQUEST	1		request_77	1573139080555	1573139080602	OK	 
REQUEST	1		request_78	1573139080559	1573139080604	OK	 
REQUEST	1		request_102	1573139079356	1573139080648	OK	 
REQUEST	1		request_80	1573139080563	1573139080650	OK	 
REQUEST	1		request_72	1573139080544	1573139080653	OK	 
REQUEST	1		request_81	1573139080601	1573139080658	OK	 
REQUEST	1		request_82	1573139080603	1573139080661	OK	 
REQUEST	1		request_83	1573139080606	1573139080684	OK	 
REQUEST	1		request_68	1573139080394	1573139080687	OK	 
REQUEST	1		request_85	1573139080658	1573139080691	OK	 
REQUEST	1		request_86	1573139080660	1573139080699	OK	 
REQUEST	1		request_87	1573139080663	1573139080717	OK	 
REQUEST	1		request_88	1573139080686	1573139080739	OK	 
REQUEST	1		request_84	1573139080652	1573139080743	OK	 
REQUEST	1		request_89	1573139080688	1573139080746	OK	 
REQUEST	1		request_91	1573139080700	1573139080750	OK	 
REQUEST	1		request_92	1573139080719	1573139080753	OK	 
REQUEST	1		request_90	1573139080692	1573139080768	OK	 
REQUEST	1		request_93	1573139080740	1573139080785	OK	 
REQUEST	1		request_95	1573139080749	1573139080789	OK	 
REQUEST	1		request_96	1573139080752	1573139080791	OK	 
REQUEST	1		request_94	1573139080745	1573139080794	OK	 
REQUEST	1		request_103	1573139080770	1573139080801	OK	 
REQUEST	1		request_97	1573139080755	1573139080803	OK	 
REQUEST	1		request_110	1573139080793	1573139080824	OK	 
REQUEST	1		request_109	1573139080790	1573139080849	OK	 
REQUEST	1		request_111	1573139080795	1573139080872	OK	 
REQUEST	1		request_114	1573139080804	1573139080875	OK	 
REQUEST	1		request_112	1573139080802	1573139080878	OK	 
REQUEST	1		request_115	1573139080827	1573139080882	OK	 
REQUEST	1		request_117	1573139080873	1573139080950	OK	 
REQUEST	1		request_121	1573139080880	1573139080957	OK	 
REQUEST	1		request_118	1573139080877	1573139080959	OK	 
REQUEST	1		request_116	1573139080851	1573139080961	OK	 
REQUEST	1		request_129	1573139080962	1573139081063	OK	 
REQUEST	1		request_107	1573139080787	1573139081082	OK	 
REQUEST	1		request_133	1573139081065	1573139081119	OK	 
REQUEST	1		request_124	1573139080958	1573139081190	OK	 
REQUEST	1		request_134	1573139081104	1573139081205	OK	 
REQUEST	1		request_123	1573139080952	1573139081209	OK	 
REQUEST	1		request_125	1573139080960	1573139081215	OK	 
REQUEST	1		request_135	1573139081121	1573139081217	OK	 
REQUEST	1		request_137	1573139081207	1573139081254	OK	 
REQUEST	1		request_136	1573139081204	1573139081257	OK	 
REQUEST	1		request_140	1573139081216	1573139081268	OK	 
REQUEST	1		request_138	1573139081214	1573139081270	OK	 
REQUEST	1		request_143	1573139081219	1573139081273	OK	 
REQUEST	1		request_122	1573139080883	1573139081291	OK	 
REQUEST	1		request_145	1573139081256	1573139081321	OK	 
REQUEST	1		request_67	1573139079150	1573139081669	OK	 
REQUEST	1		request_101	1573139079355	1573139082649	OK	 
REQUEST	1		request_146	1573139085673	1573139085712	OK	 
REQUEST	1		request_226	1573139085756	1573139085773	OK	 
REQUEST	1		request_147	1573139085755	1573139085773	OK	 
REQUEST	1		request_149	1573139085770	1573139085783	OK	 
REQUEST	1		request_152	1573139085771	1573139085785	OK	 
REQUEST	1		request_244	1573139085767	1573139085858	OK	 
REQUEST	1		request_251	1573139085768	1573139085862	OK	 
REQUEST	1		request_236	1573139085767	1573139085863	OK	 
REQUEST	1		request_155	1573139085786	1573139085865	OK	 
REQUEST	1		request_154	1573139085784	1573139085871	OK	 
REQUEST	1		request_227	1573139085768	1573139085895	OK	 
REQUEST	1		request_157	1573139085872	1573139085901	OK	 
REQUEST	1		request_156	1573139085870	1573139085910	OK	 
REQUEST	1		request_150	1573139085771	1573139085915	OK	 
REQUEST	1		request_159	1573139085914	1573139085932	OK	 
REQUEST	1		request_158	1573139085905	1573139085938	OK	 
REQUEST	1		request_160	1573139085922	1573139085956	OK	 
REQUEST	1		request_162	1573139085941	1573139085960	OK	 
REQUEST	1		request_161	1573139085935	1573139085964	OK	 
REQUEST	1		request_163	1573139085958	1573139085982	OK	 
REQUEST	1		request_165	1573139085968	1573139085989	OK	 
REQUEST	1		request_164	1573139085963	1573139085991	OK	 
REQUEST	1		request_166	1573139085983	1573139086029	OK	 
REQUEST	1		request_167	1573139085990	1573139086049	OK	 
REQUEST	1		request_148	1573139085770	1573139086074	OK	 
REQUEST	1		request_168	1573139085998	1573139086088	OK	 
REQUEST	1		request_218	1573139085756	1573139086090	OK	 
REQUEST	1		request_169	1573139086031	1573139086098	OK	 
REQUEST	1		request_170	1573139086059	1573139086101	OK	 
REQUEST	1		request_171	1573139086087	1573139086124	OK	 
REQUEST	1		request_172	1573139086089	1573139086128	OK	 
REQUEST	1		request_173	1573139086101	1573139086130	OK	 
REQUEST	1		request_174	1573139086102	1573139086131	OK	 
REQUEST	1		request_175	1573139086125	1573139086140	OK	 
REQUEST	1		request_176	1573139086129	1573139086150	OK	 
REQUEST	1		request_177	1573139086131	1573139086152	OK	 
REQUEST	1		request_178	1573139086132	1573139086178	OK	 
REQUEST	1		request_179	1573139086141	1573139086181	OK	 
REQUEST	1		request_180	1573139086151	1573139086184	OK	 
REQUEST	1		request_181	1573139086177	1573139086192	OK	 
REQUEST	1		request_182	1573139086180	1573139086213	OK	 
REQUEST	1		request_183	1573139086183	1573139086215	OK	 
REQUEST	1		request_185	1573139086193	1573139086221	OK	 
REQUEST	1		request_184	1573139086188	1573139086223	OK	 
REQUEST	1		request_151	1573139085771	1573139086224	OK	 
REQUEST	1		request_153	1573139085772	1573139086239	OK	 
REQUEST	1		request_188	1573139086222	1573139086243	OK	 
REQUEST	1		request_187	1573139086218	1573139086245	OK	 
REQUEST	1		request_186	1573139086214	1573139086247	OK	 
REQUEST	1		request_189	1573139086224	1573139086250	OK	 
REQUEST	1		request_192	1573139086244	1573139086263	OK	 
REQUEST	1		request_190	1573139086233	1573139086265	OK	 
REQUEST	1		request_195	1573139086251	1573139086283	OK	 
REQUEST	1		request_194	1573139086248	1573139086287	OK	 
REQUEST	1		request_191	1573139086242	1573139086304	OK	 
REQUEST	1		request_198	1573139086285	1573139086320	OK	 
REQUEST	1		request_199	1573139086289	1573139086331	OK	 
REQUEST	1		request_268	1573139085769	1573139086373	OK	 
REQUEST	1		request_197	1573139086267	1573139086380	OK	 
REQUEST	1		request_201	1573139086321	1573139086383	OK	 
REQUEST	1		request_202	1573139086333	1573139086400	OK	 
REQUEST	1		request_203	1573139086383	1573139086429	OK	 
REQUEST	1		request_204	1573139086386	1573139086440	OK	 
REQUEST	1		request_205	1573139086402	1573139086444	OK	 
REQUEST	1		request_200	1573139086308	1573139086450	OK	 
REQUEST	1		request_207	1573139086441	1573139086461	OK	 
REQUEST	1		request_208	1573139086448	1573139086476	OK	 
REQUEST	1		request_209	1573139086456	1573139086510	OK	 
REQUEST	1		request_206	1573139086430	1573139086521	OK	 
REQUEST	1		request_211	1573139086478	1573139086531	OK	 
REQUEST	1		request_212	1573139086511	1573139086553	OK	 
REQUEST	1		request_214	1573139086533	1573139086617	OK	 
REQUEST	1		request_216	1573139086555	1573139086622	OK	 
REQUEST	1		request_210	1573139086462	1573139086637	OK	 
REQUEST	1		request_219	1573139086634	1573139086697	OK	 
REQUEST	1		request_217	1573139086619	1573139086702	OK	 
REQUEST	1		request_220	1573139086666	1573139086705	OK	 
REQUEST	1		request_196	1573139086264	1573139086715	OK	 
REQUEST	1		request_221	1573139086701	1573139086720	OK	 
REQUEST	1		request_224	1573139086707	1573139086726	OK	 
REQUEST	1		request_222	1573139086703	1573139086728	OK	 
REQUEST	1		request_229	1573139086721	1573139086764	OK	 
REQUEST	1		request_232	1573139086766	1573139086789	OK	 
REQUEST	1		request_231	1573139086730	1573139086799	OK	 
REQUEST	1		request_230	1573139086728	1573139086829	OK	 
REQUEST	1		request_234	1573139086800	1573139086837	OK	 
REQUEST	1		request_233	1573139086790	1573139086839	OK	 
REQUEST	1		request_237	1573139086838	1573139086853	OK	 
REQUEST	1		request_238	1573139086841	1573139086857	OK	 
REQUEST	1		request_235	1573139086836	1573139086869	OK	 
REQUEST	1		request_240	1573139086868	1573139086892	OK	 
REQUEST	1		request_228	1573139086719	1573139086893	OK	 
REQUEST	1		request_239	1573139086855	1573139086910	OK	 
REQUEST	1		request_241	1573139086870	1573139086918	OK	 
REQUEST	1		request_246	1573139086911	1573139086934	OK	 
REQUEST	1		request_213	1573139086522	1573139086947	OK	 
REQUEST	1		request_247	1573139086919	1573139086954	OK	 
REQUEST	1		request_245	1573139086895	1573139086958	OK	 
REQUEST	1		request_248	1573139086936	1573139086959	OK	 
REQUEST	1		request_243	1573139086893	1573139086963	OK	 
REQUEST	1		request_256	1573139086960	1573139086991	OK	 
REQUEST	1		request_259	1573139086967	1573139087038	OK	 
REQUEST	1		request_261	1573139087039	1573139087075	OK	 
REQUEST	1		request_262	1573139087076	1573139087129	OK	 
REQUEST	1		request_260	1573139086993	1573139087135	OK	 
REQUEST	1		request_263	1573139087130	1573139087158	OK	 
REQUEST	1		request_265	1573139087159	1573139087179	OK	 
REQUEST	1		request_252	1573139086958	1573139087192	OK	 
REQUEST	1		request_266	1573139087181	1573139087232	OK	 
REQUEST	1		request_264	1573139087137	1573139087245	OK	 
REQUEST	1		request_250	1573139086957	1573139087298	OK	 
REQUEST	1		request_249	1573139086954	1573139087321	OK	 
REQUEST	1		request_269	1573139087195	1573139087367	OK	 
REQUEST	1		request_193	1573139086246	1573139087428	OK	 
REQUEST	1		request_270	1573139089434	1573139089477	OK	 
REQUEST	1		request_271	1573139089501	1573139089578	OK	 
REQUEST	1		request_272	1573139089502	1573139089754	OK	 
REQUEST	1		request_273	1573139092743	1573139093093	OK	 
REQUEST	1		request_282	1573139093296	1573139093398	OK	 
REQUEST	1		request_283	1573139093297	1573139093400	OK	 
REQUEST	1		mmapi.js	1573139093348	1573139093402	OK	 
REQUEST	1		request_327	1573139093298	1573139093405	OK	 
REQUEST	1		request_329	1573139093298	1573139093407	OK	 
REQUEST	1		datalayercorporativo.min.js	1573139093388	1573139093414	OK	 
REQUEST	1		favicon.ico?rev=23	1573139093378	1573139093418	OK	 
REQUEST	1		minisp.min.js	1573139093379	1573139093420	OK	 
REQUEST	1		bluebird.min.js	1573139093389	1573139093477	OK	 
REQUEST	1		request_310	1573139093303	1573139093481	OK	 
REQUEST	1		knockout-3.4.1.min.js?v=1	1573139093421	1573139093508	OK	 
REQUEST	1		request_304	1573139093302	1573139093518	OK	 
REQUEST	1		request_284	1573139093349	1573139093529	OK	 
REQUEST	1		ko.sp-1.0.min.js	1573139093480	1573139093544	OK	 
REQUEST	1		jquery.spservices-2014.02.min.js	1573139093419	1573139093551	OK	 
REQUEST	1		slick.min.js	1573139093515	1573139093563	OK	 
REQUEST	1		request_330	1573139093299	1573139093588	OK	 
REQUEST	1		request_341	1573139093372	1573139093589	OK	 
REQUEST	1		rangeslider.min.js	1573139093545	1573139093598	OK	 
REQUEST	1		ion.rangeslider.min.js	1573139093554	1573139093612	OK	 
REQUEST	1		picturefill.min.js	1573139093565	1573139093620	OK	 
REQUEST	1		bootstrap.min.js	1573139093417	1573139093628	OK	 
REQUEST	1		validate.min.js	1573139093599	1573139093656	OK	 
REQUEST	1		afiliaciones.config.js?v=5	1573139093629	1573139093659	OK	 
REQUEST	1		jquery.validate.min.js	1573139093614	1573139093661	OK	 
REQUEST	1		croppie.min.js	1573139093621	1573139093662	OK	 
REQUEST	1		init.js?rev=ZwTQYqYlNTyyuMWaLlhwSg%3D%3D	1573139093381	1573139093664	OK	 
REQUEST	1		request_340	1573139093350	1573139093670	OK	 
REQUEST	1		compTools.min.js?v=1	1573139093658	1573139093685	OK	 
REQUEST	1		jquery-3.1.1.min.js	1573139093382	1573139093695	OK	 
REQUEST	1		compensar.actualizarcorreo.min.js	1573139093662	1573139093701	OK	 
REQUEST	1		sjcl.min.js	1573139093664	1573139093711	OK	 
REQUEST	1		compensar.loadComponents.min.js?v=1	1573139093668	1573139093713	OK	 
REQUEST	1		compensar.tiempoInactividad.min.js?v=1	1573139093687	1573139093715	OK	 
REQUEST	1		compensar.script.min.js	1573139093660	1573139093719	OK	 
REQUEST	1		request_332	1573139093300	1573139093721	OK	 
REQUEST	1		request_337	1573139093303	1573139093725	OK	 
REQUEST	1		request_338	1573139093330	1573139093728	OK	 
REQUEST	1		compensar.menuDesplegable.min.js?v=1	1573139093718	1573139093731	OK	 
REQUEST	1		compensar.enModoEdicion.min.js?v=1	1573139093697	1573139093732	OK	 
REQUEST	1		compensar.detectarAncho.min.js?v=1	1573139093710	1573139093745	OK	 
REQUEST	1		compensar.deferImages.min.js?v=1	1573139093713	1573139093747	OK	 
REQUEST	1		compensar.miCompensarPerfil.min.js?v=1	1573139093720	1573139093749	OK	 
REQUEST	1		compensar.agregarTitulowebparts.min.js?v=1	1573139093714	1573139093751	OK	 
REQUEST	1		compensar.controlPestanas.min.js?v=1	1573139093732	1573139093762	OK	 
REQUEST	1		compensar.filtroControlerVivienda.min.js?v=1	1573139093746	1573139093767	OK	 
REQUEST	1		compensar.controlAcordeon.min.js?v=1	1573139093734	1573139093769	OK	 
REQUEST	1		headerNav.min.js?v=1	1573139093751	1573139093771	OK	 
REQUEST	1		mainContent.min.js?v=1	1573139093749	1573139093778	OK	 
REQUEST	1		modeloMenuAux.min.js?v=1	1573139093752	1573139093780	OK	 
REQUEST	1		compensar.componenteEmailController.min.js?v=1	1573139093770	1573139093798	OK	 
REQUEST	1		compensar.componentePopUpController.min.js?v=1	1573139093772	1573139093802	OK	 
REQUEST	1		compensar.quitarLoading.min.js?v=1	1573139093768	1573139093803	OK	 
REQUEST	1		compensar.menuSecundario.min.js?v=1	1573139093765	1573139093805	OK	 
REQUEST	1		compensar.notificaciones.min.js	1573139093779	1573139093819	OK	 
REQUEST	1		customactioncall.js	1573139093802	1573139093830	OK	 
REQUEST	1		blank.js?rev=ZaOXZEobVwykPO9g8hq%2F8A%3D%3D	1573139093804	1573139093833	OK	 
REQUEST	1		customcanales.min.js	1573139093781	1573139093838	OK	 
REQUEST	1		ScriptResource.axd?d=LzPGXWTyY4NfgAzL7AVGti8jNkeNvyxE7t2p3M-3BPJvKFvvkBUGxbbcxESn55TFNOUl8xW6SvygFDc-U8cavgouTpfnyDz3b86dyb2Q1b12B-B2zqJbKL3UrhnjJpkL79pBm9zX4FVDPUA4BsjrvCFATMYLp3cyBtLpIkBKZKUxDrfJga0vw4ZjurZ0mn1o0&t=2b48f70a	1573139093807	1573139093849	OK	 
REQUEST	1		ScriptResource.axd?d=DbBIHdj-QC5CO88xwauS5dkoqIs6nZmS0i8rusZB1q2JCx1O17otX38Pbo9-Co9QXf_ywgPOgCaWxydR-v-KO_BCuip-vRkoHzjnd81XPEqYhrrZRFvD28DBse-3zjaVmjdm2hC17AQqDXfxT3KoyoLs-sQ7qPLfqrjuPJokLcOn_d3Dmrsd446-Hg6mDbff0&t=2b48f70a	1573139093803	1573139093853	OK	 
REQUEST	1		sp.init.js?rev=jvJC3Kl5gbORaLtf7kxULQ%3D%3D	1573139093829	1573139093859	OK	 
REQUEST	1		request_336	1573139093300	1573139093888	OK	 
REQUEST	1		clientrenderer.js?rev=PWwV4FATEiOxN90BeB5Hzw%3D%3D	1573139093851	1573139093900	OK	 
REQUEST	1		request_339	1573139093301	1573139093912	OK	 
REQUEST	1		ScriptResx.ashx?culture=es%2Des&name=SP%2ERes&rev=DoAHv8R6TO7rl33LcYBJTA%3D%3D	1573139093833	1573139093916	OK	 
REQUEST	1		sp.runtime.js?rev=5f2WkYJoaxlIRdwUeg4WEg%3D%3D	1573139093838	1573139093959	OK	 
REQUEST	1		search.cbs.js?rev=S5EegsQhNKgWxVFmcqr5dQ%3D%3D	1573139093901	1573139093967	OK	 
REQUEST	1		sp.search.js?rev=dMkPlEXpdY6iJ%2FsY5RsB0g%3D%3D	1573139093840	1573139093975	OK	 
REQUEST	1		ScriptResx.ashx?culture=es%2Des&name=Srch%2EResources&rev=GVo354neq7eNTurLgIdpJQ%3D%3D	1573139093858	1573139093983	OK	 
REQUEST	1		spcommon.png?rev=23	1573139093918	1573139093990	OK	 
REQUEST	1		logo_compensar.png?rev=23	1573139093962	1573139094015	OK	 
REQUEST	1		WebResource.axd?d=hcspxoKGngdkW0b6xYvFftMD9L7tgVctZKvxUqyhcPMOX4gSlmQgLLYGJ7F9lMuasHqe9Mv5x6g7VZmrwkJEQmLxw_pNwohGyqmgqyaeGpA1&t=636767428042202005	1573139093974	1573139094064	OK	 
REQUEST	1		searchresultui.png?rev=23	1573139093993	1573139094073	OK	 
REQUEST	1		logo-compensar-gris.svg	1573139093988	1573139094079	OK	 
REQUEST	1		request_342	1573139093349	1573139094087	OK	 
REQUEST	1		WebResource.axd?d=VE1LltKE1dXL7-UbkAp-bt6ljn4Brx0V3X9hDRsD8jSFT9qB8YndTHVisocnrFQ8rNfw3OXiDn_Fb7iUlcK8bUIBKyIA1h_3y1b4G2-c7f01&t=636767428042202005	1573139094016	1573139094091	OK	 
REQUEST	1		request_291	1573139093302	1573139094093	OK	 
REQUEST	1		search.clientcontrols.js?rev=8Q15HW2EU2aXBktJq5YW%2FA%3D%3D	1573139093861	1573139094095	OK	 
REQUEST	1		logo_compensar.png	1573139093978	1573139094100	OK	 
REQUEST	1		nodearrow.png	1573139094065	1573139094101	OK	 
REQUEST	1		ParqueaderosV2.js	1573139094080	1573139094102	OK	 
REQUEST	1		marcador.png	1573139094092	1573139094112	OK	 
REQUEST	1		mainContentInterno.js	1573139094101	1573139094114	OK	 
REQUEST	1		request_275	1573139094102	1573139094138	OK	 
REQUEST	1		request_276	1573139094103	1573139094141	OK	 
REQUEST	1		estilos.css	1573139094074	1573139094143	OK	 
REQUEST	1		compensar.detallevivienda.min.css?ctag=5143$$15.0.4927.1000	1573139094099	1573139094174	OK	 
REQUEST	1		request_287	1573139094143	1573139094208	OK	 
REQUEST	1		request_285	1573139094140	1573139094213	OK	 
REQUEST	1		request_288	1573139094177	1573139094244	OK	 
REQUEST	1		request_277	1573139094113	1573139094289	OK	 
REQUEST	1		request_290	1573139094215	1573139094297	OK	 
REQUEST	1		request_292	1573139094245	1573139094298	OK	 
REQUEST	1		request_286	1573139094142	1573139094312	OK	 
REQUEST	1		request_289	1573139094210	1573139094319	OK	 
REQUEST	1		request_294	1573139094297	1573139094327	OK	 
REQUEST	1		request_293	1573139094296	1573139094328	OK	 
REQUEST	1		request_278	1573139094114	1573139094333	OK	 
REQUEST	1		request_295	1573139094299	1573139094339	OK	 
REQUEST	1		request_297	1573139094321	1573139094341	OK	 
REQUEST	1		request_299	1573139094329	1573139094392	OK	 
REQUEST	1		request_298	1573139094328	1573139094393	OK	 
REQUEST	1		request_296	1573139094319	1573139094395	OK	 
REQUEST	1		request_300	1573139094338	1573139094409	OK	 
REQUEST	1		request_307	1573139094394	1573139094417	OK	 
REQUEST	1		request_306	1573139094393	1573139094418	OK	 
REQUEST	1		request_311	1573139094418	1573139094448	OK	 
REQUEST	1		request_303	1573139094340	1573139094458	OK	 
REQUEST	1		request_309	1573139094409	1573139094474	OK	 
REQUEST	1		request_308	1573139094397	1573139094490	OK	 
REQUEST	1		request_319	1573139094481	1573139094541	OK	 
REQUEST	1		request_305	1573139094342	1573139094542	OK	 
REQUEST	1		request_320	1573139094492	1573139094557	OK	 
REQUEST	1		request_321	1573139094541	1573139094575	OK	 
REQUEST	1		request_322	1573139094550	1573139094596	OK	 
REQUEST	1		request_323	1573139094558	1573139094616	OK	 
REQUEST	1		request_316	1573139094449	1573139094672	OK	 
REQUEST	1		request_331	1573139094617	1573139094694	OK	 
REQUEST	1		request_318	1573139094459	1573139094696	OK	 
REQUEST	1		request_324	1573139094576	1573139094698	OK	 
REQUEST	1		request_328	1573139094597	1573139094700	OK	 
REQUEST	1		request_333	1573139094693	1573139094732	OK	 
REQUEST	1		request_314	1573139094420	1573139094741	OK	 
REQUEST	1		request_334	1573139094695	1573139094848	OK	 
USER	sedes	1	END	1573139078135	1573139094885
