RUN	Compenssar.home2	home2	1573814477214	 	3.0.2
USER	home2	1	START	1573814479390	1573814479390
REQUEST	1		request_0	1573814479430	1573814480272	OK	 
REQUEST	1		request_2	1573814480468	1573814480493	OK	 
REQUEST	1		request_18	1573814480518	1573814480550	OK	 
REQUEST	1		request_19	1573814480569	1573814480632	OK	 
REQUEST	1		request_14	1573814480405	1573814480685	OK	 
REQUEST	1		request_16	1573814480406	1573814480688	OK	 
REQUEST	1		request_20	1573814480638	1573814480697	OK	 
REQUEST	1		request_90	1573814480407	1573814480701	OK	 
REQUEST	1		request_6	1573814480458	1573814480712	OK	 
REQUEST	1		request_24	1573814480700	1573814480720	OK	 
REQUEST	1		request_8	1573814480470	1573814480734	OK	 
REQUEST	1		request_25	1573814480724	1573814480738	OK	 
REQUEST	1		request_17	1573814480473	1573814480754	OK	 
REQUEST	1		request_28	1573814480742	1573814480760	OK	 
REQUEST	1		request_7	1573814480469	1573814480763	OK	 
REQUEST	1		request_27	1573814480736	1573814480767	OK	 
REQUEST	1		request_5	1573814480417	1573814480778	OK	 
REQUEST	1		request_29	1573814480759	1573814480781	OK	 
REQUEST	1		request_30	1573814480762	1573814480785	OK	 
REQUEST	1		request_31	1573814480766	1573814480792	OK	 
REQUEST	1		request_3	1573814480380	1573814480798	OK	 
REQUEST	1		request_4	1573814480395	1573814480801	OK	 
REQUEST	1		request_32	1573814480770	1573814480804	OK	 
REQUEST	1		request_35	1573814480788	1573814480807	OK	 
REQUEST	1		request_34	1573814480784	1573814480811	OK	 
REQUEST	1		request_36	1573814480795	1573814480816	OK	 
REQUEST	1		request_37	1573814480806	1573814480822	OK	 
REQUEST	1		request_38	1573814480810	1573814480827	OK	 
REQUEST	1		request_49	1573814480829	1573814480847	OK	 
REQUEST	1		request_50	1573814480848	1573814480869	OK	 
REQUEST	1		request_41	1573814480814	1573814480879	OK	 
REQUEST	1		request_11	1573814480396	1573814480885	OK	 
REQUEST	1		request_39	1573814480402	1573814480904	OK	 
REQUEST	1		request_51	1573814480871	1573814480908	OK	 
REQUEST	1		request_40	1573814480403	1573814480911	OK	 
REQUEST	1		request_47	1573814480824	1573814480933	OK	 
REQUEST	1		request_53	1573814480910	1573814480941	OK	 
REQUEST	1		request_1	1573814480474	1573814481001	OK	 
REQUEST	1		request_56	1573814480962	1573814481009	OK	 
REQUEST	1		request_60	1573814480459	1573814481025	OK	 
REQUEST	1		request_52	1573814480882	1573814481029	OK	 
REQUEST	1		request_57	1573814481012	1573814481090	KO	status.find.in(200,201,202,203,204,205,206,207,208,209,304), found 500
REQUEST	1		request_59	1573814481031	1573814481099	KO	status.find.in(200,201,202,203,204,205,206,207,208,209,304), found 400
REQUEST	1		request_54	1573814480940	1573814481191	OK	 
REQUEST	1		request_61	1573814481098	1573814481203	OK	 
REQUEST	1		request_42	1573814480818	1573814481240	OK	 
REQUEST	1		request_62	1573814481102	1573814481267	OK	 
REQUEST	1		request_66	1573814481269	1573814481279	OK	 
REQUEST	1		request_65	1573814481243	1573814481282	OK	 
REQUEST	1		request_64	1573814481205	1573814481285	OK	 
REQUEST	1		request_67	1573814481281	1573814481293	OK	 
REQUEST	1		request_68	1573814481284	1573814481300	OK	 
REQUEST	1		request_69	1573814481287	1573814481302	OK	 
REQUEST	1		request_70	1573814481294	1573814481310	OK	 
REQUEST	1		request_63	1573814481202	1573814481313	OK	 
REQUEST	1		request_71	1573814481302	1573814481317	OK	 
REQUEST	1		request_72	1573814481304	1573814481324	OK	 
REQUEST	1		request_74	1573814481315	1573814481326	OK	 
REQUEST	1		request_76	1573814481325	1573814481335	OK	 
REQUEST	1		request_77	1573814481327	1573814481349	OK	 
REQUEST	1		request_78	1573814481336	1573814481356	OK	 
REQUEST	1		request_79	1573814481350	1573814481368	OK	 
REQUEST	1		request_80	1573814481357	1573814481385	OK	 
REQUEST	1		request_73	1573814481312	1573814481395	OK	 
REQUEST	1		request_81	1573814481383	1573814481416	OK	 
REQUEST	1		request_83	1573814481398	1573814481422	OK	 
REQUEST	1		request_82	1573814481389	1573814481424	OK	 
REQUEST	1		request_84	1573814481417	1573814481444	OK	 
REQUEST	1		request_85	1573814481424	1573814481446	OK	 
REQUEST	1		request_75	1573814481319	1573814481449	OK	 
REQUEST	1		request_87	1573814481425	1573814481496	OK	 
REQUEST	1		request_88	1573814481445	1573814481502	OK	 
REQUEST	1		request_91	1573814481457	1573814481516	OK	 
REQUEST	1		request_89	1573814481447	1573814481613	OK	 
REQUEST	1		request_13	1573814480404	1573814481680	OK	 
REQUEST	1		request_12	1573814480403	1573814481683	OK	 
REQUEST	1		request_15	1573814480406	1573814481685	OK	 
REQUEST	1		request_10	1573814480472	1573814481841	OK	 
REQUEST	1		request_9	1573814480471	1573814481963	OK	 
ERROR	request_92: Failed to build request: Resource /home2/0092_request.txt not found 	1573814489988
USER	home2	1	END	1573814479390	1573814489994
