RUN	Compenssar.home	home	1573144376833	 	3.0.2
USER	home	1	START	1573144379070	1573144379070
REQUEST	1		home_html	1573144379110	1573144379320	OK	 
ERROR	request_43: Failed to build request: Resource /home/0043_request.dat not found 	1573144379469
ERROR	request_45: Failed to build request: Resource /home/0045_request.dat not found 	1573144379470
ERROR	request_48: Failed to build request: Resource /home/0048_request.dat not found 	1573144379470
ERROR	request_55: Failed to build request: Resource /home/0055_request.dat not found 	1573144379471
ERROR	request_58: Failed to build request: Resource /home/0058_request.dat not found 	1573144379471
ERROR	request_60: Failed to build request: Resource /home/0060_request.dat not found 	1573144379471
ERROR	request_70: Failed to build request: Resource /home/0070_request.dat not found 	1573144379472
ERROR	request_71: Failed to build request: Resource /home/0071_request.dat not found 	1573144379472
REQUEST	1		0841a3cdb3ab20008469e2f66cc41806567fd2a9f6b5d4200c8e1de63bdfcb331054fcff2c2f0e65?type=8	1573144379576	1573144379763	OK	 
REQUEST	1		request_36	1573144379545	1573144379802	OK	 
REQUEST	1		request_5	1573144379801	1573144379851	OK	 
REQUEST	1		request_37	1573144379546	1573144379887	OK	 
REQUEST	1		request_38	1573144379547	1573144379893	OK	 
REQUEST	1		request_39	1573144379548	1573144379896	OK	 
REQUEST	1		request_9	1573144379549	1573144379928	OK	 
REQUEST	1		request_10	1573144379856	1573144379952	OK	 
REQUEST	1		request_40	1573144379548	1573144379956	OK	 
REQUEST	1		request_7	1573144379492	1573144379959	OK	 
REQUEST	1		request_8	1573144379501	1573144380026	OK	 
REQUEST	1		request_11	1573144379955	1573144380029	OK	 
REQUEST	1		request_3	1573144379583	1573144380069	OK	 
REQUEST	1		request_12	1573144380031	1573144380151	OK	 
REQUEST	1		request_1	1573144379579	1573144380159	OK	 
REQUEST	1		request_13	1573144380096	1573144380173	OK	 
REQUEST	1		request_6	1573144379586	1573144380378	OK	 
REQUEST	1		request_15	1573144380153	1573144380405	OK	 
REQUEST	1		request_14	1573144379502	1573144380417	OK	 
REQUEST	1		request_50	1573144379543	1573144380432	OK	 
REQUEST	1		request_56	1573144379543	1573144380434	OK	 
REQUEST	1		request_79	1573144379560	1573144380437	OK	 
REQUEST	1		0841a3cdb3ab20008469e2f66cc41806567fd2a9f6b5d4200c8e1de63bdfcb331054fcff2c2f0e65?type=12	1573144379577	1573144380439	OK	 
REQUEST	1		request_16	1573144380170	1573144380443	OK	 
REQUEST	1		request_17	1573144380216	1573144380447	OK	 
REQUEST	1		request_19	1573144380412	1573144380452	OK	 
REQUEST	1		request_21	1573144380446	1573144380485	OK	 
REQUEST	1		request_23	1573144380455	1573144380488	OK	 
REQUEST	1		request_20	1573144380442	1573144380491	OK	 
REQUEST	1		request_22	1573144380450	1573144380495	OK	 
REQUEST	1		request_24	1573144380487	1573144380511	OK	 
REQUEST	1		request_25	1573144380490	1573144380519	OK	 
REQUEST	1		request_4	1573144379584	1573144380558	OK	 
REQUEST	1		request_26	1573144380494	1573144380576	OK	 
REQUEST	1		request_30	1573144380514	1573144380580	OK	 
REQUEST	1		request_29	1573144380499	1573144380584	OK	 
REQUEST	1		request_31	1573144380522	1573144380587	OK	 
REQUEST	1		request_44	1573144380589	1573144380609	OK	 
REQUEST	1		request_33	1573144380579	1573144380623	OK	 
REQUEST	1		request_41	1573144380583	1573144380629	OK	 
REQUEST	1		request_32	1573144380575	1573144380634	OK	 
REQUEST	1		request_47	1573144380628	1573144380652	OK	 
REQUEST	1		request_42	1573144380586	1573144380657	OK	 
REQUEST	1		request_49	1573144380632	1573144380672	OK	 
REQUEST	1		request_51	1573144380639	1573144380675	OK	 
REQUEST	1		request_52	1573144380656	1573144380689	OK	 
REQUEST	1		request_54	1573144380674	1573144380708	OK	 
REQUEST	1		request_46	1573144380621	1573144380747	OK	 
REQUEST	1		request_61	1573144380725	1573144380754	OK	 
REQUEST	1		request_62	1573144380753	1573144380784	OK	 
REQUEST	1		request_63	1573144380756	1573144380789	OK	 
REQUEST	1		request_64	1573144380787	1573144380836	OK	 
REQUEST	1		request_66	1573144380792	1573144380839	OK	 
REQUEST	1		request_53	1573144380659	1573144380843	OK	 
REQUEST	1		request_67	1573144380838	1573144380856	OK	 
REQUEST	1		request_68	1573144380842	1573144380877	OK	 
REQUEST	1		request_69	1573144380845	1573144380892	OK	 
REQUEST	1		request_72	1573144380858	1573144380927	OK	 
REQUEST	1		request_74	1573144380894	1573144380946	OK	 
REQUEST	1		request_73	1573144380878	1573144380996	OK	 
REQUEST	1		request_75	1573144380929	1573144381045	OK	 
REQUEST	1		request_80	1573144380998	1573144381049	OK	 
REQUEST	1		request_76	1573144380948	1573144381051	OK	 
REQUEST	1		request_57	1573144380677	1573144381102	OK	 
REQUEST	1		request_59	1573144380707	1573144381135	OK	 
REQUEST	1		request_2	1573144379581	1573144383190	OK	 
USER	home	1	END	1573144379070	1573144383206
