RUN	Compenssar.sedes	sedes	1573053879720	 	3.0.2
USER	sedes	1	START	1573053882451	1573053882451
REQUEST	1		request_0	1573053882485	1573053882810	OK	 
ERROR	request_119: Failed to build request: Resource /sedes/0119_request.dat not found 	1573053882920
ERROR	request_120: Failed to build request: Resource /sedes/0120_request.dat not found 	1573053882921
ERROR	request_126: Failed to build request: Resource /sedes/0126_request.dat not found 	1573053882922
ERROR	request_127: Failed to build request: Resource /sedes/0127_request.dat not found 	1573053882923
ERROR	request_128: Failed to build request: Resource /sedes/0128_request.dat not found 	1573053882923
ERROR	request_130: Failed to build request: Resource /sedes/0130_request.dat not found 	1573053882924
ERROR	request_131: Failed to build request: Resource /sedes/0131_request.dat not found 	1573053882924
ERROR	request_132: Failed to build request: Resource /sedes/0132_request.dat not found 	1573053882925
REQUEST	1		request_71	1573053883142	1573053883308	OK	 
REQUEST	1		request_1	1573053883160	1573053883324	OK	 
REQUEST	1		request_3	1573053883162	1573053883345	OK	 
REQUEST	1		request_76	1573053883151	1573053883373	OK	 
REQUEST	1		request_98	1573053883132	1573053883390	OK	 
REQUEST	1		request_99	1573053883139	1573053883402	OK	 
REQUEST	1		request_100	1573053883140	1573053883404	OK	 
REQUEST	1		request_101	1573053883141	1573053883409	OK	 
REQUEST	1		request_102	1573053883141	1573053883412	OK	 
REQUEST	1		request_6	1573053883165	1573053883415	OK	 
REQUEST	1		request_5	1573053883164	1573053883456	OK	 
REQUEST	1		request_9	1573053883419	1573053883467	OK	 
REQUEST	1		request_73	1573053882961	1573053883491	OK	 
REQUEST	1		request_75	1573053882964	1573053883494	OK	 
REQUEST	1		request_10	1573053883457	1573053883496	OK	 
REQUEST	1		request_79	1573053883116	1573053883500	OK	 
REQUEST	1		request_11	1573053883472	1573053883505	OK	 
REQUEST	1		request_12	1573053883498	1573053883510	OK	 
REQUEST	1		request_13	1573053883507	1573053883514	OK	 
REQUEST	1		request_14	1573053883512	1573053883519	OK	 
REQUEST	1		request_15	1573053883516	1573053883528	OK	 
REQUEST	1		request_16	1573053883521	1573053883539	OK	 
REQUEST	1		request_18	1573053883541	1573053883549	OK	 
REQUEST	1		request_142	1573053883131	1573053883555	OK	 
REQUEST	1		request_7	1573053883340	1573053883585	OK	 
REQUEST	1		request_20	1573053883590	1573053883606	OK	 
REQUEST	1		request_8	1573053883347	1573053883618	OK	 
REQUEST	1		request_58	1573053883166	1573053883649	OK	 
REQUEST	1		request_21	1573053883612	1573053883659	OK	 
REQUEST	1		request_144	1573053883152	1573053883664	OK	 
REQUEST	1		request_2	1573053883161	1573053883667	OK	 
REQUEST	1		request_22	1573053883621	1573053883678	OK	 
REQUEST	1		request_19	1573053883552	1573053883682	OK	 
REQUEST	1		request_17	1573053883536	1573053883685	OK	 
REQUEST	1		request_23	1573053883662	1573053883687	OK	 
REQUEST	1		request_28	1573053883689	1573053883696	OK	 
REQUEST	1		request_4	1573053883163	1573053883700	OK	 
REQUEST	1		request_29	1573053883698	1573053883710	OK	 
REQUEST	1		request_30	1573053883708	1573053883716	OK	 
REQUEST	1		request_31	1573053883712	1573053883718	OK	 
REQUEST	1		request_26	1573053883684	1573053883723	OK	 
REQUEST	1		request_32	1573053883717	1573053883726	OK	 
REQUEST	1		request_33	1573053883720	1573053883740	OK	 
REQUEST	1		request_25	1573053883681	1573053883743	OK	 
REQUEST	1		request_34	1573053883725	1573053883746	OK	 
REQUEST	1		request_27	1573053883686	1573053883748	OK	 
REQUEST	1		request_36	1573053883742	1573053883751	OK	 
REQUEST	1		request_35	1573053883728	1573053883755	OK	 
REQUEST	1		request_38	1573053883748	1573053883759	OK	 
REQUEST	1		request_39	1573053883750	1573053883767	OK	 
REQUEST	1		request_40	1573053883753	1573053883769	OK	 
REQUEST	1		request_41	1573053883758	1573053883773	OK	 
REQUEST	1		request_24	1573053883676	1573053883794	OK	 
REQUEST	1		request_37	1573053883746	1573053883797	OK	 
REQUEST	1		request_42	1573053883766	1573053883802	OK	 
REQUEST	1		request_44	1573053883772	1573053883811	OK	 
REQUEST	1		request_46	1573053883796	1573053883815	OK	 
REQUEST	1		request_43	1573053883768	1573053883820	OK	 
REQUEST	1		request_50	1573053883817	1573053883829	OK	 
REQUEST	1		request_45	1573053883775	1573053883901	OK	 
REQUEST	1		request_53	1573053883904	1573053883916	OK	 
REQUEST	1		request_47	1573053883800	1573053883947	OK	 
REQUEST	1		request_54	1573053883919	1573053883955	OK	 
REQUEST	1		request_51	1573053883828	1573053883957	OK	 
REQUEST	1		request_55	1573053883954	1573053883962	OK	 
REQUEST	1		request_49	1573053883813	1573053883971	OK	 
REQUEST	1		request_52	1573053883831	1573053883977	OK	 
REQUEST	1		request_57	1573053883960	1573053884014	OK	 
REQUEST	1		request_60	1573053883974	1573053884136	OK	 
REQUEST	1		request_56	1573053883956	1573053884227	OK	 
REQUEST	1		request_64	1573053884228	1573053884239	OK	 
REQUEST	1		request_65	1573053884241	1573053884248	OK	 
REQUEST	1		request_66	1573053884250	1573053884260	OK	 
REQUEST	1		request_139	1573053883130	1573053884277	OK	 
REQUEST	1		request_67	1573053882965	1573053884334	OK	 
REQUEST	1		request_62	1573053884016	1573053884347	OK	 
REQUEST	1		request_48	1573053883810	1573053884361	OK	 
REQUEST	1		request_69	1573053884356	1573053884409	OK	 
REQUEST	1		request_70	1573053884408	1573053884420	OK	 
REQUEST	1		request_59	1573053883964	1573053884521	OK	 
REQUEST	1		request_72	1573053884411	1573053884741	OK	 
REQUEST	1		request_68	1573053884261	1573053884766	OK	 
REQUEST	1		request_74	1573053884422	1573053884774	OK	 
REQUEST	1		request_81	1573053884776	1573053884784	OK	 
REQUEST	1		request_77	1573053884525	1573053884796	OK	 
REQUEST	1		request_82	1573053884786	1573053884799	OK	 
REQUEST	1		request_80	1573053884767	1573053884802	OK	 
REQUEST	1		request_83	1573053884798	1573053884876	OK	 
REQUEST	1		request_85	1573053884803	1573053884970	OK	 
REQUEST	1		request_84	1573053884801	1573053884973	OK	 
REQUEST	1		request_87	1573053884971	1573053885110	OK	 
REQUEST	1		request_86	1573053884879	1573053885112	OK	 
REQUEST	1		request_89	1573053885111	1573053885227	OK	 
REQUEST	1		request_90	1573053885113	1573053885229	OK	 
REQUEST	1		request_78	1573053884743	1573053885277	OK	 
REQUEST	1		request_92	1573053885230	1573053885316	OK	 
REQUEST	1		request_91	1573053885228	1573053885318	OK	 
REQUEST	1		request_93	1573053885278	1573053885320	OK	 
REQUEST	1		request_96	1573053885321	1573053885366	OK	 
REQUEST	1		request_61	1573053883982	1573053885395	OK	 
REQUEST	1		request_94	1573053885317	1573053885400	OK	 
REQUEST	1		request_88	1573053884974	1573053885411	OK	 
REQUEST	1		request_103	1573053885397	1573053885416	OK	 
REQUEST	1		request_109	1573053885412	1573053885465	OK	 
REQUEST	1		request_97	1573053885367	1573053885468	OK	 
REQUEST	1		request_63	1573053884188	1573053885469	OK	 
REQUEST	1		request_110	1573053885417	1573053885472	OK	 
REQUEST	1		request_107	1573053885401	1573053885480	OK	 
REQUEST	1		request_111	1573053885467	1573053885499	OK	 
REQUEST	1		request_112	1573053885469	1573053885501	OK	 
REQUEST	1		request_115	1573053885477	1573053885510	OK	 
REQUEST	1		request_117	1573053885500	1573053885539	OK	 
REQUEST	1		request_116	1573053885498	1573053885541	OK	 
REQUEST	1		request_95	1573053885319	1573053885548	OK	 
REQUEST	1		request_121	1573053885511	1573053885606	OK	 
REQUEST	1		request_122	1573053885541	1573053885682	OK	 
REQUEST	1		request_129	1573053885684	1573053885693	OK	 
REQUEST	1		request_118	1573053885502	1573053885714	OK	 
REQUEST	1		request_133	1573053885695	1573053885719	OK	 
REQUEST	1		request_135	1573053885720	1573053885760	OK	 
REQUEST	1		request_123	1573053885542	1573053885770	OK	 
REQUEST	1		request_125	1573053885608	1573053885806	OK	 
REQUEST	1		request_137	1573053885775	1573053885809	OK	 
REQUEST	1		request_124	1573053885549	1573053885811	OK	 
REQUEST	1		request_134	1573053885715	1573053885817	OK	 
REQUEST	1		request_140	1573053885810	1573053885819	OK	 
REQUEST	1		request_136	1573053885762	1573053885821	OK	 
REQUEST	1		request_138	1573053885808	1573053885825	OK	 
REQUEST	1		request_145	1573053885819	1573053885826	OK	 
REQUEST	1		request_143	1573053885816	1573053885842	OK	 
REQUEST	1		request_114	1573053885470	1573053885902	OK	 
REQUEST	1		request_146	1573053888919	1573053888924	OK	 
ERROR	request_253: Failed to build request: Resource /sedes/0253_request.dat not found 	1573053888953
ERROR	request_255: Failed to build request: Resource /sedes/0255_request.dat not found 	1573053888953
ERROR	request_257: Failed to build request: Resource /sedes/0257_request.dat not found 	1573053888953
ERROR	request_258: Failed to build request: Resource /sedes/0258_request.dat not found 	1573053888954
REQUEST	1		request_226	1573053888959	1573053888972	OK	 
REQUEST	1		request_147	1573053888959	1573053888973	OK	 
REQUEST	1		request_236	1573053888967	1573053888974	OK	 
REQUEST	1		request_152	1573053888971	1573053888976	OK	 
REQUEST	1		request_149	1573053888970	1573053888978	OK	 
REQUEST	1		request_154	1573053888977	1573053888986	OK	 
REQUEST	1		request_155	1573053888978	1573053889000	OK	 
REQUEST	1		request_244	1573053888967	1573053889004	OK	 
REQUEST	1		request_251	1573053888968	1573053889005	OK	 
REQUEST	1		request_156	1573053888988	1573053889013	OK	 
REQUEST	1		request_157	1573053889003	1573053889016	OK	 
REQUEST	1		request_158	1573053889015	1573053889025	OK	 
REQUEST	1		request_159	1573053889017	1573053889027	OK	 
REQUEST	1		request_150	1573053888970	1573053889029	OK	 
REQUEST	1		request_160	1573053889026	1573053889036	OK	 
REQUEST	1		request_161	1573053889028	1573053889038	OK	 
REQUEST	1		request_151	1573053888970	1573053889041	OK	 
REQUEST	1		request_162	1573053889033	1573053889044	OK	 
REQUEST	1		request_163	1573053889038	1573053889047	OK	 
REQUEST	1		request_164	1573053889040	1573053889049	OK	 
REQUEST	1		request_165	1573053889043	1573053889053	OK	 
REQUEST	1		request_166	1573053889046	1573053889055	OK	 
REQUEST	1		request_167	1573053889049	1573053889057	OK	 
REQUEST	1		request_168	1573053889051	1573053889058	OK	 
REQUEST	1		request_170	1573053889056	1573053889062	OK	 
REQUEST	1		request_171	1573053889057	1573053889064	OK	 
REQUEST	1		request_172	1573053889059	1573053889065	OK	 
REQUEST	1		request_169	1573053889054	1573053889068	OK	 
REQUEST	1		request_173	1573053889063	1573053889070	OK	 
REQUEST	1		request_174	1573053889065	1573053889071	OK	 
REQUEST	1		request_175	1573053889067	1573053889073	OK	 
REQUEST	1		request_176	1573053889069	1573053889076	OK	 
REQUEST	1		request_177	1573053889071	1573053889078	OK	 
REQUEST	1		request_178	1573053889072	1573053889080	OK	 
REQUEST	1		request_179	1573053889074	1573053889082	OK	 
REQUEST	1		request_180	1573053889077	1573053889084	OK	 
REQUEST	1		request_181	1573053889079	1573053889086	OK	 
REQUEST	1		request_182	1573053889081	1573053889088	OK	 
REQUEST	1		request_183	1573053889083	1573053889090	OK	 
REQUEST	1		request_185	1573053889087	1573053889093	OK	 
REQUEST	1		request_184	1573053889085	1573053889095	OK	 
REQUEST	1		request_186	1573053889089	1573053889096	OK	 
REQUEST	1		request_187	1573053889091	1573053889098	OK	 
REQUEST	1		request_188	1573053889094	1573053889101	OK	 
REQUEST	1		request_189	1573053889096	1573053889103	OK	 
REQUEST	1		request_190	1573053889097	1573053889105	OK	 
REQUEST	1		request_192	1573053889102	1573053889109	OK	 
REQUEST	1		request_194	1573053889106	1573053889115	OK	 
REQUEST	1		request_153	1573053888971	1573053889120	OK	 
REQUEST	1		request_195	1573053889110	1573053889124	OK	 
REQUEST	1		request_191	1573053889099	1573053889126	OK	 
REQUEST	1		request_193	1573053889105	1573053889132	OK	 
REQUEST	1		request_198	1573053889125	1573053889136	OK	 
REQUEST	1		request_199	1573053889130	1573053889141	OK	 
REQUEST	1		request_201	1573053889137	1573053889150	OK	 
REQUEST	1		request_202	1573053889143	1573053889154	OK	 
REQUEST	1		request_203	1573053889151	1573053889163	OK	 
REQUEST	1		request_197	1573053889122	1573053889170	OK	 
REQUEST	1		request_227	1573053888968	1573053889174	OK	 
REQUEST	1		request_205	1573053889166	1573053889178	OK	 
REQUEST	1		request_218	1573053888960	1573053889181	OK	 
REQUEST	1		request_207	1573053889180	1573053889187	OK	 
REQUEST	1		request_206	1573053889174	1573053889196	OK	 
REQUEST	1		request_208	1573053889189	1573053889202	OK	 
REQUEST	1		request_148	1573053888969	1573053889206	OK	 
REQUEST	1		request_209	1573053889197	1573053889213	OK	 
REQUEST	1		request_212	1573053889217	1573053889229	OK	 
REQUEST	1		request_211	1573053889212	1573053889232	OK	 
REQUEST	1		request_214	1573053889234	1573053889242	OK	 
REQUEST	1		request_200	1573053889134	1573053889246	OK	 
REQUEST	1		request_210	1573053889203	1573053889264	OK	 
REQUEST	1		request_216	1573053889243	1573053889269	OK	 
REQUEST	1		request_217	1573053889263	1573053889274	OK	 
REQUEST	1		request_219	1573053889268	1573053889277	OK	 
REQUEST	1		request_220	1573053889271	1573053889280	OK	 
REQUEST	1		request_221	1573053889276	1573053889282	OK	 
REQUEST	1		request_213	1573053889231	1573053889284	OK	 
REQUEST	1		request_224	1573053889281	1573053889290	OK	 
REQUEST	1		request_222	1573053889279	1573053889292	OK	 
REQUEST	1		request_228	1573053889283	1573053889314	OK	 
REQUEST	1		request_229	1573053889289	1573053889318	OK	 
REQUEST	1		request_231	1573053889293	1573053889321	OK	 
REQUEST	1		request_232	1573053889315	1573053889328	OK	 
REQUEST	1		request_234	1573053889322	1573053889334	OK	 
REQUEST	1		request_230	1573053889291	1573053889337	OK	 
REQUEST	1		request_233	1573053889320	1573053889341	OK	 
REQUEST	1		request_235	1573053889330	1573053889344	OK	 
REQUEST	1		request_268	1573053888969	1573053889372	OK	 
REQUEST	1		request_237	1573053889336	1573053889374	OK	 
REQUEST	1		request_238	1573053889340	1573053889376	OK	 
REQUEST	1		request_239	1573053889343	1573053889380	OK	 
REQUEST	1		request_240	1573053889368	1573053889383	OK	 
REQUEST	1		request_246	1573053889384	1573053889395	OK	 
REQUEST	1		request_241	1573053889375	1573053889402	OK	 
REQUEST	1		request_247	1573053889397	1573053889407	OK	 
REQUEST	1		request_243	1573053889377	1573053889417	OK	 
REQUEST	1		request_248	1573053889404	1573053889422	OK	 
REQUEST	1		request_252	1573053889423	1573053889433	OK	 
REQUEST	1		request_245	1573053889382	1573053889437	OK	 
REQUEST	1		request_256	1573053889436	1573053889449	OK	 
REQUEST	1		request_259	1573053889439	1573053889534	OK	 
REQUEST	1		request_261	1573053889535	1573053889544	OK	 
REQUEST	1		request_262	1573053889545	1573053889558	OK	 
REQUEST	1		request_250	1573053889421	1573053889564	OK	 
REQUEST	1		request_263	1573053889559	1573053889578	OK	 
REQUEST	1		request_265	1573053889580	1573053889586	OK	 
REQUEST	1		request_266	1573053889587	1573053889594	OK	 
REQUEST	1		request_269	1573053889595	1573053889601	OK	 
REQUEST	1		request_260	1573053889450	1573053889607	OK	 
REQUEST	1		request_249	1573053889410	1573053889773	OK	 
REQUEST	1		request_264	1573053889578	1573053889892	OK	 
REQUEST	1		request_196	1573053889117	1573053890227	OK	 
REQUEST	1		request_204	1573053889155	1573053890375	OK	 
REQUEST	1		request_270	1573053892379	1573053892586	OK	 
REQUEST	1		request_272	1573053892590	1573053892742	OK	 
REQUEST	1		request_271	1573053892589	1573053892849	OK	 
REQUEST	1		request_273	1573053895858	1573053896156	OK	 
ERROR	request_312: Failed to build request: Resource /sedes/0312_request.dat not found 	1573053896338
ERROR	request_313: Failed to build request: Resource /sedes/0313_request.dat not found 	1573053896339
ERROR	request_315: Failed to build request: Resource /sedes/0315_request.dat not found 	1573053896339
REQUEST	1		request_282	1573053896347	1573053896379	OK	 
REQUEST	1		request_283	1573053896347	1573053896382	OK	 
REQUEST	1		request_291	1573053896352	1573053896383	OK	 
REQUEST	1		request_310	1573053896353	1573053896385	OK	 
REQUEST	1		request_304	1573053896353	1573053896387	OK	 
REQUEST	1		mmapi.js	1573053896369	1573053896392	OK	 
REQUEST	1		favicon.ico?rev=23	1573053896374	1573053896394	OK	 
REQUEST	1		minisp.min.js	1573053896375	1573053896398	OK	 
REQUEST	1		datalayercorporativo.min.js	1573053896376	1573053896404	OK	 
REQUEST	1		bluebird.min.js	1573053896377	1573053896408	OK	 
REQUEST	1		bootstrap.min.js	1573053896398	1573053896421	OK	 
REQUEST	1		ko.sp-1.0.min.js	1573053896414	1573053896433	OK	 
REQUEST	1		init.js?rev=ZwTQYqYlNTyyuMWaLlhwSg%3D%3D	1573053896375	1573053896441	OK	 
REQUEST	1		jquery-3.1.1.min.js	1573053896376	1573053896448	OK	 
REQUEST	1		rangeslider.min.js	1573053896440	1573053896453	OK	 
REQUEST	1		jquery.spservices-2014.02.min.js	1573053896399	1573053896456	OK	 
REQUEST	1		slick.min.js	1573053896425	1573053896460	OK	 
REQUEST	1		knockout-3.4.1.min.js?v=1	1573053896405	1573053896463	OK	 
REQUEST	1		request_329	1573053896348	1573053896466	OK	 
REQUEST	1		request_284	1573053896369	1573053896468	OK	 
REQUEST	1		ion.rangeslider.min.js	1573053896447	1573053896470	OK	 
REQUEST	1		validate.min.js	1573053896454	1573053896482	OK	 
REQUEST	1		picturefill.min.js	1573053896452	1573053896491	OK	 
REQUEST	1		afiliaciones.config.js?v=5	1573053896465	1573053896493	OK	 
REQUEST	1		request_274	1573053896377	1573053896503	OK	 
REQUEST	1		compensar.script.min.js	1573053896484	1573053896507	OK	 
REQUEST	1		compTools.min.js?v=1	1573053896474	1573053896510	OK	 
REQUEST	1		compensar.loadComponents.min.js?v=1	1573053896509	1573053896540	OK	 
REQUEST	1		croppie.min.js	1573053896462	1573053896542	OK	 
REQUEST	1		compensar.actualizarcorreo.min.js	1573053896492	1573053896544	OK	 
REQUEST	1		sjcl.min.js	1573053896494	1573053896545	OK	 
REQUEST	1		compensar.enModoEdicion.min.js?v=1	1573053896541	1573053896576	OK	 
REQUEST	1		compensar.detectarAncho.min.js?v=1	1573053896543	1573053896578	OK	 
REQUEST	1		compensar.tiempoInactividad.min.js?v=1	1573053896521	1573053896580	OK	 
REQUEST	1		compensar.deferImages.min.js?v=1	1573053896545	1573053896582	OK	 
REQUEST	1		compensar.agregarTitulowebparts.min.js?v=1	1573053896554	1573053896584	OK	 
REQUEST	1		compensar.menuDesplegable.min.js?v=1	1573053896577	1573053896603	OK	 
REQUEST	1		compensar.miCompensarPerfil.min.js?v=1	1573053896579	1573053896605	OK	 
REQUEST	1		compensar.controlPestanas.min.js?v=1	1573053896581	1573053896608	OK	 
REQUEST	1		compensar.controlAcordeon.min.js?v=1	1573053896583	1573053896610	OK	 
REQUEST	1		request_327	1573053896348	1573053896613	OK	 
REQUEST	1		mainContent.min.js?v=1	1573053896604	1573053896619	OK	 
REQUEST	1		headerNav.min.js?v=1	1573053896606	1573053896620	OK	 
REQUEST	1		modeloMenuAux.min.js?v=1	1573053896609	1573053896622	OK	 
REQUEST	1		compensar.menuSecundario.min.js?v=1	1573053896611	1573053896623	OK	 
REQUEST	1		compensar.filtroControlerVivienda.min.js?v=1	1573053896598	1573053896625	OK	 
REQUEST	1		compensar.quitarLoading.min.js?v=1	1573053896620	1573053896627	OK	 
REQUEST	1		request_341	1573053896374	1573053896629	OK	 
REQUEST	1		compensar.componenteEmailController.min.js?v=1	1573053896621	1573053896630	OK	 
REQUEST	1		compensar.componentePopUpController.min.js?v=1	1573053896623	1573053896633	OK	 
REQUEST	1		compensar.notificaciones.min.js	1573053896625	1573053896634	OK	 
REQUEST	1		customactioncall.js	1573053896628	1573053896636	OK	 
REQUEST	1		customcanales.min.js	1573053896626	1573053896637	OK	 
REQUEST	1		blank.js?rev=ZaOXZEobVwykPO9g8hq%2F8A%3D%3D	1573053896634	1573053896641	OK	 
REQUEST	1		sp.init.js?rev=jvJC3Kl5gbORaLtf7kxULQ%3D%3D	1573053896637	1573053896647	OK	 
REQUEST	1		ScriptResx.ashx?culture=es%2Des&name=SP%2ERes&rev=DoAHv8R6TO7rl33LcYBJTA%3D%3D	1573053896638	1573053896652	OK	 
REQUEST	1		ScriptResource.axd?d=LzPGXWTyY4NfgAzL7AVGti8jNkeNvyxE7t2p3M-3BPJvKFvvkBUGxbbcxESn55TFNOUl8xW6SvygFDc-U8cavgouTpfnyDz3b86dyb2Q1b12B-B2zqJbKL3UrhnjJpkL79pBm9zX4FVDPUA4BsjrvCFATMYLp3cyBtLpIkBKZKUxDrfJga0vw4ZjurZ0mn1o0&t=2b48f70a	1573053896636	1573053896655	OK	 
REQUEST	1		clientrenderer.js?rev=PWwV4FATEiOxN90BeB5Hzw%3D%3D	1573053896653	1573053896661	OK	 
REQUEST	1		ScriptResource.axd?d=DbBIHdj-QC5CO88xwauS5dkoqIs6nZmS0i8rusZB1q2JCx1O17otX38Pbo9-Co9QXf_ywgPOgCaWxydR-v-KO_BCuip-vRkoHzjnd81XPEqYhrrZRFvD28DBse-3zjaVmjdm2hC17AQqDXfxT3KoyoLs-sQ7qPLfqrjuPJokLcOn_d3Dmrsd446-Hg6mDbff0&t=2b48f70a	1573053896632	1573053896664	OK	 
REQUEST	1		search.cbs.js?rev=S5EegsQhNKgWxVFmcqr5dQ%3D%3D	1573053896668	1573053896677	OK	 
REQUEST	1		request_337	1573053896354	1573053896678	OK	 
REQUEST	1		sp.search.js?rev=dMkPlEXpdY6iJ%2FsY5RsB0g%3D%3D	1573053896649	1573053896681	OK	 
REQUEST	1		request_338	1573053896361	1573053896684	OK	 
REQUEST	1		spcommon.png?rev=23	1573053896677	1573053896685	OK	 
REQUEST	1		WebResource.axd?d=hcspxoKGngdkW0b6xYvFftMD9L7tgVctZKvxUqyhcPMOX4gSlmQgLLYGJ7F9lMuasHqe9Mv5x6g7VZmrwkJEQmLxw_pNwohGyqmgqyaeGpA1&t=636767428042202005	1573053896686	1573053896698	OK	 
REQUEST	1		request_330	1573053896349	1573053896701	OK	 
REQUEST	1		request_339	1573053896351	1573053896721	OK	 
REQUEST	1		logo_compensar.png	1573053896700	1573053896724	OK	 
REQUEST	1		request_336	1573053896350	1573053896734	OK	 
REQUEST	1		logo_compensar.png?rev=23	1573053896683	1573053896735	OK	 
REQUEST	1		search.clientcontrols.js?rev=8Q15HW2EU2aXBktJq5YW%2FA%3D%3D	1573053896662	1573053896746	OK	 
REQUEST	1		logo-compensar-gris.svg	1573053896725	1573053896751	OK	 
REQUEST	1		searchresultui.png?rev=23	1573053896745	1573053896754	OK	 
REQUEST	1		nodearrow.png	1573053896752	1573053896758	OK	 
REQUEST	1		WebResource.axd?d=VE1LltKE1dXL7-UbkAp-bt6ljn4Brx0V3X9hDRsD8jSFT9qB8YndTHVisocnrFQ8rNfw3OXiDn_Fb7iUlcK8bUIBKyIA1h_3y1b4G2-c7f01&t=636767428042202005	1573053896750	1573053896761	OK	 
REQUEST	1		request_340	1573053896370	1573053896765	OK	 
REQUEST	1		ParqueaderosV2.js	1573053896759	1573053896766	OK	 
REQUEST	1		estilos.css	1573053896755	1573053896767	OK	 
REQUEST	1		marcador.png	1573053896761	1573053896769	OK	 
REQUEST	1		mainContentInterno.js	1573053896769	1573053896775	OK	 
REQUEST	1		compensar.detallevivienda.min.css?ctag=5143$$15.0.4927.1000	1573053896767	1573053896780	OK	 
REQUEST	1		request_275	1573053896770	1573053896782	OK	 
REQUEST	1		request_276	1573053896775	1573053896788	OK	 
REQUEST	1		request_342	1573053896370	1573053896793	OK	 
REQUEST	1		request_285	1573053896789	1573053896818	OK	 
REQUEST	1		request_332	1573053896350	1573053896821	OK	 
REQUEST	1		request_278	1573053896784	1573053896839	OK	 
REQUEST	1		request_277	1573053896781	1573053896853	OK	 
REQUEST	1		request_286	1573053896819	1573053896861	OK	 
REQUEST	1		request_287	1573053896852	1573053896862	OK	 
REQUEST	1		request_289	1573053896862	1573053896875	OK	 
REQUEST	1		request_288	1573053896860	1573053896882	OK	 
REQUEST	1		request_290	1573053896864	1573053896886	OK	 
REQUEST	1		request_292	1573053896877	1573053896893	OK	 
REQUEST	1		request_293	1573053896883	1573053896895	OK	 
REQUEST	1		request_294	1573053896892	1573053896900	OK	 
REQUEST	1		request_295	1573053896894	1573053896906	OK	 
REQUEST	1		request_296	1573053896895	1573053896908	OK	 
REQUEST	1		request_297	1573053896901	1573053896909	OK	 
REQUEST	1		request_299	1573053896908	1573053896915	OK	 
REQUEST	1		request_298	1573053896907	1573053896916	OK	 
REQUEST	1		sp.runtime.js?rev=5f2WkYJoaxlIRdwUeg4WEg%3D%3D	1573053896642	1573053896968	OK	 
REQUEST	1		request_305	1573053896917	1573053896970	OK	 
REQUEST	1		request_300	1573053896909	1573053896974	OK	 
REQUEST	1		request_306	1573053896970	1573053896977	OK	 
REQUEST	1		request_307	1573053896973	1573053896979	OK	 
REQUEST	1		request_303	1573053896915	1573053896981	OK	 
REQUEST	1		request_308	1573053896975	1573053896988	OK	 
REQUEST	1		request_311	1573053896980	1573053896990	OK	 
REQUEST	1		request_309	1573053896977	1573053896991	OK	 
REQUEST	1		request_319	1573053896992	1573053897002	OK	 
REQUEST	1		request_320	1573053897003	1573053897011	OK	 
REQUEST	1		request_321	1573053897012	1573053897024	OK	 
REQUEST	1		request_322	1573053897025	1573053897039	OK	 
REQUEST	1		request_318	1573053896991	1573053897051	OK	 
REQUEST	1		request_323	1573053897040	1573053897054	OK	 
REQUEST	1		request_316	1573053896989	1573053897063	OK	 
REQUEST	1		request_328	1573053897056	1573053897120	OK	 
REQUEST	1		request_331	1573053897071	1573053897124	OK	 
REQUEST	1		ScriptResx.ashx?culture=es%2Des&name=Srch%2EResources&rev=GVo354neq7eNTurLgIdpJQ%3D%3D	1573053896657	1573053897171	OK	 
REQUEST	1		request_324	1573053897051	1573053897178	OK	 
REQUEST	1		request_314	1573053896982	1573053897247	OK	 
REQUEST	1		request_333	1573053897121	1573053897302	OK	 
REQUEST	1		request_334	1573053897125	1573053897320	OK	 
REQUEST	1		jquery.validate.min.js	1573053896459	1573053897531	OK	 
USER	sedes	1	END	1573053882451	1573053897546
