RUN	Compenssar.afiliacionIndependiente1	afiliacionindependiente1	1573847326067	 	3.0.2
USER	afiliacionIndependiente1	1	START	1573847328751	1573847328751
REQUEST	1		request_0	1573847328785	1573847329256	OK	 
REQUEST	1		favicon.ico?rev=23	1573847329590	1573847329685	OK	 
REQUEST	1		bootstrap.min.js	1573847329698	1573847329783	OK	 
REQUEST	1		jquery.spservices-2014.02.min.js	1573847329789	1573847329828	OK	 
REQUEST	1		knockout-3.4.1.min.js?v=1	1573847329831	1573847329889	OK	 
REQUEST	1		ko.sp-1.0.min.js	1573847329893	1573847329924	OK	 
REQUEST	1		mmapi.js	1573847329564	1573847329929	OK	 
REQUEST	1		minisp.min.js	1573847329591	1573847329988	OK	 
REQUEST	1		datalayercorporativo.min.js	1573847329594	1573847329992	OK	 
REQUEST	1		request_41	1573847329671	1573847329997	OK	 
REQUEST	1		request_9	1573847329535	1573847330020	OK	 
REQUEST	1		api.js?render=explicit	1573847329657	1573847330052	OK	 
REQUEST	1		slick.min.js	1573847329928	1573847330054	OK	 
REQUEST	1		request_7	1573847329577	1573847330063	OK	 
REQUEST	1		request_8	1573847329579	1573847330068	OK	 
REQUEST	1		request_38	1573847329670	1573847330075	OK	 
REQUEST	1		request_42	1573847329673	1573847330078	OK	 
REQUEST	1		init.js?rev=ZwTQYqYlNTyyuMWaLlhwSg%3D%3D	1573847329592	1573847330137	OK	 
REQUEST	1		jquery-3.1.1.min.js	1573847329593	1573847330147	OK	 
REQUEST	1		picturefill.min.js	1573847330057	1573847330155	OK	 
REQUEST	1		request_12	1573847329506	1573847330162	OK	 
REQUEST	1		request_21	1573847329534	1573847330167	OK	 
REQUEST	1		request_26	1573847329543	1573847330175	OK	 
REQUEST	1		request_30	1573847329552	1573847330178	OK	 
REQUEST	1		request_39	1573847329542	1573847330183	OK	 
REQUEST	1		croppie.min.js	1573847330158	1573847330212	OK	 
REQUEST	1		request_25	1573847329553	1573847330217	OK	 
REQUEST	1		validate.min.js	1573847330146	1573847330219	OK	 
REQUEST	1		jquery.validate.min.js	1573847330152	1573847330221	OK	 
REQUEST	1		request_1	1573847329595	1573847330234	OK	 
REQUEST	1		bluebird.min.js	1573847329595	1573847330238	OK	 
REQUEST	1		request_43	1573847329580	1573847330250	OK	 
REQUEST	1		compensar.script.min.js	1573847330223	1573847330267	OK	 
REQUEST	1		afiliaciones.config.js?v=5	1573847330214	1573847330270	OK	 
REQUEST	1		request_45	1573847329675	1573847330272	OK	 
REQUEST	1		compTools.min.js?v=1	1573847330220	1573847330274	OK	 
REQUEST	1		compensar.actualizarcorreo.min.js	1573847330241	1573847330277	OK	 
REQUEST	1		compensar.loadComponents.min.js?v=1	1573847330271	1573847330299	OK	 
REQUEST	1		compensar.tiempoInactividad.min.js?v=1	1573847330276	1573847330302	OK	 
REQUEST	1		sjcl.min.js	1573847330269	1573847330303	OK	 
REQUEST	1		compensar.enModoEdicion.min.js?v=1	1573847330279	1573847330306	OK	 
REQUEST	1		compensar.detectarAncho.min.js?v=1	1573847330301	1573847330349	OK	 
REQUEST	1		compensar.agregarTitulowebparts.min.js?v=1	1573847330305	1573847330376	OK	 
REQUEST	1		compensar.deferImages.min.js?v=1	1573847330303	1573847330378	OK	 
REQUEST	1		compensar.menuDesplegable.min.js?v=1	1573847330307	1573847330380	OK	 
REQUEST	1		compensar.miCompensarPerfil.min.js?v=1	1573847330352	1573847330385	OK	 
REQUEST	1		compensar.controlAcordeon.min.js?v=1	1573847330380	1573847330411	OK	 
REQUEST	1		ion.rangeslider.min.js	1573847329994	1573847330427	OK	 
REQUEST	1		mainContent.min.js?v=1	1573847330387	1573847330446	OK	 
REQUEST	1		headerNav.min.js?v=1	1573847330412	1573847330453	OK	 
REQUEST	1		compensar.controlPestanas.min.js?v=1	1573847330378	1573847330455	OK	 
REQUEST	1		compensar.filtroControlerVivienda.min.js?v=1	1573847330383	1573847330457	OK	 
REQUEST	1		compensar.menuSecundario.min.js?v=1	1573847330452	1573847330474	OK	 
REQUEST	1		modeloMenuAux.min.js?v=1	1573847330445	1573847330475	OK	 
REQUEST	1		compensar.quitarLoading.min.js?v=1	1573847330454	1573847330485	OK	 
REQUEST	1		compensar.componenteEmailController.min.js?v=1	1573847330456	1573847330488	OK	 
REQUEST	1		compensar.footer.min.js?v=1	1573847330459	1573847330490	OK	 
REQUEST	1		compensar.notificaciones.min.js	1573847330477	1573847330497	OK	 
REQUEST	1		compensar.componentePopUpController.min.js?v=1	1573847330475	1573847330502	OK	 
REQUEST	1		customcanales.min.js	1573847330487	1573847330504	OK	 
REQUEST	1		customactioncall.js	1573847330489	1573847330532	OK	 
REQUEST	1		blank.js?rev=ZaOXZEobVwykPO9g8hq%2F8A%3D%3D	1573847330498	1573847330535	OK	 
REQUEST	1		sp.init.js?rev=jvJC3Kl5gbORaLtf7kxULQ%3D%3D	1573847330505	1573847330537	OK	 
REQUEST	1		ScriptResource.axd?d=LzPGXWTyY4NfgAzL7AVGti8jNkeNvyxE7t2p3M-3BPJvKFvvkBUGxbbcxESn55TFNOUl8xW6SvygFDc-U8cavgouTpfnyDz3b86dyb2Q1b12B-B2zqJbKL3UrhnjJpkL79pBm9zX4FVDPUA4BsjrvCFATMYLp3cyBtLpIkBKZKUxDrfJga0vw4ZjurZ0mn1o0&t=72e85ccd	1573847330503	1573847330551	OK	 
REQUEST	1		ScriptResx.ashx?culture=es%2Des&name=SP%2ERes&rev=DoAHv8R6TO7rl33LcYBJTA%3D%3D	1573847330534	1573847330556	OK	 
REQUEST	1		ScriptResource.axd?d=DbBIHdj-QC5CO88xwauS5dkoqIs6nZmS0i8rusZB1q2JCx1O17otX38Pbo9-Co9QXf_ywgPOgCaWxydR-v-KO_BCuip-vRkoHzjnd81XPEqYhrrZRFvD28DBse-3zjaVmjdm2hC17AQqDXfxT3KoyoLs-sQ7qPLfqrjuPJokLcOn_d3Dmrsd446-Hg6mDbff0&t=72e85ccd	1573847330491	1573847330576	OK	 
REQUEST	1		ScriptResx.ashx?culture=es%2Des&name=Srch%2EResources&rev=GVo354neq7eNTurLgIdpJQ%3D%3D	1573847330558	1573847330617	OK	 
REQUEST	1		clientrenderer.js?rev=PWwV4FATEiOxN90BeB5Hzw%3D%3D	1573847330554	1573847330620	OK	 
REQUEST	1		sp.search.js?rev=dMkPlEXpdY6iJ%2FsY5RsB0g%3D%3D	1573847330539	1573847330637	OK	 
REQUEST	1		sp.runtime.js?rev=5f2WkYJoaxlIRdwUeg4WEg%3D%3D	1573847330536	1573847330647	OK	 
REQUEST	1		search.cbs.js?rev=S5EegsQhNKgWxVFmcqr5dQ%3D%3D	1573847330619	1573847330687	OK	 
REQUEST	1		spcommon.png?rev=23	1573847330621	1573847330692	OK	 
REQUEST	1		logo_compensar.png?rev=23	1573847330645	1573847330706	OK	 
REQUEST	1		request_29	1573847329551	1573847330720	OK	 
REQUEST	1		WebResource.axd?d=hcspxoKGngdkW0b6xYvFftMD9L7tgVctZKvxUqyhcPMOX4gSlmQgLLYGJ7F9lMuasHqe9Mv5x6g7VZmrwkJEQmLxw_pNwohGyqmgqyaeGpA1&t=635792838349294682	1573847330650	1573847330723	OK	 
REQUEST	1		logo_compensar.png	1573847330690	1573847330745	OK	 
REQUEST	1		logo-compensar-gris.svg	1573847330693	1573847330747	OK	 
REQUEST	1		searchresultui.png?rev=23	1573847330707	1573847330754	OK	 
REQUEST	1		search.clientcontrols.js?rev=8Q15HW2EU2aXBktJq5YW%2FA%3D%3D	1573847330580	1573847330756	OK	 
REQUEST	1		WebResource.axd?d=VE1LltKE1dXL7-UbkAp-bt6ljn4Brx0V3X9hDRsD8jSFT9qB8YndTHVisocnrFQ8rNfw3OXiDn_Fb7iUlcK8bUIBKyIA1h_3y1b4G2-c7f01&t=635792838349294682	1573847330724	1573847330761	OK	 
REQUEST	1		nodearrow.png	1573847330746	1573847330764	OK	 
REQUEST	1		compensar.popovers.min.js	1573847330751	1573847330767	OK	 
REQUEST	1		request_6	1573847330768	1573847330836	OK	 
REQUEST	1		request_2	1573847330755	1573847330840	OK	 
REQUEST	1		request_5	1573847330765	1573847330857	OK	 
REQUEST	1		request_4	1573847330762	1573847330865	OK	 
REQUEST	1		request_3	1573847330760	1573847330869	OK	 
REQUEST	1		request_13	1573847330864	1573847330900	OK	 
REQUEST	1		request_10	1573847330839	1573847330916	OK	 
REQUEST	1		request_11	1573847330854	1573847330919	OK	 
REQUEST	1		request_14	1573847330868	1573847330939	OK	 
REQUEST	1		request_15	1573847330870	1573847330941	OK	 
REQUEST	1		request_16	1573847330901	1573847330951	OK	 
REQUEST	1		request_22	1573847330952	1573847331034	OK	 
REQUEST	1		request_19	1573847330940	1573847331040	OK	 
REQUEST	1		request_18	1573847330920	1573847331077	OK	 
REQUEST	1		request_24	1573847331036	1573847331099	OK	 
REQUEST	1		request_31	1573847331100	1573847331279	OK	 
REQUEST	1		request_27	1573847331041	1573847331283	OK	 
REQUEST	1		request_20	1573847330942	1573847331306	OK	 
REQUEST	1		request_33	1573847331282	1573847331368	OK	 
REQUEST	1		request_36	1573847331313	1573847331371	OK	 
REQUEST	1		request_34	1573847331284	1573847331463	OK	 
REQUEST	1		request_17	1573847330918	1573847331578	OK	 
REQUEST	1		request_37	1573847331369	1573847331592	OK	 
REQUEST	1		request_28	1573847331082	1573847331886	OK	 
REQUEST	1		rangeslider.min.js	1573847329990	1573847332214	OK	 
REQUEST	1		request_48	1573847341232	1573847341629	OK	 
USER	afiliacionIndependiente1	1	END	1573847328751	1573847341657
