RUN	Compenssar.principaladulto7a12a	principaladulto7a12a	1573849450642	 	3.0.2
USER	principaladulto7a12a	1	START	1573849452985	1573849452985
REQUEST	1		request_0	1573849453026	1573849454117	OK	 
REQUEST	1		favicon.ico?rev=23	1573849454532	1573849454577	OK	 
REQUEST	1		bootstrap.min.js	1573849454591	1573849454650	OK	 
REQUEST	1		jquery.spservices-2014.02.min.js	1573849454654	1573849454710	OK	 
REQUEST	1		knockout-3.4.1.min.js?v=1	1573849454713	1573849454772	OK	 
REQUEST	1		ko.sp-1.0.min.js	1573849454776	1573849454811	OK	 
REQUEST	1		request_39	1573849454464	1573849454823	OK	 
REQUEST	1		request_40	1573849454466	1573849454837	OK	 
REQUEST	1		request_41	1573849454469	1573849454844	OK	 
REQUEST	1		request_42	1573849454469	1573849454852	OK	 
REQUEST	1		mmapi.js	1573849454503	1573849454876	OK	 
REQUEST	1		request_43	1573849454523	1573849454888	OK	 
REQUEST	1		request_44	1573849454524	1573849454891	OK	 
REQUEST	1		request_47	1573849454525	1573849454894	OK	 
REQUEST	1		slick.min.js	1573849454815	1573849454897	OK	 
REQUEST	1		request_53	1573849454827	1573849454907	OK	 
REQUEST	1		request_54	1573849454841	1573849454923	OK	 
REQUEST	1		request_55	1573849454848	1573849454929	OK	 
REQUEST	1		request_45	1573849454470	1573849454932	OK	 
REQUEST	1		request_48	1573849454881	1573849454958	OK	 
REQUEST	1		request_4	1573849454518	1573849454960	OK	 
REQUEST	1		request_5	1573849454522	1573849454963	OK	 
REQUEST	1		minisp.min.js	1573849454534	1573849454966	OK	 
REQUEST	1		init.js?rev=ZwTQYqYlNTyyuMWaLlhwSg%3D%3D	1573849454536	1573849454971	OK	 
REQUEST	1		datalayercorporativo.min.js	1573849454537	1573849454976	OK	 
REQUEST	1		rangeslider.min.js	1573849454900	1573849454981	OK	 
REQUEST	1		js?key=AIzaSyBQs4JbPCHOPygyJzKnUYgsAm35jOpmshk	1573849454441	1573849454988	OK	 
REQUEST	1		request_59	1573849454491	1573849454993	OK	 
REQUEST	1		request_56	1573849454439	1573849454994	OK	 
REQUEST	1		request_58	1573849454854	1573849455003	OK	 
REQUEST	1		jquery.validate.min.js	1573849454982	1573849455011	OK	 
REQUEST	1		picturefill.min.js	1573849454974	1573849455021	OK	 
REQUEST	1		validate.min.js	1573849454977	1573849455027	OK	 
REQUEST	1		croppie.min.js	1573849455017	1573849455049	OK	 
REQUEST	1		request_57	1573849454527	1573849455058	OK	 
REQUEST	1		request_27	1573849454489	1573849455065	OK	 
REQUEST	1		compensar.script.min.js	1573849455051	1573849455068	OK	 
REQUEST	1		ion.rangeslider.min.js	1573849454967	1573849455070	OK	 
REQUEST	1		compTools.min.js?v=1	1573849455029	1573849455075	OK	 
REQUEST	1		compensar.actualizarcorreo.min.js	1573849455070	1573849455081	OK	 
REQUEST	1		compensar.loadComponents.min.js?v=1	1573849455077	1573849455089	OK	 
REQUEST	1		compensar.tiempoInactividad.min.js?v=1	1573849455083	1573849455097	OK	 
REQUEST	1		compensar.enModoEdicion.min.js?v=1	1573849455090	1573849455101	OK	 
REQUEST	1		sjcl.min.js	1573849455073	1573849455104	OK	 
REQUEST	1		bluebird.min.js	1573849454538	1573849455108	OK	 
REQUEST	1		compensar.detectarAncho.min.js?v=1	1573849455098	1573849455113	OK	 
REQUEST	1		compensar.agregarTitulowebparts.min.js?v=1	1573849455106	1573849455119	OK	 
REQUEST	1		compensar.deferImages.min.js?v=1	1573849455103	1573849455121	OK	 
REQUEST	1		compensar.miCompensarPerfil.min.js?v=1	1573849455114	1573849455126	OK	 
REQUEST	1		compensar.menuDesplegable.min.js?v=1	1573849455112	1573849455129	OK	 
REQUEST	1		compensar.controlPestanas.min.js?v=1	1573849455121	1573849455136	OK	 
REQUEST	1		jquery-3.1.1.min.js	1573849454537	1573849455143	OK	 
REQUEST	1		compensar.controlAcordeon.min.js?v=1	1573849455123	1573849455146	OK	 
REQUEST	1		request_2	1573849454539	1573849455168	OK	 
REQUEST	1		compensar.filtroControlerVivienda.min.js?v=1	1573849455127	1573849455172	OK	 
REQUEST	1		headerNav.min.js?v=1	1573849455137	1573849455176	OK	 
REQUEST	1		modeloMenuAux.min.js?v=1	1573849455145	1573849455178	OK	 
REQUEST	1		compensar.menuSecundario.min.js?v=1	1573849455147	1573849455181	OK	 
REQUEST	1		mainContent.min.js?v=1	1573849455131	1573849455184	OK	 
REQUEST	1		compensar.quitarLoading.min.js?v=1	1573849455174	1573849455190	OK	 
REQUEST	1		compensar.componenteEmailController.min.js?v=1	1573849455178	1573849455192	OK	 
REQUEST	1		compensar.footer.min.js?v=1	1573849455181	1573849455195	OK	 
REQUEST	1		compensar.componentePopUpController.min.js?v=1	1573849455184	1573849455198	OK	 
REQUEST	1		compensar.notificaciones.min.js	1573849455186	1573849455208	OK	 
REQUEST	1		customcanales.min.js	1573849455191	1573849455211	OK	 
REQUEST	1		customactioncall.js	1573849455194	1573849455213	OK	 
REQUEST	1		blank.js?rev=ZaOXZEobVwykPO9g8hq%2F8A%3D%3D	1573849455201	1573849455216	OK	 
REQUEST	1		ScriptResx.ashx?culture=es%2Des&name=SP%2ERes&rev=DoAHv8R6TO7rl33LcYBJTA%3D%3D	1573849455214	1573849455228	OK	 
REQUEST	1		sp.init.js?rev=jvJC3Kl5gbORaLtf7kxULQ%3D%3D	1573849455212	1573849455236	OK	 
REQUEST	1		ScriptResource.axd?d=LzPGXWTyY4NfgAzL7AVGti8jNkeNvyxE7t2p3M-3BPJvKFvvkBUGxbbcxESn55TFNOUl8xW6SvygFDc-U8cavgouTpfnyDz3b86dyb2Q1b12B-B2zqJbKL3UrhnjJpkL79pBm9zX4FVDPUA4BsjrvCFATMYLp3cyBtLpIkBKZKUxDrfJga0vw4ZjurZ0mn1o0&t=2b48f70a	1573849455210	1573849455239	OK	 
REQUEST	1		ScriptResource.axd?d=DbBIHdj-QC5CO88xwauS5dkoqIs6nZmS0i8rusZB1q2JCx1O17otX38Pbo9-Co9QXf_ywgPOgCaWxydR-v-KO_BCuip-vRkoHzjnd81XPEqYhrrZRFvD28DBse-3zjaVmjdm2hC17AQqDXfxT3KoyoLs-sQ7qPLfqrjuPJokLcOn_d3Dmrsd446-Hg6mDbff0&t=2b48f70a	1573849455197	1573849455246	OK	 
REQUEST	1		sp.runtime.js?rev=5f2WkYJoaxlIRdwUeg4WEg%3D%3D	1573849455217	1573849455253	OK	 
REQUEST	1		clientrenderer.js?rev=PWwV4FATEiOxN90BeB5Hzw%3D%3D	1573849455238	1573849455261	OK	 
REQUEST	1		ScriptResx.ashx?culture=es%2Des&name=Srch%2EResources&rev=GVo354neq7eNTurLgIdpJQ%3D%3D	1573849455242	1573849455264	OK	 
REQUEST	1		search.cbs.js?rev=S5EegsQhNKgWxVFmcqr5dQ%3D%3D	1573849455258	1573849455279	OK	 
REQUEST	1		sp.search.js?rev=dMkPlEXpdY6iJ%2FsY5RsB0g%3D%3D	1573849455230	1573849455281	OK	 
REQUEST	1		spcommon.png?rev=23	1573849455263	1573849455300	OK	 
REQUEST	1		WebResource.axd?d=hcspxoKGngdkW0b6xYvFftMD9L7tgVctZKvxUqyhcPMOX4gSlmQgLLYGJ7F9lMuasHqe9Mv5x6g7VZmrwkJEQmLxw_pNwohGyqmgqyaeGpA1&t=636767428042202005	1573849455280	1573849455330	OK	 
REQUEST	1		logo-compensar-gris.svg	1573849455302	1573849455338	OK	 
REQUEST	1		request_56	1573849455001	1573849455340	OK	 
REQUEST	1		logo_compensar.png	1573849455284	1573849455356	OK	 
REQUEST	1		WebResource.axd?d=VE1LltKE1dXL7-UbkAp-bt6ljn4Brx0V3X9hDRsD8jSFT9qB8YndTHVisocnrFQ8rNfw3OXiDn_Fb7iUlcK8bUIBKyIA1h_3y1b4G2-c7f01&t=636767428042202005	1573849455339	1573849455360	OK	 
REQUEST	1		searchresultui.png?rev=23	1573849455332	1573849455362	OK	 
REQUEST	1		logo_compensar.png?rev=23	1573849455266	1573849455369	OK	 
REQUEST	1		nodearrow.png	1573849455357	1573849455372	OK	 
REQUEST	1		estilos.css	1573849455362	1573849455380	OK	 
REQUEST	1		ParqueaderosV2.js	1573849455364	1573849455402	OK	 
REQUEST	1		compensar.detallevivienda.min.css?ctag=5143$$15.0.4927.1000	1573849455373	1573849455404	OK	 
REQUEST	1		marcador.png	1573849455370	1573849455407	OK	 
REQUEST	1		mainContentInterno.js	1573849455401	1573849455413	OK	 
REQUEST	1		request_19	1573849454472	1573849455425	OK	 
REQUEST	1		request_26	1573849454486	1573849455477	OK	 
REQUEST	1		request_6	1573849455406	1573849455495	OK	 
REQUEST	1		request_7	1573849455408	1573849455507	OK	 
REQUEST	1		request_9	1573849455497	1573849455509	OK	 
REQUEST	1		request_10	1573849455508	1573849455527	OK	 
REQUEST	1		request_11	1573849455511	1573849455530	OK	 
REQUEST	1		request_13	1573849455532	1573849455589	OK	 
REQUEST	1		search.clientcontrols.js?rev=8Q15HW2EU2aXBktJq5YW%2FA%3D%3D	1573849455251	1573849455591	OK	 
REQUEST	1		request_12	1573849455529	1573849455598	OK	 
REQUEST	1		request_3	1573849455403	1573849455607	OK	 
REQUEST	1		request_14	1573849455590	1573849455676	OK	 
REQUEST	1		request_16	1573849455599	1573849455678	OK	 
REQUEST	1		request_15	1573849455596	1573849455702	OK	 
REQUEST	1		request_22	1573849455679	1573849455714	OK	 
REQUEST	1		request_21	1573849455677	1573849455717	OK	 
REQUEST	1		request_25	1573849455716	1573849455800	OK	 
REQUEST	1		request_28	1573849455720	1573849455805	OK	 
REQUEST	1		request_37	1573849455806	1573849455902	OK	 
REQUEST	1		request_34	1573849454530	1573849455904	OK	 
REQUEST	1		request_8	1573849455413	1573849455946	OK	 
REQUEST	1		request_38	1573849455903	1573849455971	OK	 
REQUEST	1		request_23	1573849455704	1573849455989	OK	 
REQUEST	1		request_46	1573849455947	1573849456016	OK	 
REQUEST	1		request_50	1573849455996	1573849456032	OK	 
REQUEST	1		afiliaciones.config.js?v=5	1573849455025	1573849456035	OK	 
REQUEST	1		request_17	1573849455643	1573849456042	OK	 
REQUEST	1		request_52	1573849456034	1573849456098	OK	 
REQUEST	1		request_49	1573849455972	1573849456119	OK	 
REQUEST	1		request_51	1573849456017	1573849456146	OK	 
REQUEST	1		request_32	1573849455802	1573849458358	OK	 
REQUEST	1		request_60	1573849464388	1573849464424	OK	 
REQUEST	1		request_60 Redirect 1	1573849464432	1573849464536	OK	 
REQUEST	1		request_60 Redirect 2	1573849464539	1573849464588	OK	 
REQUEST	1		request_60 Redirect 3	1573849464589	1573849464618	OK	 
REQUEST	1		request_72	1573849464694	1573849464705	OK	 
REQUEST	1		eyesClass.css	1573849464696	1573849464712	OK	 
REQUEST	1		loadingCompensar.gif	1573849464715	1573849464732	OK	 
REQUEST	1		request_70	1573849464695	1573849464770	OK	 
REQUEST	1		request_67	1573849464694	1573849464774	OK	 
REQUEST	1		request_71	1573849464695	1573849464781	OK	 
REQUEST	1		modernizr?v=inCVuEFe6J4Q07A0AcRsbJic_UE5MwpRMNGcOtk94TE1	1573849464698	1573849464783	OK	 
REQUEST	1		modules?v=SqDhzDYakMzJp-M-gCcQFj4vc5izybzoH2OW-2is2fY1	1573849464697	1573849464787	OK	 
REQUEST	1		bootstrap?v=02I37B8URpB7hqkZrxMEO7o6VbDywYH_vuXan7A7mR81	1573849464785	1573849464803	OK	 
REQUEST	1		fonts?v=Y7MRUdvwE1hUsovmZYz9T7_41CMp95gKZ_Q9iYUO2O81	1573849464697	1573849464810	OK	 
REQUEST	1		logo-compensar-blanco.svg	1573849464698	1573849464812	OK	 
REQUEST	1		resetValidation.js	1573849464804	1573849464824	OK	 
REQUEST	1		jquery?v=JL596WEzEYSLK79KRL4It4N63VXpRlW4A824KHlhVLc1	1573849464741	1573849464829	OK	 
REQUEST	1		jqueryval?v=GkCXUO1MPqHDkNoDt8-shdnQEI8KGbNadRAAUqm2VOA1	1573849464790	1573849464831	OK	 
REQUEST	1		utils.js	1573849464812	1573849464834	OK	 
REQUEST	1		modal.js	1573849464814	1573849464842	OK	 
REQUEST	1		css?v=udBLYkNkikBQ6JWixlUMiJYcZz7DRJzdxBJZ-rKFDsg1	1573849464696	1573849464843	OK	 
REQUEST	1		loading.js	1573849464824	1573849464847	OK	 
REQUEST	1		sessionchecker.js	1573849464831	1573849464849	OK	 
REQUEST	1		request_64	1573849464835	1573849464851	OK	 
REQUEST	1		request_65	1573849464842	1573849464859	OK	 
REQUEST	1		request_68	1573849464848	1573849464866	OK	 
REQUEST	1		request_74	1573849464853	1573849464891	OK	 
REQUEST	1		request_61	1573849464833	1573849464898	OK	 
REQUEST	1		request_69	1573849464850	1573849464920	OK	 
REQUEST	1		request_66	1573849464847	1573849464938	OK	 
REQUEST	1		bootstrap.min.css	1573849464692	1573849465023	OK	 
REQUEST	1		request_76	1573849464698	1573849465100	OK	 
REQUEST	1		request_77	1573849498129	1573849502405	OK	 
REQUEST	1		request_77 Redirect 1	1573849502414	1573849502917	OK	 
REQUEST	1		request_105	1573849502949	1573849502983	OK	 
REQUEST	1		request_91	1573849502967	1573849502985	OK	 
REQUEST	1		request_113	1573849502950	1573849503022	OK	 
REQUEST	1		request_124	1573849502951	1573849503027	OK	 
REQUEST	1		request_125	1573849502951	1573849503028	OK	 
REQUEST	1		request_153	1573849502952	1573849503037	OK	 
REQUEST	1		request_101	1573849502967	1573849503112	OK	 
REQUEST	1		request_102	1573849502967	1573849503115	OK	 
REQUEST	1		request_82	1573849502980	1573849503124	OK	 
REQUEST	1		request_80	1573849502979	1573849503129	OK	 
REQUEST	1		request_84	1573849503125	1573849503143	OK	 
REQUEST	1		request_86	1573849503144	1573849503197	OK	 
REQUEST	1		request_85	1573849503134	1573849503257	OK	 
REQUEST	1		request_87	1573849503198	1573849503263	OK	 
REQUEST	1		request_150	1573849502949	1573849503275	OK	 
REQUEST	1		request_88	1573849503261	1573849503277	OK	 
REQUEST	1		request_89	1573849503266	1573849503279	OK	 
REQUEST	1		request_90	1573849503278	1573849503306	OK	 
REQUEST	1		request_93	1573849503307	1573849503323	OK	 
REQUEST	1		request_94	1573849503324	1573849503338	OK	 
REQUEST	1		request_83	1573849502981	1573849503355	OK	 
REQUEST	1		request_96	1573849503357	1573849503370	OK	 
REQUEST	1		request_97	1573849503372	1573849503382	OK	 
REQUEST	1		request_98	1573849503382	1573849503400	OK	 
REQUEST	1		request_92	1573849503280	1573849503409	OK	 
REQUEST	1		request_95	1573849503339	1573849503413	OK	 
REQUEST	1		request_138	1573849502968	1573849503416	OK	 
REQUEST	1		request_106	1573849503416	1573849503432	OK	 
REQUEST	1		request_107	1573849503433	1573849503450	OK	 
REQUEST	1		request_108	1573849503451	1573849503466	OK	 
REQUEST	1		request_100	1573849503401	1573849503470	OK	 
REQUEST	1		request_109	1573849503467	1573849503484	OK	 
REQUEST	1		request_81	1573849502979	1573849503487	OK	 
REQUEST	1		request_104	1573849503412	1573849503535	OK	 
REQUEST	1		request_115	1573849503536	1573849503553	OK	 
REQUEST	1		request_116	1573849503554	1573849503565	OK	 
REQUEST	1		request_78	1573849502978	1573849503607	OK	 
REQUEST	1		request_79	1573849502979	1573849503759	OK	 
REQUEST	1		request_111	1573849503485	1573849503828	OK	 
REQUEST	1		request_121	1573849503765	1573849504029	OK	 
REQUEST	1		request_120	1573849503566	1573849504057	OK	 
REQUEST	1		request_132	1573849504065	1573849504115	OK	 
REQUEST	1		request_131	1573849504030	1573849504130	OK	 
REQUEST	1		request_110	1573849503476	1573849504144	OK	 
REQUEST	1		request_126	1573849503829	1573849504225	OK	 
REQUEST	1		request_136	1573849504131	1573849504353	OK	 
REQUEST	1		request_137	1573849504159	1573849504355	OK	 
REQUEST	1		request_141	1573849504357	1573849504527	OK	 
REQUEST	1		request_140	1573849504354	1573849504529	OK	 
REQUEST	1		request_142	1573849504528	1573849504651	OK	 
REQUEST	1		request_149	1573849504530	1573849504696	OK	 
REQUEST	1		request_135	1573849504117	1573849505193	OK	 
REQUEST	1		request_78	1573849503609	1573849505308	OK	 
REQUEST	1		request_139	1573849504227	1573849505399	OK	 
REQUEST	1		request_112	1573849503489	1573849505864	OK	 
REQUEST	1		request_154	1573849507865	1573849508009	OK	 
REQUEST	1		request_155	1573849508021	1573849509499	OK	 
USER	principaladulto7a12a	1	END	1573849452985	1573849509540
