RUN	Compenssar.home3	home3	1573813009936	 	3.0.2
USER	home3	1	START	1573813012139	1573813012139
REQUEST	1		request_0	1573813012173	1573813014117	OK	 
REQUEST	1		request_1	1573813014324	1573813014350	OK	 
REQUEST	1		request_41	1573813014285	1573813014494	OK	 
REQUEST	1		request_11	1573813014376	1573813014524	OK	 
REQUEST	1		request_9	1573813014274	1573813014537	OK	 
REQUEST	1		request_44	1573813014285	1573813014570	OK	 
REQUEST	1		request_15	1573813014288	1573813014576	OK	 
REQUEST	1		request_16	1573813014288	1573813014596	OK	 
REQUEST	1		request_8	1573813014309	1573813014633	OK	 
REQUEST	1		request_10	1573813014327	1573813014636	OK	 
REQUEST	1		request_74	1573813014271	1573813014662	OK	 
REQUEST	1		request_96	1573813014291	1573813014667	OK	 
REQUEST	1		request_7	1573813014301	1573813014702	OK	 
REQUEST	1		request_94	1573813014310	1573813014731	OK	 
REQUEST	1		request_13	1573813014638	1573813014755	OK	 
REQUEST	1		request_3	1573813014325	1573813014760	OK	 
REQUEST	1		request_80	1573813014273	1573813014786	OK	 
REQUEST	1		request_20	1573813014784	1573813014819	OK	 
REQUEST	1		request_4	1573813014326	1573813014824	OK	 
REQUEST	1		request_19	1573813014757	1573813014841	OK	 
REQUEST	1		request_6	1573813014328	1573813014851	OK	 
REQUEST	1		request_97	1573813014323	1573813014856	OK	 
REQUEST	1		request_26	1573813014844	1573813014866	OK	 
REQUEST	1		request_22	1573813014840	1573813014883	OK	 
REQUEST	1		request_27	1573813014868	1573813014890	OK	 
REQUEST	1		request_21	1573813014821	1573813014908	OK	 
REQUEST	1		request_31	1573813014895	1573813014917	OK	 
REQUEST	1		request_30	1573813014888	1573813014923	OK	 
REQUEST	1		request_32	1573813014915	1573813014937	OK	 
REQUEST	1		request_33	1573813014921	1573813014941	OK	 
REQUEST	1		request_34	1573813014927	1573813014946	OK	 
REQUEST	1		request_35	1573813014940	1573813014959	OK	 
REQUEST	1		request_36	1573813014944	1573813014963	OK	 
REQUEST	1		request_37	1573813014948	1573813014969	OK	 
REQUEST	1		request_38	1573813014961	1573813014981	OK	 
REQUEST	1		request_39	1573813014965	1573813014984	OK	 
REQUEST	1		request_40	1573813014970	1573813014990	OK	 
REQUEST	1		request_45	1573813014993	1573813015039	OK	 
REQUEST	1		request_46	1573813015044	1573813015069	OK	 
REQUEST	1		request_43	1573813014986	1573813015105	OK	 
REQUEST	1		request_2	1573813014325	1573813015111	OK	 
REQUEST	1		request_47	1573813015072	1573813015125	OK	 
REQUEST	1		request_49	1573813015120	1573813015144	OK	 
REQUEST	1		request_50	1573813015128	1573813015166	OK	 
REQUEST	1		request_51	1573813015147	1573813015170	OK	 
REQUEST	1		request_52	1573813015169	1573813015187	OK	 
REQUEST	1		request_53	1573813015171	1573813015192	OK	 
REQUEST	1		request_48	1573813015108	1573813015207	OK	 
REQUEST	1		request_54	1573813015189	1573813015216	KO	status.find.in(200,201,202,203,204,205,206,207,208,209,304), found 500
REQUEST	1		request_60	1573813015208	1573813015278	KO	status.find.in(200,201,202,203,204,205,206,207,208,209,304), found 500
REQUEST	1		request_64	1573813015225	1573813015336	OK	 
REQUEST	1		request_42	1573813014983	1573813015360	OK	 
REQUEST	1		request_68	1573813015390	1573813015411	OK	 
REQUEST	1		request_66	1573813015338	1573813015418	OK	 
REQUEST	1		request_69	1573813015413	1573813015426	OK	 
REQUEST	1		request_71	1573813015428	1573813015447	OK	 
REQUEST	1		request_70	1573813015419	1573813015450	OK	 
REQUEST	1		request_65	1573813015282	1573813015456	OK	 
REQUEST	1		request_72	1573813015449	1573813015467	OK	 
REQUEST	1		request_73	1573813015452	1573813015470	OK	 
REQUEST	1		request_75	1573813015458	1573813015479	OK	 
REQUEST	1		request_78	1573813015480	1573813015553	OK	 
REQUEST	1		request_18	1573813014290	1573813015610	OK	 
REQUEST	1		request_17	1573813014289	1573813015614	OK	 
REQUEST	1		request_5	1573813014327	1573813015617	OK	 
REQUEST	1		request_14	1573813014286	1573813015621	OK	 
REQUEST	1		request_56	1573813015194	1573813015632	OK	 
REQUEST	1		request_83	1573813015634	1573813015652	OK	 
REQUEST	1		request_84	1573813015653	1573813015676	OK	 
REQUEST	1		request_85	1573813015677	1573813015699	OK	 
REQUEST	1		request_77	1573813015471	1573813015745	OK	 
REQUEST	1		request_86	1573813015700	1573813015752	OK	 
REQUEST	1		request_81	1573813015619	1573813015758	OK	 
REQUEST	1		request_89	1573813015760	1573813015778	OK	 
REQUEST	1		request_88	1573813015753	1573813015781	OK	 
REQUEST	1		request_87	1573813015746	1573813015783	OK	 
REQUEST	1		request_79	1573813015561	1573813015795	OK	 
REQUEST	1		request_91	1573813015782	1573813015813	OK	 
REQUEST	1		request_76	1573813015469	1573813015815	OK	 
REQUEST	1		request_92	1573813015784	1573813015816	OK	 
REQUEST	1		request_93	1573813015803	1573813015821	OK	 
REQUEST	1		request_12	1573813014532	1573813015828	OK	 
REQUEST	1		request_98	1573813015816	1573813015830	OK	 
REQUEST	1		request_95	1573813015814	1573813015833	OK	 
REQUEST	1		request_90	1573813015779	1573813015852	OK	 
USER	home3	1	END	1573813012139	1573813015865
