RUN	Compenssar.portal1	portal1	1573827501912	 	3.0.2
USER	portal1	1	START	1573827504779	1573827504779
REQUEST	1		request_0	1573827504817	1573827505213	OK	 
REQUEST	1		request_1	1573827509243	1573827509482	OK	 
REQUEST	1		request_2	1573827509827	1573827509894	OK	 
REQUEST	1		request_8	1573827509911	1573827510114	OK	 
REQUEST	1		request_9	1573827510118	1573827510255	OK	 
REQUEST	1		request_87	1573827509742	1573827510292	OK	 
REQUEST	1		request_128	1573827509748	1573827510304	OK	 
REQUEST	1		request_119	1573827509766	1573827510394	OK	 
REQUEST	1		request_10	1573827510258	1573827510451	OK	 
REQUEST	1		request_87	1573827510300	1573827510532	OK	 
REQUEST	1		request_93	1573827509744	1573827510536	OK	 
REQUEST	1		request_125	1573827509746	1573827510539	OK	 
REQUEST	1		request_130	1573827510393	1573827510543	OK	 
REQUEST	1		request_161	1573827510396	1573827510549	OK	 
REQUEST	1		request_127	1573827509767	1573827510554	OK	 
REQUEST	1		request_11	1573827510453	1573827510559	OK	 
REQUEST	1		request_81	1573827509729	1573827510566	OK	 
REQUEST	1		request_131	1573827510535	1573827510569	OK	 
REQUEST	1		request_132	1573827510538	1573827510572	OK	 
REQUEST	1		request_3	1573827509830	1573827510576	OK	 
REQUEST	1		request_134	1573827510545	1573827510583	OK	 
REQUEST	1		request_162	1573827510553	1573827510586	OK	 
REQUEST	1		request_6	1573827509832	1573827510625	OK	 
REQUEST	1		request_12	1573827510562	1573827510630	OK	 
REQUEST	1		request_135	1573827510571	1573827510635	OK	 
REQUEST	1		request_137	1573827510574	1573827510637	OK	 
REQUEST	1		request_133	1573827510542	1573827510640	OK	 
REQUEST	1		request_138	1573827510585	1573827510642	OK	 
REQUEST	1		request_165	1573827510556	1573827510645	OK	 
REQUEST	1		request_13	1573827510580	1573827510650	OK	 
REQUEST	1		request_7	1573827509833	1573827510662	OK	 
REQUEST	1		request_15	1573827510633	1573827510667	OK	 
REQUEST	1		request_143	1573827510645	1573827510672	OK	 
REQUEST	1		request_86	1573827509793	1573827510674	OK	 
REQUEST	1		request_14	1573827510628	1573827510676	OK	 
REQUEST	1		request_16	1573827510658	1573827510680	OK	 
REQUEST	1		request_92	1573827509645	1573827510730	OK	 
REQUEST	1		request_17	1573827510667	1573827510735	OK	 
REQUEST	1		request_68	1573827509834	1573827510745	OK	 
REQUEST	1		request_18	1573827510670	1573827510751	OK	 
REQUEST	1		request_142	1573827510642	1573827510757	OK	 
REQUEST	1		request_20	1573827510682	1573827510761	OK	 
REQUEST	1		request_85	1573827509741	1573827510823	OK	 
REQUEST	1		request_23	1573827510763	1573827510883	OK	 
REQUEST	1		request_22	1573827510753	1573827510886	OK	 
REQUEST	1		request_94	1573827509683	1573827510889	OK	 
REQUEST	1		request_139	1573827510636	1573827510891	OK	 
REQUEST	1		request_140	1573827510639	1573827510895	OK	 
REQUEST	1		request_145	1573827510759	1573827510898	OK	 
REQUEST	1		request_21	1573827510736	1573827510900	OK	 
REQUEST	1		request_25	1573827510888	1573827511285	OK	 
REQUEST	1		request_146	1573827510895	1573827511288	OK	 
REQUEST	1		request_147	1573827510896	1573827511327	OK	 
REQUEST	1		request_149	1573827510900	1573827511331	OK	 
REQUEST	1		request_144	1573827510674	1573827511336	OK	 
REQUEST	1		request_113	1573827509763	1573827511340	OK	 
REQUEST	1		request_24	1573827510885	1573827511344	OK	 
REQUEST	1		request_5	1573827509831	1573827511347	OK	 
REQUEST	1		request_19	1573827510677	1573827511352	OK	 
REQUEST	1		request_27	1573827511287	1573827511355	OK	 
REQUEST	1		request_150	1573827511291	1573827511358	OK	 
REQUEST	1		request_126	1573827509747	1573827511361	OK	 
REQUEST	1		request_26	1573827510902	1573827511365	OK	 
REQUEST	1		request_151	1573827511329	1573827511367	OK	 
REQUEST	1		request_115	1573827509764	1573827511371	OK	 
REQUEST	1		request_117	1573827509765	1573827511373	OK	 
REQUEST	1		request_28	1573827511346	1573827511404	OK	 
REQUEST	1		request_152	1573827511335	1573827511407	OK	 
REQUEST	1		request_118	1573827509766	1573827511410	OK	 
REQUEST	1		request_29	1573827511351	1573827511412	OK	 
REQUEST	1		request_30	1573827511354	1573827511414	OK	 
REQUEST	1		request_31	1573827511357	1573827511416	OK	 
REQUEST	1		request_154	1573827511360	1573827511418	OK	 
REQUEST	1		request_156	1573827511370	1573827511421	OK	 
REQUEST	1		request_32	1573827511366	1573827511431	OK	 
REQUEST	1		request_33	1573827511406	1573827511434	OK	 
REQUEST	1		request_35	1573827511415	1573827511437	OK	 
REQUEST	1		request_36	1573827511417	1573827511439	OK	 
REQUEST	1		request_155	1573827511364	1573827511442	OK	 
REQUEST	1		request_157	1573827511409	1573827511461	OK	 
REQUEST	1		request_38	1573827511436	1573827511465	OK	 
REQUEST	1		request_34	1573827511413	1573827511468	OK	 
REQUEST	1		request_37	1573827511433	1573827511471	OK	 
REQUEST	1		request_39	1573827511438	1573827511474	OK	 
REQUEST	1		request_40	1573827511441	1573827511485	OK	 
REQUEST	1		request_124	1573827509745	1573827511488	OK	 
REQUEST	1		request_43	1573827511472	1573827511498	OK	 
REQUEST	1		request_44	1573827511476	1573827511502	OK	 
REQUEST	1		request_41	1573827511467	1573827511505	OK	 
REQUEST	1		request_42	1573827511470	1573827511512	OK	 
REQUEST	1		request_153	1573827511339	1573827511517	OK	 
REQUEST	1		request_45	1573827511487	1573827511522	OK	 
REQUEST	1		request_47	1573827511504	1573827511530	OK	 
REQUEST	1		request_48	1573827511508	1573827511544	OK	 
REQUEST	1		request_49	1573827511514	1573827511549	OK	 
REQUEST	1		request_53	1573827511545	1573827511587	OK	 
REQUEST	1		request_50	1573827511525	1573827511590	OK	 
REQUEST	1		request_166	1573827511420	1573827511591	OK	 
REQUEST	1		request_54	1573827511552	1573827511593	OK	 
REQUEST	1		request_52	1573827511535	1573827511597	OK	 
REQUEST	1		request_46	1573827511501	1573827511605	OK	 
REQUEST	1		request_56	1573827511591	1573827511610	OK	 
REQUEST	1		request_55	1573827511588	1573827511612	OK	 
REQUEST	1		request_57	1573827511594	1573827511615	OK	 
REQUEST	1		request_4	1573827509831	1573827511617	OK	 
REQUEST	1		request_58	1573827511604	1573827512135	OK	 
REQUEST	1		request_60	1573827511612	1573827512138	OK	 
REQUEST	1		request_61	1573827511614	1573827512140	OK	 
REQUEST	1		request_62	1573827511617	1573827512142	OK	 
REQUEST	1		request_59	1573827511609	1573827512144	OK	 
REQUEST	1		request_64	1573827512137	1573827512150	OK	 
REQUEST	1		request_66	1573827512141	1573827512152	OK	 
REQUEST	1		request_65	1573827512140	1573827512154	OK	 
REQUEST	1		request_67	1573827512143	1573827512157	OK	 
REQUEST	1		request_71	1573827512153	1573827512182	OK	 
REQUEST	1		request_72	1573827512156	1573827512216	OK	 
REQUEST	1		request_82	1573827512158	1573827512223	OK	 
REQUEST	1		request_88	1573827512186	1573827512226	OK	 
REQUEST	1		request_51	1573827509779	1573827512256	OK	 
REQUEST	1		request_89	1573827512219	1573827512284	OK	 
REQUEST	1		request_91	1573827512228	1573827512287	OK	 
REQUEST	1		request_219	1573827509768	1573827512315	OK	 
REQUEST	1		request_69	1573827512145	1573827512323	OK	 
REQUEST	1		request_70	1573827512151	1573827512338	OK	 
REQUEST	1		request_95	1573827512285	1573827512349	OK	 
REQUEST	1		request_84	1573827509792	1573827512351	OK	 
REQUEST	1		request_98	1573827512289	1573827512355	OK	 
REQUEST	1		request_99	1573827512332	1573827512358	OK	 
REQUEST	1		request_83	1573827509791	1573827512365	OK	 
REQUEST	1		request_105	1573827512350	1573827512366	OK	 
REQUEST	1		request_100	1573827512348	1573827512369	OK	 
REQUEST	1		request_107	1573827512361	1573827512381	OK	 
REQUEST	1		request_106	1573827512356	1573827512383	OK	 
REQUEST	1		request_90	1573827512225	1573827512385	OK	 
REQUEST	1		request_109	1573827512370	1573827512389	OK	 
REQUEST	1		request_108	1573827512368	1573827512391	OK	 
REQUEST	1		request_112	1573827512386	1573827512399	OK	 
REQUEST	1		request_111	1573827512384	1573827512417	OK	 
REQUEST	1		request_110	1573827512382	1573827512419	OK	 
REQUEST	1		request_163	1573827509761	1573827512422	OK	 
REQUEST	1		request_170	1573827509762	1573827512424	OK	 
REQUEST	1		request_114	1573827512391	1573827512453	OK	 
REQUEST	1		request_116	1573827512392	1573827512455	OK	 
REQUEST	1		request_101	1573827509749	1573827512458	OK	 
REQUEST	1		request_120	1573827512400	1573827512460	OK	 
REQUEST	1		request_188	1573827509807	1573827512462	OK	 
REQUEST	1		request_63	1573827512134	1573827512465	OK	 
REQUEST	1		request_169	1573827512462	1573827512476	OK	 
REQUEST	1		request_171	1573827512471	1573827512511	OK	 
REQUEST	1		request_148	1573827512421	1573827512513	OK	 
REQUEST	1		request_175	1573827512477	1573827512518	OK	 
REQUEST	1		request_168	1573827512456	1573827512541	OK	 
REQUEST	1		request_176	1573827512512	1573827512547	OK	 
REQUEST	1		request_178	1573827512519	1573827512551	OK	 
REQUEST	1		request_179	1573827512546	1573827512567	OK	 
REQUEST	1		request_182	1573827512550	1573827512568	OK	 
REQUEST	1		request_123	1573827512419	1573827512633	KO	status.find.in(200,201,202,203,204,205,206,207,208,209,304), found 404
REQUEST	1		request_185	1573827512568	1573827512667	OK	 
REQUEST	1		request_183	1573827512554	1573827512700	OK	 
REQUEST	1		request_177	1573827512514	1573827512705	OK	 
REQUEST	1		request_189	1573827512570	1573827512724	OK	 
REQUEST	1		request_192	1573827512704	1573827512736	OK	 
REQUEST	1		request_193	1573827512706	1573827512739	OK	 
REQUEST	1		request_194	1573827512726	1573827512749	OK	 
REQUEST	1		request_167	1573827512454	1573827512755	OK	 
REQUEST	1		request_195	1573827512738	1573827512774	OK	 
REQUEST	1		request_196	1573827512741	1573827512788	OK	 
REQUEST	1		request_197	1573827512750	1573827512791	OK	 
REQUEST	1		request_191	1573827512670	1573827512825	OK	 
REQUEST	1		request_200	1573827512789	1573827512841	OK	 
REQUEST	1		request_201	1573827512792	1573827512843	OK	 
REQUEST	1		request_198	1573827512772	1573827512848	OK	 
REQUEST	1		request_199	1573827512775	1573827512875	OK	 
REQUEST	1		request_202	1573827512834	1573827512877	OK	 
REQUEST	1		request_204	1573827512847	1573827512886	OK	 
REQUEST	1		request_205	1573827512850	1573827512887	OK	 
REQUEST	1		request_203	1573827512842	1573827512889	OK	 
REQUEST	1		request_207	1573827512878	1573827512894	OK	 
REQUEST	1		request_209	1573827512888	1573827512935	OK	 
REQUEST	1		request_208	1573827512886	1573827512937	OK	 
REQUEST	1		request_206	1573827512876	1573827512939	OK	 
REQUEST	1		request_211	1573827512895	1573827512945	OK	 
REQUEST	1		request_213	1573827512938	1573827512957	OK	 
REQUEST	1		request_212	1573827512936	1573827512959	OK	 
REQUEST	1		request_210	1573827512890	1573827512961	OK	 
REQUEST	1		request_215	1573827512946	1573827512963	OK	 
REQUEST	1		request_214	1573827512941	1573827512965	OK	 
REQUEST	1		request_216	1573827512958	1573827512975	OK	 
REQUEST	1		request_218	1573827512962	1573827512986	OK	 
REQUEST	1		request_220	1573827512964	1573827512988	OK	 
REQUEST	1		request_217	1573827512960	1573827513005	OK	 
REQUEST	1		request_190	1573827512639	1573827513042	OK	 
REQUEST	1		request_305	1573827520046	1573827520439	OK	 
REQUEST	1		request_306	1573827520480	1573827520703	OK	 
USER	portal1	1	END	1573827504779	1573827520733
