RUN	Compenssar.portal2	portal2	1573820588810	 	3.0.2
USER	portal2	1	START	1573820591044	1573820591044
REQUEST	1		request_0	1573820591076	1573820591735	OK	 
ERROR	request_91: Failed to build request: Resource /portal2/0091_request.dat not found 	1573820592001
ERROR	request_92: Failed to build request: Resource /portal2/0092_request.dat not found 	1573820592003
ERROR	request_99: Failed to build request: Resource /portal2/0099_request.dat not found 	1573820592009
ERROR	request_100: Failed to build request: Resource /portal2/0100_request.dat not found 	1573820592009
ERROR	request_101: Failed to build request: Resource /portal2/0101_request.dat not found 	1573820592009
ERROR	request_102: Failed to build request: Resource /portal2/0102_request.dat not found 	1573820592010
ERROR	request_103: Failed to build request: Resource /portal2/0103_request.dat not found 	1573820592011
ERROR	request_104: Failed to build request: Resource /portal2/0104_request.dat not found 	1573820592011
ERROR	request_105: Failed to build request: Resource /portal2/0105_request.dat not found 	1573820592011
REQUEST	1		favicon.ico?rev=23	1573820592096	1573820592117	OK	 
REQUEST	1		bootstrap.min.js	1573820592134	1573820592208	OK	 
REQUEST	1		jquery.spservices-2014.02.min.js	1573820592233	1573820592325	OK	 
REQUEST	1		knockout-3.4.1.min.js?v=1	1573820592328	1573820592399	OK	 
REQUEST	1		request_8	1573820592051	1573820592410	OK	 
REQUEST	1		request_16	1573820592064	1573820592421	OK	 
REQUEST	1		request_24	1573820592054	1573820592432	OK	 
REQUEST	1		request_18	1573820592066	1573820592439	OK	 
REQUEST	1		mmapi.js	1573820592074	1573820592442	OK	 
REQUEST	1		request_76	1573820592085	1573820592447	OK	 
REQUEST	1		minisp.min.js	1573820592097	1573820592451	OK	 
REQUEST	1		ko.sp-1.0.min.js	1573820592404	1573820592459	OK	 
REQUEST	1		request_20	1573820592052	1573820592465	OK	 
REQUEST	1		request_21	1573820592052	1573820592497	OK	 
REQUEST	1		request_23	1573820592053	1573820592502	OK	 
REQUEST	1		request_131	1573820592067	1573820592524	OK	 
REQUEST	1		datalayercorporativo.min.js	1573820592099	1573820592542	OK	 
REQUEST	1		rangeslider.min.js	1573820592463	1573820592545	OK	 
REQUEST	1		request_3	1573820592049	1573820592553	OK	 
REQUEST	1		request_27	1573820592500	1573820592557	OK	 
REQUEST	1		request_28	1573820592505	1573820592559	OK	 
REQUEST	1		request_5	1573820592082	1573820592566	OK	 
REQUEST	1		request_6	1573820592083	1573820592583	OK	 
REQUEST	1		picturefill.min.js	1573820592547	1573820592590	OK	 
REQUEST	1		request_4	1573820592050	1573820592592	OK	 
REQUEST	1		request_30	1573820592561	1573820592594	OK	 
REQUEST	1		validate.min.js	1573820592591	1573820592607	OK	 
REQUEST	1		request_31	1573820592595	1573820592613	OK	 
REQUEST	1		request_26	1573820592497	1573820592618	OK	 
REQUEST	1		request_29	1573820592558	1573820592623	OK	 
REQUEST	1		jquery.validate.min.js	1573820592611	1573820592630	OK	 
REQUEST	1		request_32	1573820592616	1573820592637	OK	 
REQUEST	1		request_25	1573820592434	1573820592639	OK	 
REQUEST	1		bluebird.min.js	1573820592100	1573820592647	OK	 
REQUEST	1		croppie.min.js	1573820592632	1573820592653	OK	 
REQUEST	1		request_34	1573820592624	1573820592657	OK	 
REQUEST	1		request_37	1573820592640	1573820592660	OK	 
REQUEST	1		request_33	1573820592622	1573820592663	OK	 
REQUEST	1		request_74	1573820592441	1573820592665	OK	 
REQUEST	1		afiliaciones.config.js?v=5	1573820592651	1573820592670	OK	 
REQUEST	1		request_38	1573820592658	1573820592677	OK	 
REQUEST	1		compTools.min.js?v=1	1573820592655	1573820592680	OK	 
REQUEST	1		request_39	1573820592662	1573820592683	OK	 
REQUEST	1		request_75	1573820592669	1573820592687	OK	 
REQUEST	1		compensar.script.min.js	1573820592671	1573820592696	OK	 
REQUEST	1		compensar.actualizarcorreo.min.js	1573820592682	1573820592702	OK	 
REQUEST	1		request_41	1573820592679	1573820592704	OK	 
REQUEST	1		slick.min.js	1573820592453	1573820592708	OK	 
REQUEST	1		request_1	1573820592100	1573820592712	OK	 
REQUEST	1		compensar.loadComponents.min.js?v=1	1573820592704	1573820592717	OK	 
REQUEST	1		request_40	1573820592664	1573820592749	OK	 
REQUEST	1		request_42	1573820592685	1573820592753	OK	 
REQUEST	1		sjcl.min.js	1573820592698	1573820592761	OK	 
REQUEST	1		compensar.enModoEdicion.min.js?v=1	1573820592718	1573820592776	OK	 
REQUEST	1		request_12	1573820592048	1573820592779	OK	 
REQUEST	1		request_43	1573820592707	1573820592781	OK	 
REQUEST	1		request_85	1573820592062	1573820592788	OK	 
REQUEST	1		request_87	1573820592063	1573820592792	OK	 
REQUEST	1		compensar.tiempoInactividad.min.js?v=1	1573820592710	1573820592795	OK	 
REQUEST	1		request_44	1573820592752	1573820592798	OK	 
REQUEST	1		request_45	1573820592757	1573820592801	OK	 
REQUEST	1		request_126	1573820592083	1573820592805	OK	 
REQUEST	1		compensar.detectarAncho.min.js?v=1	1573820592775	1573820592807	OK	 
REQUEST	1		compensar.deferImages.min.js?v=1	1573820592778	1573820592809	OK	 
REQUEST	1		ion.rangeslider.min.js	1573820592544	1573820592820	OK	 
REQUEST	1		request_46	1573820592785	1573820592830	OK	 
REQUEST	1		compensar.miCompensarPerfil.min.js?v=1	1573820592813	1573820592836	OK	 
REQUEST	1		request_47	1573820592800	1573820592839	OK	 
REQUEST	1		request_49	1573820592804	1573820592842	OK	 
REQUEST	1		compensar.agregarTitulowebparts.min.js?v=1	1573820592796	1573820592843	OK	 
REQUEST	1		compensar.menuDesplegable.min.js?v=1	1573820592808	1573820592849	OK	 
REQUEST	1		compensar.controlPestanas.min.js?v=1	1573820592824	1573820592853	OK	 
REQUEST	1		compensar.controlAcordeon.min.js?v=1	1573820592838	1573820592882	OK	 
REQUEST	1		request_50	1573820592835	1573820592885	OK	 
REQUEST	1		headerNav.min.js?v=1	1573820592855	1573820592906	OK	 
REQUEST	1		compensar.filtroControlerVivienda.min.js?v=1	1573820592846	1573820592908	OK	 
REQUEST	1		mainContent.min.js?v=1	1573820592851	1573820592911	OK	 
REQUEST	1		modeloMenuAux.min.js?v=1	1573820592884	1573820592913	OK	 
REQUEST	1		request_13	1573820592047	1573820592923	OK	 
REQUEST	1		compensar.footer.min.js?v=1	1573820592914	1573820592928	OK	 
REQUEST	1		compensar.componenteEmailController.min.js?v=1	1573820592912	1573820592930	OK	 
REQUEST	1		compensar.menuSecundario.min.js?v=1	1573820592907	1573820592931	OK	 
REQUEST	1		compensar.quitarLoading.min.js?v=1	1573820592910	1573820592933	OK	 
REQUEST	1		compensar.componentePopUpController.min.js?v=1	1573820592929	1573820592944	OK	 
REQUEST	1		compensar.notificaciones.min.js	1573820592931	1573820592946	OK	 
REQUEST	1		customcanales.min.js	1573820592933	1573820592982	OK	 
REQUEST	1		customactioncall.js	1573820592935	1573820592986	OK	 
REQUEST	1		blank.js?rev=ZaOXZEobVwykPO9g8hq%2F8A%3D%3D	1573820592947	1573820593000	OK	 
REQUEST	1		request_98	1573820592841	1573820593013	OK	 
REQUEST	1		ScriptResource.axd?d=DbBIHdj-QC5CO88xwauS5dkoqIs6nZmS0i8rusZB1q2JCx1O17otX38Pbo9-Co9QXf_ywgPOgCaWxydR-v-KO_BCuip-vRkoHzjnd81XPEqYhrrZRFvD28DBse-3zjaVmjdm2hC17AQqDXfxT3KoyoLs-sQ7qPLfqrjuPJokLcOn_d3Dmrsd446-Hg6mDbff0&t=72e85ccd	1573820592945	1573820593036	OK	 
REQUEST	1		sp.init.js?rev=jvJC3Kl5gbORaLtf7kxULQ%3D%3D	1573820592989	1573820593040	OK	 
REQUEST	1		ScriptResource.axd?d=LzPGXWTyY4NfgAzL7AVGti8jNkeNvyxE7t2p3M-3BPJvKFvvkBUGxbbcxESn55TFNOUl8xW6SvygFDc-U8cavgouTpfnyDz3b86dyb2Q1b12B-B2zqJbKL3UrhnjJpkL79pBm9zX4FVDPUA4BsjrvCFATMYLp3cyBtLpIkBKZKUxDrfJga0vw4ZjurZ0mn1o0&t=72e85ccd	1573820592985	1573820593048	OK	 
REQUEST	1		clientrenderer.js?rev=PWwV4FATEiOxN90BeB5Hzw%3D%3D	1573820593051	1573820593064	OK	 
REQUEST	1		ScriptResx.ashx?culture=es%2Des&name=SP%2ERes&rev=DoAHv8R6TO7rl33LcYBJTA%3D%3D	1573820593001	1573820593103	OK	 
REQUEST	1		sp.runtime.js?rev=5f2WkYJoaxlIRdwUeg4WEg%3D%3D	1573820593039	1573820593116	OK	 
REQUEST	1		sp.search.js?rev=dMkPlEXpdY6iJ%2FsY5RsB0g%3D%3D	1573820593042	1573820593122	OK	 
REQUEST	1		search.cbs.js?rev=S5EegsQhNKgWxVFmcqr5dQ%3D%3D	1573820593120	1573820593137	OK	 
REQUEST	1		ScriptResx.ashx?culture=es%2Des&name=Srch%2EResources&rev=GVo354neq7eNTurLgIdpJQ%3D%3D	1573820593065	1573820593148	OK	 
REQUEST	1		spcommon.png?rev=23	1573820593124	1573820593153	OK	 
REQUEST	1		logo_compensar.png?rev=23	1573820593138	1573820593164	OK	 
REQUEST	1		request_73	1573820592424	1573820593167	OK	 
REQUEST	1		WebResource.axd?d=hcspxoKGngdkW0b6xYvFftMD9L7tgVctZKvxUqyhcPMOX4gSlmQgLLYGJ7F9lMuasHqe9Mv5x6g7VZmrwkJEQmLxw_pNwohGyqmgqyaeGpA1&t=635792838349294682	1573820593151	1573820593219	OK	 
REQUEST	1		logo-compensar-gris.svg	1573820593166	1573820593223	OK	 
REQUEST	1		logo_compensar.png	1573820593154	1573820593230	OK	 
REQUEST	1		searchresultui.png?rev=23	1573820593221	1573820593231	OK	 
REQUEST	1		datalayerCorporativo.js	1573820593224	1573820593251	OK	 
REQUEST	1		jquery.mb.browser.js	1573820593233	1573820593258	OK	 
REQUEST	1		productosDestacados.min.css?v=1	1573820593252	1573820593280	OK	 
REQUEST	1		banner-200.jpg	1573820593231	1573820593283	OK	 
REQUEST	1		ProductosDestacados.min.js?v=1	1573820593260	1573820593285	OK	 
REQUEST	1		search.clientcontrols.js?rev=8Q15HW2EU2aXBktJq5YW%2FA%3D%3D	1573820593105	1573820593286	OK	 
REQUEST	1		request_17	1573820592065	1573820593293	OK	 
REQUEST	1		request_15	1573820592063	1573820593304	OK	 
REQUEST	1		request_7	1573820593281	1573820593316	OK	 
REQUEST	1		request_9	1573820593284	1573820593326	OK	 
REQUEST	1		request_11	1573820593290	1573820593332	OK	 
REQUEST	1		request_52	1573820593327	1573820593340	OK	 
REQUEST	1		request_51	1573820593317	1573820593343	OK	 
REQUEST	1		request_53	1573820593334	1573820593358	OK	 
REQUEST	1		request_57	1573820593344	1573820593362	OK	 
REQUEST	1		request_10	1573820593286	1573820593365	OK	 
REQUEST	1		request_59	1573820593363	1573820593373	OK	 
REQUEST	1		request_54	1573820593341	1573820593378	OK	 
REQUEST	1		request_58	1573820593361	1573820593380	OK	 
REQUEST	1		request_62	1573820593366	1573820593382	OK	 
REQUEST	1		request_19	1573820592066	1573820593392	OK	 
REQUEST	1		request_63	1573820593374	1573820593395	OK	 
REQUEST	1		request_64	1573820593379	1573820593399	OK	 
REQUEST	1		request_66	1573820593384	1573820593402	OK	 
REQUEST	1		request_65	1573820593381	1573820593404	OK	 
REQUEST	1		request_67	1573820593398	1573820593408	OK	 
REQUEST	1		request_68	1573820593401	1573820593418	OK	 
REQUEST	1		request_69	1573820593404	1573820593420	OK	 
REQUEST	1		request_70	1573820593406	1573820593422	OK	 
REQUEST	1		request_71	1573820593408	1573820593425	OK	 
REQUEST	1		request_22	1573820592053	1573820593430	OK	 
REQUEST	1		request_35	1573820592066	1573820593441	OK	 
REQUEST	1		request_79	1573820593424	1573820593446	OK	 
REQUEST	1		request_80	1573820593426	1573820593448	OK	 
REQUEST	1		request_82	1573820593449	1573820593504	OK	 
REQUEST	1		request_14	1573820592054	1573820593510	OK	 
REQUEST	1		request_81	1573820593447	1573820593515	OK	 
REQUEST	1		request_83	1573820593507	1573820593529	OK	 
REQUEST	1		request_84	1573820593517	1573820593532	OK	 
REQUEST	1		request_86	1573820593531	1573820593548	OK	 
REQUEST	1		request_78	1573820593422	1573820593568	OK	 
REQUEST	1		request_89	1573820593549	1573820593576	OK	 
REQUEST	1		request_8	1573820592420	1573820593599	OK	 
REQUEST	1		request_88	1573820593534	1573820593601	OK	 
REQUEST	1		request_93	1573820593573	1573820593651	OK	 
REQUEST	1		init.js?rev=ZwTQYqYlNTyyuMWaLlhwSg%3D%3D	1573820592098	1573820593656	OK	 
REQUEST	1		request_94	1573820593577	1573820593663	OK	 
REQUEST	1		request_106	1573820593664	1573820593687	OK	 
REQUEST	1		request_96	1573820593652	1573820593689	OK	 
REQUEST	1		request_107	1573820593688	1573820593713	OK	 
REQUEST	1		request_108	1573820593692	1573820593726	OK	 
REQUEST	1		request_36	1573820592638	1573820593728	OK	 
REQUEST	1		request_109	1573820593714	1573820593733	OK	 
REQUEST	1		request_97	1573820593660	1573820593748	OK	 
REQUEST	1		request_77	1573820593420	1573820593755	OK	 
REQUEST	1		request_111	1573820593746	1573820593770	OK	 
REQUEST	1		request_110	1573820593728	1573820593771	OK	 
REQUEST	1		request_112	1573820593749	1573820593806	OK	 
REQUEST	1		request_115	1573820593772	1573820593815	OK	 
REQUEST	1		request_116	1573820593807	1573820593830	OK	 
REQUEST	1		request_117	1573820593816	1573820593837	OK	 
REQUEST	1		request_118	1573820593831	1573820593851	OK	 
REQUEST	1		request_119	1573820593838	1573820593853	OK	 
REQUEST	1		request_121	1573820593854	1573820593875	OK	 
REQUEST	1		request_120	1573820593852	1573820593897	OK	 
REQUEST	1		request_122	1573820593876	1573820593899	OK	 
REQUEST	1		request_124	1573820593900	1573820593914	OK	 
REQUEST	1		request_123	1573820593899	1573820593915	OK	 
REQUEST	1		request_95	1573820593602	1573820593918	OK	 
REQUEST	1		request_127	1573820593916	1573820593938	OK	 
REQUEST	1		request_128	1573820593928	1573820593943	OK	 
REQUEST	1		request_132	1573820593944	1573820593959	OK	 
REQUEST	1		request_130	1573820593939	1573820593972	OK	 
REQUEST	1		request_125	1573820593915	1573820594003	OK	 
REQUEST	1		request_113	1573820593769	1573820594134	OK	 
REQUEST	1		request_114	1573820593770	1573820594235	OK	 
REQUEST	1		jquery-3.1.1.min.js	1573820592099	1573820602117	KO	i.n.c.ConnectTimeoutException: connection timed out: prucorporativo.compensar.com/190.144.155.118:443
USER	portal2	1	END	1573820591044	1573820602153
