RUN	Compenssar.afiliacionIndependiente1	afiliacionindependiente1	1573846819679	 	3.0.2
USER	afiliacionIndependiente1	1	START	1573846822193	1573846822193
REQUEST	1		request_0	1573846822225	1573846822742	OK	 
ERROR	request_28: Failed to build request: Resource /afiliacionindependiente1/0028_request.dat not found 	1573846822983
ERROR	request_31: Failed to build request: Resource /afiliacionindependiente1/0031_request.dat not found 	1573846822984
REQUEST	1		favicon.ico?rev=23	1573846823089	1573846823150	OK	 
REQUEST	1		bootstrap.min.js	1573846823159	1573846823284	OK	 
REQUEST	1		request_25	1573846823040	1573846823325	OK	 
REQUEST	1		mmapi.js	1573846823052	1573846823329	OK	 
REQUEST	1		jquery.spservices-2014.02.min.js	1573846823288	1573846823345	OK	 
REQUEST	1		request_8	1573846823064	1573846823429	OK	 
REQUEST	1		request_9	1573846823020	1573846823516	OK	 
REQUEST	1		request_39	1573846823029	1573846823532	OK	 
REQUEST	1		request_7	1573846823064	1573846823558	OK	 
REQUEST	1		request_38	1573846823142	1573846823564	OK	 
REQUEST	1		request_41	1573846823142	1573846823567	OK	 
REQUEST	1		request_42	1573846823143	1573846823571	OK	 
REQUEST	1		request_45	1573846823144	1573846823574	OK	 
REQUEST	1		knockout-3.4.1.min.js?v=1	1573846823348	1573846823576	OK	 
REQUEST	1		request_21	1573846823019	1573846823580	OK	 
REQUEST	1		minisp.min.js	1573846823094	1573846823584	OK	 
REQUEST	1		datalayercorporativo.min.js	1573846823102	1573846823588	OK	 
REQUEST	1		request_12	1573846823006	1573846823620	OK	 
REQUEST	1		ko.sp-1.0.min.js	1573846823579	1573846823643	OK	 
REQUEST	1		init.js?rev=ZwTQYqYlNTyyuMWaLlhwSg%3D%3D	1573846823097	1573846823648	OK	 
REQUEST	1		rangeslider.min.js	1573846823590	1573846823653	OK	 
REQUEST	1		jquery-3.1.1.min.js	1573846823099	1573846823703	OK	 
REQUEST	1		ion.rangeslider.min.js	1573846823646	1573846823708	OK	 
REQUEST	1		request_29	1573846823039	1573846823712	OK	 
REQUEST	1		request_30	1573846823039	1573846823715	OK	 
REQUEST	1		validate.min.js	1573846823656	1573846823718	OK	 
REQUEST	1		api.js?render=explicit	1573846823128	1573846823721	OK	 
REQUEST	1		request_26	1573846823030	1573846823724	OK	 
REQUEST	1		croppie.min.js	1573846823710	1573846823755	OK	 
REQUEST	1		jquery.validate.min.js	1573846823707	1573846823759	OK	 
REQUEST	1		afiliaciones.config.js?v=5	1573846823720	1573846823791	OK	 
REQUEST	1		request_1	1573846823107	1573846823795	OK	 
REQUEST	1		slick.min.js	1573846823586	1573846823798	OK	 
REQUEST	1		bluebird.min.js	1573846823105	1573846823804	OK	 
REQUEST	1		compTools.min.js?v=1	1573846823757	1573846823809	OK	 
REQUEST	1		compensar.script.min.js	1573846823761	1573846823811	OK	 
REQUEST	1		request_43	1573846823065	1573846823819	OK	 
REQUEST	1		compensar.actualizarcorreo.min.js	1573846823793	1573846823830	OK	 
REQUEST	1		sjcl.min.js	1573846823802	1573846823835	OK	 
REQUEST	1		compensar.loadComponents.min.js?v=1	1573846823807	1573846823841	OK	 
REQUEST	1		compensar.tiempoInactividad.min.js?v=1	1573846823811	1573846823876	OK	 
REQUEST	1		compensar.deferImages.min.js?v=1	1573846823837	1573846823881	OK	 
REQUEST	1		compensar.enModoEdicion.min.js?v=1	1573846823813	1573846823884	OK	 
REQUEST	1		compensar.detectarAncho.min.js?v=1	1573846823833	1573846823886	OK	 
REQUEST	1		compensar.agregarTitulowebparts.min.js?v=1	1573846823843	1573846823898	OK	 
REQUEST	1		compensar.menuDesplegable.min.js?v=1	1573846823880	1573846823900	OK	 
REQUEST	1		compensar.controlPestanas.min.js?v=1	1573846823885	1573846823906	OK	 
REQUEST	1		compensar.miCompensarPerfil.min.js?v=1	1573846823883	1573846823910	OK	 
REQUEST	1		compensar.controlAcordeon.min.js?v=1	1573846823887	1573846823915	OK	 
REQUEST	1		compensar.filtroControlerVivienda.min.js?v=1	1573846823899	1573846823919	OK	 
REQUEST	1		picturefill.min.js	1573846823652	1573846823928	OK	 
REQUEST	1		headerNav.min.js?v=1	1573846823908	1573846823936	OK	 
REQUEST	1		mainContent.min.js?v=1	1573846823902	1573846823955	OK	 
REQUEST	1		modeloMenuAux.min.js?v=1	1573846823912	1573846823958	OK	 
REQUEST	1		compensar.menuSecundario.min.js?v=1	1573846823917	1573846823961	OK	 
REQUEST	1		compensar.quitarLoading.min.js?v=1	1573846823922	1573846823963	OK	 
REQUEST	1		compensar.componenteEmailController.min.js?v=1	1573846823933	1573846823979	OK	 
REQUEST	1		compensar.footer.min.js?v=1	1573846823953	1573846823991	OK	 
REQUEST	1		compensar.componentePopUpController.min.js?v=1	1573846823957	1573846824007	OK	 
REQUEST	1		customcanales.min.js	1573846823962	1573846824009	OK	 
REQUEST	1		customactioncall.js	1573846823964	1573846824011	OK	 
REQUEST	1		compensar.notificaciones.min.js	1573846823960	1573846824014	OK	 
REQUEST	1		blank.js?rev=ZaOXZEobVwykPO9g8hq%2F8A%3D%3D	1573846823992	1573846824022	OK	 
REQUEST	1		sp.init.js?rev=jvJC3Kl5gbORaLtf7kxULQ%3D%3D	1573846824011	1573846824049	OK	 
REQUEST	1		ScriptResx.ashx?culture=es%2Des&name=SP%2ERes&rev=DoAHv8R6TO7rl33LcYBJTA%3D%3D	1573846824013	1573846824059	OK	 
REQUEST	1		ScriptResource.axd?d=LzPGXWTyY4NfgAzL7AVGti8jNkeNvyxE7t2p3M-3BPJvKFvvkBUGxbbcxESn55TFNOUl8xW6SvygFDc-U8cavgouTpfnyDz3b86dyb2Q1b12B-B2zqJbKL3UrhnjJpkL79pBm9zX4FVDPUA4BsjrvCFATMYLp3cyBtLpIkBKZKUxDrfJga0vw4ZjurZ0mn1o0&t=72e85ccd	1573846824008	1573846824063	OK	 
REQUEST	1		sp.runtime.js?rev=5f2WkYJoaxlIRdwUeg4WEg%3D%3D	1573846824016	1573846824068	OK	 
REQUEST	1		ScriptResource.axd?d=DbBIHdj-QC5CO88xwauS5dkoqIs6nZmS0i8rusZB1q2JCx1O17otX38Pbo9-Co9QXf_ywgPOgCaWxydR-v-KO_BCuip-vRkoHzjnd81XPEqYhrrZRFvD28DBse-3zjaVmjdm2hC17AQqDXfxT3KoyoLs-sQ7qPLfqrjuPJokLcOn_d3Dmrsd446-Hg6mDbff0&t=72e85ccd	1573846823980	1573846824073	OK	 
REQUEST	1		clientrenderer.js?rev=PWwV4FATEiOxN90BeB5Hzw%3D%3D	1573846824051	1573846824078	OK	 
REQUEST	1		ScriptResx.ashx?culture=es%2Des&name=Srch%2EResources&rev=GVo354neq7eNTurLgIdpJQ%3D%3D	1573846824061	1573846824081	OK	 
REQUEST	1		search.cbs.js?rev=S5EegsQhNKgWxVFmcqr5dQ%3D%3D	1573846824071	1573846824089	OK	 
REQUEST	1		WebResource.axd?d=hcspxoKGngdkW0b6xYvFftMD9L7tgVctZKvxUqyhcPMOX4gSlmQgLLYGJ7F9lMuasHqe9Mv5x6g7VZmrwkJEQmLxw_pNwohGyqmgqyaeGpA1&t=635792838349294682	1573846824083	1573846824109	OK	 
REQUEST	1		spcommon.png?rev=23	1573846824077	1573846824160	OK	 
REQUEST	1		sp.search.js?rev=dMkPlEXpdY6iJ%2FsY5RsB0g%3D%3D	1573846824024	1573846824162	OK	 
REQUEST	1		logo_compensar.png	1573846824090	1573846824181	OK	 
REQUEST	1		searchresultui.png?rev=23	1573846824161	1573846824183	OK	 
REQUEST	1		logo_compensar.png?rev=23	1573846824080	1573846824185	OK	 
REQUEST	1		logo-compensar-gris.svg	1573846824111	1573846824186	OK	 
REQUEST	1		WebResource.axd?d=VE1LltKE1dXL7-UbkAp-bt6ljn4Brx0V3X9hDRsD8jSFT9qB8YndTHVisocnrFQ8rNfw3OXiDn_Fb7iUlcK8bUIBKyIA1h_3y1b4G2-c7f01&t=635792838349294682	1573846824166	1573846824200	OK	 
REQUEST	1		nodearrow.png	1573846824182	1573846824220	OK	 
REQUEST	1		compensar.popovers.min.js	1573846824184	1573846824232	OK	 
REQUEST	1		request_3	1573846824188	1573846824239	OK	 
REQUEST	1		request_2	1573846824186	1573846824245	OK	 
REQUEST	1		search.clientcontrols.js?rev=8Q15HW2EU2aXBktJq5YW%2FA%3D%3D	1573846824066	1573846824257	OK	 
REQUEST	1		request_5	1573846824221	1573846824305	OK	 
REQUEST	1		request_4	1573846824201	1573846824316	OK	 
REQUEST	1		request_13	1573846824268	1573846824320	OK	 
REQUEST	1		request_6	1573846824234	1573846824323	OK	 
REQUEST	1		request_11	1573846824256	1573846824326	OK	 
REQUEST	1		request_10	1573846824243	1573846824329	OK	 
REQUEST	1		request_16	1573846824321	1573846824393	OK	 
REQUEST	1		request_14	1573846824315	1573846824395	OK	 
REQUEST	1		request_15	1573846824319	1573846824542	OK	 
REQUEST	1		request_22	1573846824397	1573846824572	OK	 
REQUEST	1		request_18	1573846824328	1573846824576	OK	 
REQUEST	1		request_24	1573846824543	1573846824585	OK	 
REQUEST	1		request_33	1573846824582	1573846824639	OK	 
REQUEST	1		request_27	1573846824575	1573846824648	OK	 
REQUEST	1		request_20	1573846824395	1573846824678	OK	 
REQUEST	1		request_34	1573846824586	1573846824990	OK	 
REQUEST	1		request_17	1573846824326	1573846825004	OK	 
REQUEST	1		request_36	1573846824641	1573846825102	OK	 
REQUEST	1		request_19	1573846824331	1573846825137	OK	 
REQUEST	1		request_37	1573846824649	1573846825153	OK	 
ERROR	request_48: Failed to build request: Resource /afiliacionindependiente1/0048_request.txt not found 	1573846834178
USER	afiliacionIndependiente1	1	END	1573846822193	1573846834191
