RUN	Compenssar.sedes	sedes	1573072615226	 	3.0.2
USER	sedes	1	START	1573072619751	1573072619751
REQUEST	1		request_0	1573072619794	1573072619939	OK	 
ERROR	request_119: Failed to build request: Resource /sedes/0119_request.dat not found 	1573072620041
ERROR	request_120: Failed to build request: Resource /sedes/0120_request.dat not found 	1573072620041
ERROR	request_126: Failed to build request: Resource /sedes/0126_request.dat not found 	1573072620043
ERROR	request_127: Failed to build request: Resource /sedes/0127_request.dat not found 	1573072620043
ERROR	request_128: Failed to build request: Resource /sedes/0128_request.dat not found 	1573072620044
ERROR	request_130: Failed to build request: Resource /sedes/0130_request.dat not found 	1573072620044
ERROR	request_131: Failed to build request: Resource /sedes/0131_request.dat not found 	1573072620044
ERROR	request_132: Failed to build request: Resource /sedes/0132_request.dat not found 	1573072620045
REQUEST	1		request_1	1573072620296	1573072620392	OK	 
REQUEST	1		request_142	1573072620263	1573072620465	OK	 
REQUEST	1		request_100	1573072620272	1573072620474	OK	 
REQUEST	1		request_79	1573072620241	1573072620512	OK	 
REQUEST	1		request_139	1573072620262	1573072620520	OK	 
REQUEST	1		request_71	1573072620275	1573072620527	OK	 
REQUEST	1		request_98	1573072620264	1573072620545	OK	 
REQUEST	1		request_99	1573072620272	1573072620548	OK	 
REQUEST	1		request_101	1573072620273	1573072620551	OK	 
REQUEST	1		request_102	1573072620274	1573072620555	OK	 
REQUEST	1		request_76	1573072620283	1573072620557	OK	 
REQUEST	1		request_2	1573072620297	1573072620562	OK	 
REQUEST	1		request_3	1573072620298	1573072620574	OK	 
REQUEST	1		request_5	1573072620300	1573072620656	OK	 
REQUEST	1		request_6	1573072620301	1573072620661	OK	 
REQUEST	1		request_8	1573072620571	1573072620666	OK	 
REQUEST	1		request_9	1573072620576	1573072620671	OK	 
REQUEST	1		request_4	1573072620299	1573072620679	OK	 
REQUEST	1		request_10	1573072620658	1573072620694	OK	 
REQUEST	1		request_12	1573072620670	1573072620699	OK	 
REQUEST	1		request_13	1573072620675	1573072620703	OK	 
REQUEST	1		request_14	1573072620687	1573072620706	OK	 
REQUEST	1		request_11	1573072620664	1573072620709	OK	 
REQUEST	1		request_16	1573072620701	1573072620712	OK	 
REQUEST	1		request_15	1573072620698	1573072620716	OK	 
REQUEST	1		request_17	1573072620705	1573072620721	OK	 
REQUEST	1		request_18	1573072620708	1573072620725	OK	 
REQUEST	1		request_20	1573072620715	1573072620727	OK	 
REQUEST	1		request_21	1573072620718	1573072620731	OK	 
REQUEST	1		request_19	1573072620711	1573072620734	OK	 
REQUEST	1		request_24	1573072620730	1573072620737	OK	 
REQUEST	1		request_22	1573072620723	1573072620740	OK	 
REQUEST	1		request_23	1573072620726	1573072620742	OK	 
REQUEST	1		request_28	1573072620741	1573072620747	OK	 
REQUEST	1		request_25	1573072620733	1573072620751	OK	 
REQUEST	1		request_27	1573072620739	1573072620753	OK	 
REQUEST	1		request_29	1573072620744	1573072620756	OK	 
REQUEST	1		request_26	1573072620736	1573072620760	OK	 
REQUEST	1		request_32	1573072620754	1573072620762	OK	 
REQUEST	1		request_30	1573072620750	1573072620766	OK	 
REQUEST	1		request_31	1573072620752	1573072620768	OK	 
REQUEST	1		request_35	1573072620765	1573072620775	OK	 
REQUEST	1		request_33	1573072620758	1573072620782	OK	 
REQUEST	1		request_34	1573072620761	1573072620785	OK	 
REQUEST	1		request_38	1573072620780	1573072620788	OK	 
REQUEST	1		request_36	1573072620768	1573072620791	OK	 
REQUEST	1		request_39	1573072620784	1573072620794	OK	 
REQUEST	1		request_37	1573072620772	1573072620797	OK	 
REQUEST	1		request_40	1573072620787	1573072620800	OK	 
REQUEST	1		request_7	1573072620406	1573072620839	OK	 
REQUEST	1		request_41	1573072620791	1573072620843	OK	 
REQUEST	1		request_42	1573072620793	1573072620846	OK	 
REQUEST	1		request_43	1573072620796	1573072620854	OK	 
REQUEST	1		request_44	1573072620799	1573072620870	OK	 
REQUEST	1		request_45	1573072620801	1573072620875	OK	 
REQUEST	1		request_46	1573072620841	1573072620900	OK	 
REQUEST	1		request_48	1573072620849	1573072620950	OK	 
REQUEST	1		request_49	1573072620869	1573072620955	OK	 
REQUEST	1		request_50	1573072620873	1573072620958	OK	 
REQUEST	1		request_144	1573072620284	1573072620961	OK	 
REQUEST	1		request_53	1573072620953	1573072620962	OK	 
REQUEST	1		request_51	1573072620878	1573072620964	OK	 
REQUEST	1		request_54	1573072620957	1573072620968	OK	 
REQUEST	1		request_55	1573072620960	1573072620972	OK	 
REQUEST	1		request_56	1573072620963	1573072620980	OK	 
REQUEST	1		request_57	1573072620966	1573072620985	OK	 
REQUEST	1		request_52	1573072620947	1573072620989	OK	 
REQUEST	1		request_59	1573072620970	1573072620996	OK	 
REQUEST	1		request_61	1573072620981	1573072621045	OK	 
REQUEST	1		request_64	1573072621043	1573072621057	OK	 
REQUEST	1		request_65	1573072621050	1573072621063	OK	 
REQUEST	1		request_60	1573072620974	1573072621100	OK	 
REQUEST	1		request_62	1573072620987	1573072621120	OK	 
REQUEST	1		request_66	1573072621059	1573072621139	OK	 
REQUEST	1		request_68	1573072621064	1573072621168	OK	 
REQUEST	1		request_72	1573072621141	1573072621172	OK	 
REQUEST	1		request_69	1573072621113	1573072621308	OK	 
REQUEST	1		request_70	1573072621129	1573072621311	OK	 
REQUEST	1		request_75	1573072620085	1573072621317	OK	 
REQUEST	1		request_74	1573072621171	1573072621318	OK	 
REQUEST	1		request_77	1573072621174	1573072621321	OK	 
REQUEST	1		request_81	1573072621320	1573072621329	OK	 
REQUEST	1		request_82	1573072621322	1573072621333	OK	 
REQUEST	1		request_80	1573072621312	1573072621338	OK	 
REQUEST	1		request_78	1573072621310	1573072621341	OK	 
REQUEST	1		request_73	1573072620076	1573072621343	OK	 
REQUEST	1		request_84	1573072621336	1573072621361	OK	 
REQUEST	1		request_86	1573072621342	1573072621365	OK	 
REQUEST	1		request_85	1573072621339	1573072621368	OK	 
REQUEST	1		request_83	1573072621331	1573072621382	OK	 
REQUEST	1		request_87	1573072621363	1573072621385	OK	 
REQUEST	1		request_88	1573072621366	1573072621387	OK	 
REQUEST	1		request_89	1573072621379	1573072621391	OK	 
REQUEST	1		request_90	1573072621384	1573072621405	OK	 
REQUEST	1		request_91	1573072621386	1573072621410	OK	 
REQUEST	1		request_92	1573072621389	1573072621413	OK	 
REQUEST	1		request_93	1573072621404	1573072621417	OK	 
REQUEST	1		request_94	1573072621409	1573072621423	OK	 
REQUEST	1		request_58	1573072620301	1573072621476	OK	 
REQUEST	1		request_103	1573072621427	1573072621485	OK	 
REQUEST	1		request_95	1573072621412	1573072621487	OK	 
REQUEST	1		request_96	1573072621415	1573072621489	OK	 
REQUEST	1		request_97	1573072621420	1573072621491	OK	 
REQUEST	1		request_109	1573072621488	1573072621505	OK	 
REQUEST	1		request_110	1573072621490	1573072621509	OK	 
REQUEST	1		request_111	1573072621493	1573072621513	OK	 
REQUEST	1		request_112	1573072621507	1573072621525	OK	 
REQUEST	1		request_114	1573072621511	1573072621529	OK	 
REQUEST	1		request_115	1573072621514	1573072621534	OK	 
REQUEST	1		request_116	1573072621528	1573072621540	OK	 
REQUEST	1		request_117	1573072621532	1573072621548	OK	 
REQUEST	1		request_107	1573072621486	1573072621572	OK	 
REQUEST	1		request_121	1573072621541	1573072621586	OK	 
REQUEST	1		request_118	1573072621536	1573072621601	OK	 
REQUEST	1		request_124	1573072621588	1573072621675	OK	 
REQUEST	1		request_129	1573072621682	1573072621694	OK	 
REQUEST	1		request_122	1573072621550	1573072621698	OK	 
REQUEST	1		request_134	1573072621700	1573072621715	OK	 
REQUEST	1		request_133	1573072621696	1573072621717	OK	 
REQUEST	1		request_125	1573072621603	1573072621721	OK	 
REQUEST	1		request_135	1573072621716	1573072621727	OK	 
REQUEST	1		request_136	1573072621719	1573072621732	OK	 
REQUEST	1		request_123	1573072621585	1573072621734	OK	 
REQUEST	1		request_140	1573072621733	1573072621740	OK	 
REQUEST	1		request_138	1573072621729	1573072621742	OK	 
REQUEST	1		request_137	1573072621723	1573072621743	OK	 
REQUEST	1		request_143	1573072621739	1573072621750	OK	 
REQUEST	1		request_145	1573072621741	1573072621758	OK	 
REQUEST	1		request_47	1573072620845	1573072621961	OK	 
REQUEST	1		request_63	1573072620994	1573072622078	OK	 
REQUEST	1		request_67	1573072620087	1573072622363	OK	 
REQUEST	1		request_146	1573072625373	1573072625376	OK	 
ERROR	request_253: Failed to build request: Resource /sedes/0253_request.dat not found 	1573072625396
ERROR	request_255: Failed to build request: Resource /sedes/0255_request.dat not found 	1573072625397
ERROR	request_257: Failed to build request: Resource /sedes/0257_request.dat not found 	1573072625397
ERROR	request_258: Failed to build request: Resource /sedes/0258_request.dat not found 	1573072625397
REQUEST	1		request_147	1573072625404	1573072625421	OK	 
REQUEST	1		request_226	1573072625404	1573072625422	OK	 
REQUEST	1		request_244	1573072625414	1573072625423	OK	 
REQUEST	1		request_251	1573072625414	1573072625425	OK	 
REQUEST	1		request_236	1573072625413	1573072625426	OK	 
REQUEST	1		request_152	1573072625419	1573072625427	OK	 
REQUEST	1		request_149	1573072625417	1573072625428	OK	 
REQUEST	1		request_154	1573072625428	1573072625451	OK	 
REQUEST	1		request_155	1573072625429	1573072625461	OK	 
REQUEST	1		request_153	1573072625420	1573072625466	OK	 
REQUEST	1		request_156	1573072625454	1573072625472	OK	 
REQUEST	1		request_157	1573072625465	1573072625476	OK	 
REQUEST	1		request_158	1573072625468	1573072625479	OK	 
REQUEST	1		request_159	1573072625474	1573072625481	OK	 
REQUEST	1		request_160	1573072625478	1573072625487	OK	 
REQUEST	1		request_161	1573072625481	1573072625490	OK	 
REQUEST	1		request_162	1573072625482	1573072625492	OK	 
REQUEST	1		request_163	1573072625489	1573072625498	OK	 
REQUEST	1		request_165	1573072625493	1573072625501	OK	 
REQUEST	1		request_164	1573072625491	1573072625506	OK	 
REQUEST	1		request_227	1573072625415	1573072625508	OK	 
REQUEST	1		request_166	1573072625499	1573072625509	OK	 
REQUEST	1		request_167	1573072625502	1573072625517	OK	 
REQUEST	1		request_168	1573072625508	1573072625520	OK	 
REQUEST	1		request_169	1573072625511	1573072625525	OK	 
REQUEST	1		request_171	1573072625521	1573072625531	OK	 
REQUEST	1		request_170	1573072625518	1573072625533	OK	 
REQUEST	1		request_172	1573072625529	1573072625539	OK	 
REQUEST	1		request_173	1573072625532	1573072625546	OK	 
REQUEST	1		request_174	1573072625537	1573072625549	OK	 
REQUEST	1		request_150	1573072625418	1573072625562	OK	 
REQUEST	1		request_176	1573072625548	1573072625567	OK	 
REQUEST	1		request_177	1573072625561	1573072625569	OK	 
REQUEST	1		request_175	1573072625541	1573072625572	OK	 
REQUEST	1		request_178	1573072625567	1573072625574	OK	 
REQUEST	1		request_179	1573072625568	1573072625576	OK	 
REQUEST	1		request_180	1573072625571	1573072625579	OK	 
REQUEST	1		request_181	1573072625573	1573072625580	OK	 
REQUEST	1		request_182	1573072625575	1573072625587	OK	 
REQUEST	1		request_183	1573072625577	1573072625589	OK	 
REQUEST	1		request_184	1573072625580	1573072625591	OK	 
REQUEST	1		request_185	1573072625582	1573072625596	OK	 
REQUEST	1		request_186	1573072625589	1573072625599	OK	 
REQUEST	1		request_187	1573072625590	1573072625615	OK	 
REQUEST	1		request_188	1573072625594	1573072625617	OK	 
REQUEST	1		request_189	1573072625598	1573072625620	OK	 
REQUEST	1		request_218	1573072625405	1573072625623	OK	 
REQUEST	1		request_192	1573072625619	1573072625626	OK	 
REQUEST	1		request_190	1573072625609	1573072625627	OK	 
REQUEST	1		request_194	1573072625627	1573072625635	OK	 
REQUEST	1		request_191	1573072625616	1573072625640	OK	 
REQUEST	1		request_195	1573072625628	1573072625644	OK	 
REQUEST	1		request_193	1573072625621	1573072625648	OK	 
REQUEST	1		request_198	1573072625646	1573072625655	OK	 
REQUEST	1		request_199	1573072625650	1573072625664	OK	 
REQUEST	1		request_197	1573072625643	1573072625669	OK	 
REQUEST	1		request_196	1573072625637	1573072625672	OK	 
REQUEST	1		request_201	1573072625666	1573072625676	OK	 
REQUEST	1		request_202	1573072625671	1573072625679	OK	 
REQUEST	1		request_203	1573072625675	1573072625682	OK	 
REQUEST	1		request_205	1573072625680	1573072625688	OK	 
REQUEST	1		request_204	1573072625677	1573072625694	OK	 
REQUEST	1		request_207	1573072625690	1573072625701	OK	 
REQUEST	1		request_206	1573072625683	1573072625705	OK	 
REQUEST	1		request_200	1573072625657	1573072625706	OK	 
REQUEST	1		request_208	1573072625696	1573072625719	OK	 
REQUEST	1		request_209	1573072625702	1573072625729	OK	 
REQUEST	1		request_212	1573072625722	1573072625737	OK	 
REQUEST	1		request_211	1573072625710	1573072625741	OK	 
REQUEST	1		request_210	1573072625706	1573072625748	OK	 
REQUEST	1		request_214	1573072625739	1573072625756	OK	 
REQUEST	1		request_216	1573072625743	1573072625763	OK	 
REQUEST	1		request_219	1573072625757	1573072625769	OK	 
REQUEST	1		request_217	1573072625754	1573072625774	OK	 
REQUEST	1		request_213	1573072625731	1573072625776	OK	 
REQUEST	1		request_220	1573072625766	1573072625783	OK	 
REQUEST	1		request_221	1573072625773	1573072625787	OK	 
REQUEST	1		request_222	1573072625776	1573072625794	OK	 
REQUEST	1		request_224	1573072625782	1573072625798	OK	 
REQUEST	1		request_228	1573072625786	1573072625808	OK	 
REQUEST	1		request_268	1573072625416	1573072625817	OK	 
REQUEST	1		request_232	1573072625808	1573072625818	OK	 
REQUEST	1		request_229	1573072625788	1573072625821	OK	 
REQUEST	1		request_231	1573072625799	1573072625823	OK	 
REQUEST	1		request_230	1573072625796	1573072625831	OK	 
REQUEST	1		request_233	1573072625820	1573072625833	OK	 
REQUEST	1		request_235	1573072625824	1573072625836	OK	 
REQUEST	1		request_234	1573072625822	1573072625838	OK	 
REQUEST	1		request_151	1573072625418	1573072625848	OK	 
REQUEST	1		request_237	1573072625833	1573072625852	OK	 
REQUEST	1		request_240	1573072625843	1573072625854	OK	 
REQUEST	1		request_238	1573072625835	1573072625856	OK	 
REQUEST	1		request_239	1573072625837	1573072625858	OK	 
REQUEST	1		request_246	1573072625857	1573072625866	OK	 
REQUEST	1		request_247	1573072625859	1573072625867	OK	 
REQUEST	1		request_248	1573072625867	1573072625876	OK	 
REQUEST	1		request_243	1573072625853	1573072625880	OK	 
REQUEST	1		request_241	1573072625851	1573072625898	OK	 
REQUEST	1		request_245	1573072625855	1573072625914	OK	 
REQUEST	1		request_256	1573072625902	1573072625923	OK	 
REQUEST	1		request_249	1573072625869	1573072625927	OK	 
REQUEST	1		request_260	1573072625925	1573072625985	OK	 
REQUEST	1		request_148	1573072625417	1573072625988	OK	 
REQUEST	1		request_262	1573072625986	1573072625997	OK	 
REQUEST	1		request_263	1573072625996	1573072626002	OK	 
REQUEST	1		request_265	1573072626003	1573072626009	OK	 
REQUEST	1		request_266	1573072626010	1573072626016	OK	 
REQUEST	1		request_269	1573072626017	1573072626025	OK	 
REQUEST	1		request_261	1573072625934	1573072626041	OK	 
REQUEST	1		request_250	1573072625877	1573072626048	OK	 
REQUEST	1		request_259	1573072625920	1573072626082	OK	 
REQUEST	1		request_264	1573072625998	1573072626271	OK	 
REQUEST	1		request_252	1573072625896	1573072626982	OK	 
REQUEST	1		request_270	1573072629003	1573072629017	OK	 
REQUEST	1		request_271	1573072629020	1573072629039	OK	 
REQUEST	1		request_272	1573072629020	1573072629174	OK	 
REQUEST	1		request_273	1573072632174	1573072632457	OK	 
ERROR	request_312: Failed to build request: Resource /sedes/0312_request.dat not found 	1573072632621
ERROR	request_313: Failed to build request: Resource /sedes/0313_request.dat not found 	1573072632621
ERROR	request_315: Failed to build request: Resource /sedes/0315_request.dat not found 	1573072632621
REQUEST	1		request_283	1573072632627	1573072632668	OK	 
REQUEST	1		request_291	1573072632632	1573072632670	OK	 
REQUEST	1		request_304	1573072632632	1573072632674	OK	 
REQUEST	1		request_310	1573072632633	1573072632676	OK	 
REQUEST	1		mmapi.js	1573072632652	1573072632678	OK	 
REQUEST	1		minisp.min.js	1573072632661	1573072632680	OK	 
REQUEST	1		request_327	1573072632628	1573072632683	OK	 
REQUEST	1		request_329	1573072632628	1573072632685	OK	 
REQUEST	1		favicon.ico?rev=23	1573072632660	1573072632686	OK	 
REQUEST	1		datalayercorporativo.min.js	1573072632664	1573072632687	OK	 
REQUEST	1		bootstrap.min.js	1573072632681	1573072632710	OK	 
REQUEST	1		jquery-3.1.1.min.js	1573072632663	1573072632713	OK	 
REQUEST	1		knockout-3.4.1.min.js?v=1	1573072632688	1573072632717	OK	 
REQUEST	1		ko.sp-1.0.min.js	1573072632713	1573072632720	OK	 
REQUEST	1		init.js?rev=ZwTQYqYlNTyyuMWaLlhwSg%3D%3D	1573072632662	1573072632721	OK	 
REQUEST	1		jquery.spservices-2014.02.min.js	1573072632687	1573072632726	OK	 
REQUEST	1		slick.min.js	1573072632716	1573072632729	OK	 
REQUEST	1		rangeslider.min.js	1573072632719	1573072632731	OK	 
REQUEST	1		ion.rangeslider.min.js	1573072632721	1573072632733	OK	 
REQUEST	1		picturefill.min.js	1573072632725	1573072632736	OK	 
REQUEST	1		validate.min.js	1573072632728	1573072632737	OK	 
REQUEST	1		jquery.validate.min.js	1573072632731	1573072632741	OK	 
REQUEST	1		croppie.min.js	1573072632733	1573072632743	OK	 
REQUEST	1		compTools.min.js?v=1	1573072632737	1573072632745	OK	 
REQUEST	1		compensar.script.min.js	1573072632739	1573072632747	OK	 
REQUEST	1		afiliaciones.config.js?v=5	1573072632735	1573072632749	OK	 
REQUEST	1		compensar.actualizarcorreo.min.js	1573072632742	1573072632751	OK	 
REQUEST	1		compensar.loadComponents.min.js?v=1	1573072632746	1573072632753	OK	 
REQUEST	1		sjcl.min.js	1573072632744	1573072632755	OK	 
REQUEST	1		compensar.tiempoInactividad.min.js?v=1	1573072632748	1573072632794	OK	 
REQUEST	1		request_284	1573072632653	1573072632795	OK	 
REQUEST	1		compensar.enModoEdicion.min.js?v=1	1573072632750	1573072632796	OK	 
REQUEST	1		compensar.detectarAncho.min.js?v=1	1573072632752	1573072632799	OK	 
REQUEST	1		compensar.deferImages.min.js?v=1	1573072632753	1573072632800	OK	 
REQUEST	1		compensar.menuDesplegable.min.js?v=1	1573072632794	1573072632806	OK	 
REQUEST	1		compensar.agregarTitulowebparts.min.js?v=1	1573072632793	1573072632808	OK	 
REQUEST	1		compensar.miCompensarPerfil.min.js?v=1	1573072632797	1573072632814	OK	 
REQUEST	1		compensar.controlPestanas.min.js?v=1	1573072632800	1573072632817	OK	 
REQUEST	1		compensar.controlAcordeon.min.js?v=1	1573072632801	1573072632818	OK	 
REQUEST	1		mainContent.min.js?v=1	1573072632809	1573072632822	OK	 
REQUEST	1		headerNav.min.js?v=1	1573072632815	1573072632823	OK	 
REQUEST	1		compensar.filtroControlerVivienda.min.js?v=1	1573072632808	1573072632825	OK	 
REQUEST	1		modeloMenuAux.min.js?v=1	1573072632818	1573072632827	OK	 
REQUEST	1		compensar.menuSecundario.min.js?v=1	1573072632820	1573072632828	OK	 
REQUEST	1		compensar.quitarLoading.min.js?v=1	1573072632823	1573072632830	OK	 
REQUEST	1		compensar.componenteEmailController.min.js?v=1	1573072632824	1573072632832	OK	 
REQUEST	1		compensar.componentePopUpController.min.js?v=1	1573072632826	1573072632834	OK	 
REQUEST	1		compensar.notificaciones.min.js	1573072632828	1573072632836	OK	 
REQUEST	1		customactioncall.js	1573072632831	1573072632841	OK	 
REQUEST	1		customcanales.min.js	1573072632829	1573072632842	OK	 
REQUEST	1		blank.js?rev=ZaOXZEobVwykPO9g8hq%2F8A%3D%3D	1573072632835	1573072632866	OK	 
REQUEST	1		sp.init.js?rev=jvJC3Kl5gbORaLtf7kxULQ%3D%3D	1573072632842	1573072632868	OK	 
REQUEST	1		ScriptResource.axd?d=DbBIHdj-QC5CO88xwauS5dkoqIs6nZmS0i8rusZB1q2JCx1O17otX38Pbo9-Co9QXf_ywgPOgCaWxydR-v-KO_BCuip-vRkoHzjnd81XPEqYhrrZRFvD28DBse-3zjaVmjdm2hC17AQqDXfxT3KoyoLs-sQ7qPLfqrjuPJokLcOn_d3Dmrsd446-Hg6mDbff0&t=72e85ccd	1573072632833	1573072632871	OK	 
REQUEST	1		ScriptResource.axd?d=LzPGXWTyY4NfgAzL7AVGti8jNkeNvyxE7t2p3M-3BPJvKFvvkBUGxbbcxESn55TFNOUl8xW6SvygFDc-U8cavgouTpfnyDz3b86dyb2Q1b12B-B2zqJbKL3UrhnjJpkL79pBm9zX4FVDPUA4BsjrvCFATMYLp3cyBtLpIkBKZKUxDrfJga0vw4ZjurZ0mn1o0&t=72e85ccd	1573072632837	1573072632875	OK	 
REQUEST	1		ScriptResx.ashx?culture=es%2Des&name=SP%2ERes&rev=DoAHv8R6TO7rl33LcYBJTA%3D%3D	1573072632844	1573072632878	OK	 
REQUEST	1		clientrenderer.js?rev=PWwV4FATEiOxN90BeB5Hzw%3D%3D	1573072632874	1573072632885	OK	 
REQUEST	1		request_330	1573072632629	1573072632894	OK	 
REQUEST	1		request_336	1573072632630	1573072632896	OK	 
REQUEST	1		search.cbs.js?rev=S5EegsQhNKgWxVFmcqr5dQ%3D%3D	1573072632888	1573072632898	OK	 
REQUEST	1		request_339	1573072632631	1573072632905	OK	 
REQUEST	1		sp.search.js?rev=dMkPlEXpdY6iJ%2FsY5RsB0g%3D%3D	1573072632869	1573072632907	OK	 
REQUEST	1		request_340	1573072632655	1573072632910	OK	 
REQUEST	1		spcommon.png?rev=23	1573072632900	1573072632912	OK	 
REQUEST	1		request_341	1573072632660	1573072632913	OK	 
REQUEST	1		WebResource.axd?d=hcspxoKGngdkW0b6xYvFftMD9L7tgVctZKvxUqyhcPMOX4gSlmQgLLYGJ7F9lMuasHqe9Mv5x6g7VZmrwkJEQmLxw_pNwohGyqmgqyaeGpA1&t=635792838349294682	1573072632913	1573072632921	OK	 
REQUEST	1		request_332	1573072632630	1573072632924	OK	 
REQUEST	1		logo_compensar.png	1573072632923	1573072632941	OK	 
REQUEST	1		request_337	1573072632633	1573072632962	OK	 
REQUEST	1		request_338	1573072632644	1573072632964	OK	 
REQUEST	1		logo-compensar-gris.svg	1573072632942	1573072632975	OK	 
REQUEST	1		search.clientcontrols.js?rev=8Q15HW2EU2aXBktJq5YW%2FA%3D%3D	1573072632879	1573072632980	OK	 
REQUEST	1		sp.runtime.js?rev=5f2WkYJoaxlIRdwUeg4WEg%3D%3D	1573072632867	1573072632984	OK	 
REQUEST	1		searchresultui.png?rev=23	1573072632979	1573072632989	OK	 
REQUEST	1		WebResource.axd?d=VE1LltKE1dXL7-UbkAp-bt6ljn4Brx0V3X9hDRsD8jSFT9qB8YndTHVisocnrFQ8rNfw3OXiDn_Fb7iUlcK8bUIBKyIA1h_3y1b4G2-c7f01&t=635792838349294682	1573072632984	1573072632991	OK	 
REQUEST	1		nodearrow.png	1573072632987	1573072632994	OK	 
REQUEST	1		ParqueaderosV2.js	1573072632992	1573072632997	OK	 
REQUEST	1		bluebird.min.js	1573072632665	1573072632999	OK	 
REQUEST	1		marcador.png	1573072632995	1573072633003	OK	 
REQUEST	1		estilos.css	1573072632990	1573072633005	OK	 
REQUEST	1		mainContentInterno.js	1573072633002	1573072633008	OK	 
REQUEST	1		compensar.detallevivienda.min.css?ctag=5143$$15.0.4927.1000	1573072632998	1573072633011	OK	 
REQUEST	1		request_276	1573072633006	1573072633021	OK	 
REQUEST	1		request_275	1573072633004	1573072633023	OK	 
REQUEST	1		logo_compensar.png?rev=23	1573072632910	1573072633041	OK	 
REQUEST	1		request_285	1573072633023	1573072633047	OK	 
REQUEST	1		request_287	1573072633042	1573072633054	OK	 
REQUEST	1		request_277	1573072633009	1573072633059	OK	 
REQUEST	1		request_289	1573072633056	1573072633073	OK	 
REQUEST	1		request_288	1573072633048	1573072633075	OK	 
REQUEST	1		request_286	1573072633026	1573072633077	OK	 
REQUEST	1		request_292	1573072633075	1573072633082	OK	 
REQUEST	1		request_293	1573072633077	1573072633084	OK	 
REQUEST	1		request_278	1573072633016	1573072633086	OK	 
REQUEST	1		request_290	1573072633064	1573072633093	OK	 
REQUEST	1		request_294	1573072633078	1573072633095	OK	 
REQUEST	1		request_296	1573072633085	1573072633098	OK	 
REQUEST	1		request_295	1573072633084	1573072633101	OK	 
REQUEST	1		request_297	1573072633092	1573072633103	OK	 
REQUEST	1		request_299	1573072633096	1573072633105	OK	 
REQUEST	1		request_298	1573072633094	1573072633106	OK	 
REQUEST	1		request_306	1573072633106	1573072633111	OK	 
REQUEST	1		request_307	1573072633107	1573072633113	OK	 
REQUEST	1		request_309	1573072633113	1573072633127	OK	 
REQUEST	1		request_308	1573072633112	1573072633135	OK	 
REQUEST	1		request_300	1573072633100	1573072633137	OK	 
REQUEST	1		request_305	1573072633104	1573072633138	OK	 
REQUEST	1		request_311	1573072633135	1573072633147	OK	 
REQUEST	1		request_303	1573072633103	1573072633154	OK	 
REQUEST	1		request_319	1573072633148	1573072633158	OK	 
REQUEST	1		request_321	1573072633158	1573072633168	OK	 
REQUEST	1		request_322	1573072633169	1573072633178	OK	 
REQUEST	1		request_323	1573072633178	1573072633189	OK	 
REQUEST	1		request_316	1573072633137	1573072633198	OK	 
REQUEST	1		request_318	1573072633146	1573072633207	OK	 
REQUEST	1		request_320	1573072633155	1573072633217	OK	 
REQUEST	1		request_333	1573072633218	1573072633238	OK	 
REQUEST	1		request_324	1573072633190	1573072633244	OK	 
REQUEST	1		request_314	1573072633136	1573072633250	OK	 
REQUEST	1		request_328	1573072633205	1573072633267	OK	 
REQUEST	1		request_334	1573072633240	1573072633286	OK	 
REQUEST	1		request_331	1573072633207	1573072633292	OK	 
REQUEST	1		request_342	1573072632654	1573072633693	OK	 
REQUEST	1		ScriptResx.ashx?culture=es%2Des&name=Srch%2EResources&rev=GVo354neq7eNTurLgIdpJQ%3D%3D	1573072632877	1573072633937	OK	 
USER	sedes	1	END	1573072619751	1573072634014
