RUN	Compenssar.sedes	sedes	1573073631490	 	3.0.2
USER	sedes	1	START	1573073633851	1573073633851
REQUEST	1		request_0	1573073633910	1573073634025	OK	 
REQUEST	1		request_1	1573073634335	1573073634394	OK	 
REQUEST	1		request_7	1573073634418	1573073634484	OK	 
REQUEST	1		request_8	1573073634491	1573073634539	OK	 
REQUEST	1		request_79	1573073634304	1573073634544	OK	 
REQUEST	1		request_139	1573073634311	1573073634549	OK	 
REQUEST	1		request_142	1573073634312	1573073634555	OK	 
REQUEST	1		request_98	1573073634313	1573073634559	OK	 
REQUEST	1		request_99	1573073634314	1573073634575	OK	 
REQUEST	1		request_100	1573073634315	1573073634578	OK	 
REQUEST	1		request_101	1573073634316	1573073634581	OK	 
REQUEST	1		request_102	1573073634316	1573073634583	OK	 
REQUEST	1		request_9	1573073634542	1573073634610	OK	 
REQUEST	1		request_71	1573073634317	1573073634640	OK	 
REQUEST	1		request_2	1573073634336	1573073634660	OK	 
REQUEST	1		request_3	1573073634337	1573073634674	OK	 
REQUEST	1		request_4	1573073634337	1573073634717	OK	 
REQUEST	1		request_10	1573073634619	1573073634802	OK	 
REQUEST	1		request_76	1573073634326	1573073634835	OK	 
REQUEST	1		request_11	1573073634672	1573073634912	OK	 
REQUEST	1		request_12	1573073634677	1573073634947	OK	 
REQUEST	1		request_6	1573073634338	1573073634956	OK	 
REQUEST	1		request_14	1573073634829	1573073634969	OK	 
REQUEST	1		request_73	1573073634149	1573073634997	OK	 
REQUEST	1		request_75	1573073634153	1573073635016	OK	 
REQUEST	1		request_67	1573073634154	1573073635019	OK	 
REQUEST	1		request_13	1573073634781	1573073635026	OK	 
REQUEST	1		request_18	1573073634983	1573073635031	OK	 
REQUEST	1		request_15	1573073634938	1573073635035	OK	 
REQUEST	1		request_16	1573073634954	1573073635039	OK	 
REQUEST	1		request_17	1573073634965	1573073635043	OK	 
REQUEST	1		request_19	1573073635028	1573073635045	OK	 
REQUEST	1		request_23	1573073635045	1573073635050	OK	 
REQUEST	1		request_24	1573073635047	1573073635053	OK	 
REQUEST	1		request_25	1573073635052	1573073635058	OK	 
REQUEST	1		request_26	1573073635054	1573073635061	OK	 
REQUEST	1		request_27	1573073635060	1573073635066	OK	 
REQUEST	1		request_21	1573073635037	1573073635068	OK	 
REQUEST	1		request_144	1573073634327	1573073635123	OK	 
REQUEST	1		request_22	1573073635042	1573073635125	OK	 
REQUEST	1		request_58	1573073634339	1573073635132	OK	 
REQUEST	1		request_20	1573073635033	1573073635137	OK	 
REQUEST	1		request_31	1573073635127	1573073635156	OK	 
REQUEST	1		request_28	1573073635062	1573073635170	OK	 
REQUEST	1		request_32	1573073635139	1573073635176	OK	 
REQUEST	1		request_33	1573073635158	1573073635184	OK	 
REQUEST	1		request_29	1573073635067	1573073635193	OK	 
REQUEST	1		request_34	1573073635173	1573073635201	OK	 
REQUEST	1		request_30	1573073635071	1573073635245	OK	 
REQUEST	1		request_5	1573073634338	1573073635249	OK	 
REQUEST	1		request_37	1573073635197	1573073635260	OK	 
REQUEST	1		request_35	1573073635178	1573073635263	OK	 
REQUEST	1		request_36	1573073635187	1573073635266	OK	 
REQUEST	1		request_38	1573073635204	1573073635270	OK	 
REQUEST	1		request_42	1573073635265	1573073635276	OK	 
REQUEST	1		request_44	1573073635273	1573073635281	OK	 
REQUEST	1		request_43	1573073635268	1573073635294	OK	 
REQUEST	1		request_45	1573073635278	1573073635301	OK	 
REQUEST	1		request_46	1573073635282	1573073635305	OK	 
REQUEST	1		request_47	1573073635299	1573073635311	OK	 
REQUEST	1		request_50	1573073635313	1573073635319	OK	 
REQUEST	1		request_48	1573073635304	1573073635385	OK	 
REQUEST	1		request_51	1573073635322	1573073635389	OK	 
REQUEST	1		request_40	1573073635259	1573073635393	OK	 
REQUEST	1		request_53	1573073635391	1573073635399	OK	 
REQUEST	1		request_52	1573073635388	1573073635427	OK	 
REQUEST	1		request_39	1573073635247	1573073635434	OK	 
REQUEST	1		request_54	1573073635395	1573073635436	OK	 
REQUEST	1		request_41	1573073635262	1573073635438	OK	 
REQUEST	1		request_59	1573073635437	1573073635447	OK	 
REQUEST	1		request_49	1573073635307	1573073635481	OK	 
REQUEST	1		request_61	1573073635479	1573073635487	OK	 
REQUEST	1		request_60	1573073635440	1573073635494	OK	 
REQUEST	1		request_63	1573073635491	1573073635538	OK	 
REQUEST	1		request_65	1573073635539	1573073635546	OK	 
REQUEST	1		request_66	1573073635547	1573073635556	OK	 
REQUEST	1		request_55	1573073635402	1573073635633	OK	 
REQUEST	1		request_64	1573073635536	1573073635635	OK	 
REQUEST	1		request_69	1573073635634	1573073635641	OK	 
REQUEST	1		request_70	1573073635636	1573073635644	OK	 
REQUEST	1		request_72	1573073635643	1573073635650	OK	 
REQUEST	1		request_74	1573073635645	1573073635665	OK	 
REQUEST	1		request_77	1573073635652	1573073635672	OK	 
REQUEST	1		request_78	1573073635667	1573073635688	OK	 
REQUEST	1		request_80	1573073635673	1573073635738	OK	 
REQUEST	1		request_68	1573073635557	1573073635744	OK	 
REQUEST	1		request_81	1573073635689	1573073635750	OK	 
REQUEST	1		request_82	1573073635741	1573073635756	OK	 
REQUEST	1		request_84	1573073635752	1573073635760	OK	 
REQUEST	1		request_85	1573073635758	1573073635764	OK	 
REQUEST	1		request_86	1573073635762	1573073635768	OK	 
REQUEST	1		request_87	1573073635765	1573073635776	OK	 
REQUEST	1		request_83	1573073635749	1573073635778	OK	 
REQUEST	1		request_88	1573073635770	1573073635780	OK	 
REQUEST	1		request_89	1573073635777	1573073635784	OK	 
REQUEST	1		request_90	1573073635779	1573073635790	OK	 
REQUEST	1		request_91	1573073635781	1573073635792	OK	 
REQUEST	1		request_92	1573073635785	1573073635795	OK	 
REQUEST	1		request_93	1573073635792	1573073635803	OK	 
REQUEST	1		request_94	1573073635794	1573073635808	OK	 
REQUEST	1		request_96	1573073635807	1573073635816	OK	 
REQUEST	1		request_97	1573073635809	1573073635822	OK	 
REQUEST	1		request_103	1573073635818	1573073635824	OK	 
REQUEST	1		request_95	1573073635797	1573073635826	OK	 
REQUEST	1		request_109	1573073635825	1573073635831	OK	 
REQUEST	1		request_110	1573073635827	1573073635835	OK	 
REQUEST	1		request_111	1573073635833	1573073635873	OK	 
REQUEST	1		request_112	1573073635837	1573073635881	OK	 
REQUEST	1		request_114	1573073635874	1573073635886	OK	 
REQUEST	1		request_107	1573073635823	1573073635890	OK	 
REQUEST	1		request_115	1573073635885	1573073635905	OK	 
REQUEST	1		request_116	1573073635888	1573073635907	OK	 
REQUEST	1		request_117	1573073635904	1573073635912	OK	 
REQUEST	1		request_121	1573073635908	1573073635936	OK	 
REQUEST	1		request_118	1573073635906	1573073635974	OK	 
REQUEST	1		request_123	1573073635938	1573073635979	OK	 
REQUEST	1		request_125	1573073635984	1573073636054	OK	 
REQUEST	1		request_122	1573073635913	1573073636056	OK	 
REQUEST	1		request_133	1573073636057	1573073636063	OK	 
REQUEST	1		request_129	1573073636055	1573073636071	OK	 
REQUEST	1		request_134	1573073636065	1573073636086	OK	 
REQUEST	1		request_135	1573073636084	1573073636098	OK	 
REQUEST	1		request_124	1573073635976	1573073636262	OK	 
REQUEST	1		request_136	1573073636090	1573073636272	OK	 
REQUEST	1		request_137	1573073636261	1573073636275	OK	 
REQUEST	1		request_62	1573073635483	1573073636279	OK	 
REQUEST	1		request_138	1573073636270	1573073636288	OK	 
REQUEST	1		request_143	1573073636276	1573073636289	OK	 
REQUEST	1		request_140	1573073636273	1573073636291	OK	 
REQUEST	1		request_145	1573073636287	1573073636293	OK	 
REQUEST	1		request_57	1573073635435	1573073636513	OK	 
REQUEST	1		request_56	1573073635433	1573073636550	OK	 
REQUEST	1		request_146	1573073639567	1573073639572	OK	 
REQUEST	1		request_226	1573073639604	1573073639618	OK	 
REQUEST	1		request_147	1573073639604	1573073639619	OK	 
REQUEST	1		request_236	1573073639612	1573073639619	OK	 
REQUEST	1		request_244	1573073639613	1573073639622	OK	 
REQUEST	1		request_251	1573073639613	1573073639622	OK	 
REQUEST	1		request_152	1573073639617	1573073639623	OK	 
REQUEST	1		request_149	1573073639615	1573073639625	OK	 
REQUEST	1		request_151	1573073639616	1573073639647	OK	 
REQUEST	1		request_154	1573073639625	1573073639659	OK	 
REQUEST	1		request_155	1573073639626	1573073639665	OK	 
REQUEST	1		request_156	1573073639649	1573073639668	OK	 
REQUEST	1		request_159	1573073639671	1573073639678	OK	 
REQUEST	1		request_160	1573073639679	1573073639690	OK	 
REQUEST	1		request_161	1573073639692	1573073639702	OK	 
REQUEST	1		request_227	1573073639614	1573073639706	OK	 
REQUEST	1		request_162	1573073639703	1573073639712	OK	 
REQUEST	1		request_163	1573073639714	1573073639723	OK	 
REQUEST	1		request_150	1573073639616	1573073639732	OK	 
REQUEST	1		request_164	1573073639724	1573073639736	OK	 
REQUEST	1		request_165	1573073639735	1573073639741	OK	 
REQUEST	1		request_166	1573073639737	1573073639744	OK	 
REQUEST	1		request_167	1573073639742	1573073639749	OK	 
REQUEST	1		request_168	1573073639745	1573073639760	OK	 
REQUEST	1		request_170	1573073639761	1573073639767	OK	 
REQUEST	1		request_169	1573073639750	1573073639768	OK	 
REQUEST	1		request_157	1573073639661	1573073639770	OK	 
REQUEST	1		request_171	1573073639768	1573073639783	OK	 
REQUEST	1		request_173	1573073639772	1573073639785	OK	 
REQUEST	1		request_158	1573073639667	1573073639787	OK	 
REQUEST	1		request_172	1573073639769	1573073639789	OK	 
REQUEST	1		request_174	1573073639784	1573073639791	OK	 
REQUEST	1		request_175	1573073639786	1573073639795	OK	 
REQUEST	1		request_176	1573073639789	1573073639797	OK	 
REQUEST	1		request_177	1573073639790	1573073639798	OK	 
REQUEST	1		request_178	1573073639792	1573073639799	OK	 
REQUEST	1		request_179	1573073639796	1573073639802	OK	 
REQUEST	1		request_180	1573073639798	1573073639804	OK	 
REQUEST	1		request_181	1573073639799	1573073639806	OK	 
REQUEST	1		request_182	1573073639800	1573073639809	OK	 
REQUEST	1		request_184	1573073639805	1573073639812	OK	 
REQUEST	1		request_183	1573073639803	1573073639815	OK	 
REQUEST	1		request_185	1573073639807	1573073639819	OK	 
REQUEST	1		request_218	1573073639605	1573073639821	OK	 
REQUEST	1		request_188	1573073639817	1573073639825	OK	 
REQUEST	1		request_186	1573073639810	1573073639827	OK	 
REQUEST	1		request_187	1573073639813	1573073639828	OK	 
REQUEST	1		request_189	1573073639820	1573073639830	OK	 
REQUEST	1		request_190	1573073639826	1573073639833	OK	 
REQUEST	1		request_192	1573073639829	1573073639835	OK	 
REQUEST	1		request_195	1573073639836	1573073639847	OK	 
REQUEST	1		request_194	1573073639834	1573073639850	OK	 
REQUEST	1		request_193	1573073639832	1573073639904	OK	 
REQUEST	1		request_198	1573073639907	1573073639919	OK	 
REQUEST	1		request_199	1573073639920	1573073639931	OK	 
REQUEST	1		request_153	1573073639617	1573073639942	OK	 
REQUEST	1		request_201	1573073639944	1573073639951	OK	 
REQUEST	1		request_202	1573073639952	1573073639959	OK	 
REQUEST	1		request_203	1573073639960	1573073639970	OK	 
REQUEST	1		request_200	1573073639933	1573073639977	OK	 
REQUEST	1		request_268	1573073639614	1573073639987	OK	 
REQUEST	1		request_204	1573073639972	1573073639994	OK	 
REQUEST	1		request_205	1573073639982	1573073639997	OK	 
REQUEST	1		request_207	1573073639999	1573073640006	OK	 
REQUEST	1		request_208	1573073640007	1573073640014	OK	 
REQUEST	1		request_206	1573073639996	1573073640015	OK	 
REQUEST	1		request_209	1573073640015	1573073640024	OK	 
REQUEST	1		request_211	1573073640025	1573073640043	OK	 
REQUEST	1		request_210	1573073640016	1573073640137	OK	 
REQUEST	1		request_148	1573073639615	1573073640218	OK	 
REQUEST	1		request_197	1573073639852	1573073640229	OK	 
REQUEST	1		request_214	1573073640224	1573073640233	OK	 
REQUEST	1		request_213	1573073640145	1573073640235	OK	 
REQUEST	1		request_217	1573073640234	1573073640243	OK	 
REQUEST	1		request_219	1573073640243	1573073640250	OK	 
REQUEST	1		request_220	1573073640245	1573073640253	OK	 
REQUEST	1		request_216	1573073640232	1573073640257	OK	 
REQUEST	1		request_221	1573073640252	1573073640259	OK	 
REQUEST	1		request_222	1573073640254	1573073640261	OK	 
REQUEST	1		request_224	1573073640259	1573073640270	OK	 
REQUEST	1		request_228	1573073640261	1573073640282	OK	 
REQUEST	1		request_229	1573073640262	1573073640284	OK	 
REQUEST	1		request_232	1573073640285	1573073640292	OK	 
REQUEST	1		request_233	1573073640294	1573073640304	OK	 
REQUEST	1		request_231	1573073640283	1573073640307	OK	 
REQUEST	1		request_196	1573073639849	1573073640311	OK	 
REQUEST	1		request_235	1573073640308	1573073640315	OK	 
REQUEST	1		request_230	1573073640271	1573073640317	OK	 
REQUEST	1		request_234	1573073640306	1573073640318	OK	 
REQUEST	1		request_238	1573073640316	1573073640323	OK	 
REQUEST	1		request_239	1573073640318	1573073640324	OK	 
REQUEST	1		request_240	1573073640319	1573073640327	OK	 
REQUEST	1		request_241	1573073640324	1573073640370	OK	 
REQUEST	1		request_243	1573073640325	1573073640372	OK	 
REQUEST	1		request_246	1573073640371	1573073640377	OK	 
REQUEST	1		request_248	1573073640378	1573073640384	OK	 
REQUEST	1		request_247	1573073640377	1573073640386	OK	 
REQUEST	1		request_245	1573073640327	1573073640387	OK	 
REQUEST	1		request_237	1573073640314	1573073640414	OK	 
REQUEST	1		request_256	1573073640415	1573073640425	OK	 
REQUEST	1		request_249	1573073640385	1573073640457	OK	 
REQUEST	1		request_252	1573073640388	1573073640470	OK	 
REQUEST	1		request_259	1573073640426	1573073640477	OK	 
REQUEST	1		request_261	1573073640472	1573073640480	OK	 
REQUEST	1		request_262	1573073640478	1573073640487	OK	 
REQUEST	1		request_263	1573073640481	1573073640493	OK	 
REQUEST	1		request_265	1573073640494	1573073640506	OK	 
REQUEST	1		request_250	1573073640386	1573073640510	OK	 
REQUEST	1		request_260	1573073640469	1573073640526	OK	 
REQUEST	1		request_266	1573073640508	1573073640527	OK	 
REQUEST	1		request_269	1573073640525	1573073640531	OK	 
REQUEST	1		request_264	1573073640488	1573073640765	OK	 
REQUEST	1		request_191	1573073639828	1573073641118	OK	 
REQUEST	1		request_212	1573073640046	1573073641128	OK	 
REQUEST	1		request_270	1573073643136	1573073643147	OK	 
REQUEST	1		request_271	1573073643150	1573073643167	OK	 
REQUEST	1		request_272	1573073643151	1573073643360	OK	 
REQUEST	1		request_273	1573073646370	1573073646712	OK	 
REQUEST	1		request_282	1573073646912	1573073646947	OK	 
REQUEST	1		request_283	1573073646913	1573073646949	OK	 
REQUEST	1		request_291	1573073646920	1573073646949	OK	 
REQUEST	1		request_304	1573073646921	1573073646952	OK	 
REQUEST	1		request_310	1573073646921	1573073646953	OK	 
REQUEST	1		mmapi.js	1573073646937	1573073646955	OK	 
REQUEST	1		request_327	1573073646914	1573073646956	OK	 
REQUEST	1		request_329	1573073646914	1573073646959	OK	 
REQUEST	1		afiliaciones.config.js?v=5	1573073646943	1573073646961	OK	 
REQUEST	1		WebResource.axd?d=VE1LltKE1dXL7-UbkAp-bt6ljn4Brx0V3X9hDRsD8jSFT9qB8YndTHVisocnrFQ8rNfw3OXiDn_Fb7iUlcK8bUIBKyIA1h_3y1b4G2-c7f01&t=636767428042202005	1573073646945	1573073646966	OK	 
REQUEST	1		ScriptResource.axd?d=LzPGXWTyY4NfgAzL7AVGti8jNkeNvyxE7t2p3M-3BPJvKFvvkBUGxbbcxESn55TFNOUl8xW6SvygFDc-U8cavgouTpfnyDz3b86dyb2Q1b12B-B2zqJbKL3UrhnjJpkL79pBm9zX4FVDPUA4BsjrvCFATMYLp3cyBtLpIkBKZKUxDrfJga0vw4ZjurZ0mn1o0&t=2b48f70a	1573073646944	1573073646970	OK	 
REQUEST	1		estilos.css	1573073646961	1573073646973	OK	 
REQUEST	1		WebResource.axd?d=hcspxoKGngdkW0b6xYvFftMD9L7tgVctZKvxUqyhcPMOX4gSlmQgLLYGJ7F9lMuasHqe9Mv5x6g7VZmrwkJEQmLxw_pNwohGyqmgqyaeGpA1&t=636767428042202005	1573073646945	1573073646976	OK	 
REQUEST	1		logo-compensar-gris.svg	1573073646945	1573073646978	OK	 
REQUEST	1		ScriptResource.axd?d=DbBIHdj-QC5CO88xwauS5dkoqIs6nZmS0i8rusZB1q2JCx1O17otX38Pbo9-Co9QXf_ywgPOgCaWxydR-v-KO_BCuip-vRkoHzjnd81XPEqYhrrZRFvD28DBse-3zjaVmjdm2hC17AQqDXfxT3KoyoLs-sQ7qPLfqrjuPJokLcOn_d3Dmrsd446-Hg6mDbff0&t=2b48f70a	1573073646944	1573073646980	OK	 
REQUEST	1		compensar.detallevivienda.min.css?ctag=5143$$15.0.4927.1000	1573073646975	1573073646985	OK	 
REQUEST	1		request_295	1573073646977	1573073646986	OK	 
REQUEST	1		request_296	1573073646979	1573073646988	OK	 
REQUEST	1		request_309	1573073646986	1573073646992	OK	 
REQUEST	1		request_308	1573073646983	1573073646993	OK	 
REQUEST	1		ParqueaderosV2.js	1573073646968	1573073647004	OK	 
REQUEST	1		marcador.png	1573073646972	1573073647014	OK	 
REQUEST	1		request_284	1573073646937	1573073647030	OK	 
REQUEST	1		request_274	1573073646945	1573073647052	OK	 
REQUEST	1		request_334	1573073647010	1573073647079	OK	 
REQUEST	1		request_331	1573073646994	1573073647080	OK	 
REQUEST	1		request_328	1573073646993	1573073647081	OK	 
REQUEST	1		request_318	1573073646987	1573073647082	OK	 
REQUEST	1		request_324	1573073646988	1573073647083	OK	 
REQUEST	1		request_330	1573073646915	1573073647084	OK	 
REQUEST	1		request_339	1573073646917	1573073647093	OK	 
REQUEST	1		request_336	1573073646917	1573073647098	OK	 
REQUEST	1		request_332	1573073646916	1573073647100	OK	 
REQUEST	1		request_341	1573073646943	1573073647108	OK	 
REQUEST	1		request_340	1573073646938	1573073647108	OK	 
REQUEST	1		request_338	1573073646929	1573073647152	OK	 
REQUEST	1		request_337	1573073646922	1573073647167	OK	 
REQUEST	1		request_342	1573073646938	1573073647310	OK	 
USER	sedes	1	END	1573073633851	1573073647322
