RUN	Compenssar.homeuno	homeuno	1573767573100	 	3.0.2
USER	home	1	START	1573767575881	1573767575881
REQUEST	1		home_htmlhome_html	1573767575941	1573767576707	OK	 
REQUEST	1		Estilos de pagina	1573767576902	1573767576925	OK	 
REQUEST	1		Fuentes de la pagina	1573767576975	1573767577021	OK	 
REQUEST	1		Fuentes de la pagina	1573767577030	1573767577081	OK	 
REQUEST	1		JS de pagina	1573767577090	1573767577206	OK	 
REQUEST	1		Redes_Sociales	1573767576883	1573767577272	OK	 
REQUEST	1		Redes_Sociales	1573767576884	1573767577282	OK	 
REQUEST	1		Redes_Sociales	1573767576885	1573767577285	OK	 
REQUEST	1		Redes_Sociales	1573767576886	1573767577288	OK	 
REQUEST	1		Redes_Sociales	1573767576886	1573767577291	OK	 
REQUEST	1		Estilos de pagina	1573767576906	1573767577304	OK	 
REQUEST	1		Fuentes de la pagina	1573767577220	1573767577317	OK	 
REQUEST	1		Estilos de pagina	1573767576904	1573767577332	OK	 
REQUEST	1		https://www.google-analytics.com	1573767576871	1573767577384	OK	 
REQUEST	1		https://www.google-analytics.com	1573767576874	1573767577388	OK	 
REQUEST	1		Estilos de pagina	1573767576906	1573767577395	OK	 
REQUEST	1		JS de pagina	1573767576907	1573767577418	OK	 
REQUEST	1		api_contextinfo	1573767577322	1573767577426	OK	 
REQUEST	1		https://service.maxymiser.net	1573767576887	1573767577431	OK	 
REQUEST	1		bannerhome.js	1573767577349	1573767577436	OK	 
REQUEST	1		JS de pagina	1573767577313	1573767577441	OK	 
REQUEST	1		Fuentes de la pagina	1573767576909	1573767577445	OK	 
REQUEST	1		enlacesinteres_nuevo.js	1573767577429	1573767577450	OK	 
REQUEST	1		enlacesinteres_nuevo.js	1573767577439	1573767577458	OK	 
REQUEST	1		group_content.js	1573767577417	1573767577463	OK	 
REQUEST	1		bannerhome.js	1573767577424	1573767577468	OK	 
REQUEST	1		enlacedirectos2.js	1573767577456	1573767577471	OK	 
REQUEST	1		https://c.oracleinfinity.io/acs	1573767576875	1573767577474	OK	 
REQUEST	1		enlacesdirectos.js	1573767577462	1573767577477	OK	 
REQUEST	1		tendencias.js	1573767577444	1573767577505	OK	 
REQUEST	1		tendencias.js	1573767577448	1573767577509	OK	 
REQUEST	1		noticias.js	1573767577473	1573767577514	OK	 
REQUEST	1		noticias.js	1573767577487	1573767577518	OK	 
REQUEST	1		novedades.js	1573767577467	1573767577522	OK	 
REQUEST	1		novedades.js	1573767577470	1573767577526	OK	 
REQUEST	1		https://c.oracleinfinity.io/acs	1573767576882	1573767577532	OK	 
REQUEST	1		https://c.oracleinfinity.io/acs	1573767576882	1573767577535	OK	 
REQUEST	1		Estilos de pagina	1573767577521	1573767577538	OK	 
REQUEST	1		imagenes	1573767577507	1573767577542	OK	 
REQUEST	1		JS de pagina	1573767577529	1573767577555	OK	 
REQUEST	1		Estilos de pagina	1573767577545	1573767577565	OK	 
REQUEST	1		https://www.googletagmanager.com/gtm.js	1573767576910	1573767577593	OK	 
REQUEST	1		ProcessQuery	1573767577516	1573767577600	OK	 
REQUEST	1		JS de pagina	1573767577541	1573767577604	OK	 
REQUEST	1		JS de pagina	1573767577568	1573767577606	OK	 
REQUEST	1		JS de pagina	1573767577525	1573767577629	OK	 
REQUEST	1		Estilos de pagina	1573767577557	1573767577637	OK	 
REQUEST	1		items	1573767577513	1573767577640	OK	 
REQUEST	1		modulonoticias.js	1573767577603	1573767577643	OK	 
REQUEST	1		Estilos de pagina	1573767577644	1573767577696	OK	 
REQUEST	1		https://dc.oracleinfinity.io/awlorq1lmp/dcs.gif	1573767576894	1573767577700	OK	 
REQUEST	1		Estilos de pagina	1573767577636	1573767577706	OK	 
REQUEST	1		Estilos de pagina	1573767577639	1573767577710	OK	 
REQUEST	1		Estilos de pagina	1573767577699	1573767577714	OK	 
REQUEST	1		JS de pagina	1573767577608	1573767577718	OK	 
REQUEST	1		Estilos de pagina	1573767577717	1573767577775	OK	 
REQUEST	1		Estilos de pagina	1573767577709	1573767577779	OK	 
REQUEST	1		imagenes	1573767577713	1573767577782	OK	 
REQUEST	1		JS de pagina	1573767577605	1573767577799	OK	 
REQUEST	1		imagenes	1573767577781	1573767577816	OK	 
REQUEST	1		Estilos de pagina	1573767577815	1573767577823	OK	 
REQUEST	1		Estilos de pagina	1573767577642	1573767577839	OK	 
REQUEST	1		Webs.asmx	1573767577773	1573767577847	KO	status.find.in(200,201,202,203,204,205,206,207,208,209,304), found 500
REQUEST	1		imagenes	1573767577783	1573767577866	OK	 
REQUEST	1		JS de pagina	1573767577825	1573767577872	OK	 
REQUEST	1		Estilos de pagina	1573767577845	1573767577875	OK	 
REQUEST	1		Lists.asmx	1573767577777	1573767577877	OK	 
REQUEST	1		imagenes	1573767577817	1573767577904	OK	 
USER	home	1	END	1573767575881	1573767577929
