RUN	Compenssar.sedeAutosur3a6utenticado	sedeautosur3a6utenticado	1573837136140	 	3.0.2
USER	sedeAutosur3a6utenticado	1	START	1573837138410	1573837138410
REQUEST	1		request_0	1573837138441	1573837139137	OK	 
REQUEST	1		favicon.ico?rev=23	1573837139626	1573837139645	OK	 
REQUEST	1		bootstrap.min.js	1573837139657	1573837139709	OK	 
REQUEST	1		request_21	1573837139591	1573837139748	OK	 
REQUEST	1		request_32	1573837139602	1573837139753	OK	 
REQUEST	1		request_31	1573837139601	1573837139798	OK	 
REQUEST	1		mmapi.js	1573837139611	1573837139802	OK	 
REQUEST	1		minisp.min.js	1573837139627	1573837139810	OK	 
REQUEST	1		request_52	1573837139590	1573837139828	OK	 
REQUEST	1		datalayercorporativo.min.js	1573837139628	1573837139838	OK	 
REQUEST	1		request_45	1573837139586	1573837139845	OK	 
REQUEST	1		request_47	1573837139587	1573837139853	OK	 
REQUEST	1		request_53	1573837139830	1573837139865	OK	 
REQUEST	1		request_54	1573837139849	1573837139883	OK	 
REQUEST	1		request_55	1573837139859	1573837139886	OK	 
REQUEST	1		request_4	1573837139622	1573837139889	OK	 
REQUEST	1		ko.sp-1.0.min.js	1573837139840	1573837139895	OK	 
REQUEST	1		js?key=AIzaSyBQs4JbPCHOPygyJzKnUYgsAm35jOpmshk	1573837139574	1573837139907	OK	 
REQUEST	1		request_9	1573837139572	1573837139924	OK	 
REQUEST	1		request_28	1573837139573	1573837139944	OK	 
REQUEST	1		request_41	1573837139602	1573837139966	OK	 
REQUEST	1		slick.min.js	1573837139898	1573837139969	OK	 
REQUEST	1		request_50	1573837139588	1573837139987	OK	 
REQUEST	1		rangeslider.min.js	1573837139972	1573837140010	OK	 
REQUEST	1		init.js?rev=ZwTQYqYlNTyyuMWaLlhwSg%3D%3D	1573837139627	1573837140014	OK	 
REQUEST	1		request_2	1573837139629	1573837140081	OK	 
REQUEST	1		picturefill.min.js	1573837140019	1573837140087	OK	 
REQUEST	1		ion.rangeslider.min.js	1573837140012	1573837140090	OK	 
REQUEST	1		validate.min.js	1573837140090	1573837140113	OK	 
REQUEST	1		request_43	1573837139624	1573837140124	OK	 
REQUEST	1		jquery.validate.min.js	1573837140093	1573837140131	OK	 
REQUEST	1		request_5	1573837139623	1573837140140	OK	 
REQUEST	1		request_51	1573837139589	1573837140148	OK	 
REQUEST	1		croppie.min.js	1573837140115	1573837140150	OK	 
REQUEST	1		afiliaciones.config.js?v=5	1573837140134	1573837140153	OK	 
REQUEST	1		request_6	1573837139624	1573837140165	OK	 
REQUEST	1		compTools.min.js?v=1	1573837140152	1573837140167	OK	 
REQUEST	1		compensar.script.min.js	1573837140154	1573837140169	OK	 
REQUEST	1		compensar.actualizarcorreo.min.js	1573837140168	1573837140212	OK	 
REQUEST	1		sjcl.min.js	1573837140170	1573837140226	OK	 
REQUEST	1		compensar.loadComponents.min.js?v=1	1573837140214	1573837140239	OK	 
REQUEST	1		compensar.tiempoInactividad.min.js?v=1	1573837140228	1573837140242	OK	 
REQUEST	1		compensar.enModoEdicion.min.js?v=1	1573837140240	1573837140251	OK	 
REQUEST	1		compensar.detectarAncho.min.js?v=1	1573837140243	1573837140257	OK	 
REQUEST	1		compensar.deferImages.min.js?v=1	1573837140253	1573837140264	OK	 
REQUEST	1		compensar.agregarTitulowebparts.min.js?v=1	1573837140259	1573837140269	OK	 
REQUEST	1		compensar.menuDesplegable.min.js?v=1	1573837140266	1573837140278	OK	 
REQUEST	1		compensar.miCompensarPerfil.min.js?v=1	1573837140270	1573837140284	OK	 
REQUEST	1		compensar.controlPestanas.min.js?v=1	1573837140280	1573837140290	OK	 
REQUEST	1		compensar.controlAcordeon.min.js?v=1	1573837140286	1573837140295	OK	 
REQUEST	1		compensar.filtroControlerVivienda.min.js?v=1	1573837140292	1573837140315	OK	 
REQUEST	1		mainContent.min.js?v=1	1573837140297	1573837140323	OK	 
REQUEST	1		headerNav.min.js?v=1	1573837140316	1573837140335	OK	 
REQUEST	1		modeloMenuAux.min.js?v=1	1573837140325	1573837140337	OK	 
REQUEST	1		compensar.menuSecundario.min.js?v=1	1573837140337	1573837140352	OK	 
REQUEST	1		compensar.quitarLoading.min.js?v=1	1573837140338	1573837140354	OK	 
REQUEST	1		compensar.componenteEmailController.min.js?v=1	1573837140353	1573837140363	OK	 
REQUEST	1		compensar.footer.min.js?v=1	1573837140355	1573837140368	OK	 
REQUEST	1		compensar.componentePopUpController.min.js?v=1	1573837140365	1573837140381	OK	 
REQUEST	1		compensar.notificaciones.min.js	1573837140369	1573837140384	OK	 
REQUEST	1		customcanales.min.js	1573837140382	1573837140394	OK	 
REQUEST	1		customactioncall.js	1573837140386	1573837140399	OK	 
REQUEST	1		blank.js?rev=ZaOXZEobVwykPO9g8hq%2F8A%3D%3D	1573837140400	1573837140413	OK	 
REQUEST	1		ScriptResource.axd?d=LzPGXWTyY4NfgAzL7AVGti8jNkeNvyxE7t2p3M-3BPJvKFvvkBUGxbbcxESn55TFNOUl8xW6SvygFDc-U8cavgouTpfnyDz3b86dyb2Q1b12B-B2zqJbKL3UrhnjJpkL79pBm9zX4FVDPUA4BsjrvCFATMYLp3cyBtLpIkBKZKUxDrfJga0vw4ZjurZ0mn1o0&t=2b48f70a	1573837140414	1573837141608	OK	 
REQUEST	1		sp.init.js?rev=jvJC3Kl5gbORaLtf7kxULQ%3D%3D	1573837141611	1573837141653	OK	 
REQUEST	1		ScriptResx.ashx?culture=es%2Des&name=SP%2ERes&rev=DoAHv8R6TO7rl33LcYBJTA%3D%3D	1573837141655	1573837141672	OK	 
REQUEST	1		sp.runtime.js?rev=5f2WkYJoaxlIRdwUeg4WEg%3D%3D	1573837141673	1573837141690	OK	 
REQUEST	1		ScriptResource.axd?d=DbBIHdj-QC5CO88xwauS5dkoqIs6nZmS0i8rusZB1q2JCx1O17otX38Pbo9-Co9QXf_ywgPOgCaWxydR-v-KO_BCuip-vRkoHzjnd81XPEqYhrrZRFvD28DBse-3zjaVmjdm2hC17AQqDXfxT3KoyoLs-sQ7qPLfqrjuPJokLcOn_d3Dmrsd446-Hg6mDbff0&t=2b48f70a	1573837140396	1573837141895	OK	 
REQUEST	1		clientrenderer.js?rev=PWwV4FATEiOxN90BeB5Hzw%3D%3D	1573837141900	1573837141924	OK	 
REQUEST	1		ScriptResx.ashx?culture=es%2Des&name=Srch%2EResources&rev=GVo354neq7eNTurLgIdpJQ%3D%3D	1573837141925	1573837141963	OK	 
REQUEST	1		knockout-3.4.1.min.js?v=1	1573837139812	1573837142035	OK	 
REQUEST	1		jquery.spservices-2014.02.min.js	1573837139713	1573837142062	OK	 
REQUEST	1		search.cbs.js?rev=S5EegsQhNKgWxVFmcqr5dQ%3D%3D	1573837142060	1573837142118	OK	 
REQUEST	1		jquery-3.1.1.min.js	1573837139628	1573837142126	OK	 
REQUEST	1		spcommon.png?rev=23	1573837142066	1573837142132	OK	 
REQUEST	1		WebResource.axd?d=hcspxoKGngdkW0b6xYvFftMD9L7tgVctZKvxUqyhcPMOX4gSlmQgLLYGJ7F9lMuasHqe9Mv5x6g7VZmrwkJEQmLxw_pNwohGyqmgqyaeGpA1&t=636767428042202005	1573837142130	1573837142148	OK	 
REQUEST	1		bluebird.min.js	1573837139629	1573837143822	OK	 
REQUEST	1		logo_compensar.png?rev=23	1573837142119	1573837143833	OK	 
REQUEST	1		searchresultui.png?rev=23	1573837143824	1573837143837	OK	 
REQUEST	1		nodearrow.png	1573837143838	1573837143848	OK	 
REQUEST	1		WebResource.axd?d=VE1LltKE1dXL7-UbkAp-bt6ljn4Brx0V3X9hDRsD8jSFT9qB8YndTHVisocnrFQ8rNfw3OXiDn_Fb7iUlcK8bUIBKyIA1h_3y1b4G2-c7f01&t=636767428042202005	1573837143834	1573837143849	OK	 
REQUEST	1		ParqueaderosV2.js	1573837143850	1573837143861	OK	 
REQUEST	1		logo_compensar.png	1573837142133	1573837143926	OK	 
REQUEST	1		sp.search.js?rev=dMkPlEXpdY6iJ%2FsY5RsB0g%3D%3D	1573837141694	1573837144059	OK	 
REQUEST	1		logo-compensar-gris.svg	1573837142149	1573837144065	OK	 
REQUEST	1		mainContentInterno.js	1573837144061	1573837144071	OK	 
REQUEST	1		request_7	1573837144073	1573837144107	OK	 
REQUEST	1		request_3	1573837144067	1573837144151	OK	 
REQUEST	1		request_8	1573837144108	1573837144179	OK	 
REQUEST	1		marcador.png	1573837143863	1573837144357	OK	 
REQUEST	1		search.clientcontrols.js?rev=8Q15HW2EU2aXBktJq5YW%2FA%3D%3D	1573837141965	1573837144448	OK	 
REQUEST	1		request_10	1573837144178	1573837144526	OK	 
REQUEST	1		request_16	1573837144528	1573837144545	OK	 
REQUEST	1		request_17	1573837144547	1573837144590	OK	 
REQUEST	1		compensar.detallevivienda.min.css?ctag=5143$$15.0.4927.1000	1573837143930	1573837144592	OK	 
REQUEST	1		request_14	1573837144358	1573837144595	OK	 
REQUEST	1		request_15	1573837144458	1573837144597	OK	 
REQUEST	1		request_13	1573837144180	1573837144600	OK	 
REQUEST	1		estilos.css	1573837143849	1573837144603	OK	 
REQUEST	1		request_24	1573837144602	1573837144660	OK	 
REQUEST	1		request_25	1573837144605	1573837144831	OK	 
REQUEST	1		request_19	1573837144594	1573837144973	OK	 
REQUEST	1		request_26	1573837144661	1573837144975	OK	 
REQUEST	1		request_30	1573837144974	1573837145062	OK	 
REQUEST	1		request_22	1573837144599	1573837145072	OK	 
REQUEST	1		request_38	1573837145064	1573837145080	OK	 
REQUEST	1		request_40	1573837145076	1573837145094	OK	 
REQUEST	1		request_42	1573837145081	1573837145206	OK	 
REQUEST	1		request_20	1573837144596	1573837145349	OK	 
REQUEST	1		request_18	1573837144591	1573837145364	OK	 
REQUEST	1		request_27	1573837144832	1573837145513	OK	 
REQUEST	1		request_44	1573837145095	1573837145573	OK	 
REQUEST	1		request_46	1573837145207	1573837145575	OK	 
REQUEST	1		request_49	1573837145365	1573837145621	OK	 
REQUEST	1		request_48	1573837145359	1573837145627	OK	 
REQUEST	1		request_34	1573837144976	1573837146737	OK	 
REQUEST	1		request_56	1573837147772	1573837147865	OK	 
REQUEST	1		request_57	1573837148869	1573837148988	OK	 
REQUEST	1		request_57 Redirect 1	1573837149006	1573837149074	OK	 
REQUEST	1		request_57 Redirect 2	1573837149076	1573837149095	OK	 
REQUEST	1		request_57 Redirect 3	1573837149096	1573837149254	OK	 
REQUEST	1		request_66	1573837149274	1573837149284	OK	 
REQUEST	1		request_63	1573837149275	1573837149285	OK	 
REQUEST	1		request_67	1573837149276	1573837149289	OK	 
REQUEST	1		eyesClass.css	1573837149277	1573837149297	OK	 
REQUEST	1		request_68	1573837149276	1573837149321	OK	 
REQUEST	1		loadingCompensar.gif	1573837149299	1573837149341	OK	 
REQUEST	1		modules?v=SqDhzDYakMzJp-M-gCcQFj4vc5izybzoH2OW-2is2fY1	1573837149279	1573837149383	OK	 
REQUEST	1		modernizr?v=inCVuEFe6J4Q07A0AcRsbJic_UE5MwpRMNGcOtk94TE1	1573837149280	1573837149398	OK	 
REQUEST	1		jquery?v=JL596WEzEYSLK79KRL4It4N63VXpRlW4A824KHlhVLc1	1573837149342	1573837149402	OK	 
REQUEST	1		fonts?v=Y7MRUdvwE1hUsovmZYz9T7_41CMp95gKZ_Q9iYUO2O81	1573837149279	1573837149408	OK	 
REQUEST	1		bootstrap?v=02I37B8URpB7hqkZrxMEO7o6VbDywYH_vuXan7A7mR81	1573837149385	1573837149419	OK	 
REQUEST	1		css?v=udBLYkNkikBQ6JWixlUMiJYcZz7DRJzdxBJZ-rKFDsg1	1573837149278	1573837149421	OK	 
REQUEST	1		jqueryval?v=GkCXUO1MPqHDkNoDt8-shdnQEI8KGbNadRAAUqm2VOA1	1573837149400	1573837149437	OK	 
REQUEST	1		loading.js	1573837149424	1573837149439	OK	 
REQUEST	1		utils.js	1573837149411	1573837149478	OK	 
REQUEST	1		resetValidation.js	1573837149406	1573837149480	OK	 
REQUEST	1		sessionchecker.js	1573837149438	1573837149490	OK	 
REQUEST	1		request_59	1573837149440	1573837149491	OK	 
REQUEST	1		modal.js	1573837149421	1573837149493	OK	 
REQUEST	1		request_60	1573837149479	1573837149495	OK	 
REQUEST	1		request_62	1573837149481	1573837149498	OK	 
REQUEST	1		request_65	1573837149491	1573837149540	OK	 
REQUEST	1		logo-compensar-blanco.svg	1573837149281	1573837149542	OK	 
REQUEST	1		bootstrap.min.css	1573837149265	1573837149624	OK	 
REQUEST	1		request_71	1573837149281	1573837149686	OK	 
REQUEST	1		request_72	1573837160695	1573837160735	KO	status.find.in(200,201,202,203,204,205,206,207,208,209,304), found 500
USER	sedeAutosur3a6utenticado	1	END	1573837138410	1573837160757
