RUN	Compenssar.principaladulto7a12a	principaladulto7a12a	1573851106115	 	3.0.2
USER	principaladulto7a12a	1	START	1573851108646	1573851108646
REQUEST	1		request_0	1573851108728	1573851109355	OK	 
REQUEST	1		favicon.ico?rev=23	1573851109896	1573851109916	OK	 
REQUEST	1		bootstrap.min.js	1573851109930	1573851109976	OK	 
REQUEST	1		jquery.spservices-2014.02.min.js	1573851109980	1573851110026	OK	 
REQUEST	1		mmapi.js	1573851109866	1573851110061	OK	 
REQUEST	1		knockout-3.4.1.min.js?v=1	1573851110029	1573851110128	OK	 
REQUEST	1		minisp.min.js	1573851109897	1573851110141	OK	 
REQUEST	1		ko.sp-1.0.min.js	1573851110132	1573851110148	OK	 
REQUEST	1		request_39	1573851109841	1573851110177	OK	 
REQUEST	1		request_43	1573851109876	1573851110208	OK	 
REQUEST	1		request_44	1573851109877	1573851110211	OK	 
REQUEST	1		rangeslider.min.js	1573851110152	1573851110219	OK	 
REQUEST	1		request_53	1573851110187	1573851110231	OK	 
REQUEST	1		request_40	1573851109842	1573851110245	OK	 
REQUEST	1		init.js?rev=ZwTQYqYlNTyyuMWaLlhwSg%3D%3D	1573851109898	1573851110260	OK	 
REQUEST	1		ion.rangeslider.min.js	1573851110225	1573851110267	OK	 
REQUEST	1		request_54	1573851110235	1573851110279	OK	 
REQUEST	1		request_55	1573851110250	1573851110283	OK	 
REQUEST	1		request_42	1573851109843	1573851110285	OK	 
REQUEST	1		slick.min.js	1573851110146	1573851110287	OK	 
REQUEST	1		validate.min.js	1573851110271	1573851110292	OK	 
REQUEST	1		js?key=AIzaSyBQs4JbPCHOPygyJzKnUYgsAm35jOpmshk	1573851109832	1573851110295	OK	 
REQUEST	1		picturefill.min.js	1573851110264	1573851110300	OK	 
REQUEST	1		request_56	1573851109824	1573851110304	OK	 
REQUEST	1		croppie.min.js	1573851110294	1573851110311	OK	 
REQUEST	1		request_41	1573851109843	1573851110316	OK	 
REQUEST	1		afiliaciones.config.js?v=5	1573851110302	1573851110320	OK	 
REQUEST	1		jquery.validate.min.js	1573851110290	1573851110341	OK	 
REQUEST	1		compTools.min.js?v=1	1573851110313	1573851110344	OK	 
REQUEST	1		request_45	1573851109844	1573851110347	OK	 
REQUEST	1		request_19	1573851109845	1573851110349	OK	 
REQUEST	1		request_26	1573851109853	1573851110352	OK	 
REQUEST	1		request_57	1573851109878	1573851110355	OK	 
REQUEST	1		compensar.script.min.js	1573851110321	1573851110356	OK	 
REQUEST	1		request_4	1573851109874	1573851110360	OK	 
REQUEST	1		compensar.actualizarcorreo.min.js	1573851110343	1573851110363	OK	 
REQUEST	1		sjcl.min.js	1573851110346	1573851110367	OK	 
REQUEST	1		request_59	1573851109855	1573851110370	OK	 
REQUEST	1		request_5	1573851109875	1573851110371	OK	 
REQUEST	1		compensar.loadComponents.min.js?v=1	1573851110357	1573851110374	OK	 
REQUEST	1		compensar.tiempoInactividad.min.js?v=1	1573851110365	1573851110377	OK	 
REQUEST	1		compensar.enModoEdicion.min.js?v=1	1573851110369	1573851110384	OK	 
REQUEST	1		compensar.deferImages.min.js?v=1	1573851110378	1573851110389	OK	 
REQUEST	1		compensar.detectarAncho.min.js?v=1	1573851110376	1573851110392	OK	 
REQUEST	1		compensar.agregarTitulowebparts.min.js?v=1	1573851110386	1573851110402	OK	 
REQUEST	1		request_58	1573851110281	1573851110406	OK	 
REQUEST	1		compensar.menuDesplegable.min.js?v=1	1573851110391	1573851110408	OK	 
REQUEST	1		compensar.miCompensarPerfil.min.js?v=1	1573851110396	1573851110412	OK	 
REQUEST	1		request_2	1573851109901	1573851110418	OK	 
REQUEST	1		compensar.controlPestanas.min.js?v=1	1573851110403	1573851110423	OK	 
REQUEST	1		compensar.controlAcordeon.min.js?v=1	1573851110410	1573851110426	OK	 
REQUEST	1		compensar.filtroControlerVivienda.min.js?v=1	1573851110415	1573851110428	OK	 
REQUEST	1		bluebird.min.js	1573851109900	1573851110436	OK	 
REQUEST	1		mainContent.min.js?v=1	1573851110425	1573851110440	OK	 
REQUEST	1		request_47	1573851109877	1573851110444	OK	 
REQUEST	1		headerNav.min.js?v=1	1573851110427	1573851110445	OK	 
REQUEST	1		modeloMenuAux.min.js?v=1	1573851110430	1573851110448	OK	 
REQUEST	1		compensar.menuSecundario.min.js?v=1	1573851110439	1573851110451	OK	 
REQUEST	1		request_34	1573851109887	1573851110483	OK	 
REQUEST	1		compensar.quitarLoading.min.js?v=1	1573851110442	1573851110484	OK	 
REQUEST	1		compensar.componenteEmailController.min.js?v=1	1573851110446	1573851110493	OK	 
REQUEST	1		compensar.footer.min.js?v=1	1573851110450	1573851110495	OK	 
REQUEST	1		compensar.componentePopUpController.min.js?v=1	1573851110453	1573851110498	OK	 
REQUEST	1		compensar.notificaciones.min.js	1573851110485	1573851110500	OK	 
REQUEST	1		customactioncall.js	1573851110497	1573851110507	OK	 
REQUEST	1		customcanales.min.js	1573851110495	1573851110511	OK	 
REQUEST	1		blank.js?rev=ZaOXZEobVwykPO9g8hq%2F8A%3D%3D	1573851110501	1573851110513	OK	 
REQUEST	1		ScriptResx.ashx?culture=es%2Des&name=SP%2ERes&rev=DoAHv8R6TO7rl33LcYBJTA%3D%3D	1573851110515	1573851110533	OK	 
REQUEST	1		ScriptResource.axd?d=LzPGXWTyY4NfgAzL7AVGti8jNkeNvyxE7t2p3M-3BPJvKFvvkBUGxbbcxESn55TFNOUl8xW6SvygFDc-U8cavgouTpfnyDz3b86dyb2Q1b12B-B2zqJbKL3UrhnjJpkL79pBm9zX4FVDPUA4BsjrvCFATMYLp3cyBtLpIkBKZKUxDrfJga0vw4ZjurZ0mn1o0&t=72e85ccd	1573851110508	1573851110562	OK	 
REQUEST	1		sp.runtime.js?rev=5f2WkYJoaxlIRdwUeg4WEg%3D%3D	1573851110534	1573851110566	OK	 
REQUEST	1		sp.init.js?rev=jvJC3Kl5gbORaLtf7kxULQ%3D%3D	1573851110512	1573851110570	OK	 
REQUEST	1		ScriptResource.axd?d=DbBIHdj-QC5CO88xwauS5dkoqIs6nZmS0i8rusZB1q2JCx1O17otX38Pbo9-Co9QXf_ywgPOgCaWxydR-v-KO_BCuip-vRkoHzjnd81XPEqYhrrZRFvD28DBse-3zjaVmjdm2hC17AQqDXfxT3KoyoLs-sQ7qPLfqrjuPJokLcOn_d3Dmrsd446-Hg6mDbff0&t=72e85ccd	1573851110499	1573851110574	OK	 
REQUEST	1		clientrenderer.js?rev=PWwV4FATEiOxN90BeB5Hzw%3D%3D	1573851110570	1573851110586	OK	 
REQUEST	1		ScriptResx.ashx?culture=es%2Des&name=Srch%2EResources&rev=GVo354neq7eNTurLgIdpJQ%3D%3D	1573851110572	1573851110590	OK	 
REQUEST	1		search.cbs.js?rev=S5EegsQhNKgWxVFmcqr5dQ%3D%3D	1573851110588	1573851110601	OK	 
REQUEST	1		spcommon.png?rev=23	1573851110592	1573851110608	OK	 
REQUEST	1		WebResource.axd?d=hcspxoKGngdkW0b6xYvFftMD9L7tgVctZKvxUqyhcPMOX4gSlmQgLLYGJ7F9lMuasHqe9Mv5x6g7VZmrwkJEQmLxw_pNwohGyqmgqyaeGpA1&t=635792838349294682	1573851110610	1573851110626	OK	 
REQUEST	1		sp.search.js?rev=dMkPlEXpdY6iJ%2FsY5RsB0g%3D%3D	1573851110564	1573851110630	OK	 
REQUEST	1		logo_compensar.png?rev=23	1573851110602	1573851110634	OK	 
REQUEST	1		searchresultui.png?rev=23	1573851110635	1573851110645	OK	 
REQUEST	1		request_56	1573851110310	1573851110651	OK	 
REQUEST	1		logo-compensar-gris.svg	1573851110633	1573851110660	OK	 
REQUEST	1		WebResource.axd?d=VE1LltKE1dXL7-UbkAp-bt6ljn4Brx0V3X9hDRsD8jSFT9qB8YndTHVisocnrFQ8rNfw3OXiDn_Fb7iUlcK8bUIBKyIA1h_3y1b4G2-c7f01&t=635792838349294682	1573851110646	1573851110668	OK	 
REQUEST	1		estilos.css	1573851110669	1573851110683	OK	 
REQUEST	1		logo_compensar.png	1573851110628	1573851110702	OK	 
REQUEST	1		nodearrow.png	1573851110662	1573851110703	OK	 
REQUEST	1		search.clientcontrols.js?rev=8Q15HW2EU2aXBktJq5YW%2FA%3D%3D	1573851110579	1573851110705	OK	 
REQUEST	1		ParqueaderosV2.js	1573851110701	1573851110713	OK	 
REQUEST	1		marcador.png	1573851110703	1573851110716	OK	 
REQUEST	1		compensar.detallevivienda.min.css?ctag=5143$$15.0.4927.1000	1573851110705	1573851110718	OK	 
REQUEST	1		request_3	1573851110714	1573851110754	OK	 
REQUEST	1		request_6	1573851110717	1573851110769	OK	 
REQUEST	1		mainContentInterno.js	1573851110711	1573851110771	OK	 
REQUEST	1		request_7	1573851110751	1573851110783	OK	 
REQUEST	1		request_10	1573851110772	1573851110793	OK	 
REQUEST	1		request_9	1573851110771	1573851110797	OK	 
REQUEST	1		request_48	1573851110064	1573851110801	OK	 
REQUEST	1		request_11	1573851110783	1573851110802	OK	 
REQUEST	1		request_12	1573851110795	1573851110807	OK	 
REQUEST	1		request_13	1573851110799	1573851110815	OK	 
REQUEST	1		request_8	1573851110769	1573851110829	OK	 
REQUEST	1		request_14	1573851110803	1573851110834	OK	 
REQUEST	1		request_16	1573851110816	1573851110835	OK	 
REQUEST	1		request_22	1573851110836	1573851110845	OK	 
REQUEST	1		request_21	1573851110835	1573851110850	OK	 
REQUEST	1		request_27	1573851109854	1573851110887	OK	 
REQUEST	1		request_15	1573851110808	1573851110888	OK	 
REQUEST	1		request_25	1573851110852	1573851110916	OK	 
REQUEST	1		request_28	1573851110889	1573851110946	OK	 
REQUEST	1		request_23	1573851110846	1573851111045	OK	 
REQUEST	1		request_37	1573851110947	1573851111061	OK	 
REQUEST	1		request_17	1573851110830	1573851111098	OK	 
REQUEST	1		request_38	1573851111051	1573851111119	OK	 
REQUEST	1		request_46	1573851111062	1573851111163	OK	 
REQUEST	1		request_49	1573851111110	1573851111166	OK	 
REQUEST	1		request_32	1573851110918	1573851111192	OK	 
REQUEST	1		request_50	1573851111120	1573851111212	OK	 
REQUEST	1		request_52	1573851111167	1573851111295	OK	 
REQUEST	1		datalayercorporativo.min.js	1573851109900	1573851111296	OK	 
REQUEST	1		request_51	1573851111164	1573851111297	OK	 
REQUEST	1		jquery-3.1.1.min.js	1573851109899	1573851111369	OK	 
REQUEST	1		request_60	1573851117389	1573851117439	OK	 
REQUEST	1		request_60 Redirect 1	1573851117442	1573851117544	OK	 
REQUEST	1		request_60 Redirect 2	1573851117545	1573851117561	OK	 
REQUEST	1		request_60 Redirect 3	1573851117562	1573851117983	OK	 
REQUEST	1		request_72	1573851118058	1573851118066	OK	 
REQUEST	1		eyesClass.css	1573851118060	1573851118073	OK	 
REQUEST	1		loadingCompensar.gif	1573851118074	1573851118090	OK	 
REQUEST	1		request_67	1573851118059	1573851118130	OK	 
REQUEST	1		fonts?v=Y7MRUdvwE1hUsovmZYz9T7_41CMp95gKZ_Q9iYUO2O81	1573851118061	1573851118132	OK	 
REQUEST	1		request_70	1573851118059	1573851118138	OK	 
REQUEST	1		request_71	1573851118060	1573851118139	OK	 
REQUEST	1		jquery?v=JL596WEzEYSLK79KRL4It4N63VXpRlW4A824KHlhVLc1	1573851118092	1573851118140	OK	 
REQUEST	1		modernizr?v=inCVuEFe6J4Q07A0AcRsbJic_UE5MwpRMNGcOtk94TE1	1573851118061	1573851118144	OK	 
REQUEST	1		modules?v=SqDhzDYakMzJp-M-gCcQFj4vc5izybzoH2OW-2is2fY1	1573851118061	1573851118146	OK	 
REQUEST	1		logo-compensar-blanco.svg	1573851118062	1573851118155	OK	 
REQUEST	1		resetValidation.js	1573851118145	1573851118162	OK	 
REQUEST	1		utils.js	1573851118147	1573851118170	OK	 
REQUEST	1		jqueryval?v=GkCXUO1MPqHDkNoDt8-shdnQEI8KGbNadRAAUqm2VOA1	1573851118142	1573851118172	OK	 
REQUEST	1		css?v=udBLYkNkikBQ6JWixlUMiJYcZz7DRJzdxBJZ-rKFDsg1	1573851118060	1573851118174	OK	 
REQUEST	1		loading.js	1573851118163	1573851118179	OK	 
REQUEST	1		modal.js	1573851118156	1573851118180	OK	 
REQUEST	1		sessionchecker.js	1573851118171	1573851118182	OK	 
REQUEST	1		request_64	1573851118178	1573851118193	OK	 
REQUEST	1		request_68	1573851118183	1573851118201	OK	 
REQUEST	1		request_65	1573851118180	1573851118202	OK	 
REQUEST	1		request_61	1573851118173	1573851118204	OK	 
REQUEST	1		request_66	1573851118182	1573851118216	OK	 
REQUEST	1		request_74	1573851118202	1573851118295	OK	 
REQUEST	1		request_69	1573851118195	1573851118302	OK	 
REQUEST	1		bootstrap.min.css	1573851118046	1573851118446	OK	 
REQUEST	1		request_76	1573851118063	1573851118497	OK	 
REQUEST	1		bootstrap?v=02I37B8URpB7hqkZrxMEO7o6VbDywYH_vuXan7A7mR81	1573851118137	1573851119201	OK	 
REQUEST	1		request_77	1573851152219	1573851157237	OK	 
REQUEST	1		request_77 Redirect 1	1573851157247	1573851157785	OK	 
REQUEST	1		request_105	1573851157814	1573851157836	OK	 
REQUEST	1		request_91	1573851157827	1573851157844	OK	 
REQUEST	1		request_113	1573851157816	1573851157893	OK	 
REQUEST	1		request_125	1573851157817	1573851157894	OK	 
REQUEST	1		request_80	1573851157832	1573851157895	OK	 
REQUEST	1		request_124	1573851157816	1573851157900	OK	 
REQUEST	1		request_84	1573851157899	1573851157918	OK	 
REQUEST	1		request_153	1573851157817	1573851157920	OK	 
REQUEST	1		request_78	1573851157830	1573851157922	OK	 
REQUEST	1		request_82	1573851157832	1573851157924	OK	 
REQUEST	1		request_81	1573851157832	1573851157949	OK	 
REQUEST	1		request_102	1573851157828	1573851157952	OK	 
REQUEST	1		request_86	1573851157925	1573851157954	OK	 
REQUEST	1		request_85	1573851157919	1573851157970	OK	 
REQUEST	1		request_88	1573851157955	1573851157976	OK	 
REQUEST	1		request_101	1573851157827	1573851157978	OK	 
REQUEST	1		request_83	1573851157834	1573851157981	OK	 
REQUEST	1		request_87	1573851157952	1573851157990	OK	 
REQUEST	1		request_89	1573851157972	1573851157992	OK	 
REQUEST	1		request_90	1573851157977	1573851157998	OK	 
REQUEST	1		request_93	1573851157991	1573851158000	OK	 
REQUEST	1		request_94	1573851157993	1573851158003	OK	 
REQUEST	1		request_96	1573851158001	1573851158018	OK	 
REQUEST	1		request_97	1573851158004	1573851158020	OK	 
REQUEST	1		request_95	1573851157999	1573851158025	OK	 
REQUEST	1		request_92	1573851157983	1573851158028	OK	 
REQUEST	1		request_98	1573851158020	1573851158032	OK	 
REQUEST	1		request_106	1573851158032	1573851158044	OK	 
REQUEST	1		request_107	1573851158033	1573851158054	OK	 
REQUEST	1		request_108	1573851158045	1573851158060	OK	 
REQUEST	1		request_104	1573851158027	1573851158062	OK	 
REQUEST	1		request_100	1573851158021	1573851158064	OK	 
REQUEST	1		request_109	1573851158055	1573851158069	OK	 
REQUEST	1		request_115	1573851158070	1573851158091	OK	 
REQUEST	1		request_150	1573851157814	1573851158093	OK	 
REQUEST	1		request_111	1573851158063	1573851158094	OK	 
REQUEST	1		request_116	1573851158092	1573851158103	OK	 
REQUEST	1		request_121	1573851158104	1573851158165	OK	 
REQUEST	1		request_138	1573851157828	1573851158242	OK	 
REQUEST	1		request_79	1573851157831	1573851158348	OK	 
REQUEST	1		request_120	1573851158095	1573851158355	OK	 
REQUEST	1		request_131	1573851158355	1573851158377	OK	 
REQUEST	1		request_132	1573851158363	1573851158379	OK	 
REQUEST	1		request_110	1573851158061	1573851158381	OK	 
REQUEST	1		request_135	1573851158378	1573851158434	OK	 
REQUEST	1		request_126	1573851158166	1573851158444	OK	 
REQUEST	1		request_136	1573851158380	1573851158460	OK	 
REQUEST	1		request_139	1573851158434	1573851158465	OK	 
REQUEST	1		request_137	1573851158402	1573851158486	OK	 
REQUEST	1		request_140	1573851158449	1573851158507	OK	 
REQUEST	1		request_142	1573851158466	1573851158524	OK	 
REQUEST	1		request_141	1573851158462	1573851158602	OK	 
REQUEST	1		request_149	1573851158487	1573851158641	OK	 
REQUEST	1		request_78	1573851157923	1573851159452	OK	 
REQUEST	1		request_112	1573851158068	1573851159680	OK	 
REQUEST	1		request_154	1573851161680	1573851161796	OK	 
REQUEST	1		request_155	1573851161798	1573851163587	OK	 
USER	principaladulto7a12a	1	END	1573851108646	1573851163623
