RUN	compensar.sedeCalle200NoAutenticado	sedecalle200noautenticado	1573812790543	 	3.0.2
USER	compesar200	1	START	1573812792897	1573812792897
REQUEST	1		home_sedes/calle-220	1573812792941	1573812793447	OK	 
REQUEST	1		home_sedes/calle-220	1573812793873	1573812793930	OK	 
REQUEST	1		home_sedes/calle-220	1573812793973	1573812794037	OK	 
REQUEST	1		https://c.oracleinfinity.io	1573812793757	1573812794090	OK	 
REQUEST	1		home_sedes/calle-220	1573812794046	1573812794112	OK	 
REQUEST	1		home_sedes/calle-220	1573812794117	1573812794167	OK	 
REQUEST	1		https://c.oracleinfinity.io	1573812793765	1573812794191	OK	 
REQUEST	1		https://service.maxymiser.net	1573812793850	1573812794196	OK	 
REQUEST	1		https://service.maxymiser.net	1573812793851	1573812794199	OK	 
REQUEST	1		home_sedes/calle-220	1573812793874	1573812794204	OK	 
REQUEST	1		https://maps.googleapis.com	1573812793756	1573812794213	OK	 
REQUEST	1		home_sedes/calle-220	1573812793876	1573812794227	OK	 
REQUEST	1		home_sedes/calle-220	1573812793876	1573812794233	OK	 
REQUEST	1		home_sedes/calle-220	1573812793877	1573812794237	OK	 
REQUEST	1		home_sedes/calle-220	1573812794169	1573812794247	OK	 
REQUEST	1		https://maps.googleapis.com	1573812793620	1573812794255	OK	 
REQUEST	1		rhttps://maps.googleapis.com	1573812793754	1573812794261	OK	 
REQUEST	1		https://maps.googleapis.com	1573812793755	1573812794324	OK	 
REQUEST	1		https://maps.googleapis.com	1573812794216	1573812794328	OK	 
REQUEST	1		https://maps.googleapis.com	1573812793757	1573812794349	OK	 
REQUEST	1		https://fonts.gstatic.com/s/roboto	1573812793864	1573812794354	OK	 
REQUEST	1		https://fonts.gstatic.com/s/roboto	1573812793872	1573812794356	OK	 
REQUEST	1		home_sedes/calle-220	1573812794249	1573812794357	OK	 
REQUEST	1		https://maps.googleapis.com	1573812794259	1573812794362	OK	 
REQUEST	1		https://maps.googleapis.com	1573812793755	1573812794363	OK	 
REQUEST	1		https://fonts.googleapis.com	1573812793767	1573812794369	OK	 
REQUEST	1		https://maps.gstatic.com	1573812793825	1573812794371	OK	 
REQUEST	1		home_sedes/calle-220	1573812794208	1573812794374	OK	 
REQUEST	1		https://www.google-analytics.com1	1573812793619	1573812794380	OK	 
REQUEST	1		https://cdn.appdynamics.com/adrum	1573812793807	1573812794382	OK	 
REQUEST	1		home_sedes/calle-220	1573812794376	1573812794426	OK	 
REQUEST	1		home_sedes/calle-220	1573812794360	1573812794429	OK	 
REQUEST	1		home_sedes/calle-220	1573812794428	1573812794441	OK	 
REQUEST	1		home_sedes/calle-220	1573812794430	1573812794446	OK	 
REQUEST	1		home_sedes/calle-220	1573812794443	1573812794457	OK	 
REQUEST	1		home_sedes/calle-220	1573812794448	1573812794464	OK	 
REQUEST	1		https://dc.oracleinfinity.io/awlorq1lmp	1573812793852	1573812794472	OK	 
REQUEST	1		home_sedes/calle-220	1573812794236	1573812794488	OK	 
REQUEST	1		https://service.maxymiser.net	1573812794198	1573812794532	OK	 
REQUEST	1		home_sedes/calle-220	1573812794460	1573812794534	OK	 
REQUEST	1		https://www.googletagmanager.com	1573812793878	1573812794542	OK	 
REQUEST	1		https://www.google-analytics.com	1573812793611	1573812794614	OK	 
REQUEST	1		home_sedes/calle-220	1573812794490	1573812794623	OK	 
REQUEST	1		home_sedes/calle-220	1573812794628	1573812794645	OK	 
REQUEST	1		home_sedes/calle-220	1573812793766	1573812794656	OK	 
REQUEST	1		https://service.maxymiser.net	1573812793849	1573812794658	OK	 
REQUEST	1		home_sedes/calle-220	1573812794537	1573812794660	OK	 
REQUEST	1		home_sedes/calle-220	1573812794647	1573812794665	OK	 
REQUEST	1		home_sedes/calle-220	1573812794466	1573812794674	OK	 
REQUEST	1		home_sedes/calle-220	1573812794664	1573812794679	OK	 
REQUEST	1		https://service.maxymiser.net	1573812793848	1573812794684	OK	 
REQUEST	1		home_sedes/calle-220	1573812794666	1573812794689	OK	 
REQUEST	1		https://service.maxymiser.net	1573812793837	1573812794760	OK	 
REQUEST	1		home_sedes/calle-2204	1573812794681	1573812794786	OK	 
REQUEST	1		home_sedes/calle-220	1573812794691	1573812794787	OK	 
REQUEST	1		home_sedes/calle-220	1573812794677	1573812794968	OK	 
REQUEST	1		home_sedes/calle-220	1573812794787	1573812794999	OK	 
REQUEST	1		home_sedes/calle-220	1573812794788	1573812795038	OK	 
REQUEST	1		https://service.maxymiser.net	1573812793849	1573812795043	OK	 
REQUEST	1		home_sedes/calle-220	1573812794997	1573812795105	OK	 
REQUEST	1		home_sedes/calle-220	1573812795004	1573812795135	OK	 
REQUEST	1		home_sedes/calle-220	1573812795138	1573812795152	OK	 
REQUEST	1		home_sedes/calle-220	1573812795157	1573812795176	OK	 
REQUEST	1		home_sedes/calle-220	1573812795041	1573812795183	OK	 
REQUEST	1		home_sedes/calle-220	1573812795109	1573812795191	OK	 
REQUEST	1		home_sedes/calle-220	1573812795179	1573812795195	OK	 
REQUEST	1		home_sedes/calle-2204	1573812795194	1573812795234	OK	 
REQUEST	1		home_sedes/calle-220	1573812795186	1573812795307	OK	 
REQUEST	1		home_sedes/calle-220	1573812794244	1573812795367	OK	 
REQUEST	1		home_sedes/calle-220	1573812794232	1573812795392	OK	 
REQUEST	1		home_sedes/calle-220	1573812793875	1573812795396	OK	 
REQUEST	1		https://maps.googleapis.com	1573812798425	1573812798580	OK	 
REQUEST	1		https://maps.gstatic.com	1573812798586	1573812798698	OK	 
REQUEST	1		https://col.eum-appdynamics.com	1573812807697	1573812808185	OK	 
USER	compesar200	1	END	1573812792897	1573812808227
