RUN	Compenssar.sedeAutosur3a6utenticado	sedeautosur3a6utenticado	1573841666756	 	3.0.2
USER	sedeAutosur3a6utenticado	1	START	1573841669593	1573841669593
REQUEST	1		request_0	1573841669645	1573841670195	OK	 
REQUEST	1		favicon.ico?rev=23	1573841670878	1573841670898	OK	 
REQUEST	1		bootstrap.min.js	1573841670914	1573841670985	OK	 
REQUEST	1		jquery.spservices-2014.02.min.js	1573841670999	1573841671070	OK	 
REQUEST	1		knockout-3.4.1.min.js?v=1	1573841671074	1573841671163	OK	 
REQUEST	1		request_6	1573841670876	1573841671214	OK	 
REQUEST	1		ko.sp-1.0.min.js	1573841671170	1573841671220	OK	 
REQUEST	1		request_50	1573841670806	1573841671282	OK	 
REQUEST	1		request_5	1573841670875	1573841671294	OK	 
REQUEST	1		minisp.min.js	1573841670879	1573841671301	OK	 
REQUEST	1		datalayercorporativo.min.js	1573841670882	1573841671308	OK	 
REQUEST	1		slick.min.js	1573841671228	1573841671317	OK	 
REQUEST	1		request_9	1573841670800	1573841671325	OK	 
REQUEST	1		request_28	1573841670801	1573841671329	OK	 
REQUEST	1		request_45	1573841670804	1573841671342	OK	 
REQUEST	1		request_47	1573841670805	1573841671359	OK	 
REQUEST	1		request_53	1573841671286	1573841671370	OK	 
REQUEST	1		request_51	1573841670806	1573841671380	OK	 
REQUEST	1		mmapi.js	1573841670863	1573841671387	OK	 
REQUEST	1		picturefill.min.js	1573841671320	1573841671391	OK	 
REQUEST	1		request_21	1573841670809	1573841671396	OK	 
REQUEST	1		request_32	1573841670821	1573841671400	OK	 
REQUEST	1		request_4	1573841670874	1573841671404	OK	 
REQUEST	1		request_54	1573841671351	1573841671413	OK	 
REQUEST	1		request_55	1573841671366	1573841671438	OK	 
REQUEST	1		request_41	1573841670822	1573841671442	OK	 
REQUEST	1		validate.min.js	1573841671395	1573841671445	OK	 
REQUEST	1		request_52	1573841670808	1573841671448	OK	 
REQUEST	1		js?key=AIzaSyBQs4JbPCHOPygyJzKnUYgsAm35jOpmshk	1573841670802	1573841671485	OK	 
REQUEST	1		jquery.validate.min.js	1573841671447	1573841671496	OK	 
REQUEST	1		request_31	1573841670820	1573841671501	OK	 
REQUEST	1		jquery-3.1.1.min.js	1573841670881	1573841671504	OK	 
REQUEST	1		request_43	1573841670877	1573841671509	OK	 
REQUEST	1		croppie.min.js	1573841671499	1573841671517	OK	 
REQUEST	1		afiliaciones.config.js?v=5	1573841671508	1573841671521	OK	 
REQUEST	1		compTools.min.js?v=1	1573841671519	1573841671533	OK	 
REQUEST	1		compensar.script.min.js	1573841671522	1573841671538	OK	 
REQUEST	1		ion.rangeslider.min.js	1573841671311	1573841671580	OK	 
REQUEST	1		compensar.actualizarcorreo.min.js	1573841671535	1573841671585	OK	 
REQUEST	1		sjcl.min.js	1573841671539	1573841671606	OK	 
REQUEST	1		compensar.loadComponents.min.js?v=1	1573841671584	1573841671614	OK	 
REQUEST	1		compensar.tiempoInactividad.min.js?v=1	1573841671589	1573841671619	OK	 
REQUEST	1		init.js?rev=ZwTQYqYlNTyyuMWaLlhwSg%3D%3D	1573841670880	1573841671644	OK	 
REQUEST	1		compensar.deferImages.min.js?v=1	1573841671622	1573841671650	OK	 
REQUEST	1		compensar.enModoEdicion.min.js?v=1	1573841671610	1573841671652	OK	 
REQUEST	1		compensar.detectarAncho.min.js?v=1	1573841671616	1573841671654	OK	 
REQUEST	1		bluebird.min.js	1573841670882	1573841671696	OK	 
REQUEST	1		compensar.menuDesplegable.min.js?v=1	1573841671651	1573841671700	OK	 
REQUEST	1		compensar.agregarTitulowebparts.min.js?v=1	1573841671649	1573841671702	OK	 
REQUEST	1		compensar.miCompensarPerfil.min.js?v=1	1573841671653	1573841671705	OK	 
REQUEST	1		compensar.controlPestanas.min.js?v=1	1573841671656	1573841671708	OK	 
REQUEST	1		request_2	1573841670883	1573841671727	OK	 
REQUEST	1		compensar.filtroControlerVivienda.min.js?v=1	1573841671702	1573841671737	OK	 
REQUEST	1		mainContent.min.js?v=1	1573841671704	1573841671739	OK	 
REQUEST	1		headerNav.min.js?v=1	1573841671707	1573841671742	OK	 
REQUEST	1		modeloMenuAux.min.js?v=1	1573841671709	1573841671744	OK	 
REQUEST	1		compensar.controlAcordeon.min.js?v=1	1573841671699	1573841671747	OK	 
REQUEST	1		compensar.menuSecundario.min.js?v=1	1573841671738	1573841671780	OK	 
REQUEST	1		compensar.quitarLoading.min.js?v=1	1573841671741	1573841671786	OK	 
REQUEST	1		compensar.footer.min.js?v=1	1573841671746	1573841671789	OK	 
REQUEST	1		compensar.componenteEmailController.min.js?v=1	1573841671744	1573841671797	OK	 
REQUEST	1		compensar.componentePopUpController.min.js?v=1	1573841671749	1573841671799	OK	 
REQUEST	1		compensar.notificaciones.min.js	1573841671782	1573841671802	OK	 
REQUEST	1		customactioncall.js	1573841671791	1573841671813	OK	 
REQUEST	1		customcanales.min.js	1573841671788	1573841671816	OK	 
REQUEST	1		blank.js?rev=ZaOXZEobVwykPO9g8hq%2F8A%3D%3D	1573841671801	1573841671828	OK	 
REQUEST	1		ScriptResx.ashx?culture=es%2Des&name=SP%2ERes&rev=DoAHv8R6TO7rl33LcYBJTA%3D%3D	1573841671817	1573841671831	OK	 
REQUEST	1		ScriptResource.axd?d=LzPGXWTyY4NfgAzL7AVGti8jNkeNvyxE7t2p3M-3BPJvKFvvkBUGxbbcxESn55TFNOUl8xW6SvygFDc-U8cavgouTpfnyDz3b86dyb2Q1b12B-B2zqJbKL3UrhnjJpkL79pBm9zX4FVDPUA4BsjrvCFATMYLp3cyBtLpIkBKZKUxDrfJga0vw4ZjurZ0mn1o0&t=72e85ccd	1573841671804	1573841671850	OK	 
REQUEST	1		sp.init.js?rev=jvJC3Kl5gbORaLtf7kxULQ%3D%3D	1573841671815	1573841671891	OK	 
REQUEST	1		sp.runtime.js?rev=5f2WkYJoaxlIRdwUeg4WEg%3D%3D	1573841671829	1573841671897	OK	 
REQUEST	1		clientrenderer.js?rev=PWwV4FATEiOxN90BeB5Hzw%3D%3D	1573841671853	1573841671910	OK	 
REQUEST	1		sp.search.js?rev=dMkPlEXpdY6iJ%2FsY5RsB0g%3D%3D	1573841671848	1573841671995	OK	 
REQUEST	1		ScriptResource.axd?d=DbBIHdj-QC5CO88xwauS5dkoqIs6nZmS0i8rusZB1q2JCx1O17otX38Pbo9-Co9QXf_ywgPOgCaWxydR-v-KO_BCuip-vRkoHzjnd81XPEqYhrrZRFvD28DBse-3zjaVmjdm2hC17AQqDXfxT3KoyoLs-sQ7qPLfqrjuPJokLcOn_d3Dmrsd446-Hg6mDbff0&t=72e85ccd	1573841671798	1573841671999	OK	 
REQUEST	1		ScriptResx.ashx?culture=es%2Des&name=Srch%2EResources&rev=GVo354neq7eNTurLgIdpJQ%3D%3D	1573841671894	1573841672012	OK	 
REQUEST	1		search.cbs.js?rev=S5EegsQhNKgWxVFmcqr5dQ%3D%3D	1573841671993	1573841672021	OK	 
REQUEST	1		WebResource.axd?d=hcspxoKGngdkW0b6xYvFftMD9L7tgVctZKvxUqyhcPMOX4gSlmQgLLYGJ7F9lMuasHqe9Mv5x6g7VZmrwkJEQmLxw_pNwohGyqmgqyaeGpA1&t=635792838349294682	1573841672019	1573841672039	OK	 
REQUEST	1		spcommon.png?rev=23	1573841671998	1573841672050	OK	 
REQUEST	1		logo_compensar.png	1573841672022	1573841672070	OK	 
REQUEST	1		searchresultui.png?rev=23	1573841672051	1573841672091	OK	 
REQUEST	1		logo-compensar-gris.svg	1573841672041	1573841672093	OK	 
REQUEST	1		WebResource.axd?d=VE1LltKE1dXL7-UbkAp-bt6ljn4Brx0V3X9hDRsD8jSFT9qB8YndTHVisocnrFQ8rNfw3OXiDn_Fb7iUlcK8bUIBKyIA1h_3y1b4G2-c7f01&t=635792838349294682	1573841672071	1573841672096	OK	 
REQUEST	1		logo_compensar.png?rev=23	1573841672010	1573841672101	OK	 
REQUEST	1		nodearrow.png	1573841672092	1573841672114	OK	 
REQUEST	1		estilos.css	1573841672095	1573841672116	OK	 
REQUEST	1		ParqueaderosV2.js	1573841672099	1573841672133	OK	 
REQUEST	1		compensar.detallevivienda.min.css?ctag=5143$$15.0.4927.1000	1573841672115	1573841672136	OK	 
REQUEST	1		marcador.png	1573841672102	1573841672139	OK	 
REQUEST	1		search.clientcontrols.js?rev=8Q15HW2EU2aXBktJq5YW%2FA%3D%3D	1573841671902	1573841672140	OK	 
REQUEST	1		mainContentInterno.js	1573841672132	1573841672147	OK	 
REQUEST	1		request_7	1573841672138	1573841672163	OK	 
REQUEST	1		request_3	1573841672135	1573841672174	OK	 
REQUEST	1		request_8	1573841672140	1573841672192	OK	 
REQUEST	1		request_14	1573841672165	1573841672195	OK	 
REQUEST	1		request_13	1573841672148	1573841672197	OK	 
REQUEST	1		request_10	1573841672145	1573841672201	OK	 
REQUEST	1		request_18	1573841672201	1573841672238	OK	 
REQUEST	1		request_17	1573841672196	1573841672243	OK	 
REQUEST	1		request_16	1573841672195	1573841672250	OK	 
REQUEST	1		request_19	1573841672202	1573841672252	OK	 
REQUEST	1		request_15	1573841672191	1573841672254	OK	 
REQUEST	1		request_24	1573841672251	1573841672305	OK	 
REQUEST	1		request_26	1573841672255	1573841672313	OK	 
REQUEST	1		request_30	1573841672315	1573841672352	OK	 
REQUEST	1		request_25	1573841672253	1573841672370	OK	 
REQUEST	1		request_22	1573841672244	1573841672445	OK	 
REQUEST	1		request_40	1573841672450	1573841672480	OK	 
REQUEST	1		rangeslider.min.js	1573841671303	1573841672483	OK	 
REQUEST	1		request_38	1573841672371	1573841672486	OK	 
REQUEST	1		request_34	1573841672355	1573841672545	OK	 
REQUEST	1		request_27	1573841672306	1573841672556	OK	 
REQUEST	1		request_42	1573841672482	1573841672571	OK	 
REQUEST	1		request_46	1573841672488	1573841672577	OK	 
REQUEST	1		request_44	1573841672485	1573841672579	OK	 
REQUEST	1		request_48	1573841672549	1573841672606	OK	 
REQUEST	1		request_49	1573841672567	1573841672646	OK	 
REQUEST	1		request_20	1573841672239	1573841672869	OK	 
REQUEST	1		request_56	1573841673896	1573841674033	OK	 
REQUEST	1		request_57	1573841675047	1573841675069	KO	css((#formLogin,Some(action))).find.exists, found nothing
ERROR	request_72: Failed to build request: No attribute named 'token' is defined 	1573841686092
USER	sedeAutosur3a6utenticado	1	END	1573841669593	1573841686097
