RUN	Compenssar.sedeAutosur3a6utenticado	sedeautosur3a6utenticado	1573840228523	 	3.0.2
USER	sedeAutosur3a6utenticado	1	START	1573840231366	1573840231366
REQUEST	1		request_0	1573840231457	1573840232084	OK	 
REQUEST	1		favicon.ico?rev=23	1573840232783	1573840232801	OK	 
REQUEST	1		bootstrap.min.js	1573840232811	1573840232886	OK	 
REQUEST	1		jquery.spservices-2014.02.min.js	1573840232897	1573840232936	OK	 
REQUEST	1		request_41	1573840232744	1573840232964	OK	 
REQUEST	1		mmapi.js	1573840232754	1573840232969	OK	 
REQUEST	1		request_5	1573840232766	1573840232976	OK	 
REQUEST	1		knockout-3.4.1.min.js?v=1	1573840232941	1573840232993	OK	 
REQUEST	1		ko.sp-1.0.min.js	1573840232998	1573840233038	OK	 
REQUEST	1		request_51	1573840232700	1573840233162	OK	 
REQUEST	1		request_52	1573840232701	1573840233182	OK	 
REQUEST	1		request_6	1573840232767	1573840233201	OK	 
REQUEST	1		slick.min.js	1573840233043	1573840233240	OK	 
REQUEST	1		js?key=AIzaSyBQs4JbPCHOPygyJzKnUYgsAm35jOpmshk	1573840232687	1573840233304	OK	 
REQUEST	1		request_45	1573840232697	1573840233311	OK	 
REQUEST	1		request_47	1573840232698	1573840233318	OK	 
REQUEST	1		request_50	1573840232699	1573840233324	OK	 
REQUEST	1		request_53	1573840233170	1573840233332	OK	 
REQUEST	1		request_54	1573840233189	1573840233337	OK	 
REQUEST	1		request_4	1573840232762	1573840233343	OK	 
REQUEST	1		init.js?rev=ZwTQYqYlNTyyuMWaLlhwSg%3D%3D	1573840232785	1573840233351	OK	 
REQUEST	1		jquery-3.1.1.min.js	1573840232786	1573840233358	OK	 
REQUEST	1		datalayercorporativo.min.js	1573840232786	1573840233365	OK	 
REQUEST	1		rangeslider.min.js	1573840233262	1573840233371	OK	 
REQUEST	1		request_9	1573840232673	1573840233380	OK	 
REQUEST	1		request_55	1573840233309	1573840233385	OK	 
REQUEST	1		bluebird.min.js	1573840232787	1573840233392	OK	 
REQUEST	1		picturefill.min.js	1573840233364	1573840233398	OK	 
REQUEST	1		validate.min.js	1573840233367	1573840233401	OK	 
REQUEST	1		jquery.validate.min.js	1573840233373	1573840233406	OK	 
REQUEST	1		request_28	1573840232686	1573840233409	OK	 
REQUEST	1		croppie.min.js	1573840233397	1573840233412	OK	 
REQUEST	1		afiliaciones.config.js?v=5	1573840233401	1573840233422	OK	 
REQUEST	1		compTools.min.js?v=1	1573840233405	1573840233425	OK	 
REQUEST	1		compensar.script.min.js	1573840233408	1573840233428	OK	 
REQUEST	1		compensar.actualizarcorreo.min.js	1573840233414	1573840233431	OK	 
REQUEST	1		ion.rangeslider.min.js	1573840233356	1573840233434	OK	 
REQUEST	1		sjcl.min.js	1573840233423	1573840233441	OK	 
REQUEST	1		compensar.loadComponents.min.js?v=1	1573840233427	1573840233444	OK	 
REQUEST	1		compensar.tiempoInactividad.min.js?v=1	1573840233429	1573840233447	OK	 
REQUEST	1		request_31	1573840232742	1573840233450	OK	 
REQUEST	1		compensar.enModoEdicion.min.js?v=1	1573840233433	1573840233452	OK	 
REQUEST	1		compensar.menuDesplegable.min.js?v=1	1573840233448	1573840233460	OK	 
REQUEST	1		compensar.agregarTitulowebparts.min.js?v=1	1573840233445	1573840233464	OK	 
REQUEST	1		compensar.detectarAncho.min.js?v=1	1573840233436	1573840233468	OK	 
REQUEST	1		compensar.deferImages.min.js?v=1	1573840233443	1573840233471	OK	 
REQUEST	1		compensar.controlPestanas.min.js?v=1	1573840233463	1573840233474	OK	 
REQUEST	1		request_21	1573840232701	1573840233479	OK	 
REQUEST	1		request_32	1573840232743	1573840233483	OK	 
REQUEST	1		compensar.miCompensarPerfil.min.js?v=1	1573840233454	1573840233485	OK	 
REQUEST	1		mainContent.min.js?v=1	1573840233473	1573840233488	OK	 
REQUEST	1		compensar.controlAcordeon.min.js?v=1	1573840233466	1573840233492	OK	 
REQUEST	1		request_43	1573840232768	1573840233498	OK	 
REQUEST	1		compensar.filtroControlerVivienda.min.js?v=1	1573840233470	1573840233500	OK	 
REQUEST	1		headerNav.min.js?v=1	1573840233477	1573840233506	OK	 
REQUEST	1		modeloMenuAux.min.js?v=1	1573840233487	1573840233510	OK	 
REQUEST	1		compensar.menuSecundario.min.js?v=1	1573840233490	1573840233516	OK	 
REQUEST	1		compensar.quitarLoading.min.js?v=1	1573840233494	1573840233520	OK	 
REQUEST	1		request_2	1573840232787	1573840233533	OK	 
REQUEST	1		compensar.footer.min.js?v=1	1573840233508	1573840233542	OK	 
REQUEST	1		compensar.componenteEmailController.min.js?v=1	1573840233503	1573840233544	OK	 
REQUEST	1		compensar.notificaciones.min.js	1573840233519	1573840233547	OK	 
REQUEST	1		customcanales.min.js	1573840233522	1573840233551	OK	 
REQUEST	1		compensar.componentePopUpController.min.js?v=1	1573840233512	1573840233556	OK	 
REQUEST	1		customactioncall.js	1573840233543	1573840233561	OK	 
REQUEST	1		blank.js?rev=ZaOXZEobVwykPO9g8hq%2F8A%3D%3D	1573840233549	1573840233568	OK	 
REQUEST	1		sp.init.js?rev=jvJC3Kl5gbORaLtf7kxULQ%3D%3D	1573840233559	1573840233580	OK	 
REQUEST	1		ScriptResx.ashx?culture=es%2Des&name=SP%2ERes&rev=DoAHv8R6TO7rl33LcYBJTA%3D%3D	1573840233563	1573840233586	OK	 
REQUEST	1		ScriptResource.axd?d=LzPGXWTyY4NfgAzL7AVGti8jNkeNvyxE7t2p3M-3BPJvKFvvkBUGxbbcxESn55TFNOUl8xW6SvygFDc-U8cavgouTpfnyDz3b86dyb2Q1b12B-B2zqJbKL3UrhnjJpkL79pBm9zX4FVDPUA4BsjrvCFATMYLp3cyBtLpIkBKZKUxDrfJga0vw4ZjurZ0mn1o0&t=72e85ccd	1573840233553	1573840233589	OK	 
REQUEST	1		sp.runtime.js?rev=5f2WkYJoaxlIRdwUeg4WEg%3D%3D	1573840233571	1573840233594	OK	 
REQUEST	1		ScriptResource.axd?d=DbBIHdj-QC5CO88xwauS5dkoqIs6nZmS0i8rusZB1q2JCx1O17otX38Pbo9-Co9QXf_ywgPOgCaWxydR-v-KO_BCuip-vRkoHzjnd81XPEqYhrrZRFvD28DBse-3zjaVmjdm2hC17AQqDXfxT3KoyoLs-sQ7qPLfqrjuPJokLcOn_d3Dmrsd446-Hg6mDbff0&t=72e85ccd	1573840233546	1573840233600	OK	 
REQUEST	1		clientrenderer.js?rev=PWwV4FATEiOxN90BeB5Hzw%3D%3D	1573840233587	1573840233606	OK	 
REQUEST	1		ScriptResx.ashx?culture=es%2Des&name=Srch%2EResources&rev=GVo354neq7eNTurLgIdpJQ%3D%3D	1573840233592	1573840233624	OK	 
REQUEST	1		spcommon.png?rev=23	1573840233607	1573840233650	OK	 
REQUEST	1		search.cbs.js?rev=S5EegsQhNKgWxVFmcqr5dQ%3D%3D	1573840233605	1573840233653	OK	 
REQUEST	1		sp.search.js?rev=dMkPlEXpdY6iJ%2FsY5RsB0g%3D%3D	1573840233583	1573840233655	OK	 
REQUEST	1		WebResource.axd?d=hcspxoKGngdkW0b6xYvFftMD9L7tgVctZKvxUqyhcPMOX4gSlmQgLLYGJ7F9lMuasHqe9Mv5x6g7VZmrwkJEQmLxw_pNwohGyqmgqyaeGpA1&t=635792838349294682	1573840233652	1573840233671	OK	 
REQUEST	1		logo_compensar.png?rev=23	1573840233626	1573840233679	OK	 
REQUEST	1		search.clientcontrols.js?rev=8Q15HW2EU2aXBktJq5YW%2FA%3D%3D	1573840233598	1573840233683	OK	 
REQUEST	1		searchresultui.png?rev=23	1573840233673	1573840233688	OK	 
REQUEST	1		logo-compensar-gris.svg	1573840233659	1573840233690	OK	 
REQUEST	1		estilos.css	1573840233689	1573840233702	OK	 
REQUEST	1		WebResource.axd?d=VE1LltKE1dXL7-UbkAp-bt6ljn4Brx0V3X9hDRsD8jSFT9qB8YndTHVisocnrFQ8rNfw3OXiDn_Fb7iUlcK8bUIBKyIA1h_3y1b4G2-c7f01&t=635792838349294682	1573840233680	1573840233723	OK	 
REQUEST	1		logo_compensar.png	1573840233654	1573840233726	OK	 
REQUEST	1		nodearrow.png	1573840233687	1573840233728	OK	 
REQUEST	1		ParqueaderosV2.js	1573840233692	1573840233730	OK	 
REQUEST	1		marcador.png	1573840233722	1573840233737	OK	 
REQUEST	1		compensar.detallevivienda.min.css?ctag=5143$$15.0.4927.1000	1573840233726	1573840233740	OK	 
REQUEST	1		request_3	1573840233730	1573840233765	OK	 
REQUEST	1		request_7	1573840233732	1573840233793	OK	 
REQUEST	1		request_8	1573840233739	1573840233797	OK	 
REQUEST	1		mainContentInterno.js	1573840233727	1573840233803	OK	 
REQUEST	1		request_10	1573840233742	1573840233823	OK	 
REQUEST	1		request_15	1573840233802	1573840233827	OK	 
REQUEST	1		request_13	1573840233790	1573840233845	OK	 
REQUEST	1		request_14	1573840233796	1573840233865	OK	 
REQUEST	1		request_16	1573840233822	1573840233869	OK	 
REQUEST	1		request_17	1573840233826	1573840233872	OK	 
REQUEST	1		request_19	1573840233846	1573840233878	OK	 
REQUEST	1		request_18	1573840233843	1573840233882	OK	 
REQUEST	1		request_24	1573840233873	1573840233888	OK	 
REQUEST	1		request_26	1573840233883	1573840233935	OK	 
REQUEST	1		request_25	1573840233880	1573840233959	OK	 
REQUEST	1		request_30	1573840233940	1573840233994	OK	 
REQUEST	1		request_38	1573840233996	1573840234072	OK	 
REQUEST	1		request_22	1573840233871	1573840234075	OK	 
REQUEST	1		minisp.min.js	1573840232784	1573840234095	OK	 
REQUEST	1		request_27	1573840233895	1573840234096	OK	 
REQUEST	1		request_40	1573840234074	1573840234105	OK	 
REQUEST	1		request_20	1573840233866	1573840234145	OK	 
REQUEST	1		request_42	1573840234082	1573840234186	OK	 
REQUEST	1		request_46	1573840234104	1573840234188	OK	 
REQUEST	1		request_44	1573840234096	1573840234190	OK	 
REQUEST	1		request_48	1573840234107	1573840234192	OK	 
REQUEST	1		request_49	1573840234160	1573840234240	OK	 
REQUEST	1		request_34	1573840233960	1573840234536	OK	 
REQUEST	1		request_56	1573840235556	1573840235648	OK	 
REQUEST	1		request_57	1573840236656	1573840236687	OK	 
REQUEST	1		request_57 Redirect 1	1573840236702	1573840236840	OK	 
REQUEST	1		request_57 Redirect 2	1573840236850	1573840236875	OK	 
REQUEST	1		request_57 Redirect 3	1573840236876	1573840239864	OK	 
REQUEST	1		request_66	1573840239925	1573840239933	OK	 
REQUEST	1		eyesClass.css	1573840239928	1573840239947	OK	 
REQUEST	1		request_63	1573840239926	1573840240015	OK	 
REQUEST	1		request_67	1573840239926	1573840240016	OK	 
REQUEST	1		request_68	1573840239927	1573840240017	OK	 
REQUEST	1		loadingCompensar.gif	1573840239948	1573840240027	OK	 
REQUEST	1		modernizr?v=inCVuEFe6J4Q07A0AcRsbJic_UE5MwpRMNGcOtk94TE1	1573840239930	1573840240045	OK	 
REQUEST	1		fonts?v=Y7MRUdvwE1hUsovmZYz9T7_41CMp95gKZ_Q9iYUO2O81	1573840239929	1573840240048	OK	 
REQUEST	1		modules?v=SqDhzDYakMzJp-M-gCcQFj4vc5izybzoH2OW-2is2fY1	1573840239930	1573840240052	OK	 
REQUEST	1		logo-compensar-blanco.svg	1573840239931	1573840240061	OK	 
REQUEST	1		bootstrap?v=02I37B8URpB7hqkZrxMEO7o6VbDywYH_vuXan7A7mR81	1573840240047	1573840240073	OK	 
REQUEST	1		resetValidation.js	1573840240053	1573840240087	OK	 
REQUEST	1		jqueryval?v=GkCXUO1MPqHDkNoDt8-shdnQEI8KGbNadRAAUqm2VOA1	1573840240050	1573840240123	OK	 
REQUEST	1		jquery?v=JL596WEzEYSLK79KRL4It4N63VXpRlW4A824KHlhVLc1	1573840240030	1573840240128	OK	 
REQUEST	1		utils.js	1573840240062	1573840240138	OK	 
REQUEST	1		loading.js	1573840240088	1573840240141	OK	 
REQUEST	1		modal.js	1573840240075	1573840240143	OK	 
REQUEST	1		request_59	1573840240131	1573840240146	OK	 
REQUEST	1		sessionchecker.js	1573840240127	1573840240151	OK	 
REQUEST	1		request_62	1573840240142	1573840240157	OK	 
REQUEST	1		request_60	1573840240139	1573840240158	OK	 
REQUEST	1		request_65	1573840240144	1573840240214	OK	 
REQUEST	1		bootstrap.min.css	1573840239918	1573840240328	OK	 
REQUEST	1		request_71	1573840239932	1573840240344	OK	 
REQUEST	1		css?v=udBLYkNkikBQ6JWixlUMiJYcZz7DRJzdxBJZ-rKFDsg1	1573840239928	1573840241124	OK	 
ERROR	request_72: Failed to build request: No attribute named '"token' is defined 	1573840252130
USER	sedeAutosur3a6utenticado	1	END	1573840231366	1573840252138
