RUN	Compenssar.sedeAutosur3a6utenticado	sedeautosur3a6utenticado	1573841909109	 	3.0.2
USER	sedeAutosur3a6utenticado	1	START	1573841911813	1573841911813
REQUEST	1		request_0	1573841911879	1573841912471	OK	 
REQUEST	1		favicon.ico?rev=23	1573841913059	1573841913104	OK	 
REQUEST	1		bootstrap.min.js	1573841913120	1573841913171	OK	 
REQUEST	1		jquery.spservices-2014.02.min.js	1573841913200	1573841913351	OK	 
REQUEST	1		mmapi.js	1573841913048	1573841913373	OK	 
REQUEST	1		request_41	1573841913007	1573841913381	OK	 
REQUEST	1		request_52	1573841912993	1573841913420	OK	 
REQUEST	1		request_45	1573841912990	1573841913458	OK	 
REQUEST	1		request_50	1573841912992	1573841913466	OK	 
REQUEST	1		request_51	1573841912992	1573841913470	OK	 
REQUEST	1		request_53	1573841913422	1573841913477	OK	 
REQUEST	1		request_5	1573841913056	1573841913485	OK	 
REQUEST	1		minisp.min.js	1573841913060	1573841913491	OK	 
REQUEST	1		knockout-3.4.1.min.js?v=1	1573841913355	1573841913495	OK	 
REQUEST	1		request_28	1573841912988	1573841913501	OK	 
REQUEST	1		request_54	1573841913461	1573841913527	OK	 
REQUEST	1		request_47	1573841912991	1573841913542	OK	 
REQUEST	1		request_55	1573841913469	1573841913550	OK	 
REQUEST	1		request_4	1573841913055	1573841913554	OK	 
REQUEST	1		request_6	1573841913057	1573841913558	OK	 
REQUEST	1		init.js?rev=ZwTQYqYlNTyyuMWaLlhwSg%3D%3D	1573841913061	1573841913563	OK	 
REQUEST	1		datalayercorporativo.min.js	1573841913062	1573841913570	OK	 
REQUEST	1		slick.min.js	1573841913499	1573841913575	OK	 
REQUEST	1		js?key=AIzaSyBQs4JbPCHOPygyJzKnUYgsAm35jOpmshk	1573841912989	1573841913581	OK	 
REQUEST	1		ko.sp-1.0.min.js	1573841913494	1573841913588	OK	 
REQUEST	1		picturefill.min.js	1573841913577	1573841913623	OK	 
REQUEST	1		validate.min.js	1573841913592	1573841913627	OK	 
REQUEST	1		ion.rangeslider.min.js	1573841913572	1573841913639	OK	 
REQUEST	1		request_9	1573841912986	1573841913655	OK	 
REQUEST	1		jquery.validate.min.js	1573841913626	1573841913661	OK	 
REQUEST	1		croppie.min.js	1573841913629	1573841913670	OK	 
REQUEST	1		afiliaciones.config.js?v=5	1573841913642	1573841913675	OK	 
REQUEST	1		request_32	1573841913006	1573841913696	OK	 
REQUEST	1		request_31	1573841913005	1573841913699	OK	 
REQUEST	1		request_2	1573841913063	1573841913702	OK	 
REQUEST	1		compensar.script.min.js	1573841913672	1573841913707	OK	 
REQUEST	1		compensar.actualizarcorreo.min.js	1573841913676	1573841913712	OK	 
REQUEST	1		compTools.min.js?v=1	1573841913664	1573841913716	OK	 
REQUEST	1		request_21	1573841912993	1573841913720	OK	 
REQUEST	1		compensar.loadComponents.min.js?v=1	1573841913715	1573841913782	OK	 
REQUEST	1		compensar.tiempoInactividad.min.js?v=1	1573841913718	1573841913785	OK	 
REQUEST	1		sjcl.min.js	1573841913708	1573841913789	OK	 
REQUEST	1		rangeslider.min.js	1573841913569	1573841913793	OK	 
REQUEST	1		compensar.enModoEdicion.min.js?v=1	1573841913783	1573841913798	OK	 
REQUEST	1		compensar.detectarAncho.min.js?v=1	1573841913787	1573841913801	OK	 
REQUEST	1		request_43	1573841913057	1573841913804	OK	 
REQUEST	1		compensar.deferImages.min.js?v=1	1573841913791	1573841913816	OK	 
REQUEST	1		compensar.agregarTitulowebparts.min.js?v=1	1573841913797	1573841913818	OK	 
REQUEST	1		jquery-3.1.1.min.js	1573841913061	1573841913820	OK	 
REQUEST	1		compensar.menuDesplegable.min.js?v=1	1573841913800	1573841913825	OK	 
REQUEST	1		compensar.miCompensarPerfil.min.js?v=1	1573841913803	1573841913858	OK	 
REQUEST	1		bluebird.min.js	1573841913062	1573841913860	OK	 
REQUEST	1		compensar.controlPestanas.min.js?v=1	1573841913817	1573841913866	OK	 
REQUEST	1		compensar.controlAcordeon.min.js?v=1	1573841913820	1573841913868	OK	 
REQUEST	1		compensar.filtroControlerVivienda.min.js?v=1	1573841913824	1573841913872	OK	 
REQUEST	1		mainContent.min.js?v=1	1573841913826	1573841913876	OK	 
REQUEST	1		headerNav.min.js?v=1	1573841913860	1573841913878	OK	 
REQUEST	1		modeloMenuAux.min.js?v=1	1573841913864	1573841913885	OK	 
REQUEST	1		compensar.menuSecundario.min.js?v=1	1573841913867	1573841913888	OK	 
REQUEST	1		compensar.quitarLoading.min.js?v=1	1573841913871	1573841913895	OK	 
REQUEST	1		compensar.componentePopUpController.min.js?v=1	1573841913880	1573841913897	OK	 
REQUEST	1		compensar.componenteEmailController.min.js?v=1	1573841913875	1573841913901	OK	 
REQUEST	1		compensar.footer.min.js?v=1	1573841913877	1573841913905	OK	 
REQUEST	1		customcanales.min.js	1573841913890	1573841913909	OK	 
REQUEST	1		compensar.notificaciones.min.js	1573841913887	1573841913912	OK	 
REQUEST	1		customactioncall.js	1573841913896	1573841913925	OK	 
REQUEST	1		blank.js?rev=ZaOXZEobVwykPO9g8hq%2F8A%3D%3D	1573841913904	1573841913927	OK	 
REQUEST	1		sp.init.js?rev=jvJC3Kl5gbORaLtf7kxULQ%3D%3D	1573841913911	1573841913931	OK	 
REQUEST	1		ScriptResx.ashx?culture=es%2Des&name=SP%2ERes&rev=DoAHv8R6TO7rl33LcYBJTA%3D%3D	1573841913913	1573841913935	OK	 
REQUEST	1		ScriptResource.axd?d=LzPGXWTyY4NfgAzL7AVGti8jNkeNvyxE7t2p3M-3BPJvKFvvkBUGxbbcxESn55TFNOUl8xW6SvygFDc-U8cavgouTpfnyDz3b86dyb2Q1b12B-B2zqJbKL3UrhnjJpkL79pBm9zX4FVDPUA4BsjrvCFATMYLp3cyBtLpIkBKZKUxDrfJga0vw4ZjurZ0mn1o0&t=72e85ccd	1573841913908	1573841913987	OK	 
REQUEST	1		clientrenderer.js?rev=PWwV4FATEiOxN90BeB5Hzw%3D%3D	1573841913933	1573841913997	OK	 
REQUEST	1		ScriptResx.ashx?culture=es%2Des&name=Srch%2EResources&rev=GVo354neq7eNTurLgIdpJQ%3D%3D	1573841913937	1573841914001	OK	 
REQUEST	1		ScriptResource.axd?d=DbBIHdj-QC5CO88xwauS5dkoqIs6nZmS0i8rusZB1q2JCx1O17otX38Pbo9-Co9QXf_ywgPOgCaWxydR-v-KO_BCuip-vRkoHzjnd81XPEqYhrrZRFvD28DBse-3zjaVmjdm2hC17AQqDXfxT3KoyoLs-sQ7qPLfqrjuPJokLcOn_d3Dmrsd446-Hg6mDbff0&t=72e85ccd	1573841913899	1573841914010	OK	 
REQUEST	1		sp.runtime.js?rev=5f2WkYJoaxlIRdwUeg4WEg%3D%3D	1573841913926	1573841914033	OK	 
REQUEST	1		search.cbs.js?rev=S5EegsQhNKgWxVFmcqr5dQ%3D%3D	1573841914000	1573841914047	OK	 
REQUEST	1		logo_compensar.png?rev=23	1573841914014	1573841914060	OK	 
REQUEST	1		WebResource.axd?d=hcspxoKGngdkW0b6xYvFftMD9L7tgVctZKvxUqyhcPMOX4gSlmQgLLYGJ7F9lMuasHqe9Mv5x6g7VZmrwkJEQmLxw_pNwohGyqmgqyaeGpA1&t=635792838349294682	1573841914037	1573841914076	OK	 
REQUEST	1		spcommon.png?rev=23	1573841914003	1573841914080	OK	 
REQUEST	1		logo_compensar.png	1573841914048	1573841914092	OK	 
REQUEST	1		searchresultui.png?rev=23	1573841914078	1573841914112	OK	 
REQUEST	1		logo-compensar-gris.svg	1573841914062	1573841914126	OK	 
REQUEST	1		WebResource.axd?d=VE1LltKE1dXL7-UbkAp-bt6ljn4Brx0V3X9hDRsD8jSFT9qB8YndTHVisocnrFQ8rNfw3OXiDn_Fb7iUlcK8bUIBKyIA1h_3y1b4G2-c7f01&t=635792838349294682	1573841914082	1573841914129	OK	 
REQUEST	1		sp.search.js?rev=dMkPlEXpdY6iJ%2FsY5RsB0g%3D%3D	1573841913929	1573841914166	OK	 
REQUEST	1		search.clientcontrols.js?rev=8Q15HW2EU2aXBktJq5YW%2FA%3D%3D	1573841913990	1573841914170	OK	 
REQUEST	1		nodearrow.png	1573841914094	1573841914176	OK	 
REQUEST	1		estilos.css	1573841914115	1573841914178	OK	 
REQUEST	1		ParqueaderosV2.js	1573841914128	1573841914196	OK	 
REQUEST	1		compensar.detallevivienda.min.css?ctag=5143$$15.0.4927.1000	1573841914169	1573841914199	OK	 
REQUEST	1		mainContentInterno.js	1573841914175	1573841914202	OK	 
REQUEST	1		marcador.png	1573841914130	1573841914211	OK	 
REQUEST	1		request_3	1573841914177	1573841914219	OK	 
REQUEST	1		request_7	1573841914195	1573841914260	OK	 
REQUEST	1		request_8	1573841914197	1573841914265	OK	 
REQUEST	1		request_10	1573841914201	1573841914288	OK	 
REQUEST	1		request_13	1573841914203	1573841914292	OK	 
REQUEST	1		request_15	1573841914239	1573841914336	OK	 
REQUEST	1		request_14	1573841914212	1573841914351	OK	 
REQUEST	1		request_17	1573841914287	1573841914354	OK	 
REQUEST	1		request_16	1573841914264	1573841914357	OK	 
REQUEST	1		request_18	1573841914291	1573841914360	OK	 
REQUEST	1		request_19	1573841914293	1573841914362	OK	 
REQUEST	1		request_24	1573841914356	1573841914415	OK	 
REQUEST	1		request_26	1573841914361	1573841914440	OK	 
REQUEST	1		request_30	1573841914416	1573841914486	OK	 
REQUEST	1		request_25	1573841914359	1573841914507	OK	 
REQUEST	1		request_38	1573841914488	1573841914550	OK	 
REQUEST	1		request_42	1573841914552	1573841914636	OK	 
REQUEST	1		request_27	1573841914364	1573841914661	OK	 
REQUEST	1		request_22	1573841914352	1573841914703	OK	 
REQUEST	1		request_40	1573841914508	1573841914720	OK	 
REQUEST	1		request_46	1573841914669	1573841914764	OK	 
REQUEST	1		request_20	1573841914350	1573841914822	OK	 
REQUEST	1		request_49	1573841914721	1573841914837	OK	 
REQUEST	1		request_48	1573841914708	1573841914839	OK	 
REQUEST	1		request_44	1573841914637	1573841914909	OK	 
REQUEST	1		request_34	1573841914441	1573841915835	OK	 
REQUEST	1		request_56	1573841916847	1573841916951	OK	 
REQUEST	1		request_57	1573841917967	1573841917983	KO	css((#formLogin,Some(action))).find.exists, found nothing
ERROR	request_72: Failed to build request: No attribute named 'token' is defined 	1573841928990
USER	sedeAutosur3a6utenticado	1	END	1573841911813	1573841928996
