RUN	Compenssar.sedeAutosur3a6utenticado	sedeautosur3a6utenticado	1573842211573	 	3.0.2
USER	sedeAutosur3a6utenticado	1	START	1573842214562	1573842214562
REQUEST	1		request_0	1573842214630	1573842215184	OK	 
REQUEST	1		favicon.ico?rev=23	1573842215786	1573842215860	OK	 
REQUEST	1		bootstrap.min.js	1573842215873	1573842215947	OK	 
REQUEST	1		mmapi.js	1573842215753	1573842216036	OK	 
REQUEST	1		jquery.spservices-2014.02.min.js	1573842215955	1573842216065	OK	 
REQUEST	1		request_41	1573842215744	1573842216075	OK	 
REQUEST	1		request_6	1573842215778	1573842216141	OK	 
REQUEST	1		minisp.min.js	1573842215789	1573842216144	OK	 
REQUEST	1		request_47	1573842215727	1573842216161	OK	 
REQUEST	1		request_50	1573842215728	1573842216171	OK	 
REQUEST	1		request_5	1573842215776	1573842216178	OK	 
REQUEST	1		datalayercorporativo.min.js	1573842215793	1573842216185	OK	 
REQUEST	1		request_9	1573842215723	1573842216210	OK	 
REQUEST	1		request_53	1573842216169	1573842216224	OK	 
REQUEST	1		request_54	1573842216174	1573842216232	OK	 
REQUEST	1		request_45	1573842215726	1573842216264	OK	 
REQUEST	1		request_4	1573842215768	1573842216269	OK	 
REQUEST	1		knockout-3.4.1.min.js?v=1	1573842216071	1573842216275	OK	 
REQUEST	1		js?key=AIzaSyBQs4JbPCHOPygyJzKnUYgsAm35jOpmshk	1573842215725	1573842216309	OK	 
REQUEST	1		request_55	1573842216229	1573842216325	OK	 
REQUEST	1		request_51	1573842215729	1573842216328	OK	 
REQUEST	1		ko.sp-1.0.min.js	1573842216147	1573842216330	OK	 
REQUEST	1		slick.min.js	1573842216187	1573842216337	OK	 
REQUEST	1		rangeslider.min.js	1573842216279	1573842216342	OK	 
REQUEST	1		request_28	1573842215725	1573842216346	OK	 
REQUEST	1		jquery-3.1.1.min.js	1573842215792	1573842216375	OK	 
REQUEST	1		validate.min.js	1573842216345	1573842216380	OK	 
REQUEST	1		request_52	1573842215729	1573842216384	OK	 
REQUEST	1		ion.rangeslider.min.js	1573842216335	1573842216387	OK	 
REQUEST	1		request_2	1573842215796	1573842216416	OK	 
REQUEST	1		croppie.min.js	1573842216383	1573842216421	OK	 
REQUEST	1		jquery.validate.min.js	1573842216379	1573842216425	OK	 
REQUEST	1		afiliaciones.config.js?v=5	1573842216390	1573842216457	OK	 
REQUEST	1		request_21	1573842215730	1573842216478	OK	 
REQUEST	1		compTools.min.js?v=1	1573842216424	1573842216483	OK	 
REQUEST	1		compensar.script.min.js	1573842216427	1573842216487	OK	 
REQUEST	1		sjcl.min.js	1573842216486	1573842216533	OK	 
REQUEST	1		compensar.actualizarcorreo.min.js	1573842216459	1573842216536	OK	 
REQUEST	1		init.js?rev=ZwTQYqYlNTyyuMWaLlhwSg%3D%3D	1573842215791	1573842216541	OK	 
REQUEST	1		compensar.loadComponents.min.js?v=1	1573842216489	1573842216546	OK	 
REQUEST	1		bluebird.min.js	1573842215795	1573842216549	OK	 
REQUEST	1		compensar.detectarAncho.min.js?v=1	1573842216545	1573842216576	OK	 
REQUEST	1		compensar.tiempoInactividad.min.js?v=1	1573842216535	1573842216578	OK	 
REQUEST	1		compensar.enModoEdicion.min.js?v=1	1573842216539	1573842216581	OK	 
REQUEST	1		compensar.deferImages.min.js?v=1	1573842216548	1573842216583	OK	 
REQUEST	1		compensar.agregarTitulowebparts.min.js?v=1	1573842216553	1573842216586	OK	 
REQUEST	1		request_43	1573842215781	1573842216588	OK	 
REQUEST	1		picturefill.min.js	1573842216340	1573842216589	OK	 
REQUEST	1		compensar.menuDesplegable.min.js?v=1	1573842216578	1573842216592	OK	 
REQUEST	1		compensar.miCompensarPerfil.min.js?v=1	1573842216580	1573842216597	OK	 
REQUEST	1		compensar.controlPestanas.min.js?v=1	1573842216582	1573842216600	OK	 
REQUEST	1		compensar.controlAcordeon.min.js?v=1	1573842216585	1573842216603	OK	 
REQUEST	1		compensar.filtroControlerVivienda.min.js?v=1	1573842216587	1573842216606	OK	 
REQUEST	1		mainContent.min.js?v=1	1573842216591	1573842216609	OK	 
REQUEST	1		headerNav.min.js?v=1	1573842216594	1573842216615	OK	 
REQUEST	1		compensar.menuSecundario.min.js?v=1	1573842216602	1573842216654	OK	 
REQUEST	1		compensar.quitarLoading.min.js?v=1	1573842216605	1573842216659	OK	 
REQUEST	1		modeloMenuAux.min.js?v=1	1573842216599	1573842216662	OK	 
REQUEST	1		compensar.footer.min.js?v=1	1573842216612	1573842216666	OK	 
REQUEST	1		compensar.componenteEmailController.min.js?v=1	1573842216608	1573842216668	OK	 
REQUEST	1		compensar.componentePopUpController.min.js?v=1	1573842216622	1573842216671	OK	 
REQUEST	1		compensar.notificaciones.min.js	1573842216656	1573842216675	OK	 
REQUEST	1		customcanales.min.js	1573842216660	1573842216678	OK	 
REQUEST	1		customactioncall.js	1573842216665	1573842216680	OK	 
REQUEST	1		blank.js?rev=ZaOXZEobVwykPO9g8hq%2F8A%3D%3D	1573842216670	1573842216685	OK	 
REQUEST	1		sp.runtime.js?rev=5f2WkYJoaxlIRdwUeg4WEg%3D%3D	1573842216683	1573842216718	OK	 
REQUEST	1		sp.init.js?rev=jvJC3Kl5gbORaLtf7kxULQ%3D%3D	1573842216677	1573842216722	OK	 
REQUEST	1		ScriptResx.ashx?culture=es%2Des&name=SP%2ERes&rev=DoAHv8R6TO7rl33LcYBJTA%3D%3D	1573842216679	1573842216726	OK	 
REQUEST	1		ScriptResource.axd?d=LzPGXWTyY4NfgAzL7AVGti8jNkeNvyxE7t2p3M-3BPJvKFvvkBUGxbbcxESn55TFNOUl8xW6SvygFDc-U8cavgouTpfnyDz3b86dyb2Q1b12B-B2zqJbKL3UrhnjJpkL79pBm9zX4FVDPUA4BsjrvCFATMYLp3cyBtLpIkBKZKUxDrfJga0vw4ZjurZ0mn1o0&t=72e85ccd	1573842216673	1573842216774	OK	 
REQUEST	1		clientrenderer.js?rev=PWwV4FATEiOxN90BeB5Hzw%3D%3D	1573842216721	1573842216779	OK	 
REQUEST	1		ScriptResx.ashx?culture=es%2Des&name=Srch%2EResources&rev=GVo354neq7eNTurLgIdpJQ%3D%3D	1573842216725	1573842216782	OK	 
REQUEST	1		ScriptResource.axd?d=DbBIHdj-QC5CO88xwauS5dkoqIs6nZmS0i8rusZB1q2JCx1O17otX38Pbo9-Co9QXf_ywgPOgCaWxydR-v-KO_BCuip-vRkoHzjnd81XPEqYhrrZRFvD28DBse-3zjaVmjdm2hC17AQqDXfxT3KoyoLs-sQ7qPLfqrjuPJokLcOn_d3Dmrsd446-Hg6mDbff0&t=72e85ccd	1573842216667	1573842216786	OK	 
REQUEST	1		spcommon.png?rev=23	1573842216781	1573842216805	OK	 
REQUEST	1		search.cbs.js?rev=S5EegsQhNKgWxVFmcqr5dQ%3D%3D	1573842216778	1573842216813	OK	 
REQUEST	1		WebResource.axd?d=hcspxoKGngdkW0b6xYvFftMD9L7tgVctZKvxUqyhcPMOX4gSlmQgLLYGJ7F9lMuasHqe9Mv5x6g7VZmrwkJEQmLxw_pNwohGyqmgqyaeGpA1&t=635792838349294682	1573842216791	1573842216834	OK	 
REQUEST	1		logo_compensar.png?rev=23	1573842216785	1573842216854	OK	 
REQUEST	1		sp.search.js?rev=dMkPlEXpdY6iJ%2FsY5RsB0g%3D%3D	1573842216686	1573842216856	OK	 
REQUEST	1		logo_compensar.png	1573842216807	1573842216877	OK	 
REQUEST	1		logo-compensar-gris.svg	1573842216815	1573842216879	OK	 
REQUEST	1		searchresultui.png?rev=23	1573842216837	1573842216883	OK	 
REQUEST	1		WebResource.axd?d=VE1LltKE1dXL7-UbkAp-bt6ljn4Brx0V3X9hDRsD8jSFT9qB8YndTHVisocnrFQ8rNfw3OXiDn_Fb7iUlcK8bUIBKyIA1h_3y1b4G2-c7f01&t=635792838349294682	1573842216855	1573842216887	OK	 
REQUEST	1		nodearrow.png	1573842216860	1573842216890	OK	 
REQUEST	1		search.clientcontrols.js?rev=8Q15HW2EU2aXBktJq5YW%2FA%3D%3D	1573842216729	1573842216905	OK	 
REQUEST	1		marcador.png	1573842216885	1573842216913	OK	 
REQUEST	1		estilos.css	1573842216878	1573842216916	OK	 
REQUEST	1		compensar.detallevivienda.min.css?ctag=5143$$15.0.4927.1000	1573842216889	1573842216937	OK	 
REQUEST	1		ParqueaderosV2.js	1573842216882	1573842216940	OK	 
REQUEST	1		mainContentInterno.js	1573842216891	1573842216942	OK	 
REQUEST	1		request_7	1573842216914	1573842216975	OK	 
REQUEST	1		request_3	1573842216912	1573842216985	OK	 
REQUEST	1		request_8	1573842216935	1573842217004	OK	 
REQUEST	1		request_13	1573842216942	1573842217007	OK	 
REQUEST	1		request_15	1573842216976	1573842217009	OK	 
REQUEST	1		request_14	1573842216944	1573842217011	OK	 
REQUEST	1		request_10	1573842216939	1573842217014	OK	 
REQUEST	1		request_16	1573842217003	1573842217018	OK	 
REQUEST	1		request_17	1573842217006	1573842217024	OK	 
REQUEST	1		request_18	1573842217009	1573842217031	OK	 
REQUEST	1		request_19	1573842217011	1573842217033	OK	 
REQUEST	1		request_24	1573842217020	1573842217040	OK	 
REQUEST	1		request_26	1573842217032	1573842217054	OK	 
REQUEST	1		request_30	1573842217042	1573842217105	OK	 
REQUEST	1		request_25	1573842217026	1573842217128	OK	 
REQUEST	1		request_38	1573842217124	1573842217151	OK	 
REQUEST	1		request_22	1573842217015	1573842217193	OK	 
REQUEST	1		request_42	1573842217153	1573842217235	OK	 
REQUEST	1		request_44	1573842217198	1573842217285	OK	 
REQUEST	1		request_34	1573842217055	1573842217290	OK	 
REQUEST	1		request_40	1573842217129	1573842217311	OK	 
REQUEST	1		request_32	1573842215743	1573842217331	OK	 
REQUEST	1		request_31	1573842215742	1573842217333	OK	 
REQUEST	1		request_49	1573842217293	1573842217383	OK	 
REQUEST	1		request_27	1573842217035	1573842217436	OK	 
REQUEST	1		request_46	1573842217236	1573842217444	OK	 
REQUEST	1		request_48	1573842217286	1573842217490	OK	 
REQUEST	1		request_20	1573842217013	1573842217590	OK	 
REQUEST	1		request_56	1573842218628	1573842218804	OK	 
REQUEST	1		request_57	1573842219806	1573842219867	OK	 
REQUEST	1		request_57 Redirect 1	1573842219876	1573842219976	OK	 
REQUEST	1		request_57 Redirect 2	1573842219978	1573842219997	OK	 
REQUEST	1		request_57 Redirect 3	1573842219997	1573842220372	OK	 
REQUEST	1		request_66	1573842220453	1573842220462	OK	 
REQUEST	1		eyesClass.css	1573842220456	1573842220468	OK	 
REQUEST	1		loadingCompensar.gif	1573842220469	1573842220549	OK	 
REQUEST	1		request_63	1573842220454	1573842220559	OK	 
REQUEST	1		request_68	1573842220455	1573842220566	OK	 
REQUEST	1		request_67	1573842220454	1573842220570	OK	 
REQUEST	1		modules?v=SqDhzDYakMzJp-M-gCcQFj4vc5izybzoH2OW-2is2fY1	1573842220458	1573842220616	OK	 
REQUEST	1		jquery?v=JL596WEzEYSLK79KRL4It4N63VXpRlW4A824KHlhVLc1	1573842220552	1573842220622	OK	 
REQUEST	1		css?v=udBLYkNkikBQ6JWixlUMiJYcZz7DRJzdxBJZ-rKFDsg1	1573842220456	1573842220627	OK	 
REQUEST	1		fonts?v=Y7MRUdvwE1hUsovmZYz9T7_41CMp95gKZ_Q9iYUO2O81	1573842220457	1573842220634	OK	 
REQUEST	1		modernizr?v=inCVuEFe6J4Q07A0AcRsbJic_UE5MwpRMNGcOtk94TE1	1573842220458	1573842220638	OK	 
REQUEST	1		logo-compensar-blanco.svg	1573842220459	1573842220641	OK	 
REQUEST	1		bootstrap?v=02I37B8URpB7hqkZrxMEO7o6VbDywYH_vuXan7A7mR81	1573842220621	1573842220645	OK	 
REQUEST	1		resetValidation.js	1573842220632	1573842220661	OK	 
REQUEST	1		loading.js	1573842220643	1573842220663	OK	 
REQUEST	1		jqueryval?v=GkCXUO1MPqHDkNoDt8-shdnQEI8KGbNadRAAUqm2VOA1	1573842220626	1573842220666	OK	 
REQUEST	1		utils.js	1573842220637	1573842220678	OK	 
REQUEST	1		request_62	1573842220669	1573842220681	OK	 
REQUEST	1		request_59	1573842220662	1573842220685	OK	 
REQUEST	1		modal.js	1573842220640	1573842220693	OK	 
REQUEST	1		request_60	1573842220664	1573842220695	OK	 
REQUEST	1		sessionchecker.js	1573842220647	1573842220697	OK	 
REQUEST	1		request_65	1573842220680	1573842220753	OK	 
REQUEST	1		bootstrap.min.css	1573842220431	1573842220860	OK	 
REQUEST	1		request_71	1573842220460	1573842220897	OK	 
REQUEST	1		request_72	1573842231902	1573842231924	KO	status.find.in(200,201,202,203,204,205,206,207,208,209,304), found 500
USER	sedeAutosur3a6utenticado	1	END	1573842214562	1573842231948
