RUN	Compenssar.sede200adultoautenticado	sede200adultoautenticado	1573851214694	 	3.0.2
USER	sede200adultoautenticado	1	START	1573851217116	1573851217116
REQUEST	1		request_0	1573851217167	1573851217351	OK	 
ERROR	request_104: Failed to build request: Resource /sede200adultoautenticado/0104_request.dat not found 	1573851217448
ERROR	request_108: Failed to build request: Resource /sede200adultoautenticado/0108_request.dat not found 	1573851217449
ERROR	request_109: Failed to build request: Resource /sede200adultoautenticado/0109_request.dat not found 	1573851217449
REQUEST	1		request_1	1573851217588	1573851217707	OK	 
REQUEST	1		request_7	1573851217719	1573851217831	OK	 
REQUEST	1		request_115	1573851217520	1573851217866	OK	 
REQUEST	1		request_116	1573851217522	1573851217887	OK	 
REQUEST	1		request_119	1573851217523	1573851217903	OK	 
REQUEST	1		request_123	1573851217900	1573851217991	OK	 
REQUEST	1		request_118	1573851217522	1573851217998	OK	 
REQUEST	1		request_124	1573851217907	1573851218020	OK	 
REQUEST	1		request_121	1573851217524	1573851218026	OK	 
REQUEST	1		request_52	1573851217539	1573851218030	OK	 
REQUEST	1		request_63	1573851217503	1573851218061	OK	 
REQUEST	1		request_125	1573851217994	1573851218068	OK	 
REQUEST	1		request_126	1573851218000	1573851218073	OK	 
REQUEST	1		request_120	1573851217523	1573851218078	OK	 
REQUEST	1		request_68	1573851217547	1573851218088	OK	 
REQUEST	1		request_69	1573851217548	1573851218093	OK	 
REQUEST	1		request_3	1573851217589	1573851218097	OK	 
REQUEST	1		request_6	1573851217592	1573851218104	OK	 
REQUEST	1		request_73	1573851217499	1573851218128	OK	 
REQUEST	1		request_93	1573851217501	1573851218130	OK	 
REQUEST	1		request_141	1573851217502	1573851218135	OK	 
REQUEST	1		request_130	1573851218075	1573851218139	OK	 
REQUEST	1		request_127	1573851218024	1573851218141	OK	 
REQUEST	1		request_101	1573851217525	1573851218147	OK	 
REQUEST	1		request_67	1573851217547	1573851218150	OK	 
REQUEST	1		request_117	1573851217491	1573851218155	OK	 
REQUEST	1		request_132	1573851218140	1573851218162	OK	 
REQUEST	1		request_131	1573851218085	1573851218165	OK	 
REQUEST	1		request_9	1573851218100	1573851218166	OK	 
REQUEST	1		request_135	1573851218143	1573851218170	OK	 
REQUEST	1		request_137	1573851218164	1573851218228	OK	 
REQUEST	1		request_103	1573851217519	1573851218244	OK	 
REQUEST	1		request_97	1573851217505	1573851218246	OK	 
REQUEST	1		request_102	1573851217517	1573851218249	OK	 
REQUEST	1		request_57	1573851217592	1573851218259	OK	 
REQUEST	1		request_8	1573851217864	1573851218269	OK	 
REQUEST	1		request_4	1573851217590	1573851218305	OK	 
REQUEST	1		request_106	1573851217549	1573851218310	OK	 
REQUEST	1		request_13	1573851218309	1573851218326	OK	 
REQUEST	1		request_12	1573851218280	1573851218329	OK	 
REQUEST	1		request_10	1573851218109	1573851218331	OK	 
REQUEST	1		request_2	1573851217588	1573851218334	OK	 
REQUEST	1		request_14	1573851218328	1573851218345	OK	 
REQUEST	1		request_11	1573851218168	1573851218347	OK	 
REQUEST	1		request_15	1573851218331	1573851218356	OK	 
REQUEST	1		request_17	1573851218338	1573851218359	OK	 
REQUEST	1		request_18	1573851218346	1573851218365	OK	 
REQUEST	1		request_19	1573851218349	1573851218370	OK	 
REQUEST	1		request_20	1573851218358	1573851218377	OK	 
REQUEST	1		request_16	1573851218334	1573851218380	OK	 
REQUEST	1		request_22	1573851218368	1573851218385	OK	 
REQUEST	1		request_23	1573851218372	1573851218388	OK	 
REQUEST	1		request_21	1573851218364	1573851218394	OK	 
REQUEST	1		request_24	1573851218379	1573851218396	OK	 
REQUEST	1		request_25	1573851218382	1573851218399	OK	 
REQUEST	1		request_26	1573851218387	1573851218403	OK	 
REQUEST	1		request_27	1573851218389	1573851218405	OK	 
REQUEST	1		request_29	1573851218398	1573851218414	OK	 
REQUEST	1		request_28	1573851218396	1573851218417	OK	 
REQUEST	1		request_30	1573851218400	1573851218425	OK	 
REQUEST	1		request_33	1573851218416	1573851218437	OK	 
REQUEST	1		request_32	1573851218407	1573851218440	OK	 
REQUEST	1		request_31	1573851218404	1573851218456	OK	 
REQUEST	1		request_36	1573851218439	1573851218459	OK	 
REQUEST	1		request_34	1573851218422	1573851218461	OK	 
REQUEST	1		request_35	1573851218430	1573851218465	OK	 
REQUEST	1		request_37	1573851218455	1573851218470	OK	 
REQUEST	1		request_38	1573851218458	1573851218472	OK	 
REQUEST	1		request_39	1573851218461	1573851218474	OK	 
REQUEST	1		request_40	1573851218463	1573851218477	OK	 
REQUEST	1		request_41	1573851218468	1573851218511	OK	 
REQUEST	1		request_42	1573851218471	1573851218514	OK	 
REQUEST	1		request_43	1573851218473	1573851218518	OK	 
REQUEST	1		request_45	1573851218478	1573851218522	OK	 
REQUEST	1		request_48	1573851218520	1573851218532	OK	 
REQUEST	1		request_46	1573851218513	1573851218537	OK	 
REQUEST	1		request_44	1573851218475	1573851218545	OK	 
REQUEST	1		request_49	1573851218523	1573851218554	OK	 
REQUEST	1		request_51	1573851218540	1573851218558	OK	 
REQUEST	1		request_47	1573851218516	1573851218563	OK	 
REQUEST	1		request_53	1573851218549	1573851218567	OK	 
REQUEST	1		request_55	1573851218560	1573851218571	OK	 
REQUEST	1		request_144	1573851217587	1573851218578	OK	 
REQUEST	1		request_56	1573851218564	1573851218596	OK	 
REQUEST	1		request_58	1573851218569	1573851218600	OK	 
REQUEST	1		request_50	1573851218534	1573851218604	OK	 
REQUEST	1		request_60	1573851218597	1573851218615	OK	 
REQUEST	1		request_59	1573851218572	1573851218622	OK	 
REQUEST	1		request_61	1573851218603	1573851218631	OK	 
REQUEST	1		request_64	1573851218617	1573851218634	OK	 
REQUEST	1		request_62	1573851218607	1573851218636	OK	 
REQUEST	1		request_65	1573851218630	1573851218640	OK	 
REQUEST	1		request_66	1573851218632	1573851218676	OK	 
REQUEST	1		request_71	1573851218635	1573851218691	OK	 
REQUEST	1		request_72	1573851218637	1573851218695	OK	 
REQUEST	1		request_74	1573851218641	1573851218697	OK	 
REQUEST	1		request_54	1573851218557	1573851218723	OK	 
REQUEST	1		request_79	1573851218698	1573851218746	OK	 
REQUEST	1		request_75	1573851218690	1573851218747	OK	 
REQUEST	1		request_78	1573851218696	1573851218752	OK	 
REQUEST	1		request_76	1573851218694	1573851218756	OK	 
REQUEST	1		request_80	1573851218729	1573851218758	OK	 
REQUEST	1		request_81	1573851218747	1573851218760	OK	 
REQUEST	1		request_82	1573851218749	1573851218762	OK	 
REQUEST	1		request_83	1573851218753	1573851218775	OK	 
REQUEST	1		request_88	1573851218763	1573851218779	OK	 
REQUEST	1		request_84	1573851218757	1573851218784	OK	 
REQUEST	1		request_89	1573851218776	1573851218793	OK	 
REQUEST	1		request_90	1573851218781	1573851218803	OK	 
REQUEST	1		request_91	1573851218785	1573851218807	OK	 
REQUEST	1		request_92	1573851218794	1573851218832	OK	 
REQUEST	1		request_98	1573851218809	1573851218864	OK	 
REQUEST	1		request_110	1573851218866	1573851218887	OK	 
REQUEST	1		request_87	1573851218761	1573851218933	OK	 
REQUEST	1		request_100	1573851218834	1573851218941	OK	 
REQUEST	1		request_111	1573851218889	1573851218966	OK	 
REQUEST	1		request_112	1573851218940	1573851218974	OK	 
REQUEST	1		request_94	1573851218804	1573851219065	OK	 
REQUEST	1		request_122	1573851217886	1573851219073	OK	 
REQUEST	1		request_114	1573851218967	1573851219079	OK	 
REQUEST	1		request_86	1573851218759	1573851219092	OK	 
REQUEST	1		request_114	1573851219090	1573851219115	OK	 
REQUEST	1		request_113	1573851218942	1573851219149	OK	 
REQUEST	1		request_114	1573851219120	1573851219155	OK	 
REQUEST	1		request_114	1573851219157	1573851219209	OK	 
REQUEST	1		request_129	1573851218071	1573851219237	OK	 
REQUEST	1		request_5	1573851217591	1573851219241	OK	 
REQUEST	1		request_128	1573851218028	1573851219244	OK	 
REQUEST	1		request_145	1573851234269	1573851234299	KO	status.find.in(200,201,202,203,204,205,206,207,208,209,304), found 500
USER	sede200adultoautenticado	1	END	1573851217116	1573851234319
