RUN	Compenssar.sede200adultoautenticado	sede200adultoautenticado	1573851325752	 	3.0.2
USER	sede200adultoautenticado	1	START	1573851328651	1573851328651
REQUEST	1		request_0	1573851328705	1573851328888	OK	 
REQUEST	1		request_1	1573851329116	1573851329216	OK	 
REQUEST	1		request_7	1573851329241	1573851329389	OK	 
REQUEST	1		request_115	1573851329084	1573851329440	OK	 
REQUEST	1		request_116	1573851329085	1573851329492	OK	 
REQUEST	1		request_119	1573851329087	1573851329520	OK	 
REQUEST	1		request_101	1573851329089	1573851329525	OK	 
REQUEST	1		request_123	1573851329518	1573851329572	OK	 
REQUEST	1		request_67	1573851329111	1573851329580	OK	 
REQUEST	1		request_68	1573851329112	1573851329594	OK	 
REQUEST	1		request_69	1573851329113	1573851329601	OK	 
REQUEST	1		request_2	1573851329118	1573851329623	OK	 
REQUEST	1		request_3	1573851329120	1573851329630	OK	 
REQUEST	1		request_4	1573851329120	1573851329634	OK	 
REQUEST	1		request_6	1573851329122	1573851329642	OK	 
REQUEST	1		request_73	1573851329050	1573851329655	OK	 
REQUEST	1		request_93	1573851329059	1573851329658	OK	 
REQUEST	1		request_141	1573851329060	1573851329664	OK	 
REQUEST	1		request_63	1573851329062	1573851329670	OK	 
REQUEST	1		request_122	1573851329490	1573851329682	OK	 
REQUEST	1		request_125	1573851329576	1573851329694	OK	 
REQUEST	1		request_124	1573851329523	1573851329699	OK	 
REQUEST	1		request_52	1573851329098	1573851329726	OK	 
REQUEST	1		request_9	1573851329627	1573851329733	OK	 
REQUEST	1		request_117	1573851329048	1573851329742	OK	 
REQUEST	1		request_11	1573851329638	1573851329755	OK	 
REQUEST	1		request_126	1573851329692	1573851329759	OK	 
REQUEST	1		request_13	1573851329736	1573851329774	OK	 
REQUEST	1		request_8	1573851329417	1573851329793	OK	 
REQUEST	1		request_97	1573851329072	1573851329811	OK	 
REQUEST	1		request_102	1573851329083	1573851329814	OK	 
REQUEST	1		request_127	1573851329697	1573851329818	OK	 
REQUEST	1		request_14	1573851329758	1573851329821	OK	 
REQUEST	1		request_12	1573851329649	1573851329825	OK	 
REQUEST	1		request_103	1573851329083	1573851329829	OK	 
REQUEST	1		request_129	1573851329762	1573851329831	OK	 
REQUEST	1		request_15	1573851329778	1573851329836	OK	 
REQUEST	1		request_57	1573851329123	1573851329854	OK	 
REQUEST	1		request_16	1573851329808	1573851329860	OK	 
REQUEST	1		request_131	1573851329833	1573851329864	OK	 
REQUEST	1		request_130	1573851329820	1573851329868	OK	 
REQUEST	1		request_19	1573851329838	1573851329871	OK	 
REQUEST	1		request_17	1573851329823	1573851329873	OK	 
REQUEST	1		request_18	1573851329828	1573851329876	OK	 
REQUEST	1		request_20	1573851329863	1573851329883	OK	 
REQUEST	1		request_132	1573851329867	1573851329888	OK	 
REQUEST	1		request_135	1573851329869	1573851329890	OK	 
REQUEST	1		request_24	1573851329885	1573851329905	OK	 
REQUEST	1		request_21	1573851329872	1573851329910	OK	 
REQUEST	1		request_22	1573851329875	1573851329912	OK	 
REQUEST	1		request_23	1573851329878	1573851329916	OK	 
REQUEST	1		request_25	1573851329909	1573851329942	OK	 
REQUEST	1		request_128	1573851329705	1573851329944	OK	 
REQUEST	1		request_26	1573851329911	1573851329950	OK	 
REQUEST	1		request_137	1573851329889	1573851329953	OK	 
REQUEST	1		request_106	1573851329114	1573851329954	OK	 
REQUEST	1		request_10	1573851329632	1573851329956	OK	 
REQUEST	1		request_27	1573851329914	1573851329964	OK	 
REQUEST	1		request_28	1573851329918	1573851329966	OK	 
REQUEST	1		request_29	1573851329943	1573851329969	OK	 
REQUEST	1		request_144	1573851329115	1573851329975	OK	 
REQUEST	1		request_30	1573851329952	1573851329977	OK	 
REQUEST	1		request_31	1573851329963	1573851329992	OK	 
REQUEST	1		request_32	1573851329965	1573851330008	OK	 
REQUEST	1		request_33	1573851329968	1573851330010	OK	 
REQUEST	1		request_34	1573851329974	1573851330015	OK	 
REQUEST	1		request_35	1573851329978	1573851330017	OK	 
REQUEST	1		request_36	1573851330007	1573851330028	OK	 
REQUEST	1		request_37	1573851330009	1573851330034	OK	 
REQUEST	1		request_39	1573851330016	1573851330036	OK	 
REQUEST	1		request_40	1573851330018	1573851330038	OK	 
REQUEST	1		request_38	1573851330012	1573851330040	OK	 
REQUEST	1		request_41	1573851330030	1573851330043	OK	 
REQUEST	1		request_43	1573851330038	1573851330050	OK	 
REQUEST	1		request_42	1573851330035	1573851330052	OK	 
REQUEST	1		request_45	1573851330041	1573851330054	OK	 
REQUEST	1		request_48	1573851330053	1573851330070	OK	 
REQUEST	1		request_46	1573851330044	1573851330073	OK	 
REQUEST	1		request_47	1573851330051	1573851330079	OK	 
REQUEST	1		request_44	1573851330039	1573851330086	OK	 
REQUEST	1		request_49	1573851330056	1573851330091	OK	 
REQUEST	1		request_51	1573851330076	1573851330096	OK	 
REQUEST	1		request_53	1573851330081	1573851330099	OK	 
REQUEST	1		request_56	1573851330097	1573851330116	OK	 
REQUEST	1		request_55	1573851330095	1573851330119	OK	 
REQUEST	1		request_58	1573851330101	1573851330127	OK	 
REQUEST	1		request_50	1573851330072	1573851330138	OK	 
REQUEST	1		request_60	1573851330120	1573851330143	OK	 
REQUEST	1		request_61	1573851330131	1573851330147	OK	 
REQUEST	1		request_62	1573851330142	1573851330161	OK	 
REQUEST	1		request_64	1573851330145	1573851330163	OK	 
REQUEST	1		request_59	1573851330118	1573851330166	OK	 
REQUEST	1		request_65	1573851330150	1573851330176	OK	 
REQUEST	1		request_74	1573851330177	1573851330205	OK	 
REQUEST	1		request_54	1573851330089	1573851330210	OK	 
REQUEST	1		request_72	1573851330175	1573851330216	OK	 
REQUEST	1		request_66	1573851330162	1573851330257	OK	 
REQUEST	1		request_71	1573851330164	1573851330268	OK	 
REQUEST	1		request_75	1573851330209	1573851330270	OK	 
REQUEST	1		request_76	1573851330215	1573851330278	OK	 
REQUEST	1		request_78	1573851330218	1573851330281	OK	 
REQUEST	1		request_79	1573851330267	1573851330284	OK	 
REQUEST	1		request_80	1573851330269	1573851330286	OK	 
REQUEST	1		request_81	1573851330273	1573851330289	OK	 
REQUEST	1		request_82	1573851330280	1573851330295	OK	 
REQUEST	1		request_83	1573851330282	1573851330297	OK	 
REQUEST	1		request_84	1573851330285	1573851330299	OK	 
REQUEST	1		request_121	1573851329088	1573851330335	OK	 
REQUEST	1		request_118	1573851329086	1573851330337	OK	 
REQUEST	1		request_88	1573851330297	1573851330339	OK	 
REQUEST	1		request_90	1573851330300	1573851330353	OK	 
REQUEST	1		request_91	1573851330340	1573851330356	OK	 
REQUEST	1		request_89	1573851330298	1573851330357	OK	 
REQUEST	1		request_92	1573851330355	1573851330371	OK	 
REQUEST	1		request_120	1573851329088	1573851330395	OK	 
REQUEST	1		request_98	1573851330359	1573851330400	OK	 
REQUEST	1		request_87	1573851330290	1573851330404	OK	 
REQUEST	1		request_110	1573851330411	1573851330422	OK	 
REQUEST	1		request_100	1573851330372	1573851330430	OK	 
REQUEST	1		request_111	1573851330424	1573851330440	OK	 
REQUEST	1		request_113	1573851330442	1573851330457	OK	 
REQUEST	1		request_5	1573851329121	1573851330480	OK	 
REQUEST	1		request_114	1573851330459	1573851330492	OK	 
REQUEST	1		request_94	1573851330357	1573851330548	OK	 
REQUEST	1		request_114	1573851330545	1573851330563	OK	 
REQUEST	1		request_112	1573851330431	1573851330574	OK	 
REQUEST	1		request_114	1573851330567	1573851330588	OK	 
REQUEST	1		request_86	1573851330288	1573851330633	OK	 
REQUEST	1		request_104	1573851330401	1573851330818	OK	 
REQUEST	1		request_114	1573851330590	1573851332491	OK	 
REQUEST	1		request_145	1573851347514	1573851347560	KO	status.find.in(200,201,202,203,204,205,206,207,208,209,304), found 500
USER	sede200adultoautenticado	1	END	1573851328651	1573851347582
