RUN	Compenssar.sedeAutosur3a6utenticado	sedeautosur3a6utenticado	1573842454910	 	3.0.2
USER	sedeAutosur3a6utenticado	1	START	1573842457675	1573842457675
REQUEST	1		request_0	1573842457717	1573842458245	OK	 
REQUEST	1		favicon.ico?rev=23	1573842458860	1573842458874	OK	 
REQUEST	1		bootstrap.min.js	1573842458883	1573842458921	OK	 
REQUEST	1		jquery.spservices-2014.02.min.js	1573842458924	1573842458971	OK	 
REQUEST	1		request_41	1573842458833	1573842458977	OK	 
REQUEST	1		mmapi.js	1573842458843	1573842458983	OK	 
REQUEST	1		request_5	1573842458857	1573842459015	OK	 
REQUEST	1		knockout-3.4.1.min.js?v=1	1573842458975	1573842459019	OK	 
REQUEST	1		request_45	1573842458814	1573842459034	OK	 
REQUEST	1		ko.sp-1.0.min.js	1573842459025	1573842459067	OK	 
REQUEST	1		request_53	1573842459041	1573842459075	OK	 
REQUEST	1		request_50	1573842458815	1573842459132	OK	 
REQUEST	1		request_52	1573842458816	1573842459140	OK	 
REQUEST	1		slick.min.js	1573842459071	1573842459157	OK	 
REQUEST	1		js?key=AIzaSyBQs4JbPCHOPygyJzKnUYgsAm35jOpmshk	1573842458812	1573842459192	OK	 
REQUEST	1		request_54	1573842459078	1573842459198	OK	 
REQUEST	1		request_47	1573842458814	1573842459203	OK	 
REQUEST	1		request_55	1573842459135	1573842459209	OK	 
REQUEST	1		request_4	1573842458856	1573842459213	OK	 
REQUEST	1		request_6	1573842458857	1573842459219	OK	 
REQUEST	1		rangeslider.min.js	1573842459160	1573842459245	OK	 
REQUEST	1		request_51	1573842458815	1573842459264	OK	 
REQUEST	1		request_9	1573842458810	1573842459311	OK	 
REQUEST	1		request_28	1573842458812	1573842459316	OK	 
REQUEST	1		ion.rangeslider.min.js	1573842459255	1573842459325	OK	 
REQUEST	1		minisp.min.js	1573842458861	1573842459329	OK	 
REQUEST	1		datalayercorporativo.min.js	1573842458863	1573842459333	OK	 
REQUEST	1		bluebird.min.js	1573842458864	1573842459347	OK	 
REQUEST	1		picturefill.min.js	1573842459328	1573842459353	OK	 
REQUEST	1		validate.min.js	1573842459331	1573842459362	OK	 
REQUEST	1		jquery.validate.min.js	1573842459335	1573842459377	OK	 
REQUEST	1		afiliaciones.config.js?v=5	1573842459355	1573842459381	OK	 
REQUEST	1		croppie.min.js	1573842459350	1573842459383	OK	 
REQUEST	1		init.js?rev=ZwTQYqYlNTyyuMWaLlhwSg%3D%3D	1573842458862	1573842459388	OK	 
REQUEST	1		compTools.min.js?v=1	1573842459365	1573842459395	OK	 
REQUEST	1		jquery-3.1.1.min.js	1573842458862	1573842459397	OK	 
REQUEST	1		compensar.script.min.js	1573842459380	1573842459402	OK	 
REQUEST	1		compensar.actualizarcorreo.min.js	1573842459382	1573842459405	OK	 
REQUEST	1		compensar.loadComponents.min.js?v=1	1573842459393	1573842459408	OK	 
REQUEST	1		compensar.tiempoInactividad.min.js?v=1	1573842459396	1573842459412	OK	 
REQUEST	1		compensar.enModoEdicion.min.js?v=1	1573842459401	1573842459436	OK	 
REQUEST	1		compensar.deferImages.min.js?v=1	1573842459407	1573842459440	OK	 
REQUEST	1		compensar.menuDesplegable.min.js?v=1	1573842459415	1573842459443	OK	 
REQUEST	1		compensar.agregarTitulowebparts.min.js?v=1	1573842459411	1573842459450	OK	 
REQUEST	1		compensar.detectarAncho.min.js?v=1	1573842459404	1573842459457	OK	 
REQUEST	1		sjcl.min.js	1573842459386	1573842459461	OK	 
REQUEST	1		request_2	1573842458865	1573842459472	OK	 
REQUEST	1		compensar.controlPestanas.min.js?v=1	1573842459442	1573842459478	OK	 
REQUEST	1		request_43	1573842458858	1573842459480	OK	 
REQUEST	1		compensar.controlAcordeon.min.js?v=1	1573842459447	1573842459481	OK	 
REQUEST	1		compensar.filtroControlerVivienda.min.js?v=1	1573842459456	1573842459483	OK	 
REQUEST	1		compensar.miCompensarPerfil.min.js?v=1	1573842459439	1573842459486	OK	 
REQUEST	1		mainContent.min.js?v=1	1573842459460	1573842459491	OK	 
REQUEST	1		headerNav.min.js?v=1	1573842459463	1573842459494	OK	 
REQUEST	1		modeloMenuAux.min.js?v=1	1573842459479	1573842459497	OK	 
REQUEST	1		compensar.menuSecundario.min.js?v=1	1573842459482	1573842459509	OK	 
REQUEST	1		compensar.quitarLoading.min.js?v=1	1573842459485	1573842459512	OK	 
REQUEST	1		compensar.componenteEmailController.min.js?v=1	1573842459490	1573842459516	OK	 
REQUEST	1		compensar.footer.min.js?v=1	1573842459493	1573842459519	OK	 
REQUEST	1		compensar.componentePopUpController.min.js?v=1	1573842459495	1573842459526	OK	 
REQUEST	1		compensar.notificaciones.min.js	1573842459507	1573842459531	OK	 
REQUEST	1		request_21	1573842458817	1573842459535	OK	 
REQUEST	1		customcanales.min.js	1573842459511	1573842459537	OK	 
REQUEST	1		customactioncall.js	1573842459514	1573842459549	OK	 
REQUEST	1		blank.js?rev=ZaOXZEobVwykPO9g8hq%2F8A%3D%3D	1573842459525	1573842459551	OK	 
REQUEST	1		sp.init.js?rev=jvJC3Kl5gbORaLtf7kxULQ%3D%3D	1573842459533	1573842459559	OK	 
REQUEST	1		ScriptResource.axd?d=LzPGXWTyY4NfgAzL7AVGti8jNkeNvyxE7t2p3M-3BPJvKFvvkBUGxbbcxESn55TFNOUl8xW6SvygFDc-U8cavgouTpfnyDz3b86dyb2Q1b12B-B2zqJbKL3UrhnjJpkL79pBm9zX4FVDPUA4BsjrvCFATMYLp3cyBtLpIkBKZKUxDrfJga0vw4ZjurZ0mn1o0&t=72e85ccd	1573842459530	1573842459567	OK	 
REQUEST	1		ScriptResx.ashx?culture=es%2Des&name=SP%2ERes&rev=DoAHv8R6TO7rl33LcYBJTA%3D%3D	1573842459549	1573842459576	OK	 
REQUEST	1		ScriptResource.axd?d=DbBIHdj-QC5CO88xwauS5dkoqIs6nZmS0i8rusZB1q2JCx1O17otX38Pbo9-Co9QXf_ywgPOgCaWxydR-v-KO_BCuip-vRkoHzjnd81XPEqYhrrZRFvD28DBse-3zjaVmjdm2hC17AQqDXfxT3KoyoLs-sQ7qPLfqrjuPJokLcOn_d3Dmrsd446-Hg6mDbff0&t=72e85ccd	1573842459518	1573842459580	OK	 
REQUEST	1		clientrenderer.js?rev=PWwV4FATEiOxN90BeB5Hzw%3D%3D	1573842459561	1573842459585	OK	 
REQUEST	1		sp.runtime.js?rev=5f2WkYJoaxlIRdwUeg4WEg%3D%3D	1573842459551	1573842459590	OK	 
REQUEST	1		ScriptResx.ashx?culture=es%2Des&name=Srch%2EResources&rev=GVo354neq7eNTurLgIdpJQ%3D%3D	1573842459574	1573842459595	OK	 
REQUEST	1		search.cbs.js?rev=S5EegsQhNKgWxVFmcqr5dQ%3D%3D	1573842459584	1573842459601	OK	 
REQUEST	1		spcommon.png?rev=23	1573842459587	1573842459618	OK	 
REQUEST	1		WebResource.axd?d=hcspxoKGngdkW0b6xYvFftMD9L7tgVctZKvxUqyhcPMOX4gSlmQgLLYGJ7F9lMuasHqe9Mv5x6g7VZmrwkJEQmLxw_pNwohGyqmgqyaeGpA1&t=635792838349294682	1573842459598	1573842459620	OK	 
REQUEST	1		searchresultui.png?rev=23	1573842459624	1573842459642	OK	 
REQUEST	1		logo_compensar.png?rev=23	1573842459593	1573842459652	OK	 
REQUEST	1		logo-compensar-gris.svg	1573842459619	1573842459661	OK	 
REQUEST	1		WebResource.axd?d=VE1LltKE1dXL7-UbkAp-bt6ljn4Brx0V3X9hDRsD8jSFT9qB8YndTHVisocnrFQ8rNfw3OXiDn_Fb7iUlcK8bUIBKyIA1h_3y1b4G2-c7f01&t=635792838349294682	1573842459644	1573842459667	OK	 
REQUEST	1		logo_compensar.png	1573842459603	1573842459669	OK	 
REQUEST	1		nodearrow.png	1573842459655	1573842459671	OK	 
REQUEST	1		estilos.css	1573842459663	1573842459682	OK	 
REQUEST	1		sp.search.js?rev=dMkPlEXpdY6iJ%2FsY5RsB0g%3D%3D	1573842459553	1573842459702	OK	 
REQUEST	1		ParqueaderosV2.js	1573842459668	1573842459706	OK	 
REQUEST	1		request_32	1573842458832	1573842459730	OK	 
REQUEST	1		marcador.png	1573842459670	1573842459732	OK	 
REQUEST	1		compensar.detallevivienda.min.css?ctag=5143$$15.0.4927.1000	1573842459673	1573842459735	OK	 
REQUEST	1		mainContentInterno.js	1573842459701	1573842459742	OK	 
REQUEST	1		request_7	1573842459707	1573842459744	OK	 
REQUEST	1		request_13	1573842459743	1573842459771	OK	 
REQUEST	1		request_8	1573842459733	1573842459774	OK	 
REQUEST	1		request_3	1573842459704	1573842459780	OK	 
REQUEST	1		request_14	1573842459746	1573842459822	OK	 
REQUEST	1		request_15	1573842459772	1573842459825	OK	 
REQUEST	1		search.clientcontrols.js?rev=8Q15HW2EU2aXBktJq5YW%2FA%3D%3D	1573842459579	1573842459831	OK	 
REQUEST	1		request_10	1573842459737	1573842459837	OK	 
REQUEST	1		request_16	1573842459779	1573842459839	OK	 
REQUEST	1		request_31	1573842458830	1573842459863	OK	 
REQUEST	1		request_17	1573842459821	1573842459869	OK	 
REQUEST	1		request_18	1573842459824	1573842459873	OK	 
REQUEST	1		request_19	1573842459830	1573842459877	OK	 
REQUEST	1		request_24	1573842459841	1573842459879	OK	 
REQUEST	1		request_26	1573842459876	1573842459930	OK	 
REQUEST	1		request_30	1573842459880	1573842459937	OK	 
REQUEST	1		request_25	1573842459872	1573842459942	OK	 
REQUEST	1		request_38	1573842459941	1573842459964	OK	 
REQUEST	1		request_22	1573842459838	1573842459996	OK	 
REQUEST	1		request_27	1573842459878	1573842460040	OK	 
REQUEST	1		request_42	1573842459966	1573842460049	OK	 
REQUEST	1		request_44	1573842460001	1573842460091	OK	 
REQUEST	1		request_46	1573842460049	1573842460100	OK	 
REQUEST	1		request_20	1573842459836	1573842460474	OK	 
REQUEST	1		request_40	1573842459943	1573842460490	OK	 
REQUEST	1		request_48	1573842460050	1573842460576	OK	 
REQUEST	1		request_34	1573842459932	1573842460589	OK	 
REQUEST	1		request_49	1573842460092	1573842460602	OK	 
REQUEST	1		request_56	1573842461626	1573842461717	OK	 
REQUEST	1		request_57	1573842462735	1573842462768	OK	 
REQUEST	1		request_57 Redirect 1	1573842462775	1573842462895	OK	 
REQUEST	1		request_57 Redirect 2	1573842462900	1573842462925	OK	 
REQUEST	1		request_57 Redirect 3	1573842462927	1573842463341	OK	 
REQUEST	1		request_66	1573842463446	1573842463454	OK	 
REQUEST	1		eyesClass.css	1573842463448	1573842463472	OK	 
REQUEST	1		loadingCompensar.gif	1573842463477	1573842463494	OK	 
REQUEST	1		request_63	1573842463446	1573842463531	OK	 
REQUEST	1		request_67	1573842463447	1573842463536	OK	 
REQUEST	1		modules?v=SqDhzDYakMzJp-M-gCcQFj4vc5izybzoH2OW-2is2fY1	1573842463450	1573842463586	OK	 
REQUEST	1		fonts?v=Y7MRUdvwE1hUsovmZYz9T7_41CMp95gKZ_Q9iYUO2O81	1573842463449	1573842463594	OK	 
REQUEST	1		modernizr?v=inCVuEFe6J4Q07A0AcRsbJic_UE5MwpRMNGcOtk94TE1	1573842463450	1573842463600	OK	 
REQUEST	1		logo-compensar-blanco.svg	1573842463451	1573842463602	OK	 
REQUEST	1		resetValidation.js	1573842463601	1573842463625	OK	 
REQUEST	1		utils.js	1573842463604	1573842463631	OK	 
REQUEST	1		css?v=udBLYkNkikBQ6JWixlUMiJYcZz7DRJzdxBJZ-rKFDsg1	1573842463448	1573842463637	OK	 
REQUEST	1		jqueryval?v=GkCXUO1MPqHDkNoDt8-shdnQEI8KGbNadRAAUqm2VOA1	1573842463598	1573842463644	OK	 
REQUEST	1		jquery?v=JL596WEzEYSLK79KRL4It4N63VXpRlW4A824KHlhVLc1	1573842463495	1573842463648	OK	 
REQUEST	1		modal.js	1573842463627	1573842463660	OK	 
REQUEST	1		sessionchecker.js	1573842463643	1573842463662	OK	 
REQUEST	1		loading.js	1573842463636	1573842463664	OK	 
REQUEST	1		request_59	1573842463647	1573842463666	OK	 
REQUEST	1		request_60	1573842463651	1573842463669	OK	 
REQUEST	1		request_62	1573842463661	1573842463675	OK	 
REQUEST	1		request_68	1573842463447	1573842463676	OK	 
REQUEST	1		request_65	1573842463662	1573842463773	OK	 
REQUEST	1		bootstrap.min.css	1573842463424	1573842463861	OK	 
REQUEST	1		request_71	1573842463451	1573842463870	OK	 
REQUEST	1		bootstrap?v=02I37B8URpB7hqkZrxMEO7o6VbDywYH_vuXan7A7mR81	1573842463591	1573842464719	OK	 
REQUEST	1		request_72	1573842475727	1573842488938	OK	 
REQUEST	1		request_72 Redirect 1	1573842488940	1573842499509	OK	 
ERROR	request_168: Failed to build request: Resource /sedeautosur3a6utenticado/0168_request.dat not found 	1573842499543
ERROR	request_169: Failed to build request: Resource /sedeautosur3a6utenticado/0169_request.dat not found 	1573842499543
ERROR	request_170: Failed to build request: Resource /sedeautosur3a6utenticado/0170_request.dat not found 	1573842499543
ERROR	request_171: Failed to build request: Resource /sedeautosur3a6utenticado/0171_request.dat not found 	1573842499544
ERROR	request_174: Failed to build request: Resource /sedeautosur3a6utenticado/0174_request.dat not found 	1573842499545
REQUEST	1		request_188	1573842499564	1573842499582	OK	 
REQUEST	1		request_125	1573842499570	1573842499584	OK	 
REQUEST	1		request_108	1573842499576	1573842499611	OK	 
REQUEST	1		request_110	1573842499577	1573842499628	OK	 
REQUEST	1		request_163	1573842499567	1573842499638	OK	 
REQUEST	1		request_136	1573842499565	1573842499639	OK	 
REQUEST	1		request_164	1573842499568	1573842499640	OK	 
REQUEST	1		request_73	1573842499575	1573842499656	OK	 
REQUEST	1		request_124	1573842499578	1573842499692	OK	 
REQUEST	1		request_134	1573842499572	1573842499698	OK	 
REQUEST	1		request_132	1573842499571	1573842499701	OK	 
REQUEST	1		request_131	1573842499580	1573842499705	OK	 
REQUEST	1		request_137	1573842499580	1573842499709	OK	 
REQUEST	1		request_140	1573842499621	1573842499827	OK	 
REQUEST	1		request_175	1573842499573	1573842500005	OK	 
REQUEST	1		request_152	1573842499632	1573842500415	OK	 
REQUEST	1		request_161	1573842499696	1573842500760	OK	 
REQUEST	1		request_180	1573842499709	1573842500772	OK	 
REQUEST	1		request_73	1573842499658	1573842502107	OK	 
USER	sedeAutosur3a6utenticado	1	END	1573842457675	1573842502128
