RUN	Compenssar.principaladulto7a12a	principaladulto7a12a	1573848687175	 	3.0.2
USER	principaladulto7a12a	1	START	1573848689390	1573848689390
REQUEST	1		request_0	1573848689426	1573848690086	OK	 
ERROR	request_32: Failed to build request: Resource /principaladulto7a12a/0032_request.dat not found 	1573848690332
ERROR	request_33: Failed to build request: Resource /principaladulto7a12a/0033_request.dat not found 	1573848690332
ERROR	request_35: Failed to build request: Resource /principaladulto7a12a/0035_request.dat not found 	1573848690333
ERROR	request_36: Failed to build request: Resource /principaladulto7a12a/0036_request.dat not found 	1573848690334
REQUEST	1		favicon.ico?rev=23	1573848690417	1573848690464	OK	 
REQUEST	1		mmapi.js	1573848690386	1573848690605	OK	 
REQUEST	1		request_43	1573848690398	1573848690609	OK	 
REQUEST	1		request_44	1573848690399	1573848690627	OK	 
REQUEST	1		request_47	1573848690400	1573848690630	OK	 
REQUEST	1		minisp.min.js	1573848690420	1573848690632	OK	 
REQUEST	1		init.js?rev=ZwTQYqYlNTyyuMWaLlhwSg%3D%3D	1573848690421	1573848690637	OK	 
REQUEST	1		request_48	1573848690607	1573848690648	OK	 
REQUEST	1		request_41	1573848690371	1573848690695	OK	 
REQUEST	1		request_42	1573848690372	1573848690699	OK	 
REQUEST	1		request_45	1573848690372	1573848690703	OK	 
REQUEST	1		request_5	1573848690397	1573848690709	OK	 
REQUEST	1		knockout-3.4.1.min.js?v=1	1573848690641	1573848690721	OK	 
REQUEST	1		datalayercorporativo.min.js	1573848690423	1573848690728	OK	 
REQUEST	1		bootstrap.min.js	1573848690478	1573848690737	OK	 
REQUEST	1		js?key=AIzaSyBQs4JbPCHOPygyJzKnUYgsAm35jOpmshk	1573848690368	1573848690772	OK	 
REQUEST	1		request_40	1573848690370	1573848690803	OK	 
REQUEST	1		request_53	1573848690697	1573848690809	OK	 
REQUEST	1		request_54	1573848690701	1573848690815	OK	 
REQUEST	1		request_55	1573848690705	1573848690818	OK	 
REQUEST	1		rangeslider.min.js	1573848690741	1573848690821	OK	 
REQUEST	1		request_59	1573848690385	1573848690828	OK	 
REQUEST	1		request_4	1573848690396	1573848690830	OK	 
REQUEST	1		ko.sp-1.0.min.js	1573848690726	1573848690849	OK	 
REQUEST	1		slick.min.js	1573848690735	1573848690853	OK	 
REQUEST	1		request_56	1573848690367	1573848690860	OK	 
REQUEST	1		request_58	1573848690776	1573848690878	OK	 
REQUEST	1		ion.rangeslider.min.js	1573848690824	1573848690891	OK	 
REQUEST	1		picturefill.min.js	1573848690851	1573848690894	OK	 
REQUEST	1		request_26	1573848690383	1573848690903	OK	 
REQUEST	1		request_19	1573848690373	1573848690906	OK	 
REQUEST	1		request_57	1573848690400	1573848690908	OK	 
REQUEST	1		validate.min.js	1573848690856	1573848690909	OK	 
REQUEST	1		request_27	1573848690384	1573848690914	OK	 
REQUEST	1		afiliaciones.config.js?v=5	1573848690911	1573848690930	OK	 
REQUEST	1		request_39	1573848690369	1573848690933	OK	 
REQUEST	1		request_34	1573848690408	1573848690937	OK	 
REQUEST	1		jquery-3.1.1.min.js	1573848690422	1573848690947	OK	 
REQUEST	1		jquery.validate.min.js	1573848690893	1573848690951	OK	 
REQUEST	1		croppie.min.js	1573848690895	1573848690963	OK	 
REQUEST	1		request_2	1573848690425	1573848690968	OK	 
REQUEST	1		compensar.script.min.js	1573848690950	1573848690972	OK	 
REQUEST	1		compTools.min.js?v=1	1573848690932	1573848691003	OK	 
REQUEST	1		compensar.tiempoInactividad.min.js?v=1	1573848691005	1573848691018	OK	 
REQUEST	1		compensar.actualizarcorreo.min.js	1573848690954	1573848691020	OK	 
REQUEST	1		bluebird.min.js	1573848690424	1573848691030	OK	 
REQUEST	1		compensar.enModoEdicion.min.js?v=1	1573848691019	1573848691033	OK	 
REQUEST	1		compensar.detectarAncho.min.js?v=1	1573848691022	1573848691035	OK	 
REQUEST	1		compensar.deferImages.min.js?v=1	1573848691033	1573848691045	OK	 
REQUEST	1		compensar.agregarTitulowebparts.min.js?v=1	1573848691035	1573848691051	OK	 
REQUEST	1		compensar.loadComponents.min.js?v=1	1573848690974	1573848691063	OK	 
REQUEST	1		compensar.miCompensarPerfil.min.js?v=1	1573848691046	1573848691103	OK	 
REQUEST	1		compensar.controlPestanas.min.js?v=1	1573848691052	1573848691134	OK	 
REQUEST	1		compensar.controlAcordeon.min.js?v=1	1573848691065	1573848691146	OK	 
REQUEST	1		request_56	1573848690865	1573848691149	OK	 
REQUEST	1		compensar.filtroControlerVivienda.min.js?v=1	1573848691105	1573848691159	OK	 
REQUEST	1		mainContent.min.js?v=1	1573848691135	1573848691184	OK	 
REQUEST	1		headerNav.min.js?v=1	1573848691147	1573848691197	OK	 
REQUEST	1		modeloMenuAux.min.js?v=1	1573848691161	1573848691204	OK	 
REQUEST	1		compensar.quitarLoading.min.js?v=1	1573848691200	1573848691213	OK	 
REQUEST	1		compensar.footer.min.js?v=1	1573848691215	1573848691261	OK	 
REQUEST	1		compensar.componenteEmailController.min.js?v=1	1573848691205	1573848691263	OK	 
REQUEST	1		compensar.menuSecundario.min.js?v=1	1573848691185	1573848691265	OK	 
REQUEST	1		sjcl.min.js	1573848690965	1573848691290	OK	 
REQUEST	1		compensar.componentePopUpController.min.js?v=1	1573848691262	1573848691327	OK	 
REQUEST	1		customcanales.min.js	1573848691266	1573848691332	OK	 
REQUEST	1		customactioncall.js	1573848691326	1573848691340	OK	 
REQUEST	1		blank.js?rev=ZaOXZEobVwykPO9g8hq%2F8A%3D%3D	1573848691339	1573848691382	OK	 
REQUEST	1		ScriptResource.axd?d=DbBIHdj-QC5CO88xwauS5dkoqIs6nZmS0i8rusZB1q2JCx1O17otX38Pbo9-Co9QXf_ywgPOgCaWxydR-v-KO_BCuip-vRkoHzjnd81XPEqYhrrZRFvD28DBse-3zjaVmjdm2hC17AQqDXfxT3KoyoLs-sQ7qPLfqrjuPJokLcOn_d3Dmrsd446-Hg6mDbff0&t=2b48f70a	1573848691331	1573848691392	OK	 
REQUEST	1		compensar.notificaciones.min.js	1573848691264	1573848691396	OK	 
REQUEST	1		ScriptResource.axd?d=LzPGXWTyY4NfgAzL7AVGti8jNkeNvyxE7t2p3M-3BPJvKFvvkBUGxbbcxESn55TFNOUl8xW6SvygFDc-U8cavgouTpfnyDz3b86dyb2Q1b12B-B2zqJbKL3UrhnjJpkL79pBm9zX4FVDPUA4BsjrvCFATMYLp3cyBtLpIkBKZKUxDrfJga0vw4ZjurZ0mn1o0&t=2b48f70a	1573848691342	1573848691404	OK	 
REQUEST	1		sp.init.js?rev=jvJC3Kl5gbORaLtf7kxULQ%3D%3D	1573848691383	1573848691407	OK	 
REQUEST	1		ScriptResx.ashx?culture=es%2Des&name=SP%2ERes&rev=DoAHv8R6TO7rl33LcYBJTA%3D%3D	1573848691395	1573848691411	OK	 
REQUEST	1		sp.runtime.js?rev=5f2WkYJoaxlIRdwUeg4WEg%3D%3D	1573848691398	1573848691420	OK	 
REQUEST	1		ScriptResx.ashx?culture=es%2Des&name=Srch%2EResources&rev=GVo354neq7eNTurLgIdpJQ%3D%3D	1573848691412	1573848691427	OK	 
REQUEST	1		clientrenderer.js?rev=PWwV4FATEiOxN90BeB5Hzw%3D%3D	1573848691409	1573848691430	OK	 
REQUEST	1		sp.search.js?rev=dMkPlEXpdY6iJ%2FsY5RsB0g%3D%3D	1573848691406	1573848691481	OK	 
REQUEST	1		search.cbs.js?rev=S5EegsQhNKgWxVFmcqr5dQ%3D%3D	1573848691429	1573848691489	OK	 
REQUEST	1		spcommon.png?rev=23	1573848691431	1573848691492	OK	 
REQUEST	1		WebResource.axd?d=hcspxoKGngdkW0b6xYvFftMD9L7tgVctZKvxUqyhcPMOX4gSlmQgLLYGJ7F9lMuasHqe9Mv5x6g7VZmrwkJEQmLxw_pNwohGyqmgqyaeGpA1&t=636767428042202005	1573848691491	1573848691509	OK	 
REQUEST	1		logo_compensar.png?rev=23	1573848691488	1573848691521	OK	 
REQUEST	1		logo_compensar.png	1573848691494	1573848691530	OK	 
REQUEST	1		searchresultui.png?rev=23	1573848691523	1573848691539	OK	 
REQUEST	1		WebResource.axd?d=VE1LltKE1dXL7-UbkAp-bt6ljn4Brx0V3X9hDRsD8jSFT9qB8YndTHVisocnrFQ8rNfw3OXiDn_Fb7iUlcK8bUIBKyIA1h_3y1b4G2-c7f01&t=636767428042202005	1573848691531	1573848691542	OK	 
REQUEST	1		logo-compensar-gris.svg	1573848691513	1573848691544	OK	 
REQUEST	1		nodearrow.png	1573848691540	1573848691551	OK	 
REQUEST	1		ParqueaderosV2.js	1573848691545	1573848691587	OK	 
REQUEST	1		estilos.css	1573848691543	1573848691589	OK	 
REQUEST	1		search.clientcontrols.js?rev=8Q15HW2EU2aXBktJq5YW%2FA%3D%3D	1573848691424	1573848691604	OK	 
REQUEST	1		mainContentInterno.js	1573848691603	1573848691613	OK	 
REQUEST	1		compensar.detallevivienda.min.css?ctag=5143$$15.0.4927.1000	1573848691588	1573848691623	OK	 
REQUEST	1		marcador.png	1573848691552	1573848691627	OK	 
REQUEST	1		request_3	1573848691608	1573848691632	OK	 
REQUEST	1		request_6	1573848691614	1573848691670	OK	 
REQUEST	1		request_8	1573848691628	1573848691717	OK	 
REQUEST	1		request_7	1573848691625	1573848691720	OK	 
REQUEST	1		request_10	1573848691671	1573848691723	OK	 
REQUEST	1		request_9	1573848691646	1573848691746	OK	 
REQUEST	1		request_11	1573848691719	1573848691748	OK	 
REQUEST	1		request_12	1573848691722	1573848691750	OK	 
REQUEST	1		request_13	1573848691724	1573848691753	OK	 
REQUEST	1		jquery.spservices-2014.02.min.js	1573848690634	1573848691756	OK	 
REQUEST	1		request_16	1573848691751	1573848691763	OK	 
REQUEST	1		request_22	1573848691764	1573848691777	OK	 
REQUEST	1		request_14	1573848691748	1573848691780	OK	 
REQUEST	1		request_15	1573848691750	1573848691808	OK	 
REQUEST	1		request_21	1573848691758	1573848691830	OK	 
REQUEST	1		request_37	1573848691831	1573848691873	OK	 
REQUEST	1		request_25	1573848691781	1573848691888	OK	 
REQUEST	1		request_28	1573848691809	1573848691894	OK	 
REQUEST	1		request_38	1573848691874	1573848691943	OK	 
REQUEST	1		request_17	1573848691754	1573848691945	OK	 
REQUEST	1		request_46	1573848691889	1573848692022	OK	 
REQUEST	1		request_49	1573848691896	1573848692043	OK	 
REQUEST	1		request_51	1573848691955	1573848692049	OK	 
REQUEST	1		request_50	1573848691944	1573848692057	OK	 
REQUEST	1		request_52	1573848692023	1573848692181	OK	 
REQUEST	1		request_23	1573848691778	1573848692190	OK	 
REQUEST	1		compensar.menuDesplegable.min.js?v=1	1573848691037	1573848692220	OK	 
REQUEST	1		request_60	1573848698236	1573848698289	OK	 
REQUEST	1		request_60 Redirect 1	1573848698291	1573848698379	OK	 
REQUEST	1		request_60 Redirect 2	1573848698380	1573848698423	OK	 
REQUEST	1		request_60 Redirect 3	1573848698425	1573848698836	OK	 
REQUEST	1		request_72	1573848698866	1573848698873	OK	 
REQUEST	1		eyesClass.css	1573848698868	1573848698883	OK	 
REQUEST	1		loadingCompensar.gif	1573848698885	1573848698911	OK	 
REQUEST	1		request_70	1573848698867	1573848698947	OK	 
REQUEST	1		request_67	1573848698866	1573848698950	OK	 
REQUEST	1		request_71	1573848698867	1573848698951	OK	 
REQUEST	1		fonts?v=Y7MRUdvwE1hUsovmZYz9T7_41CMp95gKZ_Q9iYUO2O81	1573848698869	1573848698955	OK	 
REQUEST	1		logo-compensar-blanco.svg	1573848698870	1573848698960	OK	 
REQUEST	1		jquery?v=JL596WEzEYSLK79KRL4It4N63VXpRlW4A824KHlhVLc1	1573848698912	1573848698970	OK	 
REQUEST	1		modules?v=SqDhzDYakMzJp-M-gCcQFj4vc5izybzoH2OW-2is2fY1	1573848698869	1573848698974	OK	 
REQUEST	1		modernizr?v=inCVuEFe6J4Q07A0AcRsbJic_UE5MwpRMNGcOtk94TE1	1573848698870	1573848698978	OK	 
REQUEST	1		bootstrap?v=02I37B8URpB7hqkZrxMEO7o6VbDywYH_vuXan7A7mR81	1573848698960	1573848698991	OK	 
REQUEST	1		utils.js	1573848698975	1573848698998	OK	 
REQUEST	1		resetValidation.js	1573848698972	1573848699041	OK	 
REQUEST	1		loading.js	1573848698993	1573848699042	OK	 
REQUEST	1		sessionchecker.js	1573848698999	1573848699059	OK	 
REQUEST	1		request_64	1573848699043	1573848699069	OK	 
REQUEST	1		modal.js	1573848698979	1573848699072	OK	 
REQUEST	1		request_65	1573848699060	1573848699075	OK	 
REQUEST	1		request_68	1573848699073	1573848699099	OK	 
REQUEST	1		request_66	1573848699071	1573848699116	OK	 
REQUEST	1		request_61	1573848699042	1573848699177	OK	 
REQUEST	1		request_74	1573848699100	1573848699198	OK	 
REQUEST	1		bootstrap.min.css	1573848698854	1573848699213	OK	 
REQUEST	1		request_76	1573848698871	1573848699278	OK	 
REQUEST	1		request_69	1573848699076	1573848699309	OK	 
REQUEST	1		css?v=udBLYkNkikBQ6JWixlUMiJYcZz7DRJzdxBJZ-rKFDsg1	1573848698868	1573848700061	OK	 
REQUEST	1		jqueryval?v=GkCXUO1MPqHDkNoDt8-shdnQEI8KGbNadRAAUqm2VOA1	1573848698962	1573848700103	OK	 
REQUEST	1		request_77	1573848733118	1573848733166	KO	status.find.in(200,201,202,203,204,205,206,207,208,209,304), found 500
REQUEST	1		request_154	1573848735163	1573848735292	OK	 
REQUEST	1		request_155	1573848735294	1573848735416	OK	 
USER	principaladulto7a12a	1	END	1573848689390	1573848735436
