RUN	Compenssar.sedeAutosur3a6utenticado	sedeautosur3a6utenticado	1573844815387	 	3.0.2
USER	sedeAutosur3a6utenticado	1	START	1573844817662	1573844817662
REQUEST	1		request_0	1573844817698	1573844818284	OK	 
REQUEST	1		favicon.ico?rev=23	1573844818707	1573844818748	OK	 
REQUEST	1		bootstrap.min.js	1573844818764	1573844818822	OK	 
REQUEST	1		jquery.spservices-2014.02.min.js	1573844818825	1573844818863	OK	 
REQUEST	1		mmapi.js	1573844818685	1573844818878	OK	 
REQUEST	1		request_41	1573844818675	1573844818912	OK	 
REQUEST	1		request_5	1573844818698	1573844818915	OK	 
REQUEST	1		request_52	1573844818624	1573844818932	OK	 
REQUEST	1		request_45	1573844818620	1573844818982	OK	 
REQUEST	1		request_47	1573844818621	1573844819009	OK	 
REQUEST	1		request_50	1573844818622	1573844819016	OK	 
REQUEST	1		request_53	1573844818935	1573844819022	OK	 
REQUEST	1		knockout-3.4.1.min.js?v=1	1573844818865	1573844819030	OK	 
REQUEST	1		js?key=AIzaSyBQs4JbPCHOPygyJzKnUYgsAm35jOpmshk	1573844818612	1573844819047	OK	 
REQUEST	1		request_54	1573844818985	1573844819053	OK	 
REQUEST	1		request_55	1573844819014	1573844819063	OK	 
REQUEST	1		ko.sp-1.0.min.js	1573844819034	1573844819097	OK	 
REQUEST	1		request_4	1573844818697	1573844819111	OK	 
REQUEST	1		request_9	1573844818604	1573844819126	OK	 
REQUEST	1		request_28	1573844818611	1573844819129	OK	 
REQUEST	1		slick.min.js	1573844819105	1573844819132	OK	 
REQUEST	1		rangeslider.min.js	1573844819136	1573844819155	OK	 
REQUEST	1		request_6	1573844818698	1573844819159	OK	 
REQUEST	1		jquery-3.1.1.min.js	1573844818710	1573844819161	OK	 
REQUEST	1		bluebird.min.js	1573844818711	1573844819164	OK	 
REQUEST	1		ion.rangeslider.min.js	1573844819158	1573844819205	OK	 
REQUEST	1		request_31	1573844818669	1573844819215	OK	 
REQUEST	1		request_21	1573844818625	1573844819219	OK	 
REQUEST	1		request_32	1573844818671	1573844819222	OK	 
REQUEST	1		picturefill.min.js	1573844819163	1573844819224	OK	 
REQUEST	1		validate.min.js	1573844819167	1573844819227	OK	 
REQUEST	1		jquery.validate.min.js	1573844819210	1573844819230	OK	 
REQUEST	1		croppie.min.js	1573844819226	1573844819245	OK	 
REQUEST	1		compTools.min.js?v=1	1573844819232	1573844819267	OK	 
REQUEST	1		compensar.script.min.js	1573844819247	1573844819274	OK	 
REQUEST	1		afiliaciones.config.js?v=5	1573844819229	1573844819276	OK	 
REQUEST	1		request_2	1573844818711	1573844819279	OK	 
REQUEST	1		compensar.actualizarcorreo.min.js	1573844819269	1573844819332	OK	 
REQUEST	1		request_51	1573844818622	1573844819336	OK	 
REQUEST	1		request_43	1573844818699	1573844819340	OK	 
REQUEST	1		sjcl.min.js	1573844819275	1573844819341	OK	 
REQUEST	1		compensar.loadComponents.min.js?v=1	1573844819278	1573844819344	OK	 
REQUEST	1		compensar.tiempoInactividad.min.js?v=1	1573844819333	1573844819376	OK	 
REQUEST	1		compensar.enModoEdicion.min.js?v=1	1573844819343	1573844819385	OK	 
REQUEST	1		compensar.deferImages.min.js?v=1	1573844819377	1573844819388	OK	 
REQUEST	1		compensar.detectarAncho.min.js?v=1	1573844819346	1573844819390	OK	 
REQUEST	1		compensar.agregarTitulowebparts.min.js?v=1	1573844819387	1573844819398	OK	 
REQUEST	1		compensar.menuDesplegable.min.js?v=1	1573844819389	1573844819401	OK	 
REQUEST	1		compensar.miCompensarPerfil.min.js?v=1	1573844819391	1573844819404	OK	 
REQUEST	1		compensar.controlPestanas.min.js?v=1	1573844819399	1573844819417	OK	 
REQUEST	1		compensar.controlAcordeon.min.js?v=1	1573844819403	1573844819420	OK	 
REQUEST	1		compensar.filtroControlerVivienda.min.js?v=1	1573844819407	1573844819422	OK	 
REQUEST	1		mainContent.min.js?v=1	1573844819419	1573844819430	OK	 
REQUEST	1		headerNav.min.js?v=1	1573844819421	1573844819433	OK	 
REQUEST	1		modeloMenuAux.min.js?v=1	1573844819424	1573844819443	OK	 
REQUEST	1		compensar.menuSecundario.min.js?v=1	1573844819431	1573844819458	OK	 
REQUEST	1		compensar.quitarLoading.min.js?v=1	1573844819434	1573844819479	OK	 
REQUEST	1		compensar.componenteEmailController.min.js?v=1	1573844819446	1573844819489	OK	 
REQUEST	1		compensar.componentePopUpController.min.js?v=1	1573844819481	1573844819492	OK	 
REQUEST	1		compensar.footer.min.js?v=1	1573844819459	1573844819494	OK	 
REQUEST	1		compensar.notificaciones.min.js	1573844819490	1573844819503	OK	 
REQUEST	1		customactioncall.js	1573844819495	1573844819507	OK	 
REQUEST	1		customcanales.min.js	1573844819494	1573844819509	OK	 
REQUEST	1		blank.js?rev=ZaOXZEobVwykPO9g8hq%2F8A%3D%3D	1573844819508	1573844819524	OK	 
REQUEST	1		ScriptResource.axd?d=DbBIHdj-QC5CO88xwauS5dkoqIs6nZmS0i8rusZB1q2JCx1O17otX38Pbo9-Co9QXf_ywgPOgCaWxydR-v-KO_BCuip-vRkoHzjnd81XPEqYhrrZRFvD28DBse-3zjaVmjdm2hC17AQqDXfxT3KoyoLs-sQ7qPLfqrjuPJokLcOn_d3Dmrsd446-Hg6mDbff0&t=2b48f70a	1573844819505	1573844819544	OK	 
REQUEST	1		ScriptResource.axd?d=LzPGXWTyY4NfgAzL7AVGti8jNkeNvyxE7t2p3M-3BPJvKFvvkBUGxbbcxESn55TFNOUl8xW6SvygFDc-U8cavgouTpfnyDz3b86dyb2Q1b12B-B2zqJbKL3UrhnjJpkL79pBm9zX4FVDPUA4BsjrvCFATMYLp3cyBtLpIkBKZKUxDrfJga0vw4ZjurZ0mn1o0&t=2b48f70a	1573844819511	1573844819644	OK	 
REQUEST	1		ScriptResx.ashx?culture=es%2Des&name=SP%2ERes&rev=DoAHv8R6TO7rl33LcYBJTA%3D%3D	1573844819549	1573844819649	OK	 
REQUEST	1		sp.init.js?rev=jvJC3Kl5gbORaLtf7kxULQ%3D%3D	1573844819525	1573844819653	OK	 
REQUEST	1		sp.runtime.js?rev=5f2WkYJoaxlIRdwUeg4WEg%3D%3D	1573844819647	1573844819665	OK	 
REQUEST	1		ScriptResx.ashx?culture=es%2Des&name=Srch%2EResources&rev=GVo354neq7eNTurLgIdpJQ%3D%3D	1573844819669	1573844819690	OK	 
REQUEST	1		sp.search.js?rev=dMkPlEXpdY6iJ%2FsY5RsB0g%3D%3D	1573844819652	1573844819752	OK	 
REQUEST	1		search.cbs.js?rev=S5EegsQhNKgWxVFmcqr5dQ%3D%3D	1573844819755	1573844819774	OK	 
REQUEST	1		search.clientcontrols.js?rev=8Q15HW2EU2aXBktJq5YW%2FA%3D%3D	1573844819692	1573844819785	OK	 
REQUEST	1		spcommon.png?rev=23	1573844819776	1573844819791	OK	 
REQUEST	1		clientrenderer.js?rev=PWwV4FATEiOxN90BeB5Hzw%3D%3D	1573844819655	1573844819793	OK	 
REQUEST	1		WebResource.axd?d=hcspxoKGngdkW0b6xYvFftMD9L7tgVctZKvxUqyhcPMOX4gSlmQgLLYGJ7F9lMuasHqe9Mv5x6g7VZmrwkJEQmLxw_pNwohGyqmgqyaeGpA1&t=636767428042202005	1573844819792	1573844819840	OK	 
REQUEST	1		logo_compensar.png?rev=23	1573844819790	1573844819852	OK	 
REQUEST	1		searchresultui.png?rev=23	1573844819855	1573844819866	OK	 
REQUEST	1		WebResource.axd?d=VE1LltKE1dXL7-UbkAp-bt6ljn4Brx0V3X9hDRsD8jSFT9qB8YndTHVisocnrFQ8rNfw3OXiDn_Fb7iUlcK8bUIBKyIA1h_3y1b4G2-c7f01&t=636767428042202005	1573844819868	1573844819877	OK	 
REQUEST	1		logo_compensar.png	1573844819795	1573844819880	OK	 
REQUEST	1		nodearrow.png	1573844819878	1573844819888	OK	 
REQUEST	1		logo-compensar-gris.svg	1573844819847	1573844819927	OK	 
REQUEST	1		datalayercorporativo.min.js	1573844818710	1573844819995	OK	 
REQUEST	1		minisp.min.js	1573844818708	1573844819997	OK	 
REQUEST	1		ParqueaderosV2.js	1573844819889	1573844820008	OK	 
REQUEST	1		estilos.css	1573844819881	1573844820011	OK	 
REQUEST	1		marcador.png	1573844819929	1573844820035	OK	 
REQUEST	1		request_3	1573844820010	1573844820039	OK	 
REQUEST	1		mainContentInterno.js	1573844819999	1573844820060	OK	 
REQUEST	1		request_7	1573844820034	1573844820062	OK	 
REQUEST	1		request_8	1573844820036	1573844820065	OK	 
REQUEST	1		compensar.detallevivienda.min.css?ctag=5143$$15.0.4927.1000	1573844819996	1573844820073	OK	 
REQUEST	1		request_14	1573844820064	1573844820137	OK	 
REQUEST	1		request_15	1573844820067	1573844820139	OK	 
REQUEST	1		request_16	1573844820074	1573844820156	OK	 
REQUEST	1		init.js?rev=ZwTQYqYlNTyyuMWaLlhwSg%3D%3D	1573844818709	1573844820194	OK	 
REQUEST	1		request_18	1573844820140	1573844820222	OK	 
REQUEST	1		request_13	1573844820061	1573844820243	OK	 
REQUEST	1		request_19	1573844820158	1573844820277	OK	 
REQUEST	1		request_17	1573844820138	1573844820285	OK	 
REQUEST	1		request_10	1573844820059	1573844820328	OK	 
REQUEST	1		request_26	1573844820286	1573844820330	OK	 
REQUEST	1		request_30	1573844820331	1573844820355	OK	 
REQUEST	1		request_25	1573844820279	1573844820459	OK	 
REQUEST	1		request_27	1573844820329	1573844820519	OK	 
REQUEST	1		request_40	1573844820527	1573844820543	OK	 
REQUEST	1		request_38	1573844820460	1573844820580	OK	 
REQUEST	1		request_20	1573844820198	1573844820711	OK	 
REQUEST	1		request_42	1573844820545	1573844820765	OK	 
REQUEST	1		request_44	1573844820589	1573844820767	OK	 
REQUEST	1		request_22	1573844820223	1573844820769	OK	 
REQUEST	1		request_24	1573844820265	1573844820959	OK	 
REQUEST	1		request_49	1573844820768	1573844821052	OK	 
REQUEST	1		request_48	1573844820766	1573844821053	OK	 
REQUEST	1		request_46	1573844820764	1573844821368	OK	 
REQUEST	1		request_34	1573844820357	1573844822254	OK	 
REQUEST	1		request_56	1573844823270	1573844823361	OK	 
REQUEST	1		request_57	1573844824360	1573844824484	OK	 
REQUEST	1		request_57 Redirect 1	1573844824504	1573844824601	OK	 
REQUEST	1		request_57 Redirect 2	1573844824604	1573844824623	OK	 
REQUEST	1		request_57 Redirect 3	1573844824624	1573844825331	OK	 
REQUEST	1		request_66	1573844825432	1573844825449	OK	 
REQUEST	1		eyesClass.css	1573844825434	1573844825457	OK	 
REQUEST	1		request_63	1573844825432	1573844825524	OK	 
REQUEST	1		request_67	1573844825433	1573844825527	OK	 
REQUEST	1		request_68	1573844825434	1573844825528	OK	 
REQUEST	1		loadingCompensar.gif	1573844825458	1573844825556	OK	 
REQUEST	1		modules?v=SqDhzDYakMzJp-M-gCcQFj4vc5izybzoH2OW-2is2fY1	1573844825436	1573844825578	OK	 
REQUEST	1		fonts?v=Y7MRUdvwE1hUsovmZYz9T7_41CMp95gKZ_Q9iYUO2O81	1573844825436	1573844825581	OK	 
REQUEST	1		modernizr?v=inCVuEFe6J4Q07A0AcRsbJic_UE5MwpRMNGcOtk94TE1	1573844825437	1573844825594	OK	 
REQUEST	1		resetValidation.js	1573844825595	1573844825634	OK	 
REQUEST	1		bootstrap?v=02I37B8URpB7hqkZrxMEO7o6VbDywYH_vuXan7A7mR81	1573844825580	1573844825668	OK	 
REQUEST	1		utils.js	1573844825635	1573844825670	OK	 
REQUEST	1		jqueryval?v=GkCXUO1MPqHDkNoDt8-shdnQEI8KGbNadRAAUqm2VOA1	1573844825582	1573844825695	OK	 
REQUEST	1		modal.js	1573844825669	1573844825697	OK	 
REQUEST	1		loading.js	1573844825671	1573844825705	OK	 
REQUEST	1		jquery?v=JL596WEzEYSLK79KRL4It4N63VXpRlW4A824KHlhVLc1	1573844825557	1573844825749	OK	 
REQUEST	1		sessionchecker.js	1573844825696	1573844825767	OK	 
REQUEST	1		request_60	1573844825706	1573844825770	OK	 
REQUEST	1		request_62	1573844825751	1573844825826	OK	 
REQUEST	1		css?v=udBLYkNkikBQ6JWixlUMiJYcZz7DRJzdxBJZ-rKFDsg1	1573844825435	1573844825859	OK	 
REQUEST	1		request_59	1573844825698	1573844825874	OK	 
REQUEST	1		bootstrap.min.css	1573844825395	1573844825887	OK	 
REQUEST	1		request_71	1573844825438	1573844825893	OK	 
REQUEST	1		request_65	1573844825768	1573844825938	OK	 
REQUEST	1		logo-compensar-blanco.svg	1573844825437	1573844826739	OK	 
REQUEST	1		request_72	1573844837776	1573844851557	OK	 
REQUEST	1		request_72 Redirect 1	1573844851563	1573844862935	OK	 
REQUEST	1		request_188	1573844862969	1573844862978	OK	 
REQUEST	1		request_125	1573844862970	1573844862990	OK	 
REQUEST	1		request_131	1573844862974	1573844862991	OK	 
REQUEST	1		request_164	1573844862970	1573844863039	OK	 
REQUEST	1		request_163	1573844862970	1573844863040	OK	 
REQUEST	1		request_136	1573844862969	1573844863041	OK	 
REQUEST	1		request_141	1573844862976	1573844863087	OK	 
REQUEST	1		request_134	1573844862971	1573844863089	OK	 
REQUEST	1		request_137	1573844862974	1573844863091	OK	 
REQUEST	1		request_132	1573844862971	1573844863092	OK	 
REQUEST	1		request_140	1573844862975	1573844863221	OK	 
REQUEST	1		request_175	1573844862972	1573844863411	OK	 
REQUEST	1		request_161	1573844862993	1573844863416	OK	 
REQUEST	1		request_73	1573844862973	1573844863418	KO	status.find.in(200,201,202,203,204,205,206,207,208,209,304), found 500
REQUEST	1		request_152	1573844862976	1573844863914	OK	 
REQUEST	1		request_180	1573844863091	1573844864140	OK	 
REQUEST	1		request_168	1573844863088	1573844864861	OK	 
USER	sedeAutosur3a6utenticado	1	END	1573844817662	1573844864885
