RUN	Compenssar.user	user	1571849089924	 	3.0.2
USER	SmokeTest	1	START	1571849091949	1571849091949
USER	SmokeTest	2	START	1571849092068	1571849092068
USER	SmokeTest	3	START	1571849092166	1571849092166
USER	SmokeTest	4	START	1571849092264	1571849092264
USER	SmokeTest	5	START	1571849092367	1571849092367
USER	SmokeTest	6	START	1571849092464	1571849092464
REQUEST	1		SmokeTest	1571849091988	1571849092515	OK	 
REQUEST	3		SmokeTest	1571849092167	1571849092462	OK	 
REQUEST	4		SmokeTest	1571849092265	1571849092557	OK	 
USER	SmokeTest	1	END	1571849091949	1571849092551
USER	SmokeTest	3	END	1571849092166	1571849092554
USER	SmokeTest	4	END	1571849092264	1571849092560
REQUEST	2		SmokeTest	1571849092069	1571849092472	OK	 
USER	SmokeTest	2	END	1571849092068	1571849092571
USER	SmokeTest	7	START	1571849092581	1571849092581
REQUEST	5		SmokeTest	1571849092368	1571849092661	OK	 
USER	SmokeTest	5	END	1571849092367	1571849092664
USER	SmokeTest	8	START	1571849092665	1571849092665
REQUEST	6		SmokeTest	1571849092465	1571849092766	OK	 
USER	SmokeTest	6	END	1571849092464	1571849092796
USER	SmokeTest	9	START	1571849092800	1571849092800
USER	SmokeTest	10	START	1571849092864	1571849092864
REQUEST	7		SmokeTest	1571849092582	1571849092917	OK	 
USER	SmokeTest	7	END	1571849092581	1571849092921
USER	SmokeTest	11	START	1571849092964	1571849092964
REQUEST	8		SmokeTest	1571849092666	1571849093034	OK	 
USER	SmokeTest	8	END	1571849092665	1571849093038
USER	SmokeTest	12	START	1571849093067	1571849093067
REQUEST	9		SmokeTest	1571849092801	1571849093157	OK	 
USER	SmokeTest	9	END	1571849092800	1571849093160
USER	SmokeTest	13	START	1571849093168	1571849093168
REQUEST	10		SmokeTest	1571849092865	1571849093176	OK	 
USER	SmokeTest	10	END	1571849092864	1571849093178
REQUEST	11		SmokeTest	1571849092965	1571849093262	OK	 
USER	SmokeTest	11	END	1571849092964	1571849093268
USER	SmokeTest	14	START	1571849093274	1571849093274
USER	SmokeTest	15	START	1571849093365	1571849093365
REQUEST	12		SmokeTest	1571849093069	1571849093461	OK	 
USER	SmokeTest	12	END	1571849093067	1571849093464
USER	SmokeTest	16	START	1571849093464	1571849093464
REQUEST	13		SmokeTest	1571849093168	1571849093549	OK	 
USER	SmokeTest	13	END	1571849093168	1571849093552
USER	SmokeTest	17	START	1571849093565	1571849093565
REQUEST	14		SmokeTest	1571849093276	1571849093629	OK	 
USER	SmokeTest	14	END	1571849093274	1571849093632
USER	SmokeTest	18	START	1571849093664	1571849093664
REQUEST	15		SmokeTest	1571849093366	1571849093717	OK	 
USER	SmokeTest	15	END	1571849093365	1571849093721
USER	SmokeTest	19	START	1571849093773	1571849093773
REQUEST	16		SmokeTest	1571849093465	1571849093853	OK	 
USER	SmokeTest	16	END	1571849093464	1571849093856
USER	SmokeTest	20	START	1571849093867	1571849093867
REQUEST	17		SmokeTest	1571849093567	1571849093868	OK	 
USER	SmokeTest	17	END	1571849093565	1571849093870
REQUEST	18		SmokeTest	1571849093665	1571849093950	OK	 
USER	SmokeTest	18	END	1571849093664	1571849093955
USER	SmokeTest	21	START	1571849093964	1571849093964
USER	SmokeTest	22	START	1571849094024	1571849094024
USER	SmokeTest	23	START	1571849094114	1571849094114
REQUEST	19		SmokeTest	1571849093774	1571849094119	OK	 
USER	SmokeTest	19	END	1571849093773	1571849094121
REQUEST	20		SmokeTest	1571849093867	1571849094208	OK	 
USER	SmokeTest	20	END	1571849093867	1571849094210
USER	SmokeTest	24	START	1571849094214	1571849094214
REQUEST	21		SmokeTest	1571849093966	1571849094306	OK	 
USER	SmokeTest	21	END	1571849093964	1571849094308
USER	SmokeTest	25	START	1571849094315	1571849094315
USER	SmokeTest	26	START	1571849094415	1571849094415
REQUEST	22		SmokeTest	1571849094025	1571849094363	OK	 
REQUEST	23		SmokeTest	1571849094115	1571849094413	OK	 
USER	SmokeTest	22	END	1571849094024	1571849094447
USER	SmokeTest	23	END	1571849094114	1571849094449
REQUEST	24		SmokeTest	1571849094215	1571849094501	OK	 
USER	SmokeTest	24	END	1571849094214	1571849094503
USER	SmokeTest	27	START	1571849094524	1571849094524
REQUEST	25		SmokeTest	1571849094316	1571849094605	OK	 
USER	SmokeTest	25	END	1571849094315	1571849094615
USER	SmokeTest	28	START	1571849094617	1571849094617
USER	SmokeTest	29	START	1571849094716	1571849094716
REQUEST	26		SmokeTest	1571849094416	1571849094775	OK	 
USER	SmokeTest	26	END	1571849094415	1571849094777
USER	SmokeTest	30	START	1571849094815	1571849094815
REQUEST	27		SmokeTest	1571849094525	1571849094876	OK	 
USER	SmokeTest	27	END	1571849094524	1571849094879
USER	SmokeTest	31	START	1571849094915	1571849094915
REQUEST	28		SmokeTest	1571849094619	1571849094997	OK	 
USER	SmokeTest	28	END	1571849094617	1571849094999
REQUEST	29		SmokeTest	1571849094717	1571849095004	OK	 
USER	SmokeTest	29	END	1571849094716	1571849095006
USER	SmokeTest	32	START	1571849095008	1571849095008
USER	SmokeTest	33	START	1571849095109	1571849095109
REQUEST	30		SmokeTest	1571849094816	1571849095161	OK	 
USER	SmokeTest	30	END	1571849094815	1571849095163
REQUEST	31		SmokeTest	1571849094916	1571849095201	OK	 
USER	SmokeTest	31	END	1571849094915	1571849095203
USER	SmokeTest	34	START	1571849095214	1571849095214
USER	SmokeTest	35	START	1571849095305	1571849095305
REQUEST	32		SmokeTest	1571849095009	1571849095371	OK	 
USER	SmokeTest	32	END	1571849095008	1571849095375
USER	SmokeTest	36	START	1571849095414	1571849095414
REQUEST	33		SmokeTest	1571849095109	1571849095443	OK	 
USER	SmokeTest	33	END	1571849095109	1571849095448
REQUEST	34		SmokeTest	1571849095218	1571849095503	OK	 
USER	SmokeTest	34	END	1571849095214	1571849095506
USER	SmokeTest	37	START	1571849095507	1571849095507
USER	SmokeTest	38	START	1571849095604	1571849095604
REQUEST	35		SmokeTest	1571849095305	1571849095641	OK	 
USER	SmokeTest	35	END	1571849095305	1571849095643
USER	SmokeTest	39	START	1571849095711	1571849095711
REQUEST	36		SmokeTest	1571849095415	1571849095774	OK	 
USER	SmokeTest	36	END	1571849095414	1571849095777
USER	SmokeTest	40	START	1571849095804	1571849095804
REQUEST	37		SmokeTest	1571849095508	1571849095847	OK	 
USER	SmokeTest	37	END	1571849095507	1571849095849
REQUEST	38		SmokeTest	1571849095606	1571849095892	OK	 
USER	SmokeTest	38	END	1571849095604	1571849095895
USER	SmokeTest	41	START	1571849095914	1571849095914
USER	SmokeTest	42	START	1571849096023	1571849096023
REQUEST	39		SmokeTest	1571849095712	1571849096063	OK	 
USER	SmokeTest	39	END	1571849095711	1571849096065
USER	SmokeTest	43	START	1571849096114	1571849096114
REQUEST	40		SmokeTest	1571849095805	1571849096146	OK	 
USER	SmokeTest	40	END	1571849095804	1571849096148
USER	SmokeTest	44	START	1571849096214	1571849096214
REQUEST	41		SmokeTest	1571849095915	1571849096242	OK	 
USER	SmokeTest	41	END	1571849095914	1571849096250
USER	SmokeTest	45	START	1571849096314	1571849096314
REQUEST	42		SmokeTest	1571849096023	1571849096341	OK	 
USER	SmokeTest	42	END	1571849096023	1571849096344
REQUEST	43		SmokeTest	1571849096115	1571849096397	OK	 
USER	SmokeTest	43	END	1571849096114	1571849096399
USER	SmokeTest	46	START	1571849096414	1571849096414
REQUEST	44		SmokeTest	1571849096215	1571849096504	OK	 
USER	SmokeTest	44	END	1571849096214	1571849096507
USER	SmokeTest	47	START	1571849096523	1571849096523
REQUEST	45		SmokeTest	1571849096315	1571849096590	OK	 
USER	SmokeTest	45	END	1571849096314	1571849096592
USER	SmokeTest	48	START	1571849096619	1571849096619
USER	SmokeTest	49	START	1571849096723	1571849096723
REQUEST	46		SmokeTest	1571849096415	1571849096775	OK	 
USER	SmokeTest	46	END	1571849096414	1571849096777
REQUEST	47		SmokeTest	1571849096524	1571849096818	OK	 
USER	SmokeTest	50	START	1571849096819	1571849096819
USER	SmokeTest	47	END	1571849096523	1571849096820
REQUEST	48		SmokeTest	1571849096619	1571849096905	OK	 
USER	SmokeTest	48	END	1571849096619	1571849096907
USER	SmokeTest	51	START	1571849096915	1571849096915
REQUEST	49		SmokeTest	1571849096725	1571849097017	OK	 
USER	SmokeTest	49	END	1571849096723	1571849097019
USER	SmokeTest	52	START	1571849097024	1571849097024
USER	SmokeTest	53	START	1571849097119	1571849097119
REQUEST	50		SmokeTest	1571849096820	1571849097122	OK	 
USER	SmokeTest	50	END	1571849096819	1571849097123
USER	