RUN	Compenssar.sedeAutosur3a6utenticado	sedeautosur3a6utenticado	1573842303521	 	3.0.2
USER	sedeAutosur3a6utenticado	1	START	1573842306385	1573842306385
REQUEST	1		request_0	1573842306432	1573842307032	OK	 
REQUEST	1		favicon.ico?rev=23	1573842307701	1573842307724	OK	 
REQUEST	1		bootstrap.min.js	1573842307736	1573842307806	OK	 
REQUEST	1		jquery.spservices-2014.02.min.js	1573842307819	1573842307867	OK	 
REQUEST	1		request_41	1573842307612	1573842307909	OK	 
REQUEST	1		mmapi.js	1573842307625	1573842307915	OK	 
REQUEST	1		knockout-3.4.1.min.js?v=1	1573842307870	1573842307973	OK	 
REQUEST	1		request_4	1573842307642	1573842307992	OK	 
REQUEST	1		datalayercorporativo.min.js	1573842307708	1573842307997	OK	 
REQUEST	1		request_50	1573842307565	1573842308009	OK	 
REQUEST	1		ko.sp-1.0.min.js	1573842307980	1573842308042	OK	 
REQUEST	1		request_45	1573842307562	1573842308082	OK	 
REQUEST	1		request_47	1573842307564	1573842308120	OK	 
REQUEST	1		request_51	1573842307566	1573842308126	OK	 
REQUEST	1		request_52	1573842307567	1573842308130	OK	 
REQUEST	1		slick.min.js	1573842308000	1573842308136	OK	 
REQUEST	1		rangeslider.min.js	1573842308051	1573842308159	OK	 
REQUEST	1		request_9	1573842307516	1573842308165	OK	 
REQUEST	1		request_54	1573842308091	1573842308171	OK	 
REQUEST	1		request_55	1573842308124	1573842308173	OK	 
REQUEST	1		request_53	1573842308015	1573842308177	OK	 
REQUEST	1		ion.rangeslider.min.js	1573842308139	1573842308195	OK	 
REQUEST	1		picturefill.min.js	1573842308161	1573842308199	OK	 
REQUEST	1		bluebird.min.js	1573842307709	1573842308208	OK	 
REQUEST	1		request_28	1573842307530	1573842308213	OK	 
REQUEST	1		validate.min.js	1573842308198	1573842308215	OK	 
REQUEST	1		jquery.validate.min.js	1573842308201	1573842308219	OK	 
REQUEST	1		init.js?rev=ZwTQYqYlNTyyuMWaLlhwSg%3D%3D	1573842307706	1573842308222	OK	 
REQUEST	1		afiliaciones.config.js?v=5	1573842308218	1573842308230	OK	 
REQUEST	1		compTools.min.js?v=1	1573842308221	1573842308243	OK	 
REQUEST	1		croppie.min.js	1573842308211	1573842308247	OK	 
REQUEST	1		compensar.script.min.js	1573842308227	1573842308251	OK	 
REQUEST	1		request_5	1573842307646	1573842308256	OK	 
REQUEST	1		js?key=AIzaSyBQs4JbPCHOPygyJzKnUYgsAm35jOpmshk	1573842307532	1573842308260	OK	 
REQUEST	1		compensar.actualizarcorreo.min.js	1573842308231	1573842308263	OK	 
REQUEST	1		sjcl.min.js	1573842308246	1573842308268	OK	 
REQUEST	1		compensar.loadComponents.min.js?v=1	1573842308250	1573842308272	OK	 
REQUEST	1		compensar.tiempoInactividad.min.js?v=1	1573842308252	1573842308274	OK	 
REQUEST	1		compensar.detectarAncho.min.js?v=1	1573842308270	1573842308330	OK	 
REQUEST	1		request_21	1573842307568	1573842308333	OK	 
REQUEST	1		request_31	1573842307610	1573842308336	OK	 
REQUEST	1		request_32	1573842307611	1573842308340	OK	 
REQUEST	1		request_6	1573842307648	1573842308342	OK	 
REQUEST	1		compensar.enModoEdicion.min.js?v=1	1573842308267	1573842308346	OK	 
REQUEST	1		compensar.menuDesplegable.min.js?v=1	1573842308331	1573842308351	OK	 
REQUEST	1		compensar.agregarTitulowebparts.min.js?v=1	1573842308276	1573842308356	OK	 
REQUEST	1		compensar.deferImages.min.js?v=1	1573842308273	1573842308359	OK	 
REQUEST	1		request_2	1573842307710	1573842308368	OK	 
REQUEST	1		compensar.controlPestanas.min.js?v=1	1573842308354	1573842308373	OK	 
REQUEST	1		compensar.controlAcordeon.min.js?v=1	1573842308357	1573842308376	OK	 
REQUEST	1		compensar.miCompensarPerfil.min.js?v=1	1573842308349	1573842308382	OK	 
REQUEST	1		compensar.filtroControlerVivienda.min.js?v=1	1573842308362	1573842308386	OK	 
REQUEST	1		mainContent.min.js?v=1	1573842308375	1573842308389	OK	 
REQUEST	1		headerNav.min.js?v=1	1573842308378	1573842308393	OK	 
REQUEST	1		modeloMenuAux.min.js?v=1	1573842308384	1573842308420	OK	 
REQUEST	1		compensar.menuSecundario.min.js?v=1	1573842308388	1573842308432	OK	 
REQUEST	1		compensar.quitarLoading.min.js?v=1	1573842308392	1573842308436	OK	 
REQUEST	1		compensar.componenteEmailController.min.js?v=1	1573842308399	1573842308441	OK	 
REQUEST	1		compensar.footer.min.js?v=1	1573842308422	1573842308447	OK	 
REQUEST	1		compensar.notificaciones.min.js	1573842308439	1573842308475	OK	 
REQUEST	1		jquery-3.1.1.min.js	1573842307708	1573842308497	OK	 
REQUEST	1		compensar.componentePopUpController.min.js?v=1	1573842308434	1573842308502	OK	 
REQUEST	1		request_43	1573842307650	1573842308504	OK	 
REQUEST	1		customcanales.min.js	1573842308443	1573842308505	OK	 
REQUEST	1		customactioncall.js	1573842308452	1573842308508	OK	 
REQUEST	1		blank.js?rev=ZaOXZEobVwykPO9g8hq%2F8A%3D%3D	1573842308501	1573842308515	OK	 
REQUEST	1		ScriptResx.ashx?culture=es%2Des&name=SP%2ERes&rev=DoAHv8R6TO7rl33LcYBJTA%3D%3D	1573842308509	1573842308526	OK	 
REQUEST	1		ScriptResource.axd?d=LzPGXWTyY4NfgAzL7AVGti8jNkeNvyxE7t2p3M-3BPJvKFvvkBUGxbbcxESn55TFNOUl8xW6SvygFDc-U8cavgouTpfnyDz3b86dyb2Q1b12B-B2zqJbKL3UrhnjJpkL79pBm9zX4FVDPUA4BsjrvCFATMYLp3cyBtLpIkBKZKUxDrfJga0vw4ZjurZ0mn1o0&t=72e85ccd	1573842308503	1573842308534	OK	 
REQUEST	1		ScriptResource.axd?d=DbBIHdj-QC5CO88xwauS5dkoqIs6nZmS0i8rusZB1q2JCx1O17otX38Pbo9-Co9QXf_ywgPOgCaWxydR-v-KO_BCuip-vRkoHzjnd81XPEqYhrrZRFvD28DBse-3zjaVmjdm2hC17AQqDXfxT3KoyoLs-sQ7qPLfqrjuPJokLcOn_d3Dmrsd446-Hg6mDbff0&t=72e85ccd	1573842308490	1573842308540	OK	 
REQUEST	1		sp.runtime.js?rev=5f2WkYJoaxlIRdwUeg4WEg%3D%3D	1573842308516	1573842308550	OK	 
REQUEST	1		sp.init.js?rev=jvJC3Kl5gbORaLtf7kxULQ%3D%3D	1573842308507	1573842308561	OK	 
REQUEST	1		clientrenderer.js?rev=PWwV4FATEiOxN90BeB5Hzw%3D%3D	1573842308537	1573842308565	OK	 
REQUEST	1		ScriptResx.ashx?culture=es%2Des&name=Srch%2EResources&rev=GVo354neq7eNTurLgIdpJQ%3D%3D	1573842308545	1573842308578	OK	 
REQUEST	1		search.cbs.js?rev=S5EegsQhNKgWxVFmcqr5dQ%3D%3D	1573842308564	1573842308581	OK	 
REQUEST	1		WebResource.axd?d=hcspxoKGngdkW0b6xYvFftMD9L7tgVctZKvxUqyhcPMOX4gSlmQgLLYGJ7F9lMuasHqe9Mv5x6g7VZmrwkJEQmLxw_pNwohGyqmgqyaeGpA1&t=635792838349294682	1573842308582	1573842308604	OK	 
REQUEST	1		sp.search.js?rev=dMkPlEXpdY6iJ%2FsY5RsB0g%3D%3D	1573842308529	1573842308610	OK	 
REQUEST	1		spcommon.png?rev=23	1573842308567	1573842308613	OK	 
REQUEST	1		logo_compensar.png?rev=23	1573842308580	1573842308621	OK	 
REQUEST	1		searchresultui.png?rev=23	1573842308615	1573842308636	OK	 
REQUEST	1		WebResource.axd?d=VE1LltKE1dXL7-UbkAp-bt6ljn4Brx0V3X9hDRsD8jSFT9qB8YndTHVisocnrFQ8rNfw3OXiDn_Fb7iUlcK8bUIBKyIA1h_3y1b4G2-c7f01&t=635792838349294682	1573842308622	1573842308642	OK	 
REQUEST	1		logo-compensar-gris.svg	1573842308613	1573842308652	OK	 
REQUEST	1		estilos.css	1573842308643	1573842308664	OK	 
REQUEST	1		nodearrow.png	1573842308637	1573842308679	OK	 
REQUEST	1		logo_compensar.png	1573842308606	1573842308682	OK	 
REQUEST	1		ParqueaderosV2.js	1573842308653	1573842308685	OK	 
REQUEST	1		marcador.png	1573842308679	1573842308695	OK	 
REQUEST	1		compensar.detallevivienda.min.css?ctag=5143$$15.0.4927.1000	1573842308680	1573842308697	OK	 
REQUEST	1		mainContentInterno.js	1573842308684	1573842308705	OK	 
REQUEST	1		request_7	1573842308696	1573842308716	OK	 
REQUEST	1		request_10	1573842308707	1573842308749	OK	 
REQUEST	1		search.clientcontrols.js?rev=8Q15HW2EU2aXBktJq5YW%2FA%3D%3D	1573842308559	1573842308752	OK	 
REQUEST	1		request_3	1573842308687	1573842308764	OK	 
REQUEST	1		request_8	1573842308704	1573842308783	OK	 
REQUEST	1		request_13	1573842308748	1573842308793	OK	 
REQUEST	1		request_14	1573842308751	1573842308800	OK	 
REQUEST	1		request_15	1573842308759	1573842308803	OK	 
REQUEST	1		request_18	1573842308799	1573842308825	OK	 
REQUEST	1		request_17	1573842308785	1573842308830	OK	 
REQUEST	1		request_19	1573842308801	1573842308832	OK	 
REQUEST	1		request_16	1573842308782	1573842308834	OK	 
REQUEST	1		request_26	1573842308835	1573842308873	OK	 
REQUEST	1		request_24	1573842308831	1573842308876	OK	 
REQUEST	1		request_25	1573842308833	1573842308942	OK	 
REQUEST	1		request_30	1573842308879	1573842308965	OK	 
REQUEST	1		request_22	1573842308826	1573842308992	OK	 
REQUEST	1		request_38	1573842308966	1573842308999	OK	 
REQUEST	1		minisp.min.js	1573842307705	1573842309002	OK	 
REQUEST	1		request_40	1573842308997	1573842309053	OK	 
REQUEST	1		request_42	1573842309001	1573842309113	OK	 
REQUEST	1		request_46	1573842309055	1573842309132	OK	 
REQUEST	1		request_44	1573842309003	1573842309134	OK	 
REQUEST	1		request_27	1573842308875	1573842309149	OK	 
REQUEST	1		request_20	1573842308810	1573842309230	OK	 
REQUEST	1		request_48	1573842309115	1573842309269	OK	 
REQUEST	1		request_49	1573842309133	1573842309285	OK	 
REQUEST	1		request_34	1573842308944	1573842309433	OK	 
REQUEST	1		request_56	1573842310452	1573842310559	OK	 
REQUEST	1		request_57	1573842311560	1573842311583	OK	 
REQUEST	1		request_57 Redirect 1	1573842311591	1573842311660	OK	 
REQUEST	1		request_57 Redirect 2	1573842311663	1573842311676	OK	 
REQUEST	1		request_57 Redirect 3	1573842311677	1573842311699	OK	 
REQUEST	1		request_66	1573842311776	1573842311791	OK	 
REQUEST	1		eyesClass.css	1573842311780	1573842311796	OK	 
REQUEST	1		loadingCompensar.gif	1573842311797	1573842311814	OK	 
REQUEST	1		request_67	1573842311778	1573842311857	OK	 
REQUEST	1		request_63	1573842311777	1573842311859	OK	 
REQUEST	1		request_68	1573842311779	1573842311860	OK	 
REQUEST	1		fonts?v=Y7MRUdvwE1hUsovmZYz9T7_41CMp95gKZ_Q9iYUO2O81	1573842311782	1573842311869	OK	 
REQUEST	1		modules?v=SqDhzDYakMzJp-M-gCcQFj4vc5izybzoH2OW-2is2fY1	1573842311783	1573842311875	OK	 
REQUEST	1		modernizr?v=inCVuEFe6J4Q07A0AcRsbJic_UE5MwpRMNGcOtk94TE1	1573842311784	1573842311883	OK	 
REQUEST	1		logo-compensar-blanco.svg	1573842311785	1573842311885	OK	 
REQUEST	1		jquery?v=JL596WEzEYSLK79KRL4It4N63VXpRlW4A824KHlhVLc1	1573842311815	1573842311888	OK	 
REQUEST	1		css?v=udBLYkNkikBQ6JWixlUMiJYcZz7DRJzdxBJZ-rKFDsg1	1573842311781	1573842311893	OK	 
REQUEST	1		bootstrap?v=02I37B8URpB7hqkZrxMEO7o6VbDywYH_vuXan7A7mR81	1573842311873	1573842311901	OK	 
REQUEST	1		resetValidation.js	1573842311884	1573842311908	OK	 
REQUEST	1		modal.js	1573842311892	1573842311916	OK	 
REQUEST	1		utils.js	1573842311887	1573842311918	OK	 
REQUEST	1		loading.js	1573842311899	1573842311921	OK	 
REQUEST	1		sessionchecker.js	1573842311903	1573842311923	OK	 
REQUEST	1		jqueryval?v=GkCXUO1MPqHDkNoDt8-shdnQEI8KGbNadRAAUqm2VOA1	1573842311877	1573842311924	OK	 
REQUEST	1		request_59	1573842311909	1573842311931	OK	 
REQUEST	1		request_60	1573842311917	1573842311933	OK	 
REQUEST	1		request_62	1573842311920	1573842311939	OK	 
REQUEST	1		request_65	1573842311922	1573842312029	OK	 
REQUEST	1		request_71	1573842311786	1573842312204	OK	 
REQUEST	1		bootstrap.min.css	1573842311775	1573842312205	OK	 
REQUEST	1		request_72	1573842323224	1573842323245	KO	status.find.in(200,201,202,203,204,205,206,207,208,209,304), found 500
USER	sedeAutosur3a6utenticado	1	END	1573842306385	1573842323276
