RUN	Compenssar.afiliacionEmpresa	afiliacionempresa	1573834592204	 	3.0.2
USER	afiliacionEmpresa	1	START	1573834594442	1573834594442
REQUEST	1		request_0	1573834594475	1573834594685	OK	 
REQUEST	1		request_98	1573834594914	1573834595144	OK	 
REQUEST	1		request_1	1573834594975	1573834595228	OK	 
REQUEST	1		0841a3cdb3ab2000bb79d13a909394d15009881a7e7b4e10d42048ca1670fac23b7e482517e04484?type=8	1573834594972	1573834595238	OK	 
REQUEST	1		request_99	1573834594916	1573834595276	OK	 
REQUEST	1		request_101	1573834594917	1573834595284	OK	 
REQUEST	1		request_102	1573834594917	1573834595287	OK	 
REQUEST	1		request_103	1573834594918	1573834595290	OK	 
REQUEST	1		request_75	1573834594861	1573834595332	OK	 
REQUEST	1		0841a3cdb3ab2000bb79d13a909394d15009881a7e7b4e10d42048ca1670fac23b7e482517e04484?type=12	1573834594974	1573834595336	OK	 
REQUEST	1		request_6	1573834595248	1573834595343	OK	 
REQUEST	1		request_73	1573834594841	1573834595424	OK	 
REQUEST	1		request_59	1573834594978	1573834595525	OK	 
REQUEST	1		request_68	1573834594861	1573834595538	OK	 
REQUEST	1		request_125	1573834594913	1573834595545	OK	 
REQUEST	1		request_76	1573834594960	1573834595551	OK	 
REQUEST	1		request_145	1573834594961	1573834595557	OK	 
REQUEST	1		request_5	1573834595234	1573834595561	OK	 
REQUEST	1		request_126	1573834594914	1573834595582	OK	 
REQUEST	1		request_7	1573834595341	1573834595585	OK	 
REQUEST	1		request_2	1573834594975	1573834595595	OK	 
REQUEST	1		request_3	1573834594976	1573834595601	OK	 
REQUEST	1		request_8	1573834595346	1573834595607	OK	 
REQUEST	1		request_9	1573834595566	1573834595611	OK	 
REQUEST	1		request_11	1573834595601	1573834595615	OK	 
REQUEST	1		request_13	1573834595610	1573834595624	OK	 
REQUEST	1		request_14	1573834595614	1573834595634	OK	 
REQUEST	1		request_10	1573834595592	1573834595643	OK	 
REQUEST	1		request_15	1573834595617	1573834595649	OK	 
REQUEST	1		request_12	1573834595605	1573834595655	OK	 
REQUEST	1		request_17	1573834595641	1573834595658	OK	 
REQUEST	1		request_16	1573834595625	1573834595662	OK	 
REQUEST	1		request_18	1573834595648	1573834595665	OK	 
REQUEST	1		request_19	1573834595653	1573834595669	OK	 
REQUEST	1		request_22	1573834595664	1573834595689	OK	 
REQUEST	1		request_20	1573834595657	1573834595692	OK	 
REQUEST	1		request_21	1573834595660	1573834595720	OK	 
REQUEST	1		request_23	1573834595668	1573834595723	OK	 
REQUEST	1		request_24	1573834595670	1573834595726	OK	 
REQUEST	1		request_25	1573834595691	1573834595732	OK	 
REQUEST	1		request_26	1573834595694	1573834595734	OK	 
REQUEST	1		request_27	1573834595722	1573834595737	OK	 
REQUEST	1		request_28	1573834595725	1573834595744	OK	 
REQUEST	1		request_29	1573834595727	1573834595746	OK	 
REQUEST	1		request_30	1573834595733	1573834595749	OK	 
REQUEST	1		request_31	1573834595735	1573834595785	OK	 
REQUEST	1		request_32	1573834595738	1573834595790	OK	 
REQUEST	1		request_34	1573834595748	1573834595800	OK	 
REQUEST	1		request_35	1573834595750	1573834595803	OK	 
REQUEST	1		request_33	1573834595745	1573834595805	OK	 
REQUEST	1		request_36	1573834595788	1573834595809	OK	 
REQUEST	1		request_37	1573834595792	1573834595819	OK	 
REQUEST	1		request_40	1573834595807	1573834595828	OK	 
REQUEST	1		request_39	1573834595804	1573834595830	OK	 
REQUEST	1		request_38	1573834595802	1573834595831	OK	 
REQUEST	1		request_41	1573834595811	1573834595834	OK	 
REQUEST	1		request_42	1573834595820	1573834595836	OK	 
REQUEST	1		request_44	1573834595831	1573834595882	OK	 
REQUEST	1		request_45	1573834595833	1573834595895	OK	 
REQUEST	1		request_46	1573834595835	1573834595908	OK	 
REQUEST	1		request_43	1573834595829	1573834595912	OK	 
REQUEST	1		request_47	1573834595838	1573834595932	OK	 
REQUEST	1		request_50	1573834595911	1573834595936	OK	 
REQUEST	1		request_49	1573834595899	1573834595941	OK	 
REQUEST	1		request_53	1573834595938	1573834595951	OK	 
REQUEST	1		request_51	1573834595930	1573834595959	OK	 
REQUEST	1		request_54	1573834595944	1573834595962	OK	 
REQUEST	1		request_109	1573834594902	1573834595965	OK	 
REQUEST	1		request_48	1573834595883	1573834596013	OK	 
REQUEST	1		request_55	1573834595952	1573834596018	OK	 
REQUEST	1		request_57	1573834595964	1573834596021	OK	 
REQUEST	1		request_56	1573834595961	1573834596035	OK	 
REQUEST	1		request_60	1573834596019	1573834596044	OK	 
REQUEST	1		request_62	1573834596037	1573834596058	OK	 
REQUEST	1		request_58	1573834596016	1573834596062	OK	 
REQUEST	1		request_63	1573834596046	1573834596081	OK	 
REQUEST	1		request_65	1573834596063	1573834596110	OK	 
REQUEST	1		request_67	1573834596109	1573834596123	OK	 
REQUEST	1		request_66	1573834594918	1573834596131	OK	 
REQUEST	1		request_69	1573834596116	1573834596191	OK	 
REQUEST	1		request_70	1573834596124	1573834596199	OK	 
REQUEST	1		request_71	1573834596192	1573834596209	OK	 
REQUEST	1		request_61	1573834596023	1573834596211	OK	 
REQUEST	1		request_72	1573834596201	1573834596242	OK	 
REQUEST	1		request_4	1573834594977	1573834596244	OK	 
REQUEST	1		request_77	1573834596223	1573834596251	OK	 
REQUEST	1		request_64	1573834596059	1573834596257	OK	 
REQUEST	1		request_78	1573834596243	1573834596314	OK	 
REQUEST	1		request_82	1573834596267	1573834596317	OK	 
REQUEST	1		request_80	1573834596252	1573834596319	OK	 
REQUEST	1		request_79	1573834596245	1573834596321	OK	 
REQUEST	1		request_84	1573834596318	1573834596331	OK	 
REQUEST	1		request_83	1573834596316	1573834596332	OK	 
REQUEST	1		request_85	1573834596320	1573834596343	OK	 
REQUEST	1		request_52	1573834595935	1573834596345	OK	 
REQUEST	1		request_86	1573834596323	1573834596351	OK	 
REQUEST	1		request_87	1573834596332	1573834596353	OK	 
REQUEST	1		request_74	1573834596210	1573834596364	OK	 
REQUEST	1		request_88	1573834596333	1573834596365	OK	 
REQUEST	1		request_90	1573834596350	1573834596367	OK	 
REQUEST	1		request_89	1573834596344	1573834596370	OK	 
REQUEST	1		request_92	1573834596356	1573834596372	OK	 
REQUEST	1		request_91	1573834596352	1573834596374	OK	 
REQUEST	1		request_100	1573834596368	1573834596378	OK	 
REQUEST	1		request_93	1573834596365	1573834596380	OK	 
REQUEST	1		request_94	1573834596366	1573834596384	OK	 
REQUEST	1		request_105	1573834596371	1573834596404	OK	 
REQUEST	1		request_114	1573834596405	1573834596421	OK	 
REQUEST	1		request_107	1573834596376	1573834596429	OK	 
REQUEST	1		request_106	1573834596373	1573834596442	OK	 
REQUEST	1		request_108	1573834596379	1573834596450	OK	 
REQUEST	1		request_115	1573834596422	1573834596451	OK	 
REQUEST	1		request_118	1573834596443	1573834596464	OK	 
REQUEST	1		request_116	1573834596430	1573834596467	OK	 
REQUEST	1		request_121	1573834596453	1573834596469	OK	 
REQUEST	1		request_122	1573834596466	1573834596479	OK	 
REQUEST	1		request_127	1573834596470	1573834596483	OK	 
REQUEST	1		request_113	1573834596385	1573834596492	OK	 
REQUEST	1		request_128	1573834596481	1573834596524	OK	 
REQUEST	1		request_110	1573834596381	1573834596545	OK	 
REQUEST	1		request_130	1573834596498	1573834596557	OK	 
REQUEST	1		request_119	1573834596451	1573834596578	OK	 
REQUEST	1		request_134	1573834596580	1573834596610	OK	 
REQUEST	1		request_135	1573834596612	1573834596645	OK	 
REQUEST	1		request_129	1573834596485	1573834596649	OK	 
REQUEST	1		request_131	1573834596527	1573834596658	OK	 
REQUEST	1		request_133	1573834596558	1573834596669	OK	 
REQUEST	1		request_136	1573834596647	1573834596674	OK	 
REQUEST	1		request_137	1573834596652	1573834596677	OK	 
REQUEST	1		request_138	1573834596659	1573834596680	OK	 
REQUEST	1		request_139	1573834596670	1573834596703	OK	 
REQUEST	1		request_141	1573834596679	1573834596709	OK	 
REQUEST	1		request_140	1573834596676	1573834596710	OK	 
REQUEST	1		request_142	1573834596681	1573834596725	OK	 
REQUEST	1		request_146	1573834596704	1573834596728	OK	 
REQUEST	1		request_132	1573834596548	1573834596732	OK	 
REQUEST	1		request_123	1573834596468	1573834596870	OK	 
REQUEST	1		request_147	1573834600898	1573834601280	OK	 
REQUEST	1		request_233	1573834601412	1573834601503	OK	 
REQUEST	1		request_267	1573834601426	1573834601518	OK	 
REQUEST	1		request_238	1573834601424	1573834601520	OK	 
REQUEST	1		request_262	1573834601425	1573834601521	OK	 
REQUEST	1		minisp.min.js	1573834601446	1573834601522	OK	 
REQUEST	1		favicon.ico?rev=23	1573834601445	1573834601524	OK	 
REQUEST	1		datalayercorporativo.min.js	1573834601448	1573834601527	OK	 
REQUEST	1		jquery-3.1.1.min.js	1573834601447	1573834601530	OK	 
REQUEST	1		bootstrap.min.js	1573834601523	1573834601543	OK	 
REQUEST	1		ko.sp-1.0.min.js	1573834601534	1573834601562	OK	 
REQUEST	1		knockout-3.4.1.min.js?v=1	1573834601529	1573834601573	OK	 
REQUEST	1		rangeslider.min.js	1573834601563	1573834601593	OK	 
REQUEST	1		slick.min.js	1573834601545	1573834601596	OK	 
REQUEST	1		jquery.spservices-2014.02.min.js	1573834601525	1573834601600	OK	 
REQUEST	1		ion.rangeslider.min.js	1573834601574	1573834601606	OK	 
REQUEST	1		picturefill.min.js	1573834601595	1573834601615	OK	 
REQUEST	1		validate.min.js	1573834601599	1573834601619	OK	 
REQUEST	1		request_232	1573834601426	1573834601629	OK	 
REQUEST	1		afiliaciones.config.js?v=5	1573834601618	1573834601659	OK	 
REQUEST	1		croppie.min.js	1573834601609	1573834601660	OK	 
REQUEST	1		compensar.script.min.js	1573834601659	1573834601687	OK	 
REQUEST	1		compTools.min.js?v=1	1573834601629	1573834601691	OK	 
REQUEST	1		compensar.actualizarcorreo.min.js	1573834601661	1573834601695	OK	 
REQUEST	1		request_276	1573834601486	1573834601708	OK	 
REQUEST	1		sjcl.min.js	1573834601690	1573834601714	OK	 
REQUEST	1		compensar.loadComponents.min.js?v=1	1573834601693	1573834601716	OK	 
REQUEST	1		compensar.tiempoInactividad.min.js?v=1	1573834601697	1573834601720	OK	 
REQUEST	1		request_274	1573834601423	1573834601725	OK	 
REQUEST	1		compensar.enModoEdicion.min.js?v=1	1573834601715	1573834601732	OK	 
REQUEST	1		compensar.detectarAncho.min.js?v=1	1573834601717	1573834601734	OK	 
REQUEST	1		request_270	1573834601413	1573834601744	OK	 
REQUEST	1		compensar.agregarTitulowebparts.min.js?v=1	1573834601733	1573834601756	OK	 
REQUEST	1		compensar.menuDesplegable.min.js?v=1	1573834601735	1573834601758	OK	 
REQUEST	1		compensar.deferImages.min.js?v=1	1573834601722	1573834601760	OK	 
REQUEST	1		api.js?onload=captchaReady&render=explicit	1573834601450	1573834601763	OK	 
REQUEST	1		request_277	1573834601488	1573834601766	OK	 
REQUEST	1		compensar.miCompensarPerfil.min.js?v=1	1573834601757	1573834601778	OK	 
REQUEST	1		compensar.controlPestanas.min.js?v=1	1573834601759	1573834601780	OK	 
REQUEST	1		compensar.controlAcordeon.min.js?v=1	1573834601761	1573834601781	OK	 
REQUEST	1		bluebird.min.js	1573834601449	1573834601832	OK	 
REQUEST	1		init.js?rev=ZwTQYqYlNTyyuMWaLlhwSg%3D%3D	1573834601447	1573834601852	OK	 
REQUEST	1		request_271	1573834601423	1573834601856	OK	 
REQUEST	1		request_235	1573834601427	1573834601863	OK	 
REQUEST	1		request_261	1573834601482	1573834601865	OK	 
REQUEST	1		compensar.filtroControlerVivienda.min.js?v=1	1573834601779	1573834601867	OK	 
REQUEST	1		mainContent.min.js?v=1	1573834601781	1573834601869	OK	 
REQUEST	1		modeloMenuAux.min.js?v=1	1573834601834	1573834601871	OK	 
REQUEST	1		headerNav.min.js?v=1	1573834601782	1573834601873	OK	 
REQUEST	1		compensar.menuSecundario.min.js?v=1	1573834601855	1573834601875	OK	 
REQUEST	1		jquery.validate.min.js	1573834601605	1573834601877	OK	 
REQUEST	1		compensar.quitarLoading.min.js?v=1	1573834601869	1573834601881	OK	 
REQUEST	1		request_275	1573834601436	1573834601922	OK	 
REQUEST	1		compensar.componenteEmailController.min.js?v=1	1573834601870	1573834601924	OK	 
REQUEST	1		compensar.footer.min.js?v=1	1573834601872	1573834601926	OK	 
REQUEST	1		compensar.notificaciones.min.js	1573834601876	1573834601928	OK	 
REQUEST	1		compensar.componentePopUpController.min.js?v=1	1573834601874	1573834601930	OK	 
REQUEST	1		customactioncall.js	1573834601882	1573834601931	OK	 
REQUEST	1		customcanales.min.js	1573834601878	1573834601933	OK	 
REQUEST	1		request_233	1573834601517	1573834601935	OK	 
REQUEST	1		blank.js?rev=ZaOXZEobVwykPO9g8hq%2F8A%3D%3D	1573834601927	1573834601936	OK	 
REQUEST	1		sp.init.js?rev=jvJC3Kl5gbORaLtf7kxULQ%3D%3D	1573834601931	1573834601953	OK	 
REQUEST	1		ScriptResx.ashx?culture=es%2Des&name=SP%2ERes&rev=DoAHv8R6TO7rl33LcYBJTA%3D%3D	1573834601933	1573834601955	OK	 
REQUEST	1		ScriptResource.axd?d=DbBIHdj-QC5CO88xwauS5dkoqIs6nZmS0i8rusZB1q2JCx1O17otX38Pbo9-Co9QXf_ywgPOgCaWxydR-v-KO_BCuip-vRkoHzjnd81XPEqYhrrZRFvD28DBse-3zjaVmjdm2hC17AQqDXfxT3KoyoLs-sQ7qPLfqrjuPJokLcOn_d3Dmrsd446-Hg6mDbff0&t=2b48f70a	1573834601925	1573834601960	OK	 
REQUEST	1		clientrenderer.js?rev=PWwV4FATEiOxN90BeB5Hzw%3D%3D	1573834601955	1573834601968	OK	 
REQUEST	1		ScriptResource.axd?d=LzPGXWTyY4NfgAzL7AVGti8jNkeNvyxE7t2p3M-3BPJvKFvvkBUGxbbcxESn55TFNOUl8xW6SvygFDc-U8cavgouTpfnyDz3b86dyb2Q1b12B-B2zqJbKL3UrhnjJpkL79pBm9zX4FVDPUA4BsjrvCFATMYLp3cyBtLpIkBKZKUxDrfJga0vw4ZjurZ0mn1o0&t=2b48f70a	1573834601929	1573834601983	OK	 
REQUEST	1		ScriptResx.ashx?culture=es%2Des&name=Srch%2EResources&rev=GVo354neq7eNTurLgIdpJQ%3D%3D	1573834601957	1573834601986	OK	 
REQUEST	1		request_295	1573834601436	1573834601988	OK	 
REQUEST	1		search.cbs.js?rev=S5EegsQhNKgWxVFmcqr5dQ%3D%3D	1573834601969	1573834601989	OK	 
REQUEST	1		request_291	1573834601490	1573834602040	OK	 
REQUEST	1		spcommon.png?rev=23	1573834601985	1573834602045	OK	 
REQUEST	1		logo_compensar.png?rev=23	1573834601988	1573834602059	OK	 
REQUEST	1		WebResource.axd?d=hcspxoKGngdkW0b6xYvFftMD9L7tgVctZKvxUqyhcPMOX4gSlmQgLLYGJ7F9lMuasHqe9Mv5x6g7VZmrwkJEQmLxw_pNwohGyqmgqyaeGpA1&t=636767428042202005	1573834601990	1573834602062	OK	 
REQUEST	1		sp.search.js?rev=dMkPlEXpdY6iJ%2FsY5RsB0g%3D%3D	1573834601937	1573834602065	OK	 
REQUEST	1		searchresultui.png?rev=23	1573834602064	1573834602098	OK	 
REQUEST	1		WebResource.axd?d=VE1LltKE1dXL7-UbkAp-bt6ljn4Brx0V3X9hDRsD8jSFT9qB8YndTHVisocnrFQ8rNfw3OXiDn_Fb7iUlcK8bUIBKyIA1h_3y1b4G2-c7f01&t=636767428042202005	1573834602067	1573834602102	OK	 
REQUEST	1		logo_compensar.png	1573834602046	1573834602103	OK	 
REQUEST	1		logo-compensar-gris.svg	1573834602060	1573834602105	OK	 
REQUEST	1		search.clientcontrols.js?rev=8Q15HW2EU2aXBktJq5YW%2FA%3D%3D	1573834601962	1573834602107	OK	 
REQUEST	1		sp.runtime.js?rev=5f2WkYJoaxlIRdwUeg4WEg%3D%3D	1573834601934	1573834602113	OK	 
REQUEST	1		nodearrow.png	1573834602099	1573834602119	OK	 
REQUEST	1		ArticulosKenzo_001.jpg	1573834602103	1573834602132	OK	 
REQUEST	1		PracticasLibres_003.jpg	1573834602106	1573834602144	OK	 
REQUEST	1		Eventos_002.jpg	1573834602104	1573834602158	OK	 
REQUEST	1		Boleteria_007.jpg	1573834602133	1573834602168	OK	 
REQUEST	1		ecmascript.array.find.min.js?v=1	1573834602158	1573834602207	OK	 
REQUEST	1		Pintura_001.jpg	1573834602112	1573834602208	OK	 
REQUEST	1		ecmascript.string.includes.js?v=3	1573834602169	1573834602210	OK	 
REQUEST	1		Hoteles_006.jpg	1573834602122	1573834602211	OK	 
REQUEST	1		Golfito_008.jpg	1573834602147	1573834602252	OK	 
REQUEST	1		globant.validator.js?v=1	1573834602208	1573834602257	OK	 
REQUEST	1		compensar.reanudarSolicitud.min.js	1573834602209	1573834602259	OK	 
REQUEST	1		compensar.reanudarSolicitud.min.css	1573834602210	1573834602260	OK	 
REQUEST	1		request_164	1573834602212	1573834602262	OK	 
REQUEST	1		request_204	1573834602260	1573834602278	OK	 
REQUEST	1		request_208	1573834602262	1573834602281	OK	 
REQUEST	1		request_192	1573834602258	1573834602288	OK	 
REQUEST	1		Natacion.jpg	1573834602118	1573834602300	OK	 
REQUEST	1		request_210	1573834602280	1573834602302	OK	 
REQUEST	1		request_211	1573834602282	1573834602310	OK	 
REQUEST	1		request_221	1573834602304	1573834602338	OK	 
REQUEST	1		request_219	1573834602300	1573834602340	OK	 
REQUEST	1		request_234	1573834602312	1573834602347	OK	 
REQUEST	1		request_209	1573834602266	1573834602382	OK	 
REQUEST	1		request_237	1573834602341	1573834602391	OK	 
REQUEST	1		request_239	1573834602348	1573834602403	OK	 
REQUEST	1		request_212	1573834602290	1573834602420	OK	 
REQUEST	1		request_240	1573834602388	1573834602428	OK	 
REQUEST	1		request_236	1573834602339	1573834602429	OK	 
REQUEST	1		request_241	1573834602392	1573834602434	OK	 
REQUEST	1		request_242	1573834602404	1573834602437	OK	 
REQUEST	1		request_246	1573834602435	1573834602450	OK	 
REQUEST	1		request_245	1573834602430	1573834602452	OK	 
REQUEST	1		request_247	1573834602439	1573834602454	OK	 
REQUEST	1		request_243	1573834602427	1573834602456	OK	 
REQUEST	1		request_244	1573834602429	1573834602464	OK	 
REQUEST	1		request_249	1573834602454	1573834602469	OK	 
REQUEST	1		request_248	1573834602451	1573834602471	OK	 
REQUEST	1		request_250	1573834602455	1573834602475	OK	 
REQUEST	1		request_251	1573834602458	1573834602477	OK	 
REQUEST	1		request_255	1573834602470	1573834602538	OK	 
REQUEST	1		request_256	1573834602472	1573834602539	OK	 
REQUEST	1		request_257	1573834602476	1573834602541	OK	 
REQUEST	1		request_258	1573834602485	1573834602542	OK	 
REQUEST	1		request_252	1573834602468	1573834602543	OK	 
REQUEST	1		request_265	1573834602544	1573834602564	OK	 
REQUEST	1		request_266	1573834602566	1573834602580	OK	 
REQUEST	1		request_268	1573834602580	1573834602609	OK	 
REQUEST	1		request_264	1573834602542	1573834602634	OK	 
REQUEST	1		request_269	1573834602609	1573834602659	OK	 
REQUEST	1		request_259	1573834602539	1573834602682	OK	 
REQUEST	1		request_260	1573834602540	1573834602697	OK	 
REQUEST	1		request_190	1573834602252	1573834602708	OK	 
REQUEST	1		request_283	1573834602711	1573834602744	OK	 
REQUEST	1		request_284	1573834602745	1573834602764	OK	 
REQUEST	1		request_278	1573834602660	1573834602769	OK	 
REQUEST	1		request_286	1573834602765	1573834602778	OK	 
REQUEST	1		request_282	1573834602698	1573834602780	OK	 
REQUEST	1		request_281	1573834602683	1573834602782	OK	 
REQUEST	1		request_287	1573834602774	1573834602788	OK	 
REQUEST	1		request_288	1573834602779	1573834602795	OK	 
REQUEST	1		request_289	1573834602781	1573834602849	OK	 
REQUEST	1		request_263	1573834602541	1573834602903	OK	 
REQUEST	1		request_272	1573834602634	1573834603124	OK	 
REQUEST	1		request_296	1573834610124	1573834610368	OK	 
REQUEST	1		request_369	1573834610420	1573834610432	OK	 
REQUEST	1		mmapi.js	1573834610421	1573834610438	OK	 
REQUEST	1		request_411	1573834610426	1573834610440	OK	 
REQUEST	1		compensar.popovers.min.js	1573834610423	1573834610445	OK	 
REQUEST	1		request_368	1573834610419	1573834610451	OK	 
REQUEST	1		request_377	1573834610424	1573834610453	OK	 
REQUEST	1		request_379	1573834610424	1573834610460	OK	 
REQUEST	1		request_375	1573834610423	1573834610461	OK	 
REQUEST	1		logo-compensar-gris.svg	1573834610423	1573834610463	OK	 
REQUEST	1		request_388	1573834610446	1573834610469	OK	 
REQUEST	1		request_389	1573834610459	1573834610482	OK	 
REQUEST	1		request_390	1573834610461	1573834610484	OK	 
REQUEST	1		request_391	1573834610463	1573834610491	OK	 
REQUEST	1		request_406	1573834610426	1573834610551	OK	 
REQUEST	1		request_358	1573834610425	1573834610553	OK	 
REQUEST	1		request_393	1573834610420	1573834610561	OK	 
REQUEST	1		request_401	1573834610470	1573834610562	OK	 
REQUEST	1		request_395	1573834610421	1573834610563	OK	 
REQUEST	1		request_396	1573834610464	1573834610564	OK	 
REQUEST	1		request_414	1573834610427	1573834610565	OK	 
REQUEST	1		api.js?render=explicit	1573834610426	1573834610566	OK	 
REQUEST	1		request_402	1573834610483	1573834610570	OK	 
REQUEST	1		request_380	1573834610425	1573834610636	OK	 
REQUEST	1		request_385	1573834610420	1573834610638	OK	 
REQUEST	1		request_370	1573834610421	1573834610673	OK	 
REQUEST	1		request_405	1573834610422	1573834610881	OK	 
REQUEST	1		request_418	1573834648890	1573834649052	OK	 
REQUEST	1		request_422	1573834649057	1573834649066	OK	 
REQUEST	1		request_419	1573834649060	1573834649085	OK	 
REQUEST	1		request_420	1573834649060	1573834649087	OK	 
REQUEST	1		request_423	1573834649058	1573834649088	OK	 
REQUEST	1		request_421	1573834649057	1573834649089	OK	 
REQUEST	1		request_426	1573834649061	1573834649172	OK	 
REQUEST	1		request_424	1573834649058	1573834649184	OK	 
REQUEST	1		request_425	1573834649059	1573834649189	OK	 
REQUEST	1		request_427	1573834650212	1573834650443	KO	status.find.in(200,201,202,203,204,205,206,207,208,209,304), found 400
USER	afiliacionEmpresa	1	END	1573834594442	1573834650465
