RUN	Compenssar.sedeAutosur3a6utenticado	sedeautosur3a6utenticado	1573840388723	 	3.0.2
USER	sedeAutosur3a6utenticado	1	START	1573840391869	1573840391869
REQUEST	1		request_0	1573840391972	1573840392984	OK	 
REQUEST	1		favicon.ico?rev=23	1573840393919	1573840393942	OK	 
REQUEST	1		bootstrap.min.js	1573840393958	1573840394013	OK	 
REQUEST	1		request_41	1573840393823	1573840394221	OK	 
REQUEST	1		request_5	1573840393871	1573840394231	OK	 
REQUEST	1		request_52	1573840393770	1573840394254	OK	 
REQUEST	1		request_6	1573840393874	1573840394353	OK	 
REQUEST	1		minisp.min.js	1573840393923	1573840394357	OK	 
REQUEST	1		request_9	1573840393732	1573840394371	OK	 
REQUEST	1		js?key=AIzaSyBQs4JbPCHOPygyJzKnUYgsAm35jOpmshk	1573840393745	1573840394382	OK	 
REQUEST	1		request_45	1573840393766	1573840394391	OK	 
REQUEST	1		request_47	1573840393767	1573840394402	OK	 
REQUEST	1		request_50	1573840393768	1573840394410	OK	 
REQUEST	1		request_51	1573840393769	1573840394413	OK	 
REQUEST	1		request_53	1573840394257	1573840394417	OK	 
REQUEST	1		request_4	1573840393868	1573840394425	OK	 
REQUEST	1		datalayercorporativo.min.js	1573840393927	1573840394434	OK	 
REQUEST	1		request_55	1573840394395	1573840394441	OK	 
REQUEST	1		jquery-3.1.1.min.js	1573840393926	1573840394447	OK	 
REQUEST	1		request_54	1573840394387	1573840394453	OK	 
REQUEST	1		mmapi.js	1573840393848	1573840394457	OK	 
REQUEST	1		ko.sp-1.0.min.js	1573840394436	1573840394461	OK	 
REQUEST	1		knockout-3.4.1.min.js?v=1	1573840394361	1573840394485	OK	 
REQUEST	1		request_28	1573840393744	1573840394490	OK	 
REQUEST	1		slick.min.js	1573840394451	1573840394491	OK	 
REQUEST	1		rangeslider.min.js	1573840394465	1573840394495	OK	 
REQUEST	1		picturefill.min.js	1573840394494	1573840394508	OK	 
REQUEST	1		ion.rangeslider.min.js	1573840394489	1573840394522	OK	 
REQUEST	1		validate.min.js	1573840394499	1573840394527	OK	 
REQUEST	1		request_2	1573840393929	1573840394560	OK	 
REQUEST	1		jquery.validate.min.js	1573840394510	1573840394566	OK	 
REQUEST	1		croppie.min.js	1573840394525	1573840394571	OK	 
REQUEST	1		afiliaciones.config.js?v=5	1573840394529	1573840394588	OK	 
REQUEST	1		request_21	1573840393773	1573840394592	OK	 
REQUEST	1		request_31	1573840393820	1573840394595	OK	 
REQUEST	1		compensar.script.min.js	1573840394573	1573840394636	OK	 
REQUEST	1		compTools.min.js?v=1	1573840394568	1573840394639	OK	 
REQUEST	1		request_32	1573840393822	1573840394647	OK	 
REQUEST	1		compensar.actualizarcorreo.min.js	1573840394590	1573840394652	OK	 
REQUEST	1		compensar.loadComponents.min.js?v=1	1573840394641	1573840394660	OK	 
REQUEST	1		sjcl.min.js	1573840394637	1573840394663	OK	 
REQUEST	1		compensar.tiempoInactividad.min.js?v=1	1573840394656	1573840394671	OK	 
REQUEST	1		init.js?rev=ZwTQYqYlNTyyuMWaLlhwSg%3D%3D	1573840393924	1573840394674	OK	 
REQUEST	1		request_43	1573840393876	1573840394682	OK	 
REQUEST	1		compensar.detectarAncho.min.js?v=1	1573840394666	1573840394684	OK	 
REQUEST	1		compensar.enModoEdicion.min.js?v=1	1573840394662	1573840394686	OK	 
REQUEST	1		compensar.deferImages.min.js?v=1	1573840394672	1573840394689	OK	 
REQUEST	1		compensar.menuDesplegable.min.js?v=1	1573840394685	1573840394698	OK	 
REQUEST	1		compensar.agregarTitulowebparts.min.js?v=1	1573840394681	1573840394705	OK	 
REQUEST	1		compensar.miCompensarPerfil.min.js?v=1	1573840394688	1573840394708	OK	 
REQUEST	1		compensar.controlPestanas.min.js?v=1	1573840394690	1573840394712	OK	 
REQUEST	1		bluebird.min.js	1573840393928	1573840394715	OK	 
REQUEST	1		compensar.controlAcordeon.min.js?v=1	1573840394700	1573840394721	OK	 
REQUEST	1		compensar.filtroControlerVivienda.min.js?v=1	1573840394707	1573840394724	OK	 
REQUEST	1		mainContent.min.js?v=1	1573840394711	1573840394728	OK	 
REQUEST	1		headerNav.min.js?v=1	1573840394714	1573840394733	OK	 
REQUEST	1		modeloMenuAux.min.js?v=1	1573840394720	1573840394735	OK	 
REQUEST	1		compensar.menuSecundario.min.js?v=1	1573840394723	1573840394741	OK	 
REQUEST	1		compensar.componenteEmailController.min.js?v=1	1573840394731	1573840394743	OK	 
REQUEST	1		compensar.quitarLoading.min.js?v=1	1573840394727	1573840394748	OK	 
REQUEST	1		compensar.footer.min.js?v=1	1573840394734	1573840394752	OK	 
REQUEST	1		compensar.notificaciones.min.js	1573840394743	1573840394758	OK	 
REQUEST	1		customactioncall.js	1573840394750	1573840394767	OK	 
REQUEST	1		customcanales.min.js	1573840394747	1573840394770	OK	 
REQUEST	1		compensar.componentePopUpController.min.js?v=1	1573840394740	1573840394773	OK	 
REQUEST	1		blank.js?rev=ZaOXZEobVwykPO9g8hq%2F8A%3D%3D	1573840394766	1573840394777	OK	 
REQUEST	1		ScriptResource.axd?d=DbBIHdj-QC5CO88xwauS5dkoqIs6nZmS0i8rusZB1q2JCx1O17otX38Pbo9-Co9QXf_ywgPOgCaWxydR-v-KO_BCuip-vRkoHzjnd81XPEqYhrrZRFvD28DBse-3zjaVmjdm2hC17AQqDXfxT3KoyoLs-sQ7qPLfqrjuPJokLcOn_d3Dmrsd446-Hg6mDbff0&t=72e85ccd	1573840394754	1573840394789	OK	 
REQUEST	1		sp.init.js?rev=jvJC3Kl5gbORaLtf7kxULQ%3D%3D	1573840394772	1573840394797	OK	 
REQUEST	1		ScriptResx.ashx?culture=es%2Des&name=SP%2ERes&rev=DoAHv8R6TO7rl33LcYBJTA%3D%3D	1573840394774	1573840394801	OK	 
REQUEST	1		sp.runtime.js?rev=5f2WkYJoaxlIRdwUeg4WEg%3D%3D	1573840394779	1573840394805	OK	 
REQUEST	1		ScriptResource.axd?d=LzPGXWTyY4NfgAzL7AVGti8jNkeNvyxE7t2p3M-3BPJvKFvvkBUGxbbcxESn55TFNOUl8xW6SvygFDc-U8cavgouTpfnyDz3b86dyb2Q1b12B-B2zqJbKL3UrhnjJpkL79pBm9zX4FVDPUA4BsjrvCFATMYLp3cyBtLpIkBKZKUxDrfJga0vw4ZjurZ0mn1o0&t=72e85ccd	1573840394769	1573840394849	OK	 
REQUEST	1		ScriptResx.ashx?culture=es%2Des&name=Srch%2EResources&rev=GVo354neq7eNTurLgIdpJQ%3D%3D	1573840394803	1573840394859	OK	 
REQUEST	1		clientrenderer.js?rev=PWwV4FATEiOxN90BeB5Hzw%3D%3D	1573840394799	1573840394862	OK	 
REQUEST	1		search.cbs.js?rev=S5EegsQhNKgWxVFmcqr5dQ%3D%3D	1573840394852	1573840394880	OK	 
REQUEST	1		sp.search.js?rev=dMkPlEXpdY6iJ%2FsY5RsB0g%3D%3D	1573840394794	1573840394892	OK	 
REQUEST	1		logo_compensar.png?rev=23	1573840394864	1573840394903	OK	 
REQUEST	1		spcommon.png?rev=23	1573840394861	1573840394919	OK	 
REQUEST	1		WebResource.axd?d=hcspxoKGngdkW0b6xYvFftMD9L7tgVctZKvxUqyhcPMOX4gSlmQgLLYGJ7F9lMuasHqe9Mv5x6g7VZmrwkJEQmLxw_pNwohGyqmgqyaeGpA1&t=635792838349294682	1573840394882	1573840394923	OK	 
REQUEST	1		logo-compensar-gris.svg	1573840394904	1573840394947	OK	 
REQUEST	1		logo_compensar.png	1573840394895	1573840394952	OK	 
REQUEST	1		WebResource.axd?d=VE1LltKE1dXL7-UbkAp-bt6ljn4Brx0V3X9hDRsD8jSFT9qB8YndTHVisocnrFQ8rNfw3OXiDn_Fb7iUlcK8bUIBKyIA1h_3y1b4G2-c7f01&t=635792838349294682	1573840394926	1573840394954	OK	 
REQUEST	1		searchresultui.png?rev=23	1573840394920	1573840394957	OK	 
REQUEST	1		search.clientcontrols.js?rev=8Q15HW2EU2aXBktJq5YW%2FA%3D%3D	1573840394809	1573840394960	OK	 
REQUEST	1		nodearrow.png	1573840394949	1573840394967	OK	 
REQUEST	1		estilos.css	1573840394954	1573840394971	OK	 
REQUEST	1		compensar.detallevivienda.min.css?ctag=5143$$15.0.4927.1000	1573840394966	1573840394990	OK	 
REQUEST	1		ParqueaderosV2.js	1573840394955	1573840394992	OK	 
REQUEST	1		mainContentInterno.js	1573840394970	1573840394994	OK	 
REQUEST	1		marcador.png	1573840394958	1573840394997	OK	 
REQUEST	1		request_3	1573840394988	1573840395010	OK	 
REQUEST	1		request_7	1573840394992	1573840395028	OK	 
REQUEST	1		request_13	1573840394999	1573840395031	OK	 
REQUEST	1		request_10	1573840394996	1573840395057	OK	 
REQUEST	1		request_15	1573840395030	1573840395077	OK	 
REQUEST	1		request_17	1573840395058	1573840395079	OK	 
REQUEST	1		request_14	1573840395027	1573840395081	OK	 
REQUEST	1		request_16	1573840395033	1573840395083	OK	 
REQUEST	1		request_8	1573840394994	1573840395087	OK	 
REQUEST	1		request_18	1573840395078	1573840395092	OK	 
REQUEST	1		request_19	1573840395080	1573840395094	OK	 
REQUEST	1		request_24	1573840395089	1573840395123	OK	 
REQUEST	1		request_26	1573840395096	1573840395126	OK	 
REQUEST	1		request_30	1573840395127	1573840395168	OK	 
REQUEST	1		request_25	1573840395093	1573840395196	OK	 
REQUEST	1		jquery.spservices-2014.02.min.js	1573840394022	1573840395316	OK	 
REQUEST	1		request_22	1573840395085	1573840395369	OK	 
REQUEST	1		request_40	1573840395320	1573840395439	OK	 
REQUEST	1		request_38	1573840395197	1573840395442	OK	 
REQUEST	1		request_34	1573840395171	1573840395446	OK	 
REQUEST	1		request_20	1573840395082	1573840395513	OK	 
REQUEST	1		request_46	1573840395444	1573840395530	OK	 
REQUEST	1		request_44	1573840395441	1573840395546	OK	 
REQUEST	1		request_48	1573840395450	1573840395547	OK	 
REQUEST	1		request_42	1573840395438	1573840395560	OK	 
REQUEST	1		request_27	1573840395125	1573840395569	OK	 
REQUEST	1		request_49	1573840395529	1573840395579	OK	 
REQUEST	1		request_56	1573840396595	1573840396691	OK	 
REQUEST	1		request_57	1573840397687	1573840397760	OK	 
REQUEST	1		request_57 Redirect 1	1573840397769	1573840397868	OK	 
REQUEST	1		request_57 Redirect 2	1573840397870	1573840397922	OK	 
REQUEST	1		request_57 Redirect 3	1573840397923	1573840398536	OK	 
REQUEST	1		request_66	1573840398605	1573840398635	OK	 
REQUEST	1		eyesClass.css	1573840398609	1573840398643	OK	 
REQUEST	1		fonts?v=Y7MRUdvwE1hUsovmZYz9T7_41CMp95gKZ_Q9iYUO2O81	1573840398611	1573840398706	OK	 
REQUEST	1		modules?v=SqDhzDYakMzJp-M-gCcQFj4vc5izybzoH2OW-2is2fY1	1573840398611	1573840398709	OK	 
REQUEST	1		request_63	1573840398606	1573840398712	OK	 
REQUEST	1		request_67	1573840398607	1573840398713	OK	 
REQUEST	1		request_68	1573840398608	1573840398714	OK	 
REQUEST	1		loadingCompensar.gif	1573840398644	1573840398717	OK	 
REQUEST	1		modernizr?v=inCVuEFe6J4Q07A0AcRsbJic_UE5MwpRMNGcOtk94TE1	1573840398612	1573840398719	OK	 
REQUEST	1		css?v=udBLYkNkikBQ6JWixlUMiJYcZz7DRJzdxBJZ-rKFDsg1	1573840398610	1573840398721	OK	 
REQUEST	1		logo-compensar-blanco.svg	1573840398613	1573840398746	OK	 
REQUEST	1		jqueryval?v=GkCXUO1MPqHDkNoDt8-shdnQEI8KGbNadRAAUqm2VOA1	1573840398718	1573840398752	OK	 
REQUEST	1		bootstrap?v=02I37B8URpB7hqkZrxMEO7o6VbDywYH_vuXan7A7mR81	1573840398711	1573840398756	OK	 
REQUEST	1		resetValidation.js	1573840398720	1573840398759	OK	 
REQUEST	1		utils.js	1573840398726	1573840398761	OK	 
REQUEST	1		loading.js	1573840398754	1573840398775	OK	 
REQUEST	1		request_60	1573840398762	1573840398781	OK	 
REQUEST	1		request_59	1573840398760	1573840398784	OK	 
REQUEST	1		request_62	1573840398776	1573840398789	OK	 
REQUEST	1		sessionchecker.js	1573840398758	1573840398791	OK	 
REQUEST	1		modal.js	1573840398748	1573840398844	OK	 
REQUEST	1		request_65	1573840398783	1573840398854	OK	 
REQUEST	1		bootstrap.min.css	1573840398603	1573840399022	OK	 
REQUEST	1		request_71	1573840398613	1573840399040	OK	 
REQUEST	1		jquery?v=JL596WEzEYSLK79KRL4It4N63VXpRlW4A824KHlhVLc1	1573840398708	1573840399172	OK	 
ERROR	request_72: Failed to build request: No attribute named '"token' is defined 	1573840410189
USER	sedeAutosur3a6utenticado	1	END	1573840391869	1573840410194
