RUN	Compenssar.sedeAutosur3a6utenticado	sedeautosur3a6utenticado	1573839829222	 	3.0.2
USER	sedeAutosur3a6utenticado	1	START	1573839831992	1573839831992
REQUEST	1		request_0	1573839832035	1573839832589	OK	 
REQUEST	1		favicon.ico?rev=23	1573839833313	1573839833341	OK	 
REQUEST	1		bootstrap.min.js	1573839833355	1573839833417	OK	 
REQUEST	1		jquery.spservices-2014.02.min.js	1573839833422	1573839833458	OK	 
REQUEST	1		request_41	1573839833251	1573839833515	OK	 
REQUEST	1		mmapi.js	1573839833291	1573839833520	OK	 
REQUEST	1		knockout-3.4.1.min.js?v=1	1573839833462	1573839833539	OK	 
REQUEST	1		request_5	1573839833300	1573839833547	OK	 
REQUEST	1		request_45	1573839833231	1573839833598	OK	 
REQUEST	1		request_47	1573839833231	1573839833615	OK	 
REQUEST	1		request_52	1573839833233	1573839833640	OK	 
REQUEST	1		ko.sp-1.0.min.js	1573839833543	1573839833645	OK	 
REQUEST	1		request_53	1573839833603	1573839833673	OK	 
REQUEST	1		request_50	1573839833232	1573839833683	OK	 
REQUEST	1		request_6	1573839833301	1573839833688	OK	 
REQUEST	1		minisp.min.js	1573839833314	1573839833693	OK	 
REQUEST	1		init.js?rev=ZwTQYqYlNTyyuMWaLlhwSg%3D%3D	1573839833315	1573839833702	OK	 
REQUEST	1		js?key=AIzaSyBQs4JbPCHOPygyJzKnUYgsAm35jOpmshk	1573839833220	1573839833724	OK	 
REQUEST	1		request_54	1573839833621	1573839833737	OK	 
REQUEST	1		request_51	1573839833233	1573839833743	OK	 
REQUEST	1		request_55	1573839833643	1573839833770	OK	 
REQUEST	1		slick.min.js	1573839833649	1573839833776	OK	 
REQUEST	1		request_9	1573839833208	1573839833784	OK	 
REQUEST	1		request_28	1573839833220	1573839833787	OK	 
REQUEST	1		request_4	1573839833299	1573839833790	OK	 
REQUEST	1		rangeslider.min.js	1573839833697	1573839833795	OK	 
REQUEST	1		ion.rangeslider.min.js	1573839833708	1573839833800	OK	 
REQUEST	1		picturefill.min.js	1573839833780	1573839833804	OK	 
REQUEST	1		validate.min.js	1573839833798	1573839833830	OK	 
REQUEST	1		jquery.validate.min.js	1573839833802	1573839833833	OK	 
REQUEST	1		croppie.min.js	1573839833807	1573839833836	OK	 
REQUEST	1		afiliaciones.config.js?v=5	1573839833831	1573839833846	OK	 
REQUEST	1		compTools.min.js?v=1	1573839833835	1573839833851	OK	 
REQUEST	1		compensar.script.min.js	1573839833838	1573839833857	OK	 
REQUEST	1		compensar.actualizarcorreo.min.js	1573839833847	1573839833898	OK	 
REQUEST	1		sjcl.min.js	1573839833852	1573839833904	OK	 
REQUEST	1		request_2	1573839833317	1573839833930	OK	 
REQUEST	1		compensar.loadComponents.min.js?v=1	1573839833859	1573839833935	OK	 
REQUEST	1		request_43	1573839833302	1573839833942	OK	 
REQUEST	1		compensar.tiempoInactividad.min.js?v=1	1573839833903	1573839833943	OK	 
REQUEST	1		compensar.enModoEdicion.min.js?v=1	1573839833906	1573839833946	OK	 
REQUEST	1		compensar.detectarAncho.min.js?v=1	1573839833936	1573839833958	OK	 
REQUEST	1		compensar.deferImages.min.js?v=1	1573839833945	1573839833962	OK	 
REQUEST	1		compensar.agregarTitulowebparts.min.js?v=1	1573839833948	1573839833970	OK	 
REQUEST	1		compensar.menuDesplegable.min.js?v=1	1573839833960	1573839833972	OK	 
REQUEST	1		compensar.miCompensarPerfil.min.js?v=1	1573839833964	1573839834009	OK	 
REQUEST	1		compensar.controlPestanas.min.js?v=1	1573839833971	1573839834013	OK	 
REQUEST	1		compensar.controlAcordeon.min.js?v=1	1573839833974	1573839834021	OK	 
REQUEST	1		headerNav.min.js?v=1	1573839834022	1573839834072	OK	 
REQUEST	1		compensar.filtroControlerVivienda.min.js?v=1	1573839834011	1573839834078	OK	 
REQUEST	1		mainContent.min.js?v=1	1573839834014	1573839834081	OK	 
REQUEST	1		request_31	1573839833248	1573839834105	OK	 
REQUEST	1		compensar.menuSecundario.min.js?v=1	1573839834080	1573839834111	OK	 
REQUEST	1		modeloMenuAux.min.js?v=1	1573839834075	1573839834114	OK	 
REQUEST	1		compensar.quitarLoading.min.js?v=1	1573839834084	1573839834117	OK	 
REQUEST	1		compensar.footer.min.js?v=1	1573839834116	1573839834128	OK	 
REQUEST	1		compensar.componenteEmailController.min.js?v=1	1573839834113	1573839834131	OK	 
REQUEST	1		compensar.componentePopUpController.min.js?v=1	1573839834118	1573839834133	OK	 
REQUEST	1		compensar.notificaciones.min.js	1573839834130	1573839834144	OK	 
REQUEST	1		customactioncall.js	1573839834134	1573839834148	OK	 
REQUEST	1		customcanales.min.js	1573839834132	1573839834150	OK	 
REQUEST	1		blank.js?rev=ZaOXZEobVwykPO9g8hq%2F8A%3D%3D	1573839834149	1573839834167	OK	 
REQUEST	1		request_21	1573839833234	1573839834182	OK	 
REQUEST	1		ScriptResource.axd?d=LzPGXWTyY4NfgAzL7AVGti8jNkeNvyxE7t2p3M-3BPJvKFvvkBUGxbbcxESn55TFNOUl8xW6SvygFDc-U8cavgouTpfnyDz3b86dyb2Q1b12B-B2zqJbKL3UrhnjJpkL79pBm9zX4FVDPUA4BsjrvCFATMYLp3cyBtLpIkBKZKUxDrfJga0vw4ZjurZ0mn1o0&t=72e85ccd	1573839834152	1573839834200	OK	 
REQUEST	1		sp.init.js?rev=jvJC3Kl5gbORaLtf7kxULQ%3D%3D	1573839834168	1573839834205	OK	 
REQUEST	1		ScriptResource.axd?d=DbBIHdj-QC5CO88xwauS5dkoqIs6nZmS0i8rusZB1q2JCx1O17otX38Pbo9-Co9QXf_ywgPOgCaWxydR-v-KO_BCuip-vRkoHzjnd81XPEqYhrrZRFvD28DBse-3zjaVmjdm2hC17AQqDXfxT3KoyoLs-sQ7qPLfqrjuPJokLcOn_d3Dmrsd446-Hg6mDbff0&t=72e85ccd	1573839834146	1573839834212	OK	 
REQUEST	1		request_32	1573839833249	1573839834219	OK	 
REQUEST	1		ScriptResx.ashx?culture=es%2Des&name=SP%2ERes&rev=DoAHv8R6TO7rl33LcYBJTA%3D%3D	1573839834204	1573839834224	OK	 
REQUEST	1		sp.runtime.js?rev=5f2WkYJoaxlIRdwUeg4WEg%3D%3D	1573839834207	1573839834234	OK	 
REQUEST	1		clientrenderer.js?rev=PWwV4FATEiOxN90BeB5Hzw%3D%3D	1573839834227	1573839834257	OK	 
REQUEST	1		sp.search.js?rev=dMkPlEXpdY6iJ%2FsY5RsB0g%3D%3D	1573839834217	1573839834260	OK	 
REQUEST	1		ScriptResx.ashx?culture=es%2Des&name=Srch%2EResources&rev=GVo354neq7eNTurLgIdpJQ%3D%3D	1573839834239	1573839834266	OK	 
REQUEST	1		search.cbs.js?rev=S5EegsQhNKgWxVFmcqr5dQ%3D%3D	1573839834265	1573839834316	OK	 
REQUEST	1		spcommon.png?rev=23	1573839834269	1573839834318	OK	 
REQUEST	1		logo_compensar.png?rev=23	1573839834317	1573839834351	OK	 
REQUEST	1		WebResource.axd?d=hcspxoKGngdkW0b6xYvFftMD9L7tgVctZKvxUqyhcPMOX4gSlmQgLLYGJ7F9lMuasHqe9Mv5x6g7VZmrwkJEQmLxw_pNwohGyqmgqyaeGpA1&t=635792838349294682	1573839834319	1573839834358	OK	 
REQUEST	1		search.clientcontrols.js?rev=8Q15HW2EU2aXBktJq5YW%2FA%3D%3D	1573839834259	1573839834421	OK	 
REQUEST	1		logo_compensar.png	1573839834353	1573839834429	OK	 
REQUEST	1		logo-compensar-gris.svg	1573839834360	1573839834431	OK	 
REQUEST	1		searchresultui.png?rev=23	1573839834427	1573839834440	OK	 
REQUEST	1		nodearrow.png	1573839834432	1573839834446	OK	 
REQUEST	1		WebResource.axd?d=VE1LltKE1dXL7-UbkAp-bt6ljn4Brx0V3X9hDRsD8jSFT9qB8YndTHVisocnrFQ8rNfw3OXiDn_Fb7iUlcK8bUIBKyIA1h_3y1b4G2-c7f01&t=635792838349294682	1573839834430	1573839834452	OK	 
REQUEST	1		estilos.css	1573839834441	1573839834458	OK	 
REQUEST	1		ParqueaderosV2.js	1573839834447	1573839834477	OK	 
REQUEST	1		marcador.png	1573839834453	1573839834505	OK	 
REQUEST	1		mainContentInterno.js	1573839834478	1573839834515	OK	 
REQUEST	1		compensar.detallevivienda.min.css?ctag=5143$$15.0.4927.1000	1573839834475	1573839834517	OK	 
REQUEST	1		request_3	1573839834506	1573839834528	OK	 
REQUEST	1		request_8	1573839834520	1573839834547	OK	 
REQUEST	1		request_7	1573839834516	1573839834553	OK	 
REQUEST	1		request_13	1573839834549	1573839834565	OK	 
REQUEST	1		request_14	1573839834555	1573839834569	OK	 
REQUEST	1		request_15	1573839834566	1573839834618	OK	 
REQUEST	1		request_16	1573839834570	1573839834620	OK	 
REQUEST	1		request_10	1573839834546	1573839834623	OK	 
REQUEST	1		request_17	1573839834620	1573839834638	OK	 
REQUEST	1		request_18	1573839834622	1573839834641	OK	 
REQUEST	1		request_19	1573839834624	1573839834643	OK	 
REQUEST	1		request_24	1573839834645	1573839834713	OK	 
REQUEST	1		datalayercorporativo.min.js	1573839833316	1573839834746	OK	 
REQUEST	1		request_22	1573839834642	1573839834770	OK	 
REQUEST	1		request_25	1573839834714	1573839834790	OK	 
REQUEST	1		request_26	1573839834748	1573839834822	OK	 
REQUEST	1		bluebird.min.js	1573839833317	1573839834861	OK	 
REQUEST	1		request_38	1573839834864	1573839834924	OK	 
REQUEST	1		jquery-3.1.1.min.js	1573839833316	1573839834964	OK	 
REQUEST	1		request_40	1573839834926	1573839834970	OK	 
REQUEST	1		request_27	1573839834775	1573839834982	OK	 
REQUEST	1		request_20	1573839834640	1573839834995	OK	 
REQUEST	1		request_30	1573839834791	1573839835037	OK	 
REQUEST	1		request_34	1573839834823	1573839835042	OK	 
REQUEST	1		request_42	1573839834968	1573839835046	OK	 
REQUEST	1		request_44	1573839834971	1573839835052	OK	 
REQUEST	1		request_48	1573839835009	1573839835062	OK	 
REQUEST	1		request_46	1573839834991	1573839835076	OK	 
REQUEST	1		request_49	1573839835039	1573839835092	OK	 
REQUEST	1		request_56	1573839836108	1573839836253	OK	 
REQUEST	1		request_57	1573839837269	1573839837310	OK	 
REQUEST	1		request_57 Redirect 1	1573839837318	1573839837434	OK	 
REQUEST	1		request_57 Redirect 2	1573839837436	1573839837456	OK	 
REQUEST	1		request_57 Redirect 3	1573839837457	1573839837872	OK	 
REQUEST	1		request_66	1573839837987	1573839837999	OK	 
REQUEST	1		eyesClass.css	1573839837990	1573839838007	OK	 
REQUEST	1		loadingCompensar.gif	1573839838008	1573839838047	OK	 
REQUEST	1		request_63	1573839837988	1573839838091	OK	 
REQUEST	1		request_68	1573839837989	1573839838093	OK	 
REQUEST	1		request_67	1573839837988	1573839838096	OK	 
REQUEST	1		modules?v=SqDhzDYakMzJp-M-gCcQFj4vc5izybzoH2OW-2is2fY1	1573839837993	1573839838125	OK	 
REQUEST	1		modernizr?v=inCVuEFe6J4Q07A0AcRsbJic_UE5MwpRMNGcOtk94TE1	1573839837994	1573839838132	OK	 
REQUEST	1		jquery?v=JL596WEzEYSLK79KRL4It4N63VXpRlW4A824KHlhVLc1	1573839838048	1573839838134	OK	 
REQUEST	1		css?v=udBLYkNkikBQ6JWixlUMiJYcZz7DRJzdxBJZ-rKFDsg1	1573839837991	1573839838138	OK	 
REQUEST	1		bootstrap?v=02I37B8URpB7hqkZrxMEO7o6VbDywYH_vuXan7A7mR81	1573839838127	1573839838158	OK	 
REQUEST	1		utils.js	1573839838143	1573839838210	OK	 
REQUEST	1		resetValidation.js	1573839838137	1573839838212	OK	 
REQUEST	1		jqueryval?v=GkCXUO1MPqHDkNoDt8-shdnQEI8KGbNadRAAUqm2VOA1	1573839838133	1573839838216	OK	 
REQUEST	1		modal.js	1573839838160	1573839838218	OK	 
REQUEST	1		logo-compensar-blanco.svg	1573839837995	1573839838235	OK	 
REQUEST	1		loading.js	1573839838211	1573839838243	OK	 
REQUEST	1		request_59	1573839838217	1573839838245	OK	 
REQUEST	1		request_60	1573839838220	1573839838247	OK	 
REQUEST	1		request_62	1573839838236	1573839838260	OK	 
REQUEST	1		sessionchecker.js	1573839838215	1573839838305	OK	 
REQUEST	1		bootstrap.min.css	1573839837958	1573839838412	OK	 
REQUEST	1		request_71	1573839837996	1573839838427	OK	 
REQUEST	1		fonts?v=Y7MRUdvwE1hUsovmZYz9T7_41CMp95gKZ_Q9iYUO2O81	1573839837992	1573839839137	OK	 
REQUEST	1		request_65	1573839838244	1573839839375	OK	 
ERROR	request_72: Failed to build request: No attribute named '"token' is defined 	1573839850386
USER	sedeAutosur3a6utenticado	1	END	1573839831992	1573839850397
