RUN	Compenssar.sedeAutosur3a6utenticado	sedeautosur3a6utenticado	1573836310018	 	3.0.2
USER	sedeAutosur3a6utenticado	1	START	1573836312966	1573836312966
REQUEST	1		request_0	1573836313006	1573836313285	OK	 
ERROR	request_34: Failed to build request: Resource /sedeautosur3a6utenticado/0034_request.dat not found 	1573836313473
ERROR	request_35: Failed to build request: Resource /sedeautosur3a6utenticado/0035_request.dat not found 	1573836313473
ERROR	request_36: Failed to build request: Resource /sedeautosur3a6utenticado/0036_request.dat not found 	1573836313474
ERROR	request_39: Failed to build request: Resource /sedeautosur3a6utenticado/0039_request.dat not found 	1573836313474
REQUEST	1		0841a3cdb3ab2000bb79d13a909394d15009881a7e7b4e10d42048ca1670fac23b7e482517e04484?type=8	1573836313618	1573836313731	OK	 
REQUEST	1		request_31	1573836313520	1573836313866	OK	 
REQUEST	1		request_32	1573836313521	1573836313885	OK	 
REQUEST	1		request_5	1573836313596	1573836313901	OK	 
REQUEST	1		request_21	1573836313509	1573836313926	OK	 
REQUEST	1		request_10	1573836313784	1573836313982	OK	 
REQUEST	1		request_41	1573836313522	1573836314014	OK	 
REQUEST	1		request_45	1573836313503	1573836314074	OK	 
REQUEST	1		request_47	1573836313504	1573836314098	OK	 
REQUEST	1		request_50	1573836313505	1573836314130	OK	 
REQUEST	1		request_51	1573836313506	1573836314139	OK	 
REQUEST	1		request_52	1573836313506	1573836314156	OK	 
REQUEST	1		request_1	1573836313622	1573836314172	OK	 
REQUEST	1		request_13	1573836314011	1573836314183	OK	 
REQUEST	1		request_9	1573836313500	1573836314325	OK	 
REQUEST	1		request_28	1573836313502	1573836314330	OK	 
REQUEST	1		request_54	1573836314080	1573836314360	OK	 
REQUEST	1		request_55	1573836314105	1573836314374	OK	 
REQUEST	1		request_53	1573836313507	1573836314397	OK	 
REQUEST	1		request_6	1573836313598	1573836314402	OK	 
REQUEST	1		request_15	1573836314187	1573836314405	OK	 
REQUEST	1		request_4	1573836313534	1573836314409	OK	 
REQUEST	1		0841a3cdb3ab2000bb79d13a909394d15009881a7e7b4e10d42048ca1670fac23b7e482517e04484?type=12	1573836313620	1573836314416	OK	 
REQUEST	1		request_14	1573836314175	1573836314420	OK	 
REQUEST	1		request_16	1573836314407	1573836314433	OK	 
REQUEST	1		request_3	1573836313623	1573836314452	OK	 
REQUEST	1		request_19	1573836314435	1573836314489	OK	 
REQUEST	1		request_17	1573836314419	1573836314493	OK	 
REQUEST	1		request_18	1573836314422	1573836314497	OK	 
REQUEST	1		request_8	1573836313626	1573836314502	OK	 
REQUEST	1		request_2	1573836313629	1573836314545	OK	 
REQUEST	1		request_24	1573836314495	1573836314550	OK	 
REQUEST	1		request_43	1573836313599	1573836314606	OK	 
REQUEST	1		request_26	1573836314504	1573836314708	OK	 
REQUEST	1		request_7	1573836313625	1573836314763	OK	 
REQUEST	1		request_22	1573836314491	1573836314835	OK	 
REQUEST	1		request_40	1573836314842	1573836314873	OK	 
REQUEST	1		request_25	1573836314500	1573836314880	OK	 
REQUEST	1		request_38	1573836314765	1573836314886	OK	 
REQUEST	1		request_30	1573836314710	1573836314905	OK	 
REQUEST	1		request_27	1573836314552	1573836315228	OK	 
REQUEST	1		request_48	1573836314908	1573836315260	OK	 
REQUEST	1		request_44	1573836314884	1573836315269	OK	 
REQUEST	1		request_42	1573836314876	1573836315325	OK	 
REQUEST	1		request_46	1573836314889	1573836315327	OK	 
REQUEST	1		request_20	1573836314487	1573836315368	OK	 
REQUEST	1		request_49	1573836315252	1573836315409	OK	 
REQUEST	1		request_56	1573836316425	1573836316522	OK	 
REQUEST	1		request_57	1573836317536	1573836317622	OK	 
REQUEST	1		request_57 Redirect 1	1573836317633	1573836317704	OK	 
REQUEST	1		request_57 Redirect 2	1573836317706	1573836317723	OK	 
REQUEST	1		request_57 Redirect 3	1573836317724	1573836317777	OK	 
REQUEST	1		request_66	1573836317863	1573836317878	OK	 
REQUEST	1		request_68	1573836317865	1573836317881	OK	 
REQUEST	1		request_63	1573836317864	1573836317883	OK	 
REQUEST	1		request_67	1573836317865	1573836317884	OK	 
REQUEST	1		request_61	1573836317872	1573836317886	OK	 
REQUEST	1		eyesClass.css	1573836317866	1573836317889	OK	 
REQUEST	1		loadingCompensar.gif	1573836317890	1573836317913	OK	 
REQUEST	1		modernizr?v=inCVuEFe6J4Q07A0AcRsbJic_UE5MwpRMNGcOtk94TE1	1573836317870	1573836317978	OK	 
REQUEST	1		modules?v=SqDhzDYakMzJp-M-gCcQFj4vc5izybzoH2OW-2is2fY1	1573836317869	1573836317989	OK	 
REQUEST	1		jquery?v=JL596WEzEYSLK79KRL4It4N63VXpRlW4A824KHlhVLc1	1573836317915	1573836317993	OK	 
REQUEST	1		css?v=udBLYkNkikBQ6JWixlUMiJYcZz7DRJzdxBJZ-rKFDsg1	1573836317867	1573836317998	OK	 
REQUEST	1		fonts?v=Y7MRUdvwE1hUsovmZYz9T7_41CMp95gKZ_Q9iYUO2O81	1573836317868	1573836318005	OK	 
REQUEST	1		logo-compensar-blanco.svg	1573836317871	1573836318009	OK	 
REQUEST	1		resetValidation.js	1573836317996	1573836318013	OK	 
REQUEST	1		utils.js	1573836318004	1573836318020	OK	 
REQUEST	1		bootstrap?v=02I37B8URpB7hqkZrxMEO7o6VbDywYH_vuXan7A7mR81	1573836317980	1573836318024	OK	 
REQUEST	1		modal.js	1573836318008	1573836318030	OK	 
REQUEST	1		jqueryval?v=GkCXUO1MPqHDkNoDt8-shdnQEI8KGbNadRAAUqm2VOA1	1573836317991	1573836318033	OK	 
REQUEST	1		loading.js	1573836318012	1573836318037	OK	 
REQUEST	1		sessionchecker.js	1573836318015	1573836318038	OK	 
REQUEST	1		request_59	1573836318022	1573836318040	OK	 
REQUEST	1		request_60	1573836318027	1573836318044	OK	 
REQUEST	1		request_62	1573836318032	1573836318088	OK	 
REQUEST	1		request_65	1573836318035	1573836318112	OK	 
REQUEST	1		bootstrap.min.css	1573836317850	1573836318236	OK	 
REQUEST	1		request_71	1573836317873	1573836318296	OK	 
REQUEST	1		request_72	1573836329307	1573836329349	KO	status.find.in(200,201,202,203,204,205,206,207,208,209,304), found 500
USER	sedeAutosur3a6utenticado	1	END	1573836312966	1573836329370
