RUN	Compenssar.afiliacionEmpresa	afiliacionempresa	1573834821145	 	3.0.2
USER	afiliacionEmpresa	1	START	1573834823474	1573834823474
REQUEST	1		request_0	1573834823511	1573834823714	OK	 
REQUEST	1		request_1	1573834823873	1573834823904	OK	 
REQUEST	1		request_73	1573834823814	1573834824223	OK	 
REQUEST	1		request_98	1573834823855	1573834824365	OK	 
REQUEST	1		request_68	1573834823843	1573834824448	OK	 
REQUEST	1		request_4	1573834823875	1573834824458	OK	 
REQUEST	1		request_76	1573834823871	1573834824466	OK	 
REQUEST	1		request_145	1573834823872	1573834824555	OK	 
REQUEST	1		request_109	1573834823844	1573834824584	OK	 
REQUEST	1		request_59	1573834823878	1573834824596	OK	 
REQUEST	1		request_3	1573834823875	1573834824621	OK	 
REQUEST	1		request_125	1573834823853	1573834824708	OK	 
REQUEST	1		request_9	1573834824625	1573834824712	OK	 
REQUEST	1		request_8	1573834824463	1573834824718	OK	 
REQUEST	1		request_75	1573834823842	1573834824779	OK	 
REQUEST	1		request_66	1573834823859	1573834824804	OK	 
REQUEST	1		request_11	1573834824723	1573834824808	OK	 
REQUEST	1		request_10	1573834824717	1573834824813	OK	 
REQUEST	1		request_6	1573834823877	1573834824818	OK	 
REQUEST	1		request_2	1573834823874	1573834824824	OK	 
REQUEST	1		request_13	1573834824816	1573834824833	OK	 
REQUEST	1		request_14	1573834824820	1573834824877	OK	 
REQUEST	1		request_15	1573834824830	1573834824883	OK	 
REQUEST	1		request_16	1573834824836	1573834824890	OK	 
REQUEST	1		request_12	1573834824811	1573834824893	OK	 
REQUEST	1		request_17	1573834824881	1573834824898	OK	 
REQUEST	1		request_19	1573834824892	1573834824912	OK	 
REQUEST	1		request_18	1573834824889	1573834824914	OK	 
REQUEST	1		request_126	1573834823854	1573834824930	OK	 
REQUEST	1		request_20	1573834824897	1573834824932	OK	 
REQUEST	1		request_23	1573834824916	1573834824936	OK	 
REQUEST	1		request_22	1573834824913	1573834824938	OK	 
REQUEST	1		request_21	1573834824900	1573834824946	OK	 
REQUEST	1		request_26	1573834824940	1573834824953	OK	 
REQUEST	1		request_25	1573834824937	1573834824956	OK	 
REQUEST	1		request_24	1573834824935	1573834824958	OK	 
REQUEST	1		request_27	1573834824948	1573834824962	OK	 
REQUEST	1		request_29	1573834824957	1573834824967	OK	 
REQUEST	1		request_28	1573834824955	1573834824971	OK	 
REQUEST	1		request_30	1573834824959	1573834824974	OK	 
REQUEST	1		request_31	1573834824963	1573834824977	OK	 
REQUEST	1		request_32	1573834824970	1573834824984	OK	 
REQUEST	1		request_33	1573834824973	1573834824986	OK	 
REQUEST	1		request_34	1573834824976	1573834824989	OK	 
REQUEST	1		request_35	1573834824979	1573834824994	OK	 
REQUEST	1		request_37	1573834824988	1573834825007	OK	 
REQUEST	1		request_38	1573834824991	1573834825010	OK	 
REQUEST	1		request_36	1573834824985	1573834825012	OK	 
REQUEST	1		request_39	1573834824996	1573834825015	OK	 
REQUEST	1		request_40	1573834825009	1573834825022	OK	 
REQUEST	1		request_42	1573834825014	1573834825028	OK	 
REQUEST	1		request_41	1573834825011	1573834825031	OK	 
REQUEST	1		request_44	1573834825024	1573834825033	OK	 
REQUEST	1		request_45	1573834825029	1573834825068	OK	 
REQUEST	1		request_43	1573834825017	1573834825081	OK	 
REQUEST	1		request_46	1573834825032	1573834825135	OK	 
REQUEST	1		request_47	1573834825034	1573834825138	OK	 
REQUEST	1		request_101	1573834823857	1573834825182	OK	 
REQUEST	1		request_102	1573834823858	1573834825184	OK	 
REQUEST	1		request_50	1573834825136	1573834825187	OK	 
REQUEST	1		request_49	1573834825085	1573834825206	OK	 
REQUEST	1		request_48	1573834825076	1573834825211	OK	 
REQUEST	1		request_51	1573834825140	1573834825248	OK	 
REQUEST	1		request_53	1573834825208	1573834825251	OK	 
REQUEST	1		request_54	1573834825215	1573834825255	OK	 
REQUEST	1		request_55	1573834825251	1573834825291	OK	 
REQUEST	1		request_57	1573834825258	1573834825297	OK	 
REQUEST	1		request_60	1573834825299	1573834825357	OK	 
REQUEST	1		request_56	1573834825253	1573834825361	OK	 
REQUEST	1		request_58	1573834825292	1573834825380	OK	 
REQUEST	1		request_7	1573834823924	1573834825389	OK	 
REQUEST	1		request_52	1573834825189	1573834825392	OK	 
REQUEST	1		request_62	1573834825363	1573834825446	OK	 
REQUEST	1		request_63	1573834825381	1573834825476	OK	 
REQUEST	1		request_65	1573834825397	1573834825505	OK	 
REQUEST	1		request_67	1573834825448	1573834825509	OK	 
REQUEST	1		request_69	1573834825503	1573834825549	OK	 
REQUEST	1		request_70	1573834825509	1573834825613	OK	 
REQUEST	1		request_71	1573834825511	1573834825632	OK	 
REQUEST	1		request_72	1573834825550	1573834825634	OK	 
REQUEST	1		request_77	1573834825633	1573834825677	OK	 
REQUEST	1		request_61	1573834825359	1573834825697	OK	 
REQUEST	1		request_79	1573834825680	1573834825733	OK	 
REQUEST	1		request_78	1573834825635	1573834825786	OK	 
REQUEST	1		request_80	1573834825723	1573834825795	OK	 
REQUEST	1		request_82	1573834825734	1573834825817	OK	 
REQUEST	1		request_83	1573834825793	1573834825821	OK	 
REQUEST	1		request_84	1573834825798	1573834825828	OK	 
REQUEST	1		request_85	1573834825819	1573834825845	OK	 
REQUEST	1		request_86	1573834825823	1573834825885	OK	 
REQUEST	1		request_87	1573834825830	1573834825903	OK	 
REQUEST	1		request_74	1573834825615	1573834825904	OK	 
REQUEST	1		request_88	1573834825846	1573834825906	OK	 
REQUEST	1		request_89	1573834825886	1573834825908	OK	 
REQUEST	1		request_93	1573834825910	1573834825937	OK	 
REQUEST	1		request_91	1573834825905	1573834825938	OK	 
REQUEST	1		request_92	1573834825907	1573834825940	OK	 
REQUEST	1		request_90	1573834825904	1573834825941	OK	 
REQUEST	1		request_94	1573834825938	1573834825987	OK	 
REQUEST	1		request_100	1573834825939	1573834825991	OK	 
REQUEST	1		request_105	1573834825941	1573834825994	OK	 
REQUEST	1		request_107	1573834825988	1573834826040	OK	 
REQUEST	1		request_108	1573834825992	1573834826047	OK	 
REQUEST	1		request_106	1573834825943	1573834826064	OK	 
REQUEST	1		request_64	1573834825391	1573834826066	OK	 
REQUEST	1		request_115	1573834826065	1573834826093	OK	 
REQUEST	1		request_116	1573834826074	1573834826114	OK	 
REQUEST	1		request_118	1573834826096	1573834826116	OK	 
REQUEST	1		request_119	1573834826115	1573834826130	OK	 
REQUEST	1		request_113	1573834826042	1573834826132	OK	 
REQUEST	1		request_121	1573834826118	1573834826136	OK	 
REQUEST	1		request_122	1573834826131	1573834826152	OK	 
REQUEST	1		request_127	1573834826137	1573834826160	OK	 
REQUEST	1		request_114	1573834826048	1573834826170	OK	 
REQUEST	1		request_128	1573834826157	1573834826194	OK	 
REQUEST	1		request_110	1573834825996	1573834826227	OK	 
REQUEST	1		request_129	1573834826168	1573834826282	OK	 
REQUEST	1		request_133	1573834826285	1573834826396	OK	 
REQUEST	1		request_131	1573834826197	1573834826414	OK	 
REQUEST	1		request_134	1573834826397	1573834826436	OK	 
REQUEST	1		request_135	1573834826415	1573834826444	OK	 
REQUEST	1		request_136	1573834826437	1573834826468	OK	 
REQUEST	1		request_137	1573834826447	1573834826504	OK	 
REQUEST	1		request_138	1573834826470	1573834826515	OK	 
REQUEST	1		request_123	1573834826135	1573834826536	OK	 
REQUEST	1		request_139	1573834826506	1573834826548	OK	 
REQUEST	1		request_132	1573834826229	1573834826550	OK	 
REQUEST	1		request_140	1573834826516	1573834826566	OK	 
REQUEST	1		request_141	1573834826547	1573834826585	OK	 
REQUEST	1		request_146	1573834826556	1573834826586	OK	 
REQUEST	1		request_142	1573834826549	1573834826596	OK	 
REQUEST	1		request_130	1573834826173	1573834826601	OK	 
REQUEST	1		request_99	1573834823857	1573834827212	OK	 
REQUEST	1		request_103	1573834823858	1573834827229	OK	 
REQUEST	1		request_5	1573834823876	1573834827283	OK	 
REQUEST	1		request_147	1573834831317	1573834832012	OK	 
REQUEST	1		request_148	1573834832088	1573834832119	OK	 
REQUEST	1		request_151	1573834832090	1573834832120	OK	 
REQUEST	1		request_233	1573834832062	1573834832134	OK	 
REQUEST	1		request_153	1573834832091	1573834832146	OK	 
REQUEST	1		request_238	1573834832073	1573834832158	OK	 
REQUEST	1		request_262	1573834832074	1573834832160	OK	 
REQUEST	1		request_267	1573834832074	1573834832160	OK	 
REQUEST	1		request_150	1573834832089	1573834832220	OK	 
REQUEST	1		request_156	1573834832147	1573834832237	OK	 
REQUEST	1		request_154	1573834832120	1573834832255	OK	 
REQUEST	1		request_274	1573834832073	1573834832291	OK	 
REQUEST	1		request_149	1573834832088	1573834832294	OK	 
REQUEST	1		request_158	1573834832238	1573834832300	OK	 
REQUEST	1		request_152	1573834832091	1573834832302	OK	 
REQUEST	1		request_157	1573834832222	1573834832307	OK	 
REQUEST	1		request_159	1573834832258	1573834832310	OK	 
REQUEST	1		request_155	1573834832121	1573834832312	OK	 
REQUEST	1		request_232	1573834832075	1573834832320	OK	 
REQUEST	1		request_160	1573834832299	1573834832358	OK	 
REQUEST	1		request_214	1573834832092	1573834832361	OK	 
REQUEST	1		request_161	1573834832301	1573834832366	OK	 
REQUEST	1		request_164	1573834832312	1573834832368	OK	 
REQUEST	1		request_291	1573834832116	1573834832372	OK	 
REQUEST	1		request_163	1573834832309	1573834832373	OK	 
REQUEST	1		request_162	1573834832306	1573834832374	OK	 
REQUEST	1		request_165	1573834832315	1573834832387	OK	 
REQUEST	1		request_166	1573834832360	1573834832391	OK	 
REQUEST	1		request_167	1573834832368	1573834832393	OK	 
REQUEST	1		request_169	1573834832374	1573834832398	OK	 
REQUEST	1		request_170	1573834832376	1573834832407	OK	 
REQUEST	1		request_168	1573834832369	1573834832409	OK	 
REQUEST	1		request_275	1573834832077	1573834832411	OK	 
REQUEST	1		request_171	1573834832389	1573834832414	OK	 
REQUEST	1		request_172	1573834832393	1573834832416	OK	 
REQUEST	1		request_276	1573834832115	1573834832418	OK	 
REQUEST	1		request_173	1573834832395	1573834832426	OK	 
REQUEST	1		request_174	1573834832399	1573834832435	OK	 
REQUEST	1		request_176	1573834832410	1573834832437	OK	 
REQUEST	1		request_175	1573834832408	1573834832438	OK	 
REQUEST	1		request_177	1573834832415	1573834832440	OK	 
REQUEST	1		request_178	1573834832417	1573834832455	OK	 
REQUEST	1		request_179	1573834832427	1573834832458	OK	 
REQUEST	1		request_180	1573834832436	1573834832460	OK	 
REQUEST	1		request_181	1573834832438	1573834832462	OK	 
REQUEST	1		request_183	1573834832441	1573834832464	OK	 
REQUEST	1		request_182	1573834832439	1573834832466	OK	 
REQUEST	1		request_277	1573834832116	1573834832492	OK	 
REQUEST	1		request_186	1573834832461	1573834832499	OK	 
REQUEST	1		request_185	1573834832459	1573834832501	OK	 
REQUEST	1		request_187	1573834832463	1573834832503	OK	 
REQUEST	1		request_184	1573834832456	1573834832505	OK	 
REQUEST	1		request_189	1573834832467	1573834832506	OK	 
REQUEST	1		request_188	1573834832465	1573834832516	OK	 
REQUEST	1		request_235	1573834832075	1573834832518	OK	 
REQUEST	1		request_270	1573834832063	1573834832524	OK	 
REQUEST	1		request_191	1573834832502	1573834832543	OK	 
REQUEST	1		request_233	1573834832140	1573834832545	OK	 
REQUEST	1		request_193	1573834832506	1573834832547	OK	 
REQUEST	1		request_194	1573834832507	1573834832552	OK	 
REQUEST	1		request_192	1573834832504	1573834832563	OK	 
REQUEST	1		request_190	1573834832500	1573834832566	OK	 
REQUEST	1		request_271	1573834832072	1573834832581	OK	 
REQUEST	1		request_197	1573834832550	1573834832588	OK	 
REQUEST	1		request_198	1573834832555	1573834832607	OK	 
REQUEST	1		request_200	1573834832569	1573834832631	OK	 
REQUEST	1		request_201	1573834832589	1573834832649	OK	 
REQUEST	1		request_196	1573834832545	1573834832653	OK	 
REQUEST	1		request_295	1573834832076	1573834832659	OK	 
REQUEST	1		request_202	1573834832609	1573834832665	OK	 
REQUEST	1		request_204	1573834832650	1573834832699	OK	 
REQUEST	1		request_206	1573834832666	1573834832723	OK	 
REQUEST	1		request_261	1573834832115	1573834832737	OK	 
REQUEST	1		request_195	1573834832517	1573834832744	OK	 
REQUEST	1		request_203	1573834832632	1573834832749	OK	 
REQUEST	1		request_205	1573834832656	1573834832750	OK	 
REQUEST	1		request_199	1573834832565	1573834832752	OK	 
REQUEST	1		request_208	1573834832701	1573834832756	OK	 
REQUEST	1		request_211	1573834832750	1573834832787	OK	 
REQUEST	1		request_215	1573834832755	1573834832815	OK	 
REQUEST	1		request_216	1573834832758	1573834832866	OK	 
REQUEST	1		request_217	1573834832789	1573834832879	OK	 
REQUEST	1		request_210	1573834832748	1573834832881	OK	 
REQUEST	1		request_218	1573834832816	1573834832918	OK	 
REQUEST	1		request_220	1573834832880	1573834832922	OK	 
REQUEST	1		request_221	1573834832883	1573834832924	OK	 
REQUEST	1		request_219	1573834832867	1573834832935	OK	 
REQUEST	1		request_209	1573834832724	1573834832944	OK	 
REQUEST	1		request_212	1573834832751	1573834832970	OK	 
REQUEST	1		request_222	1573834832919	1573834832984	OK	 
REQUEST	1		request_223	1573834832923	1573834832987	OK	 
REQUEST	1		request_225	1573834832937	1573834833004	OK	 
REQUEST	1		request_229	1573834832988	1573834833040	OK	 
REQUEST	1		request_234	1573834833041	1573834833092	OK	 
REQUEST	1		request_224	1573834832925	1573834833095	OK	 
REQUEST	1		request_226	1573834832952	1573834833109	OK	 
REQUEST	1		request_230	1573834833005	1573834833110	OK	 
REQUEST	1		request_227	1573834832984	1573834833124	OK	 
REQUEST	1		request_237	1573834833096	1573834833170	OK	 
REQUEST	1		request_239	1573834833110	1573834833181	OK	 
REQUEST	1		request_240	1573834833111	1573834833190	OK	 
REQUEST	1		request_241	1573834833125	1573834833193	OK	 
REQUEST	1		request_236	1573834833094	1573834833204	OK	 
REQUEST	1		request_242	1573834833171	1573834833207	OK	 
REQUEST	1		request_245	1573834833194	1573834833220	OK	 
REQUEST	1		request_243	1573834833182	1573834833222	OK	 
REQUEST	1		request_244	1573834833191	1573834833262	OK	 
REQUEST	1		request_246	1573834833204	1573834833264	OK	 
REQUEST	1		request_247	1573834833209	1573834833265	OK	 
REQUEST	1		request_248	1573834833222	1573834833275	OK	 
REQUEST	1		request_249	1573834833224	1573834833279	OK	 
REQUEST	1		request_250	1573834833263	1573834833282	OK	 
REQUEST	1		request_251	1573834833265	1573834833287	OK	 
REQUEST	1		request_252	1573834833266	1573834833300	OK	 
REQUEST	1		request_228	1573834832986	1573834833320	OK	 
REQUEST	1		request_258	1573834833288	1573834833358	OK	 
REQUEST	1		request_255	1573834833276	1573834833361	OK	 
REQUEST	1		request_256	1573834833280	1573834833366	OK	 
REQUEST	1		request_257	1573834833285	1573834833370	OK	 
REQUEST	1		request_259	1573834833301	1573834833374	OK	 
REQUEST	1		request_260	1573834833322	1573834833393	OK	 
REQUEST	1		request_264	1573834833364	1573834833513	OK	 
REQUEST	1		request_268	1573834833375	1573834833515	OK	 
REQUEST	1		request_265	1573834833368	1573834833516	OK	 
REQUEST	1		request_266	1573834833372	1573834833519	OK	 
REQUEST	1		request_281	1573834833517	1573834833556	OK	 
REQUEST	1		request_282	1573834833520	1573834833559	OK	 
REQUEST	1		request_269	1573834833394	1573834833575	OK	 
REQUEST	1		request_283	1573834833558	1573834833584	OK	 
REQUEST	1		request_284	1573834833561	1573834833588	OK	 
REQUEST	1		request_286	1573834833577	1573834833602	OK	 
REQUEST	1		request_287	1573834833586	1573834833608	OK	 
REQUEST	1		request_288	1573834833590	1573834833614	OK	 
REQUEST	1		request_289	1573834833604	1573834833643	OK	 
REQUEST	1		request_263	1573834833360	1573834833737	OK	 
REQUEST	1		request_278	1573834833515	1573834833992	OK	 
REQUEST	1		request_272	1573834833514	1573834834111	OK	 
REQUEST	1		request_296	1573834841119	1573834841386	OK	 
REQUEST	1		request_369	1573834841412	1573834841450	OK	 
REQUEST	1		request_363	1573834841413	1573834841462	OK	 
REQUEST	1		request_300	1573834841416	1573834841481	OK	 
REQUEST	1		request_297	1573834841415	1573834841483	OK	 
REQUEST	1		request_365	1573834841418	1573834841562	OK	 
REQUEST	1		request_406	1573834841418	1573834841584	OK	 
REQUEST	1		request_358	1573834841417	1573834841587	OK	 
REQUEST	1		request_368	1573834841411	1573834841605	OK	 
REQUEST	1		request_411	1573834841418	1573834841607	OK	 
REQUEST	1		request_301	1573834841416	1573834841637	OK	 
REQUEST	1		request_414	1573834841419	1573834841662	OK	 
REQUEST	1		request_385	1573834841412	1573834841691	OK	 
REQUEST	1		request_370	1573834841414	1573834841706	OK	 
REQUEST	1		request_305	1573834841639	1573834841723	OK	 
REQUEST	1		request_298	1573834841415	1573834841776	OK	 
REQUEST	1		request_303	1573834841482	1573834841781	OK	 
REQUEST	1		request_304	1573834841483	1573834841784	OK	 
REQUEST	1		request_306	1573834841724	1573834841786	OK	 
REQUEST	1		request_307	1573834841780	1573834841803	OK	 
REQUEST	1		request_299	1573834841416	1573834841823	OK	 
REQUEST	1		request_310	1573834841788	1573834841827	OK	 
REQUEST	1		request_308	1573834841783	1573834841833	OK	 
REQUEST	1		request_311	1573834841804	1573834841847	OK	 
REQUEST	1		request_395	1573834841413	1573834841861	OK	 
REQUEST	1		request_313	1573834841827	1573834841863	OK	 
REQUEST	1		request_314	1573834841835	1573834841865	OK	 
REQUEST	1		request_312	1573834841826	1573834841866	OK	 
REQUEST	1		request_316	1573834841864	1573834841876	OK	 
REQUEST	1		request_302	1573834841417	1573834841878	OK	 
REQUEST	1		request_315	1573834841849	1573834841879	OK	 
REQUEST	1		request_319	1573834841877	1573834841893	OK	 
REQUEST	1		request_318	1573834841868	1573834841894	OK	 
REQUEST	1		request_317	1573834841866	1573834841895	OK	 
REQUEST	1		request_320	1573834841879	1573834841897	OK	 
REQUEST	1		request_321	1573834841880	1573834841901	OK	 
REQUEST	1		request_322	1573834841894	1573834841903	OK	 
REQUEST	1		request_324	1573834841896	1573834841919	OK	 
REQUEST	1		request_325	1573834841898	1573834841921	OK	 
REQUEST	1		request_323	1573834841895	1573834841922	OK	 
REQUEST	1		request_326	1573834841902	1573834841924	OK	 
REQUEST	1		request_327	1573834841904	1573834841961	OK	 
REQUEST	1		request_328	1573834841920	1573834841962	OK	 
REQUEST	1		request_329	1573834841922	1573834841964	OK	 
REQUEST	1		request_393	1573834841413	1573834841968	OK	 
REQUEST	1		request_330	1573834841923	1573834841969	OK	 
REQUEST	1		request_332	1573834841962	1573834841975	OK	 
REQUEST	1		request_331	1573834841925	1573834841976	OK	 
REQUEST	1		request_333	1573834841964	1573834841977	OK	 
REQUEST	1		request_334	1573834841965	1573834841979	OK	 
REQUEST	1		request_335	1573834841970	1573834841986	OK	 
REQUEST	1		request_336	1573834841975	1573834841996	OK	 
REQUEST	1		request_337	1573834841977	1573834841997	OK	 
REQUEST	1		request_338	1573834841978	1573834842000	OK	 
REQUEST	1		request_309	1573834841786	1573834842001	OK	 
REQUEST	1		request_340	1573834841986	1573834842004	OK	 
REQUEST	1		request_342	1573834841999	1573834842026	OK	 
REQUEST	1		request_341	1573834841997	1573834842042	OK	 
REQUEST	1		request_339	1573834841979	1573834842045	OK	 
REQUEST	1		request_346	1573834842027	1573834842048	OK	 
REQUEST	1		request_343	1573834842001	1573834842049	OK	 
REQUEST	1		request_347	1573834842044	1573834842084	OK	 
REQUEST	1		request_345	1573834842005	1573834842087	OK	 
REQUEST	1		request_349	1573834842049	1573834842090	OK	 
REQUEST	1		request_350	1573834842051	1573834842091	OK	 
REQUEST	1		request_405	1573834841414	1573834842101	OK	 
REQUEST	1		request_351	1573834842086	1573834842115	OK	 
REQUEST	1		request_353	1573834842091	1573834842143	OK	 
REQUEST	1		request_355	1573834842116	1573834842187	OK	 
REQUEST	1		request_352	1573834842089	1573834842197	OK	 
REQUEST	1		request_356	1573834842145	1573834842199	OK	 
REQUEST	1		request_354	1573834842092	1573834842203	OK	 
REQUEST	1		request_357	1573834842187	1573834842217	OK	 
REQUEST	1		request_359	1573834842198	1573834842219	OK	 
REQUEST	1		request_344	1573834842002	1573834842233	OK	 
REQUEST	1		request_362	1573834842218	1573834842277	OK	 
REQUEST	1		request_361	1573834842204	1573834842287	OK	 
REQUEST	1		request_366	1573834842236	1573834842303	OK	 
REQUEST	1		request_348	1573834842047	1573834842307	OK	 
REQUEST	1		request_367	1573834842279	1573834842323	OK	 
REQUEST	1		request_373	1573834842290	1573834842341	OK	 
REQUEST	1		request_376	1573834842324	1573834842387	OK	 
REQUEST	1		request_360	1573834842200	1573834842388	OK	 
REQUEST	1		request_375	1573834842312	1573834842396	OK	 
REQUEST	1		request_377	1573834842343	1573834842398	OK	 
REQUEST	1		request_374	1573834842304	1573834842408	OK	 
REQUEST	1		request_378	1573834842388	1573834842414	OK	 
REQUEST	1		request_379	1573834842396	1573834842484	OK	 
REQUEST	1		request_383	1573834842414	1573834842489	OK	 
REQUEST	1		request_380	1573834842397	1573834842507	OK	 
REQUEST	1		request_382	1573834842409	1573834842509	OK	 
REQUEST	1		request_364	1573834842220	1573834842512	OK	 
REQUEST	1		request_381	1573834842399	1573834842520	OK	 
REQUEST	1		request_384	1573834842485	1573834842523	OK	 
REQUEST	1		request_388	1573834842509	1573834842528	OK	 
REQUEST	1		request_390	1573834842521	1573834842534	OK	 
REQUEST	1		request_389	1573834842519	1573834842536	OK	 
REQUEST	1		request_386	1573834842490	1573834842585	OK	 
REQUEST	1		request_391	1573834842524	1573834842586	OK	 
REQUEST	1		request_396	1573834842537	1573834842624	OK	 
REQUEST	1		request_399	1573834842593	1573834842652	OK	 
REQUEST	1		request_401	1573834842625	1573834842710	OK	 
REQUEST	1		request_394	1573834842535	1573834842790	OK	 
REQUEST	1		request_397	1573834842585	1573834842797	OK	 
REQUEST	1		request_402	1573834842653	1573834842827	OK	 
REQUEST	1		request_404	1573834842796	1573834842832	OK	 
REQUEST	1		request_403	1573834842711	1573834842902	OK	 
REQUEST	1		request_392	1573834842530	1573834843024	OK	 
REQUEST	1		request_387	1573834842508	1573834843037	OK	 
REQUEST	1		request_418	1573834881032	1573834881290	OK	 
REQUEST	1		request_421	1573834881301	1573834881315	OK	 
REQUEST	1		request_422	1573834881302	1573834881318	OK	 
REQUEST	1		request_419	1573834881307	1573834881348	OK	 
REQUEST	1		request_423	1573834881302	1573834881357	OK	 
REQUEST	1		request_426	1573834881307	1573834881417	OK	 
REQUEST	1		request_425	1573834881305	1573834881487	OK	 
REQUEST	1		request_424	1573834881303	1573834881616	OK	 
REQUEST	1		request_420	1573834881306	1573834881866	OK	 
ERROR	request_427: Failed to build request: Resource /afiliacionempresa/0427_request.json not found 	1573834882882
USER	afiliacionEmpresa	1	END	1573834823474	1573834882887
